2021-04-16 04:01:07,973 - Testing at epoch 100
2021-04-16 04:01:08,235 - Epoch: 100, SNRdB: 1.00, SER: 0.811, BER: 0.380
2021-04-16 04:01:08,278 - Epoch: 100, SNRdB: 2.00, SER: 0.826, BER: 0.367
2021-04-16 04:01:08,315 - Epoch: 100, SNRdB: 3.00, SER: 0.789, BER: 0.354
2021-04-16 04:01:08,348 - Epoch: 100, SNRdB: 4.00, SER: 0.760, BER: 0.340
2021-04-16 04:01:08,389 - Epoch: 100, SNRdB: 5.00, SER: 0.736, BER: 0.324
2021-04-16 04:01:08,470 - Epoch: 100, SNRdB: 6.00, SER: 0.740, BER: 0.318
2021-04-16 04:01:08,510 - Epoch: 100, SNRdB: 7.00, SER: 0.674, BER: 0.294
2021-04-16 04:01:08,549 - Epoch: 100, SNRdB: 8.00, SER: 0.678, BER: 0.286
2021-04-16 04:01:08,581 - Epoch: 100, SNRdB: 9.00, SER: 0.660, BER: 0.280
2021-04-16 04:01:08,632 - Epoch: 100, SNRdB: 10.00, SER: 0.645, BER: 0.277
2021-04-16 04:01:08,680 - Epoch: 100, SNRdB: 11.00, SER: 0.576, BER: 0.246
2021-04-16 04:01:08,746 - Epoch: 100, SNRdB: 12.00, SER: 0.580, BER: 0.245
2021-04-16 04:01:08,788 - Epoch: 100, SNRdB: 13.00, SER: 0.508, BER: 0.222
2021-04-16 04:01:08,825 - Epoch: 100, SNRdB: 14.00, SER: 0.488, BER: 0.203
2021-04-16 04:01:08,865 - Epoch: 100, SNRdB: 15.00, SER: 0.432, BER: 0.173
2021-04-16 04:01:08,902 - Epoch: 100, SNRdB: 16.00, SER: 0.410, BER: 0.165
2021-04-16 04:01:08,949 - Epoch: 100, SNRdB: 17.00, SER: 0.365, BER: 0.146
2021-04-16 04:01:08,993 - Epoch: 100, SNRdB: 18.00, SER: 0.316, BER: 0.127
2021-04-16 04:01:09,036 - Epoch: 100, SNRdB: 19.00, SER: 0.289, BER: 0.113
2021-04-16 04:01:09,080 - Epoch: 100, SNRdB: 20.00, SER: 0.295, BER: 0.113
2021-04-16 04:01:09,120 - experiments_AWGN/SISO_QAM256_AWGN_NONLINEAR_MMNet_500epochs/MMNet_10layers_epoch100.pth saved.
2021-04-16 04:08:41,448 - Testing at epoch 200
2021-04-16 04:08:41,691 - Epoch: 200, SNRdB: 1.00, SER: 0.828, BER: 0.382
2021-04-16 04:08:41,733 - Epoch: 200, SNRdB: 2.00, SER: 0.803, BER: 0.357
2021-04-16 04:08:41,796 - Epoch: 200, SNRdB: 3.00, SER: 0.770, BER: 0.342
2021-04-16 04:08:41,836 - Epoch: 200, SNRdB: 4.00, SER: 0.779, BER: 0.343
2021-04-16 04:08:41,903 - Epoch: 200, SNRdB: 5.00, SER: 0.777, BER: 0.333
2021-04-16 04:08:41,940 - Epoch: 200, SNRdB: 6.00, SER: 0.748, BER: 0.322
2021-04-16 04:08:42,013 - Epoch: 200, SNRdB: 7.00, SER: 0.738, BER: 0.316
2021-04-16 04:08:42,048 - Epoch: 200, SNRdB: 8.00, SER: 0.678, BER: 0.291
2021-04-16 04:08:42,085 - Epoch: 200, SNRdB: 9.00, SER: 0.645, BER: 0.270
2021-04-16 04:08:42,113 - Epoch: 200, SNRdB: 10.00, SER: 0.607, BER: 0.261
2021-04-16 04:08:42,146 - Epoch: 200, SNRdB: 11.00, SER: 0.623, BER: 0.253
2021-04-16 04:08:42,171 - Epoch: 200, SNRdB: 12.00, SER: 0.553, BER: 0.237
2021-04-16 04:08:42,219 - Epoch: 200, SNRdB: 13.00, SER: 0.576, BER: 0.242
2021-04-16 04:08:42,243 - Epoch: 200, SNRdB: 14.00, SER: 0.479, BER: 0.201
2021-04-16 04:08:42,294 - Epoch: 200, SNRdB: 15.00, SER: 0.488, BER: 0.203
2021-04-16 04:08:42,318 - Epoch: 200, SNRdB: 16.00, SER: 0.406, BER: 0.161
2021-04-16 04:08:42,368 - Epoch: 200, SNRdB: 17.00, SER: 0.379, BER: 0.151
2021-04-16 04:08:42,392 - Epoch: 200, SNRdB: 18.00, SER: 0.332, BER: 0.137
2021-04-16 04:08:42,442 - Epoch: 200, SNRdB: 19.00, SER: 0.324, BER: 0.134
2021-04-16 04:08:42,466 - Epoch: 200, SNRdB: 20.00, SER: 0.312, BER: 0.126
2021-04-16 04:08:42,496 - experiments_AWGN/SISO_QAM256_AWGN_NONLINEAR_MMNet_500epochs/MMNet_10layers_epoch200.pth saved.
2021-04-16 04:16:06,619 - Testing at epoch 300
2021-04-16 04:16:06,851 - Epoch: 300, SNRdB: 1.00, SER: 0.844, BER: 0.391
2021-04-16 04:16:06,881 - Epoch: 300, SNRdB: 2.00, SER: 0.809, BER: 0.385
2021-04-16 04:16:06,942 - Epoch: 300, SNRdB: 3.00, SER: 0.795, BER: 0.361
2021-04-16 04:16:06,975 - Epoch: 300, SNRdB: 4.00, SER: 0.775, BER: 0.350
2021-04-16 04:16:07,022 - Epoch: 300, SNRdB: 5.00, SER: 0.768, BER: 0.334
2021-04-16 04:16:07,051 - Epoch: 300, SNRdB: 6.00, SER: 0.678, BER: 0.295
2021-04-16 04:16:07,117 - Epoch: 300, SNRdB: 7.00, SER: 0.707, BER: 0.308
2021-04-16 04:16:07,151 - Epoch: 300, SNRdB: 8.00, SER: 0.682, BER: 0.292
2021-04-16 04:16:07,287 - Epoch: 300, SNRdB: 9.00, SER: 0.660, BER: 0.292
2021-04-16 04:16:07,329 - Epoch: 300, SNRdB: 10.00, SER: 0.617, BER: 0.255
2021-04-16 04:16:07,366 - Epoch: 300, SNRdB: 11.00, SER: 0.588, BER: 0.256
2021-04-16 04:16:07,399 - Epoch: 300, SNRdB: 12.00, SER: 0.596, BER: 0.254
2021-04-16 04:16:07,439 - Epoch: 300, SNRdB: 13.00, SER: 0.539, BER: 0.220
2021-04-16 04:16:07,468 - Epoch: 300, SNRdB: 14.00, SER: 0.502, BER: 0.215
2021-04-16 04:16:07,539 - Epoch: 300, SNRdB: 15.00, SER: 0.416, BER: 0.174
2021-04-16 04:16:07,577 - Epoch: 300, SNRdB: 16.00, SER: 0.455, BER: 0.194
2021-04-16 04:16:07,611 - Epoch: 300, SNRdB: 17.00, SER: 0.412, BER: 0.153
2021-04-16 04:16:07,641 - Epoch: 300, SNRdB: 18.00, SER: 0.383, BER: 0.155
2021-04-16 04:16:07,674 - Epoch: 300, SNRdB: 19.00, SER: 0.367, BER: 0.141
2021-04-16 04:16:07,701 - Epoch: 300, SNRdB: 20.00, SER: 0.307, BER: 0.112
2021-04-16 04:16:07,739 - experiments_AWGN/SISO_QAM256_AWGN_NONLINEAR_MMNet_500epochs/MMNet_10layers_epoch300.pth saved.
2021-04-16 04:23:30,269 - Testing at epoch 400
2021-04-16 04:23:30,482 - Epoch: 400, SNRdB: 1.00, SER: 0.854, BER: 0.400
2021-04-16 04:23:30,513 - Epoch: 400, SNRdB: 2.00, SER: 0.816, BER: 0.376
2021-04-16 04:23:30,560 - Epoch: 400, SNRdB: 3.00, SER: 0.803, BER: 0.359
2021-04-16 04:23:30,585 - Epoch: 400, SNRdB: 4.00, SER: 0.789, BER: 0.351
2021-04-16 04:23:30,645 - Epoch: 400, SNRdB: 5.00, SER: 0.766, BER: 0.335
2021-04-16 04:23:30,670 - Epoch: 400, SNRdB: 6.00, SER: 0.705, BER: 0.303
2021-04-16 04:23:30,735 - Epoch: 400, SNRdB: 7.00, SER: 0.693, BER: 0.307
2021-04-16 04:23:30,762 - Epoch: 400, SNRdB: 8.00, SER: 0.701, BER: 0.297
2021-04-16 04:23:30,820 - Epoch: 400, SNRdB: 9.00, SER: 0.648, BER: 0.287
2021-04-16 04:23:30,847 - Epoch: 400, SNRdB: 10.00, SER: 0.604, BER: 0.268
2021-04-16 04:23:30,904 - Epoch: 400, SNRdB: 11.00, SER: 0.600, BER: 0.246
2021-04-16 04:23:30,932 - Epoch: 400, SNRdB: 12.00, SER: 0.543, BER: 0.215
2021-04-16 04:23:30,993 - Epoch: 400, SNRdB: 13.00, SER: 0.496, BER: 0.206
2021-04-16 04:23:31,022 - Epoch: 400, SNRdB: 14.00, SER: 0.498, BER: 0.203
2021-04-16 04:23:31,081 - Epoch: 400, SNRdB: 15.00, SER: 0.438, BER: 0.176
2021-04-16 04:23:31,112 - Epoch: 400, SNRdB: 16.00, SER: 0.412, BER: 0.167
2021-04-16 04:23:31,154 - Epoch: 400, SNRdB: 17.00, SER: 0.449, BER: 0.190
2021-04-16 04:23:31,182 - Epoch: 400, SNRdB: 18.00, SER: 0.389, BER: 0.146
2021-04-16 04:23:31,241 - Epoch: 400, SNRdB: 19.00, SER: 0.287, BER: 0.110
2021-04-16 04:23:31,294 - Epoch: 400, SNRdB: 20.00, SER: 0.285, BER: 0.117
2021-04-16 04:23:31,328 - experiments_AWGN/SISO_QAM256_AWGN_NONLINEAR_MMNet_500epochs/MMNet_10layers_epoch400.pth saved.
2021-04-16 04:30:50,459 - Testing at epoch 500
2021-04-16 04:30:50,663 - Epoch: 500, SNRdB: 1.00, SER: 0.816, BER: 0.378
2021-04-16 04:30:50,706 - Epoch: 500, SNRdB: 2.00, SER: 0.828, BER: 0.375
2021-04-16 04:30:50,745 - Epoch: 500, SNRdB: 3.00, SER: 0.789, BER: 0.359
2021-04-16 04:30:50,775 - Epoch: 500, SNRdB: 4.00, SER: 0.789, BER: 0.346
2021-04-16 04:30:50,807 - Epoch: 500, SNRdB: 5.00, SER: 0.773, BER: 0.330
2021-04-16 04:30:50,832 - Epoch: 500, SNRdB: 6.00, SER: 0.740, BER: 0.324
2021-04-16 04:30:50,885 - Epoch: 500, SNRdB: 7.00, SER: 0.719, BER: 0.316
2021-04-16 04:30:50,910 - Epoch: 500, SNRdB: 8.00, SER: 0.686, BER: 0.307
2021-04-16 04:30:50,969 - Epoch: 500, SNRdB: 9.00, SER: 0.658, BER: 0.279
2021-04-16 04:30:50,993 - Epoch: 500, SNRdB: 10.00, SER: 0.625, BER: 0.261
2021-04-16 04:30:51,058 - Epoch: 500, SNRdB: 11.00, SER: 0.566, BER: 0.236
2021-04-16 04:30:51,084 - Epoch: 500, SNRdB: 12.00, SER: 0.566, BER: 0.236
2021-04-16 04:30:51,143 - Epoch: 500, SNRdB: 13.00, SER: 0.477, BER: 0.199
2021-04-16 04:30:51,171 - Epoch: 500, SNRdB: 14.00, SER: 0.484, BER: 0.188
2021-04-16 04:30:51,227 - Epoch: 500, SNRdB: 15.00, SER: 0.467, BER: 0.193
2021-04-16 04:30:51,255 - Epoch: 500, SNRdB: 16.00, SER: 0.439, BER: 0.177
2021-04-16 04:30:51,304 - Epoch: 500, SNRdB: 17.00, SER: 0.367, BER: 0.149
2021-04-16 04:30:51,329 - Epoch: 500, SNRdB: 18.00, SER: 0.332, BER: 0.137
2021-04-16 04:30:51,399 - Epoch: 500, SNRdB: 19.00, SER: 0.332, BER: 0.132
2021-04-16 04:30:51,432 - Epoch: 500, SNRdB: 20.00, SER: 0.291, BER: 0.121
2021-04-16 04:30:51,471 - experiments_AWGN/SISO_QAM256_AWGN_NONLINEAR_MMNet_500epochs/MMNet_10layers_epoch500.pth saved.
2021-04-16 04:30:51,624 - experiments_AWGN/SISO_QAM256_AWGN_NONLINEAR_MMNet_500epochs/loss_MMNet_10layers.pngsaved.
2021-04-16 04:30:52,343 - experiments_AWGN/SISO_QAM256_AWGN_NONLINEAR_MMNet_500epochs/SER_MMNet_10layers.png saved.
2021-04-16 04:30:52,343 - experiments_AWGN/SISO_QAM256_AWGN_NONLINEAR_MMNet_500epochs/BER_MMNet_10layers.png saved.
