2021-03-22 14:04:45,445 - Testing at epoch 100
2021-03-22 14:04:45,535 - Epoch: 100, SNRdB: 1.00, SER: 0.150, BER: 0.125
2021-03-22 14:04:45,557 - Epoch: 100, SNRdB: 2.00, SER: 0.500, BER: 0.375
2021-03-22 14:04:45,575 - Epoch: 100, SNRdB: 3.00, SER: 0.200, BER: 0.150
2021-03-22 14:04:45,592 - Epoch: 100, SNRdB: 4.00, SER: 0.250, BER: 0.175
2021-03-22 14:04:45,608 - Epoch: 100, SNRdB: 5.00, SER: 0.450, BER: 0.325
2021-03-22 14:04:45,625 - Epoch: 100, SNRdB: 6.00, SER: 0.400, BER: 0.325
2021-03-22 14:04:45,642 - Epoch: 100, SNRdB: 7.00, SER: 0.300, BER: 0.200
2021-03-22 14:04:45,659 - Epoch: 100, SNRdB: 8.00, SER: 0.200, BER: 0.100
2021-03-22 14:04:45,689 - Epoch: 100, SNRdB: 9.00, SER: 0.150, BER: 0.100
2021-03-22 14:04:45,714 - Epoch: 100, SNRdB: 10.00, SER: 0.050, BER: 0.050
2021-03-22 14:04:45,738 - Epoch: 100, SNRdB: 11.00, SER: 0.050, BER: 0.050
2021-03-22 14:04:45,760 - Epoch: 100, SNRdB: 12.00, SER: 0.000, BER: 0.000
2021-03-22 14:04:45,780 - Epoch: 100, SNRdB: 13.00, SER: 0.000, BER: 0.000
2021-03-22 14:04:45,800 - Epoch: 100, SNRdB: 14.00, SER: 0.000, BER: 0.000
2021-03-22 14:04:45,818 - Epoch: 100, SNRdB: 15.00, SER: 0.000, BER: 0.000
2021-03-22 14:04:45,836 - Epoch: 100, SNRdB: 16.00, SER: 0.000, BER: 0.000
2021-03-22 14:04:45,853 - Epoch: 100, SNRdB: 17.00, SER: 0.000, BER: 0.000
2021-03-22 14:04:45,870 - Epoch: 100, SNRdB: 18.00, SER: 0.000, BER: 0.000
2021-03-22 14:04:45,888 - Epoch: 100, SNRdB: 19.00, SER: 0.000, BER: 0.000
2021-03-22 14:04:45,905 - Epoch: 100, SNRdB: 20.00, SER: 0.000, BER: 0.000
2021-03-22 14:04:45,943 - experiments/10I10O_QAM16_AWGN_LINEAR_MMNet/MMNet_10layers_epoch100.pth saved.
2021-03-22 14:16:25,235 - Testing at epoch 200
2021-03-22 14:16:25,301 - Epoch: 200, SNRdB: 1.00, SER: 0.550, BER: 0.350
2021-03-22 14:16:25,319 - Epoch: 200, SNRdB: 2.00, SER: 0.450, BER: 0.250
2021-03-22 14:16:25,336 - Epoch: 200, SNRdB: 3.00, SER: 0.400, BER: 0.300
2021-03-22 14:16:25,353 - Epoch: 200, SNRdB: 4.00, SER: 0.250, BER: 0.125
2021-03-22 14:16:25,371 - Epoch: 200, SNRdB: 5.00, SER: 0.300, BER: 0.175
2021-03-22 14:16:25,388 - Epoch: 200, SNRdB: 6.00, SER: 0.250, BER: 0.175
2021-03-22 14:16:25,406 - Epoch: 200, SNRdB: 7.00, SER: 0.300, BER: 0.200
2021-03-22 14:16:25,424 - Epoch: 200, SNRdB: 8.00, SER: 0.200, BER: 0.125
2021-03-22 14:16:25,441 - Epoch: 200, SNRdB: 9.00, SER: 0.100, BER: 0.075
2021-03-22 14:16:25,460 - Epoch: 200, SNRdB: 10.00, SER: 0.150, BER: 0.075
2021-03-22 14:16:25,478 - Epoch: 200, SNRdB: 11.00, SER: 0.100, BER: 0.050
2021-03-22 14:16:25,495 - Epoch: 200, SNRdB: 12.00, SER: 0.100, BER: 0.075
2021-03-22 14:16:25,513 - Epoch: 200, SNRdB: 13.00, SER: 0.100, BER: 0.050
2021-03-22 14:16:25,530 - Epoch: 200, SNRdB: 14.00, SER: 0.000, BER: 0.000
2021-03-22 14:16:25,547 - Epoch: 200, SNRdB: 15.00, SER: 0.000, BER: 0.000
2021-03-22 14:16:25,565 - Epoch: 200, SNRdB: 16.00, SER: 0.000, BER: 0.000
2021-03-22 14:16:25,582 - Epoch: 200, SNRdB: 17.00, SER: 0.000, BER: 0.000
2021-03-22 14:16:25,615 - Epoch: 200, SNRdB: 18.00, SER: 0.000, BER: 0.000
2021-03-22 14:16:25,645 - Epoch: 200, SNRdB: 19.00, SER: 0.000, BER: 0.000
2021-03-22 14:16:25,681 - Epoch: 200, SNRdB: 20.00, SER: 0.000, BER: 0.000
2021-03-22 14:16:25,724 - experiments/10I10O_QAM16_AWGN_LINEAR_MMNet/MMNet_10layers_epoch200.pth saved.
2021-03-22 14:28:07,558 - Testing at epoch 300
2021-03-22 14:28:07,672 - Epoch: 300, SNRdB: 1.00, SER: 0.400, BER: 0.250
2021-03-22 14:28:07,699 - Epoch: 300, SNRdB: 2.00, SER: 0.400, BER: 0.225
2021-03-22 14:28:07,724 - Epoch: 300, SNRdB: 3.00, SER: 0.550, BER: 0.375
2021-03-22 14:28:07,746 - Epoch: 300, SNRdB: 4.00, SER: 0.250, BER: 0.200
2021-03-22 14:28:07,767 - Epoch: 300, SNRdB: 5.00, SER: 0.250, BER: 0.175
2021-03-22 14:28:07,786 - Epoch: 300, SNRdB: 6.00, SER: 0.300, BER: 0.175
2021-03-22 14:28:07,805 - Epoch: 300, SNRdB: 7.00, SER: 0.200, BER: 0.125
2021-03-22 14:28:07,822 - Epoch: 300, SNRdB: 8.00, SER: 0.050, BER: 0.025
2021-03-22 14:28:07,840 - Epoch: 300, SNRdB: 9.00, SER: 0.150, BER: 0.075
2021-03-22 14:28:07,857 - Epoch: 300, SNRdB: 10.00, SER: 0.200, BER: 0.125
2021-03-22 14:28:07,874 - Epoch: 300, SNRdB: 11.00, SER: 0.150, BER: 0.075
2021-03-22 14:28:07,891 - Epoch: 300, SNRdB: 12.00, SER: 0.100, BER: 0.075
2021-03-22 14:28:07,908 - Epoch: 300, SNRdB: 13.00, SER: 0.000, BER: 0.000
2021-03-22 14:28:07,925 - Epoch: 300, SNRdB: 14.00, SER: 0.000, BER: 0.000
2021-03-22 14:28:07,943 - Epoch: 300, SNRdB: 15.00, SER: 0.000, BER: 0.000
2021-03-22 14:28:07,960 - Epoch: 300, SNRdB: 16.00, SER: 0.000, BER: 0.000
2021-03-22 14:28:07,977 - Epoch: 300, SNRdB: 17.00, SER: 0.000, BER: 0.000
2021-03-22 14:28:07,994 - Epoch: 300, SNRdB: 18.00, SER: 0.000, BER: 0.000
2021-03-22 14:28:08,011 - Epoch: 300, SNRdB: 19.00, SER: 0.000, BER: 0.000
2021-03-22 14:28:08,029 - Epoch: 300, SNRdB: 20.00, SER: 0.000, BER: 0.000
2021-03-22 14:28:08,057 - experiments/10I10O_QAM16_AWGN_LINEAR_MMNet/MMNet_10layers_epoch300.pth saved.
2021-03-22 14:39:54,329 - Testing at epoch 400
2021-03-22 14:39:54,421 - Epoch: 400, SNRdB: 1.00, SER: 0.400, BER: 0.325
2021-03-22 14:39:54,437 - Epoch: 400, SNRdB: 2.00, SER: 0.500, BER: 0.275
2021-03-22 14:39:54,452 - Epoch: 400, SNRdB: 3.00, SER: 0.400, BER: 0.300
2021-03-22 14:39:54,468 - Epoch: 400, SNRdB: 4.00, SER: 0.300, BER: 0.200
2021-03-22 14:39:54,483 - Epoch: 400, SNRdB: 5.00, SER: 0.400, BER: 0.225
2021-03-22 14:39:54,498 - Epoch: 400, SNRdB: 6.00, SER: 0.500, BER: 0.325
2021-03-22 14:39:54,514 - Epoch: 400, SNRdB: 7.00, SER: 0.300, BER: 0.175
2021-03-22 14:39:54,529 - Epoch: 400, SNRdB: 8.00, SER: 0.050, BER: 0.025
2021-03-22 14:39:54,544 - Epoch: 400, SNRdB: 9.00, SER: 0.150, BER: 0.100
2021-03-22 14:39:54,560 - Epoch: 400, SNRdB: 10.00, SER: 0.100, BER: 0.100
2021-03-22 14:39:54,575 - Epoch: 400, SNRdB: 11.00, SER: 0.000, BER: 0.000
2021-03-22 14:39:54,591 - Epoch: 400, SNRdB: 12.00, SER: 0.050, BER: 0.025
2021-03-22 14:39:54,607 - Epoch: 400, SNRdB: 13.00, SER: 0.050, BER: 0.025
2021-03-22 14:39:54,623 - Epoch: 400, SNRdB: 14.00, SER: 0.050, BER: 0.025
2021-03-22 14:39:54,638 - Epoch: 400, SNRdB: 15.00, SER: 0.000, BER: 0.000
2021-03-22 14:39:54,654 - Epoch: 400, SNRdB: 16.00, SER: 0.000, BER: 0.000
2021-03-22 14:39:54,670 - Epoch: 400, SNRdB: 17.00, SER: 0.000, BER: 0.000
2021-03-22 14:39:54,686 - Epoch: 400, SNRdB: 18.00, SER: 0.000, BER: 0.000
2021-03-22 14:39:54,702 - Epoch: 400, SNRdB: 19.00, SER: 0.000, BER: 0.000
2021-03-22 14:39:54,717 - Epoch: 400, SNRdB: 20.00, SER: 0.000, BER: 0.000
2021-03-22 14:39:54,751 - experiments/10I10O_QAM16_AWGN_LINEAR_MMNet/MMNet_10layers_epoch400.pth saved.
2021-03-22 14:51:51,183 - Testing at epoch 500
2021-03-22 14:51:51,250 - Epoch: 500, SNRdB: 1.00, SER: 0.500, BER: 0.275
2021-03-22 14:51:51,266 - Epoch: 500, SNRdB: 2.00, SER: 0.400, BER: 0.275
2021-03-22 14:51:51,281 - Epoch: 500, SNRdB: 3.00, SER: 0.400, BER: 0.225
2021-03-22 14:51:51,296 - Epoch: 500, SNRdB: 4.00, SER: 0.300, BER: 0.250
2021-03-22 14:51:51,312 - Epoch: 500, SNRdB: 5.00, SER: 0.250, BER: 0.150
2021-03-22 14:51:51,327 - Epoch: 500, SNRdB: 6.00, SER: 0.200, BER: 0.100
2021-03-22 14:51:51,343 - Epoch: 500, SNRdB: 7.00, SER: 0.250, BER: 0.150
2021-03-22 14:51:51,358 - Epoch: 500, SNRdB: 8.00, SER: 0.300, BER: 0.225
2021-03-22 14:51:51,374 - Epoch: 500, SNRdB: 9.00, SER: 0.150, BER: 0.100
2021-03-22 14:51:51,389 - Epoch: 500, SNRdB: 10.00, SER: 0.050, BER: 0.025
2021-03-22 14:51:51,405 - Epoch: 500, SNRdB: 11.00, SER: 0.100, BER: 0.075
2021-03-22 14:51:51,420 - Epoch: 500, SNRdB: 12.00, SER: 0.050, BER: 0.025
2021-03-22 14:51:51,435 - Epoch: 500, SNRdB: 13.00, SER: 0.050, BER: 0.025
2021-03-22 14:51:51,451 - Epoch: 500, SNRdB: 14.00, SER: 0.000, BER: 0.000
2021-03-22 14:51:51,466 - Epoch: 500, SNRdB: 15.00, SER: 0.000, BER: 0.000
2021-03-22 14:51:51,481 - Epoch: 500, SNRdB: 16.00, SER: 0.000, BER: 0.000
2021-03-22 14:51:51,496 - Epoch: 500, SNRdB: 17.00, SER: 0.000, BER: 0.000
2021-03-22 14:51:51,512 - Epoch: 500, SNRdB: 18.00, SER: 0.000, BER: 0.000
2021-03-22 14:51:51,527 - Epoch: 500, SNRdB: 19.00, SER: 0.000, BER: 0.000
2021-03-22 14:51:51,542 - Epoch: 500, SNRdB: 20.00, SER: 0.000, BER: 0.000
2021-03-22 14:51:51,570 - experiments/10I10O_QAM16_AWGN_LINEAR_MMNet/MMNet_10layers_epoch500.pth saved.
2021-03-22 14:51:51,669 - experiments/10I10O_QAM16_AWGN_LINEAR_MMNet/MMNet_10layers.pngsaved.
2021-03-22 14:51:52,171 - experiments/10I10O_QAM16_AWGN_LINEAR_MMNet/SER_MMNet_10layers.png saved.
2021-03-22 14:51:52,171 - experiments/10I10O_QAM16_AWGN_LINEAR_MMNet/BER_MMNet_10layers.png saved.
