2021-03-28 10:49:32,741 - Testing at epoch 100
2021-03-28 10:49:32,847 - Epoch: 100, SNRdB: 1.00, SER: 0.340, BER: 0.225
2021-03-28 10:49:32,866 - Epoch: 100, SNRdB: 2.00, SER: 0.359, BER: 0.229
2021-03-28 10:49:32,884 - Epoch: 100, SNRdB: 3.00, SER: 0.305, BER: 0.184
2021-03-28 10:49:32,903 - Epoch: 100, SNRdB: 4.00, SER: 0.258, BER: 0.164
2021-03-28 10:49:32,921 - Epoch: 100, SNRdB: 5.00, SER: 0.238, BER: 0.141
2021-03-28 10:49:32,939 - Epoch: 100, SNRdB: 6.00, SER: 0.230, BER: 0.150
2021-03-28 10:49:32,957 - Epoch: 100, SNRdB: 7.00, SER: 0.156, BER: 0.105
2021-03-28 10:49:32,975 - Epoch: 100, SNRdB: 8.00, SER: 0.199, BER: 0.111
2021-03-28 10:49:32,993 - Epoch: 100, SNRdB: 9.00, SER: 0.152, BER: 0.090
2021-03-28 10:49:33,011 - Epoch: 100, SNRdB: 10.00, SER: 0.066, BER: 0.037
2021-03-28 10:49:33,029 - Epoch: 100, SNRdB: 11.00, SER: 0.051, BER: 0.031
2021-03-28 10:49:33,046 - Epoch: 100, SNRdB: 12.00, SER: 0.059, BER: 0.033
2021-03-28 10:49:33,064 - Epoch: 100, SNRdB: 13.00, SER: 0.051, BER: 0.029
2021-03-28 10:49:33,082 - Epoch: 100, SNRdB: 14.00, SER: 0.023, BER: 0.016
2021-03-28 10:49:33,100 - Epoch: 100, SNRdB: 15.00, SER: 0.016, BER: 0.008
2021-03-28 10:49:33,118 - Epoch: 100, SNRdB: 16.00, SER: 0.016, BER: 0.008
2021-03-28 10:49:33,136 - Epoch: 100, SNRdB: 17.00, SER: 0.004, BER: 0.004
2021-03-28 10:49:33,153 - Epoch: 100, SNRdB: 18.00, SER: 0.000, BER: 0.000
2021-03-28 10:49:33,171 - Epoch: 100, SNRdB: 19.00, SER: 0.000, BER: 0.000
2021-03-28 10:49:33,189 - Epoch: 100, SNRdB: 20.00, SER: 0.000, BER: 0.000
2021-03-28 10:49:33,219 - experiments/SISO_QAM16_AWGN_LINEAR_MMNet_500epochs/MMNet_10layers_epoch100.pth saved.
2021-03-28 10:59:19,266 - Testing at epoch 200
2021-03-28 10:59:19,363 - Epoch: 200, SNRdB: 1.00, SER: 0.445, BER: 0.285
2021-03-28 10:59:19,381 - Epoch: 200, SNRdB: 2.00, SER: 0.312, BER: 0.203
2021-03-28 10:59:19,399 - Epoch: 200, SNRdB: 3.00, SER: 0.336, BER: 0.211
2021-03-28 10:59:19,417 - Epoch: 200, SNRdB: 4.00, SER: 0.320, BER: 0.195
2021-03-28 10:59:19,435 - Epoch: 200, SNRdB: 5.00, SER: 0.230, BER: 0.152
2021-03-28 10:59:19,453 - Epoch: 200, SNRdB: 6.00, SER: 0.281, BER: 0.182
2021-03-28 10:59:19,471 - Epoch: 200, SNRdB: 7.00, SER: 0.203, BER: 0.131
2021-03-28 10:59:19,489 - Epoch: 200, SNRdB: 8.00, SER: 0.176, BER: 0.117
2021-03-28 10:59:19,507 - Epoch: 200, SNRdB: 9.00, SER: 0.133, BER: 0.074
2021-03-28 10:59:19,525 - Epoch: 200, SNRdB: 10.00, SER: 0.090, BER: 0.053
2021-03-28 10:59:19,543 - Epoch: 200, SNRdB: 11.00, SER: 0.066, BER: 0.041
2021-03-28 10:59:19,561 - Epoch: 200, SNRdB: 12.00, SER: 0.047, BER: 0.025
2021-03-28 10:59:19,579 - Epoch: 200, SNRdB: 13.00, SER: 0.051, BER: 0.027
2021-03-28 10:59:19,597 - Epoch: 200, SNRdB: 14.00, SER: 0.020, BER: 0.012
2021-03-28 10:59:19,615 - Epoch: 200, SNRdB: 15.00, SER: 0.008, BER: 0.004
2021-03-28 10:59:19,633 - Epoch: 200, SNRdB: 16.00, SER: 0.004, BER: 0.002
2021-03-28 10:59:19,651 - Epoch: 200, SNRdB: 17.00, SER: 0.000, BER: 0.000
2021-03-28 10:59:19,670 - Epoch: 200, SNRdB: 18.00, SER: 0.004, BER: 0.002
2021-03-28 10:59:19,689 - Epoch: 200, SNRdB: 19.00, SER: 0.000, BER: 0.000
2021-03-28 10:59:19,708 - Epoch: 200, SNRdB: 20.00, SER: 0.000, BER: 0.000
2021-03-28 10:59:19,739 - experiments/SISO_QAM16_AWGN_LINEAR_MMNet_500epochs/MMNet_10layers_epoch200.pth saved.
2021-03-28 11:09:14,091 - Testing at epoch 300
2021-03-28 11:09:14,182 - Epoch: 300, SNRdB: 1.00, SER: 0.418, BER: 0.250
2021-03-28 11:09:14,203 - Epoch: 300, SNRdB: 2.00, SER: 0.395, BER: 0.246
2021-03-28 11:09:14,219 - Epoch: 300, SNRdB: 3.00, SER: 0.293, BER: 0.182
2021-03-28 11:09:14,239 - Epoch: 300, SNRdB: 4.00, SER: 0.273, BER: 0.172
2021-03-28 11:09:14,256 - Epoch: 300, SNRdB: 5.00, SER: 0.289, BER: 0.182
2021-03-28 11:09:14,275 - Epoch: 300, SNRdB: 6.00, SER: 0.184, BER: 0.125
2021-03-28 11:09:14,291 - Epoch: 300, SNRdB: 7.00, SER: 0.211, BER: 0.117
2021-03-28 11:09:14,309 - Epoch: 300, SNRdB: 8.00, SER: 0.117, BER: 0.072
2021-03-28 11:09:14,327 - Epoch: 300, SNRdB: 9.00, SER: 0.125, BER: 0.070
2021-03-28 11:09:14,345 - Epoch: 300, SNRdB: 10.00, SER: 0.105, BER: 0.072
2021-03-28 11:09:14,363 - Epoch: 300, SNRdB: 11.00, SER: 0.066, BER: 0.033
2021-03-28 11:09:14,381 - Epoch: 300, SNRdB: 12.00, SER: 0.055, BER: 0.033
2021-03-28 11:09:14,399 - Epoch: 300, SNRdB: 13.00, SER: 0.020, BER: 0.010
2021-03-28 11:09:14,417 - Epoch: 300, SNRdB: 14.00, SER: 0.031, BER: 0.020
2021-03-28 11:09:14,435 - Epoch: 300, SNRdB: 15.00, SER: 0.004, BER: 0.002
2021-03-28 11:09:14,453 - Epoch: 300, SNRdB: 16.00, SER: 0.004, BER: 0.002
2021-03-28 11:09:14,471 - Epoch: 300, SNRdB: 17.00, SER: 0.016, BER: 0.012
2021-03-28 11:09:14,488 - Epoch: 300, SNRdB: 18.00, SER: 0.000, BER: 0.000
2021-03-28 11:09:14,506 - Epoch: 300, SNRdB: 19.00, SER: 0.000, BER: 0.000
2021-03-28 11:09:14,524 - Epoch: 300, SNRdB: 20.00, SER: 0.000, BER: 0.000
2021-03-28 11:09:14,563 - experiments/SISO_QAM16_AWGN_LINEAR_MMNet_500epochs/MMNet_10layers_epoch300.pth saved.
2021-03-28 11:19:12,869 - Testing at epoch 400
2021-03-28 11:19:12,998 - Epoch: 400, SNRdB: 1.00, SER: 0.391, BER: 0.248
2021-03-28 11:19:13,024 - Epoch: 400, SNRdB: 2.00, SER: 0.367, BER: 0.227
2021-03-28 11:19:13,044 - Epoch: 400, SNRdB: 3.00, SER: 0.320, BER: 0.201
2021-03-28 11:19:13,060 - Epoch: 400, SNRdB: 4.00, SER: 0.301, BER: 0.205
2021-03-28 11:19:13,078 - Epoch: 400, SNRdB: 5.00, SER: 0.254, BER: 0.166
2021-03-28 11:19:13,096 - Epoch: 400, SNRdB: 6.00, SER: 0.203, BER: 0.129
2021-03-28 11:19:13,114 - Epoch: 400, SNRdB: 7.00, SER: 0.172, BER: 0.107
2021-03-28 11:19:13,132 - Epoch: 400, SNRdB: 8.00, SER: 0.156, BER: 0.098
2021-03-28 11:19:13,150 - Epoch: 400, SNRdB: 9.00, SER: 0.113, BER: 0.076
2021-03-28 11:19:13,168 - Epoch: 400, SNRdB: 10.00, SER: 0.082, BER: 0.047
2021-03-28 11:19:13,232 - Epoch: 400, SNRdB: 11.00, SER: 0.070, BER: 0.043
2021-03-28 11:19:13,250 - Epoch: 400, SNRdB: 12.00, SER: 0.039, BER: 0.021
2021-03-28 11:19:13,268 - Epoch: 400, SNRdB: 13.00, SER: 0.023, BER: 0.014
2021-03-28 11:19:13,286 - Epoch: 400, SNRdB: 14.00, SER: 0.012, BER: 0.008
2021-03-28 11:19:13,304 - Epoch: 400, SNRdB: 15.00, SER: 0.008, BER: 0.004
2021-03-28 11:19:13,322 - Epoch: 400, SNRdB: 16.00, SER: 0.008, BER: 0.004
2021-03-28 11:19:13,341 - Epoch: 400, SNRdB: 17.00, SER: 0.004, BER: 0.002
2021-03-28 11:19:13,358 - Epoch: 400, SNRdB: 18.00, SER: 0.000, BER: 0.000
2021-03-28 11:19:13,376 - Epoch: 400, SNRdB: 19.00, SER: 0.000, BER: 0.000
2021-03-28 11:19:13,394 - Epoch: 400, SNRdB: 20.00, SER: 0.000, BER: 0.000
2021-03-28 11:19:13,429 - experiments/SISO_QAM16_AWGN_LINEAR_MMNet_500epochs/MMNet_10layers_epoch400.pth saved.
2021-03-28 11:28:59,173 - Testing at epoch 500
2021-03-28 11:28:59,283 - Epoch: 500, SNRdB: 1.00, SER: 0.438, BER: 0.268
2021-03-28 11:28:59,300 - Epoch: 500, SNRdB: 2.00, SER: 0.402, BER: 0.250
2021-03-28 11:28:59,320 - Epoch: 500, SNRdB: 3.00, SER: 0.297, BER: 0.186
2021-03-28 11:28:59,337 - Epoch: 500, SNRdB: 4.00, SER: 0.234, BER: 0.145
2021-03-28 11:28:59,356 - Epoch: 500, SNRdB: 5.00, SER: 0.262, BER: 0.166
2021-03-28 11:28:59,372 - Epoch: 500, SNRdB: 6.00, SER: 0.211, BER: 0.131
2021-03-28 11:28:59,392 - Epoch: 500, SNRdB: 7.00, SER: 0.152, BER: 0.104
2021-03-28 11:28:59,408 - Epoch: 500, SNRdB: 8.00, SER: 0.168, BER: 0.104
2021-03-28 11:28:59,426 - Epoch: 500, SNRdB: 9.00, SER: 0.141, BER: 0.088
2021-03-28 11:28:59,444 - Epoch: 500, SNRdB: 10.00, SER: 0.078, BER: 0.051
2021-03-28 11:28:59,462 - Epoch: 500, SNRdB: 11.00, SER: 0.078, BER: 0.049
2021-03-28 11:28:59,480 - Epoch: 500, SNRdB: 12.00, SER: 0.047, BER: 0.031
2021-03-28 11:28:59,497 - Epoch: 500, SNRdB: 13.00, SER: 0.031, BER: 0.018
2021-03-28 11:28:59,515 - Epoch: 500, SNRdB: 14.00, SER: 0.016, BER: 0.008
2021-03-28 11:28:59,533 - Epoch: 500, SNRdB: 15.00, SER: 0.023, BER: 0.012
2021-03-28 11:28:59,551 - Epoch: 500, SNRdB: 16.00, SER: 0.020, BER: 0.010
2021-03-28 11:28:59,569 - Epoch: 500, SNRdB: 17.00, SER: 0.000, BER: 0.000
2021-03-28 11:28:59,587 - Epoch: 500, SNRdB: 18.00, SER: 0.000, BER: 0.000
2021-03-28 11:28:59,605 - Epoch: 500, SNRdB: 19.00, SER: 0.000, BER: 0.000
2021-03-28 11:28:59,623 - Epoch: 500, SNRdB: 20.00, SER: 0.000, BER: 0.000
2021-03-28 11:28:59,655 - experiments/SISO_QAM16_AWGN_LINEAR_MMNet_500epochs/MMNet_10layers_epoch500.pth saved.
2021-03-28 11:28:59,756 - experiments/SISO_QAM16_AWGN_LINEAR_MMNet_500epochs/loss_MMNet_10layers.pngsaved.
2021-03-28 11:29:00,253 - experiments/SISO_QAM16_AWGN_LINEAR_MMNet_500epochs/SER_MMNet_10layers.png saved.
2021-03-28 11:29:00,253 - experiments/SISO_QAM16_AWGN_LINEAR_MMNet_500epochs/BER_MMNet_10layers.png saved.
2021-03-28 11:37:20,475 - Testing at epoch 100
2021-03-28 11:37:20,568 - Epoch: 100, SNRdB: 1.00, SER: 0.402, BER: 0.250
2021-03-28 11:37:20,592 - Epoch: 100, SNRdB: 2.00, SER: 0.320, BER: 0.193
2021-03-28 11:37:20,603 - Epoch: 100, SNRdB: 3.00, SER: 0.281, BER: 0.164
2021-03-28 11:37:20,618 - Epoch: 100, SNRdB: 4.00, SER: 0.297, BER: 0.186
2021-03-28 11:37:20,629 - Epoch: 100, SNRdB: 5.00, SER: 0.250, BER: 0.146
2021-03-28 11:37:20,644 - Epoch: 100, SNRdB: 6.00, SER: 0.211, BER: 0.133
2021-03-28 11:37:20,655 - Epoch: 100, SNRdB: 7.00, SER: 0.188, BER: 0.123
2021-03-28 11:37:20,669 - Epoch: 100, SNRdB: 8.00, SER: 0.145, BER: 0.104
2021-03-28 11:37:20,682 - Epoch: 100, SNRdB: 9.00, SER: 0.113, BER: 0.064
2021-03-28 11:37:20,695 - Epoch: 100, SNRdB: 10.00, SER: 0.090, BER: 0.059
2021-03-28 11:37:20,708 - Epoch: 100, SNRdB: 11.00, SER: 0.082, BER: 0.053
2021-03-28 11:37:20,721 - Epoch: 100, SNRdB: 12.00, SER: 0.059, BER: 0.033
2021-03-28 11:37:20,733 - Epoch: 100, SNRdB: 13.00, SER: 0.020, BER: 0.010
2021-03-28 11:37:20,746 - Epoch: 100, SNRdB: 14.00, SER: 0.016, BER: 0.008
2021-03-28 11:37:20,758 - Epoch: 100, SNRdB: 15.00, SER: 0.016, BER: 0.010
2021-03-28 11:37:20,771 - Epoch: 100, SNRdB: 16.00, SER: 0.000, BER: 0.000
2021-03-28 11:37:20,784 - Epoch: 100, SNRdB: 17.00, SER: 0.000, BER: 0.000
2021-03-28 11:37:20,803 - Epoch: 100, SNRdB: 18.00, SER: 0.004, BER: 0.002
2021-03-28 11:37:20,822 - Epoch: 100, SNRdB: 19.00, SER: 0.004, BER: 0.002
2021-03-28 11:37:20,840 - Epoch: 100, SNRdB: 20.00, SER: 0.000, BER: 0.000
2021-03-28 11:37:20,873 - experiments/SISO_QAM16_AWGN_LINEAR_MMNet_500epochs/MMNet_5layers_epoch100.pth saved.
2021-03-28 11:42:39,230 - Testing at epoch 200
2021-03-28 11:42:39,333 - Epoch: 200, SNRdB: 1.00, SER: 0.422, BER: 0.260
2021-03-28 11:42:39,349 - Epoch: 200, SNRdB: 2.00, SER: 0.328, BER: 0.207
2021-03-28 11:42:39,364 - Epoch: 200, SNRdB: 3.00, SER: 0.371, BER: 0.234
2021-03-28 11:42:39,379 - Epoch: 200, SNRdB: 4.00, SER: 0.270, BER: 0.172
2021-03-28 11:42:39,394 - Epoch: 200, SNRdB: 5.00, SER: 0.211, BER: 0.135
2021-03-28 11:42:39,409 - Epoch: 200, SNRdB: 6.00, SER: 0.230, BER: 0.137
2021-03-28 11:42:39,422 - Epoch: 200, SNRdB: 7.00, SER: 0.160, BER: 0.090
2021-03-28 11:42:39,436 - Epoch: 200, SNRdB: 8.00, SER: 0.129, BER: 0.082
2021-03-28 11:42:39,449 - Epoch: 200, SNRdB: 9.00, SER: 0.121, BER: 0.080
2021-03-28 11:42:39,462 - Epoch: 200, SNRdB: 10.00, SER: 0.086, BER: 0.057
2021-03-28 11:42:39,475 - Epoch: 200, SNRdB: 11.00, SER: 0.055, BER: 0.029
2021-03-28 11:42:39,487 - Epoch: 200, SNRdB: 12.00, SER: 0.055, BER: 0.033
2021-03-28 11:42:39,500 - Epoch: 200, SNRdB: 13.00, SER: 0.023, BER: 0.012
2021-03-28 11:42:39,512 - Epoch: 200, SNRdB: 14.00, SER: 0.031, BER: 0.016
2021-03-28 11:42:39,525 - Epoch: 200, SNRdB: 15.00, SER: 0.012, BER: 0.006
2021-03-28 11:42:39,537 - Epoch: 200, SNRdB: 16.00, SER: 0.008, BER: 0.006
2021-03-28 11:42:39,550 - Epoch: 200, SNRdB: 17.00, SER: 0.000, BER: 0.000
2021-03-28 11:42:39,562 - Epoch: 200, SNRdB: 18.00, SER: 0.000, BER: 0.000
2021-03-28 11:42:39,575 - Epoch: 200, SNRdB: 19.00, SER: 0.000, BER: 0.000
2021-03-28 11:42:39,587 - Epoch: 200, SNRdB: 20.00, SER: 0.000, BER: 0.000
2021-03-28 11:42:39,618 - experiments/SISO_QAM16_AWGN_LINEAR_MMNet_500epochs/MMNet_5layers_epoch200.pth saved.
2021-03-28 11:47:58,678 - Testing at epoch 300
2021-03-28 11:47:58,787 - Epoch: 300, SNRdB: 1.00, SER: 0.418, BER: 0.260
2021-03-28 11:47:58,806 - Epoch: 300, SNRdB: 2.00, SER: 0.324, BER: 0.207
2021-03-28 11:47:58,818 - Epoch: 300, SNRdB: 3.00, SER: 0.324, BER: 0.219
2021-03-28 11:47:58,835 - Epoch: 300, SNRdB: 4.00, SER: 0.312, BER: 0.193
2021-03-28 11:47:58,847 - Epoch: 300, SNRdB: 5.00, SER: 0.238, BER: 0.145
2021-03-28 11:47:58,863 - Epoch: 300, SNRdB: 6.00, SER: 0.195, BER: 0.121
2021-03-28 11:47:58,876 - Epoch: 300, SNRdB: 7.00, SER: 0.203, BER: 0.117
2021-03-28 11:47:58,890 - Epoch: 300, SNRdB: 8.00, SER: 0.094, BER: 0.057
2021-03-28 11:47:58,904 - Epoch: 300, SNRdB: 9.00, SER: 0.137, BER: 0.084
2021-03-28 11:47:58,918 - Epoch: 300, SNRdB: 10.00, SER: 0.105, BER: 0.064
2021-03-28 11:47:58,932 - Epoch: 300, SNRdB: 11.00, SER: 0.070, BER: 0.041
2021-03-28 11:47:58,946 - Epoch: 300, SNRdB: 12.00, SER: 0.074, BER: 0.047
2021-03-28 11:47:58,960 - Epoch: 300, SNRdB: 13.00, SER: 0.016, BER: 0.010
2021-03-28 11:47:58,974 - Epoch: 300, SNRdB: 14.00, SER: 0.020, BER: 0.010
2021-03-28 11:47:58,988 - Epoch: 300, SNRdB: 15.00, SER: 0.008, BER: 0.004
2021-03-28 11:47:59,002 - Epoch: 300, SNRdB: 16.00, SER: 0.004, BER: 0.002
2021-03-28 11:47:59,016 - Epoch: 300, SNRdB: 17.00, SER: 0.000, BER: 0.000
2021-03-28 11:47:59,030 - Epoch: 300, SNRdB: 18.00, SER: 0.004, BER: 0.002
2021-03-28 11:47:59,044 - Epoch: 300, SNRdB: 19.00, SER: 0.000, BER: 0.000
2021-03-28 11:47:59,058 - Epoch: 300, SNRdB: 20.00, SER: 0.000, BER: 0.000
2021-03-28 11:47:59,089 - experiments/SISO_QAM16_AWGN_LINEAR_MMNet_500epochs/MMNet_5layers_epoch300.pth saved.
2021-03-28 11:53:17,847 - Testing at epoch 400
2021-03-28 11:53:17,945 - Epoch: 400, SNRdB: 1.00, SER: 0.387, BER: 0.242
2021-03-28 11:53:17,967 - Epoch: 400, SNRdB: 2.00, SER: 0.367, BER: 0.217
2021-03-28 11:53:17,982 - Epoch: 400, SNRdB: 3.00, SER: 0.312, BER: 0.199
2021-03-28 11:53:17,995 - Epoch: 400, SNRdB: 4.00, SER: 0.277, BER: 0.172
2021-03-28 11:53:18,008 - Epoch: 400, SNRdB: 5.00, SER: 0.250, BER: 0.158
2021-03-28 11:53:18,020 - Epoch: 400, SNRdB: 6.00, SER: 0.266, BER: 0.160
2021-03-28 11:53:18,033 - Epoch: 400, SNRdB: 7.00, SER: 0.195, BER: 0.109
2021-03-28 11:53:18,045 - Epoch: 400, SNRdB: 8.00, SER: 0.141, BER: 0.088
2021-03-28 11:53:18,058 - Epoch: 400, SNRdB: 9.00, SER: 0.152, BER: 0.094
2021-03-28 11:53:18,070 - Epoch: 400, SNRdB: 10.00, SER: 0.105, BER: 0.061
2021-03-28 11:53:18,083 - Epoch: 400, SNRdB: 11.00, SER: 0.078, BER: 0.047
2021-03-28 11:53:18,096 - Epoch: 400, SNRdB: 12.00, SER: 0.039, BER: 0.020
2021-03-28 11:53:18,108 - Epoch: 400, SNRdB: 13.00, SER: 0.047, BER: 0.029
2021-03-28 11:53:18,121 - Epoch: 400, SNRdB: 14.00, SER: 0.043, BER: 0.027
2021-03-28 11:53:18,134 - Epoch: 400, SNRdB: 15.00, SER: 0.016, BER: 0.008
2021-03-28 11:53:18,146 - Epoch: 400, SNRdB: 16.00, SER: 0.004, BER: 0.002
2021-03-28 11:53:18,215 - Epoch: 400, SNRdB: 17.00, SER: 0.000, BER: 0.000
2021-03-28 11:53:18,229 - Epoch: 400, SNRdB: 18.00, SER: 0.000, BER: 0.000
2021-03-28 11:53:18,243 - Epoch: 400, SNRdB: 19.00, SER: 0.000, BER: 0.000
2021-03-28 11:53:18,256 - Epoch: 400, SNRdB: 20.00, SER: 0.000, BER: 0.000
2021-03-28 11:53:18,299 - experiments/SISO_QAM16_AWGN_LINEAR_MMNet_500epochs/MMNet_5layers_epoch400.pth saved.
2021-03-28 11:58:31,653 - Testing at epoch 500
2021-03-28 11:58:31,742 - Epoch: 500, SNRdB: 1.00, SER: 0.422, BER: 0.256
2021-03-28 11:58:31,757 - Epoch: 500, SNRdB: 2.00, SER: 0.344, BER: 0.211
2021-03-28 11:58:31,771 - Epoch: 500, SNRdB: 3.00, SER: 0.355, BER: 0.215
2021-03-28 11:58:31,788 - Epoch: 500, SNRdB: 4.00, SER: 0.328, BER: 0.217
2021-03-28 11:58:31,800 - Epoch: 500, SNRdB: 5.00, SER: 0.277, BER: 0.168
2021-03-28 11:58:31,814 - Epoch: 500, SNRdB: 6.00, SER: 0.238, BER: 0.146
2021-03-28 11:58:31,828 - Epoch: 500, SNRdB: 7.00, SER: 0.223, BER: 0.137
2021-03-28 11:58:31,842 - Epoch: 500, SNRdB: 8.00, SER: 0.133, BER: 0.078
2021-03-28 11:58:31,856 - Epoch: 500, SNRdB: 9.00, SER: 0.129, BER: 0.076
2021-03-28 11:58:31,870 - Epoch: 500, SNRdB: 10.00, SER: 0.086, BER: 0.053
2021-03-28 11:58:31,884 - Epoch: 500, SNRdB: 11.00, SER: 0.059, BER: 0.033
2021-03-28 11:58:31,898 - Epoch: 500, SNRdB: 12.00, SER: 0.051, BER: 0.027
2021-03-28 11:58:31,913 - Epoch: 500, SNRdB: 13.00, SER: 0.047, BER: 0.029
2021-03-28 11:58:31,926 - Epoch: 500, SNRdB: 14.00, SER: 0.020, BER: 0.010
2021-03-28 11:58:31,940 - Epoch: 500, SNRdB: 15.00, SER: 0.004, BER: 0.002
2021-03-28 11:58:31,954 - Epoch: 500, SNRdB: 16.00, SER: 0.004, BER: 0.002
2021-03-28 11:58:31,968 - Epoch: 500, SNRdB: 17.00, SER: 0.000, BER: 0.000
2021-03-28 11:58:31,982 - Epoch: 500, SNRdB: 18.00, SER: 0.000, BER: 0.000
2021-03-28 11:58:31,996 - Epoch: 500, SNRdB: 19.00, SER: 0.000, BER: 0.000
2021-03-28 11:58:32,010 - Epoch: 500, SNRdB: 20.00, SER: 0.000, BER: 0.000
2021-03-28 11:58:32,040 - experiments/SISO_QAM16_AWGN_LINEAR_MMNet_500epochs/MMNet_5layers_epoch500.pth saved.
2021-03-28 11:58:32,146 - experiments/SISO_QAM16_AWGN_LINEAR_MMNet_500epochs/loss_MMNet_5layers.pngsaved.
2021-03-28 11:58:32,679 - experiments/SISO_QAM16_AWGN_LINEAR_MMNet_500epochs/SER_MMNet_5layers.png saved.
2021-03-28 11:58:32,680 - experiments/SISO_QAM16_AWGN_LINEAR_MMNet_500epochs/BER_MMNet_5layers.png saved.
2021-03-28 12:20:35,450 - Testing at epoch 100
2021-03-28 12:20:35,587 - Epoch: 100, SNRdB: 1.00, SER: 0.445, BER: 0.271
2021-03-28 12:20:35,617 - Epoch: 100, SNRdB: 2.00, SER: 0.391, BER: 0.232
2021-03-28 12:20:35,645 - Epoch: 100, SNRdB: 3.00, SER: 0.289, BER: 0.199
2021-03-28 12:20:35,673 - Epoch: 100, SNRdB: 4.00, SER: 0.309, BER: 0.197
2021-03-28 12:20:35,702 - Epoch: 100, SNRdB: 5.00, SER: 0.289, BER: 0.182
2021-03-28 12:20:35,730 - Epoch: 100, SNRdB: 6.00, SER: 0.250, BER: 0.150
2021-03-28 12:20:35,759 - Epoch: 100, SNRdB: 7.00, SER: 0.176, BER: 0.109
2021-03-28 12:20:35,787 - Epoch: 100, SNRdB: 8.00, SER: 0.195, BER: 0.109
2021-03-28 12:20:35,815 - Epoch: 100, SNRdB: 9.00, SER: 0.137, BER: 0.074
2021-03-28 12:20:35,842 - Epoch: 100, SNRdB: 10.00, SER: 0.082, BER: 0.045
2021-03-28 12:20:35,870 - Epoch: 100, SNRdB: 11.00, SER: 0.074, BER: 0.047
2021-03-28 12:20:35,897 - Epoch: 100, SNRdB: 12.00, SER: 0.051, BER: 0.033
2021-03-28 12:20:35,925 - Epoch: 100, SNRdB: 13.00, SER: 0.020, BER: 0.014
2021-03-28 12:20:35,953 - Epoch: 100, SNRdB: 14.00, SER: 0.043, BER: 0.027
2021-03-28 12:20:35,980 - Epoch: 100, SNRdB: 15.00, SER: 0.016, BER: 0.008
2021-03-28 12:20:36,007 - Epoch: 100, SNRdB: 16.00, SER: 0.004, BER: 0.002
2021-03-28 12:20:36,035 - Epoch: 100, SNRdB: 17.00, SER: 0.000, BER: 0.000
2021-03-28 12:20:36,062 - Epoch: 100, SNRdB: 18.00, SER: 0.004, BER: 0.002
2021-03-28 12:20:36,089 - Epoch: 100, SNRdB: 19.00, SER: 0.000, BER: 0.000
2021-03-28 12:20:36,117 - Epoch: 100, SNRdB: 20.00, SER: 0.000, BER: 0.000
2021-03-28 12:20:36,161 - experiments/SISO_QAM16_AWGN_LINEAR_MMNet_500epochs/MMNet_15layers_epoch100.pth saved.
2021-03-28 12:37:55,493 - Testing at epoch 200
2021-03-28 12:37:55,624 - Epoch: 200, SNRdB: 1.00, SER: 0.422, BER: 0.260
2021-03-28 12:37:55,654 - Epoch: 200, SNRdB: 2.00, SER: 0.379, BER: 0.242
2021-03-28 12:37:55,680 - Epoch: 200, SNRdB: 3.00, SER: 0.289, BER: 0.168
2021-03-28 12:37:55,709 - Epoch: 200, SNRdB: 4.00, SER: 0.266, BER: 0.168
2021-03-28 12:37:55,737 - Epoch: 200, SNRdB: 5.00, SER: 0.270, BER: 0.176
2021-03-28 12:37:55,764 - Epoch: 200, SNRdB: 6.00, SER: 0.254, BER: 0.152
2021-03-28 12:37:55,792 - Epoch: 200, SNRdB: 7.00, SER: 0.145, BER: 0.102
2021-03-28 12:37:55,819 - Epoch: 200, SNRdB: 8.00, SER: 0.172, BER: 0.109
2021-03-28 12:37:55,847 - Epoch: 200, SNRdB: 9.00, SER: 0.141, BER: 0.088
2021-03-28 12:37:55,874 - Epoch: 200, SNRdB: 10.00, SER: 0.113, BER: 0.076
2021-03-28 12:37:55,902 - Epoch: 200, SNRdB: 11.00, SER: 0.047, BER: 0.025
2021-03-28 12:37:55,929 - Epoch: 200, SNRdB: 12.00, SER: 0.031, BER: 0.021
2021-03-28 12:37:55,957 - Epoch: 200, SNRdB: 13.00, SER: 0.031, BER: 0.021
2021-03-28 12:37:55,984 - Epoch: 200, SNRdB: 14.00, SER: 0.027, BER: 0.018
2021-03-28 12:37:56,012 - Epoch: 200, SNRdB: 15.00, SER: 0.008, BER: 0.004
2021-03-28 12:37:56,039 - Epoch: 200, SNRdB: 16.00, SER: 0.000, BER: 0.000
2021-03-28 12:37:56,066 - Epoch: 200, SNRdB: 17.00, SER: 0.008, BER: 0.004
2021-03-28 12:37:56,094 - Epoch: 200, SNRdB: 18.00, SER: 0.000, BER: 0.000
2021-03-28 12:37:56,121 - Epoch: 200, SNRdB: 19.00, SER: 0.004, BER: 0.002
2021-03-28 12:37:56,148 - Epoch: 200, SNRdB: 20.00, SER: 0.000, BER: 0.000
2021-03-28 12:37:56,192 - experiments/SISO_QAM16_AWGN_LINEAR_MMNet_500epochs/MMNet_15layers_epoch200.pth saved.
2021-03-28 12:55:33,458 - Testing at epoch 300
2021-03-28 12:55:33,602 - Epoch: 300, SNRdB: 1.00, SER: 0.395, BER: 0.244
2021-03-28 12:55:33,639 - Epoch: 300, SNRdB: 2.00, SER: 0.359, BER: 0.217
2021-03-28 12:55:33,667 - Epoch: 300, SNRdB: 3.00, SER: 0.324, BER: 0.193
2021-03-28 12:55:33,696 - Epoch: 300, SNRdB: 4.00, SER: 0.363, BER: 0.223
2021-03-28 12:55:33,724 - Epoch: 300, SNRdB: 5.00, SER: 0.270, BER: 0.184
2021-03-28 12:55:33,751 - Epoch: 300, SNRdB: 6.00, SER: 0.180, BER: 0.107
2021-03-28 12:55:33,778 - Epoch: 300, SNRdB: 7.00, SER: 0.168, BER: 0.105
2021-03-28 12:55:33,806 - Epoch: 300, SNRdB: 8.00, SER: 0.117, BER: 0.072
2021-03-28 12:55:33,834 - Epoch: 300, SNRdB: 9.00, SER: 0.133, BER: 0.080
2021-03-28 12:55:33,862 - Epoch: 300, SNRdB: 10.00, SER: 0.113, BER: 0.064
2021-03-28 12:55:33,891 - Epoch: 300, SNRdB: 11.00, SER: 0.059, BER: 0.033
2021-03-28 12:55:33,919 - Epoch: 300, SNRdB: 12.00, SER: 0.035, BER: 0.021
2021-03-28 12:55:33,947 - Epoch: 300, SNRdB: 13.00, SER: 0.016, BER: 0.008
2021-03-28 12:55:33,974 - Epoch: 300, SNRdB: 14.00, SER: 0.031, BER: 0.016
2021-03-28 12:55:34,002 - Epoch: 300, SNRdB: 15.00, SER: 0.023, BER: 0.014
2021-03-28 12:55:34,029 - Epoch: 300, SNRdB: 16.00, SER: 0.008, BER: 0.006
2021-03-28 12:55:34,057 - Epoch: 300, SNRdB: 17.00, SER: 0.004, BER: 0.002
2021-03-28 12:55:34,084 - Epoch: 300, SNRdB: 18.00, SER: 0.004, BER: 0.002
2021-03-28 12:55:34,110 - Epoch: 300, SNRdB: 19.00, SER: 0.000, BER: 0.000
2021-03-28 12:55:34,135 - Epoch: 300, SNRdB: 20.00, SER: 0.000, BER: 0.000
2021-03-28 12:55:34,168 - experiments/SISO_QAM16_AWGN_LINEAR_MMNet_500epochs/MMNet_15layers_epoch300.pth saved.
2021-03-28 13:13:37,941 - Testing at epoch 400
2021-03-28 13:13:38,055 - Epoch: 400, SNRdB: 1.00, SER: 0.453, BER: 0.283
2021-03-28 13:13:38,088 - Epoch: 400, SNRdB: 2.00, SER: 0.387, BER: 0.236
2021-03-28 13:13:38,114 - Epoch: 400, SNRdB: 3.00, SER: 0.270, BER: 0.172
2021-03-28 13:13:38,143 - Epoch: 400, SNRdB: 4.00, SER: 0.266, BER: 0.168
2021-03-28 13:13:38,169 - Epoch: 400, SNRdB: 5.00, SER: 0.211, BER: 0.129
2021-03-28 13:13:38,197 - Epoch: 400, SNRdB: 6.00, SER: 0.195, BER: 0.115
2021-03-28 13:13:38,225 - Epoch: 400, SNRdB: 7.00, SER: 0.188, BER: 0.115
2021-03-28 13:13:38,252 - Epoch: 400, SNRdB: 8.00, SER: 0.145, BER: 0.086
2021-03-28 13:13:38,280 - Epoch: 400, SNRdB: 9.00, SER: 0.102, BER: 0.066
2021-03-28 13:13:38,308 - Epoch: 400, SNRdB: 10.00, SER: 0.082, BER: 0.049
2021-03-28 13:13:38,335 - Epoch: 400, SNRdB: 11.00, SER: 0.086, BER: 0.051
2021-03-28 13:13:38,363 - Epoch: 400, SNRdB: 12.00, SER: 0.051, BER: 0.031
2021-03-28 13:13:38,390 - Epoch: 400, SNRdB: 13.00, SER: 0.027, BER: 0.014
2021-03-28 13:13:38,418 - Epoch: 400, SNRdB: 14.00, SER: 0.023, BER: 0.014
2021-03-28 13:13:38,446 - Epoch: 400, SNRdB: 15.00, SER: 0.004, BER: 0.002
2021-03-28 13:13:38,474 - Epoch: 400, SNRdB: 16.00, SER: 0.004, BER: 0.002
2021-03-28 13:13:38,501 - Epoch: 400, SNRdB: 17.00, SER: 0.004, BER: 0.002
2021-03-28 13:13:38,527 - Epoch: 400, SNRdB: 18.00, SER: 0.008, BER: 0.004
2021-03-28 13:13:38,552 - Epoch: 400, SNRdB: 19.00, SER: 0.000, BER: 0.000
2021-03-28 13:13:38,577 - Epoch: 400, SNRdB: 20.00, SER: 0.000, BER: 0.000
2021-03-28 13:13:38,613 - experiments/SISO_QAM16_AWGN_LINEAR_MMNet_500epochs/MMNet_15layers_epoch400.pth saved.
2021-03-28 13:31:16,710 - Testing at epoch 500
2021-03-28 13:31:16,838 - Epoch: 500, SNRdB: 1.00, SER: 0.441, BER: 0.279
2021-03-28 13:31:16,870 - Epoch: 500, SNRdB: 2.00, SER: 0.348, BER: 0.209
2021-03-28 13:31:16,901 - Epoch: 500, SNRdB: 3.00, SER: 0.324, BER: 0.195
2021-03-28 13:31:16,926 - Epoch: 500, SNRdB: 4.00, SER: 0.297, BER: 0.184
2021-03-28 13:31:16,954 - Epoch: 500, SNRdB: 5.00, SER: 0.242, BER: 0.152
2021-03-28 13:31:16,982 - Epoch: 500, SNRdB: 6.00, SER: 0.188, BER: 0.119
2021-03-28 13:31:17,009 - Epoch: 500, SNRdB: 7.00, SER: 0.156, BER: 0.105
2021-03-28 13:31:17,037 - Epoch: 500, SNRdB: 8.00, SER: 0.156, BER: 0.096
2021-03-28 13:31:17,064 - Epoch: 500, SNRdB: 9.00, SER: 0.133, BER: 0.088
2021-03-28 13:31:17,092 - Epoch: 500, SNRdB: 10.00, SER: 0.086, BER: 0.053
2021-03-28 13:31:17,120 - Epoch: 500, SNRdB: 11.00, SER: 0.090, BER: 0.057
2021-03-28 13:31:17,148 - Epoch: 500, SNRdB: 12.00, SER: 0.047, BER: 0.029
2021-03-28 13:31:17,177 - Epoch: 500, SNRdB: 13.00, SER: 0.031, BER: 0.018
2021-03-28 13:31:17,205 - Epoch: 500, SNRdB: 14.00, SER: 0.016, BER: 0.008
2021-03-28 13:31:17,232 - Epoch: 500, SNRdB: 15.00, SER: 0.016, BER: 0.012
2021-03-28 13:31:17,260 - Epoch: 500, SNRdB: 16.00, SER: 0.012, BER: 0.008
2021-03-28 13:31:17,287 - Epoch: 500, SNRdB: 17.00, SER: 0.008, BER: 0.004
2021-03-28 13:31:17,314 - Epoch: 500, SNRdB: 18.00, SER: 0.000, BER: 0.000
2021-03-28 13:31:17,341 - Epoch: 500, SNRdB: 19.00, SER: 0.000, BER: 0.000
2021-03-28 13:31:17,369 - Epoch: 500, SNRdB: 20.00, SER: 0.000, BER: 0.000
2021-03-28 13:31:17,402 - experiments/SISO_QAM16_AWGN_LINEAR_MMNet_500epochs/MMNet_15layers_epoch500.pth saved.
2021-03-28 13:31:17,505 - experiments/SISO_QAM16_AWGN_LINEAR_MMNet_500epochs/loss_MMNet_15layers.pngsaved.
2021-03-28 13:31:18,020 - experiments/SISO_QAM16_AWGN_LINEAR_MMNet_500epochs/SER_MMNet_15layers.png saved.
2021-03-28 13:31:18,020 - experiments/SISO_QAM16_AWGN_LINEAR_MMNet_500epochs/BER_MMNet_15layers.png saved.
