2021-04-14 23:05:52,809 - Testing at epoch 100
2021-04-14 23:05:52,900 - Epoch: 100, SNRdB: 1.00, SER: 0.359, BER: 0.226
2021-04-14 23:05:52,953 - Epoch: 100, SNRdB: 2.00, SER: 0.320, BER: 0.203
2021-04-14 23:05:52,963 - Epoch: 100, SNRdB: 3.00, SER: 0.352, BER: 0.213
2021-04-14 23:05:53,009 - Epoch: 100, SNRdB: 4.00, SER: 0.334, BER: 0.200
2021-04-14 23:05:53,019 - Epoch: 100, SNRdB: 5.00, SER: 0.273, BER: 0.168
2021-04-14 23:05:53,058 - Epoch: 100, SNRdB: 6.00, SER: 0.240, BER: 0.141
2021-04-14 23:05:53,068 - Epoch: 100, SNRdB: 7.00, SER: 0.211, BER: 0.126
2021-04-14 23:05:53,103 - Epoch: 100, SNRdB: 8.00, SER: 0.164, BER: 0.095
2021-04-14 23:05:53,114 - Epoch: 100, SNRdB: 9.00, SER: 0.180, BER: 0.099
2021-04-14 23:05:53,149 - Epoch: 100, SNRdB: 10.00, SER: 0.117, BER: 0.064
2021-04-14 23:05:53,159 - Epoch: 100, SNRdB: 11.00, SER: 0.105, BER: 0.059
2021-04-14 23:05:53,194 - Epoch: 100, SNRdB: 12.00, SER: 0.107, BER: 0.061
2021-04-14 23:05:53,205 - Epoch: 100, SNRdB: 13.00, SER: 0.092, BER: 0.048
2021-04-14 23:05:53,238 - Epoch: 100, SNRdB: 14.00, SER: 0.084, BER: 0.044
2021-04-14 23:05:53,249 - Epoch: 100, SNRdB: 15.00, SER: 0.045, BER: 0.022
2021-04-14 23:05:53,283 - Epoch: 100, SNRdB: 16.00, SER: 0.031, BER: 0.016
2021-04-14 23:05:53,294 - Epoch: 100, SNRdB: 17.00, SER: 0.025, BER: 0.013
2021-04-14 23:05:53,326 - Epoch: 100, SNRdB: 18.00, SER: 0.029, BER: 0.015
2021-04-14 23:05:53,337 - Epoch: 100, SNRdB: 19.00, SER: 0.014, BER: 0.007
2021-04-14 23:05:53,369 - Epoch: 100, SNRdB: 20.00, SER: 0.002, BER: 0.001
2021-04-14 23:05:53,396 - experiments_AWGN/SISO_QAM16_AWGN_LINEAR_FCNet_500epochs/upstream1_downstream1_epoch100.pth saved.
2021-04-14 23:09:48,672 - Testing at epoch 200
2021-04-14 23:09:48,776 - Epoch: 200, SNRdB: 1.00, SER: 0.387, BER: 0.247
2021-04-14 23:09:48,799 - Epoch: 200, SNRdB: 2.00, SER: 0.334, BER: 0.221
2021-04-14 23:09:48,828 - Epoch: 200, SNRdB: 3.00, SER: 0.281, BER: 0.165
2021-04-14 23:09:48,849 - Epoch: 200, SNRdB: 4.00, SER: 0.281, BER: 0.172
2021-04-14 23:09:48,884 - Epoch: 200, SNRdB: 5.00, SER: 0.256, BER: 0.161
2021-04-14 23:09:48,896 - Epoch: 200, SNRdB: 6.00, SER: 0.234, BER: 0.144
2021-04-14 23:09:48,925 - Epoch: 200, SNRdB: 7.00, SER: 0.207, BER: 0.126
2021-04-14 23:09:48,936 - Epoch: 200, SNRdB: 8.00, SER: 0.219, BER: 0.133
2021-04-14 23:09:48,964 - Epoch: 200, SNRdB: 9.00, SER: 0.166, BER: 0.094
2021-04-14 23:09:48,976 - Epoch: 200, SNRdB: 10.00, SER: 0.162, BER: 0.093
2021-04-14 23:09:49,003 - Epoch: 200, SNRdB: 11.00, SER: 0.104, BER: 0.055
2021-04-14 23:09:49,014 - Epoch: 200, SNRdB: 12.00, SER: 0.111, BER: 0.059
2021-04-14 23:09:49,042 - Epoch: 200, SNRdB: 13.00, SER: 0.059, BER: 0.029
2021-04-14 23:09:49,052 - Epoch: 200, SNRdB: 14.00, SER: 0.070, BER: 0.038
2021-04-14 23:09:49,081 - Epoch: 200, SNRdB: 15.00, SER: 0.045, BER: 0.022
2021-04-14 23:09:49,091 - Epoch: 200, SNRdB: 16.00, SER: 0.041, BER: 0.021
2021-04-14 23:09:49,120 - Epoch: 200, SNRdB: 17.00, SER: 0.014, BER: 0.007
2021-04-14 23:09:49,131 - Epoch: 200, SNRdB: 18.00, SER: 0.014, BER: 0.007
2021-04-14 23:09:49,159 - Epoch: 200, SNRdB: 19.00, SER: 0.018, BER: 0.009
2021-04-14 23:09:49,169 - Epoch: 200, SNRdB: 20.00, SER: 0.002, BER: 0.001
2021-04-14 23:09:49,189 - experiments_AWGN/SISO_QAM16_AWGN_LINEAR_FCNet_500epochs/upstream1_downstream1_epoch200.pth saved.
2021-04-14 23:13:41,653 - Testing at epoch 300
2021-04-14 23:13:41,791 - Epoch: 300, SNRdB: 1.00, SER: 0.402, BER: 0.245
2021-04-14 23:13:41,808 - Epoch: 300, SNRdB: 2.00, SER: 0.359, BER: 0.233
2021-04-14 23:13:41,830 - Epoch: 300, SNRdB: 3.00, SER: 0.297, BER: 0.188
2021-04-14 23:13:41,845 - Epoch: 300, SNRdB: 4.00, SER: 0.326, BER: 0.199
2021-04-14 23:13:41,872 - Epoch: 300, SNRdB: 5.00, SER: 0.311, BER: 0.196
2021-04-14 23:13:41,886 - Epoch: 300, SNRdB: 6.00, SER: 0.275, BER: 0.176
2021-04-14 23:13:41,923 - Epoch: 300, SNRdB: 7.00, SER: 0.199, BER: 0.120
2021-04-14 23:13:41,941 - Epoch: 300, SNRdB: 8.00, SER: 0.197, BER: 0.115
2021-04-14 23:13:41,964 - Epoch: 300, SNRdB: 9.00, SER: 0.145, BER: 0.087
2021-04-14 23:13:41,980 - Epoch: 300, SNRdB: 10.00, SER: 0.141, BER: 0.083
2021-04-14 23:13:42,006 - Epoch: 300, SNRdB: 11.00, SER: 0.080, BER: 0.044
2021-04-14 23:13:42,020 - Epoch: 300, SNRdB: 12.00, SER: 0.082, BER: 0.048
2021-04-14 23:13:42,049 - Epoch: 300, SNRdB: 13.00, SER: 0.074, BER: 0.042
2021-04-14 23:13:42,062 - Epoch: 300, SNRdB: 14.00, SER: 0.062, BER: 0.034
2021-04-14 23:13:42,091 - Epoch: 300, SNRdB: 15.00, SER: 0.047, BER: 0.024
2021-04-14 23:13:42,103 - Epoch: 300, SNRdB: 16.00, SER: 0.041, BER: 0.021
2021-04-14 23:13:42,135 - Epoch: 300, SNRdB: 17.00, SER: 0.023, BER: 0.013
2021-04-14 23:13:42,146 - Epoch: 300, SNRdB: 18.00, SER: 0.010, BER: 0.005
2021-04-14 23:13:42,178 - Epoch: 300, SNRdB: 19.00, SER: 0.012, BER: 0.006
2021-04-14 23:13:42,189 - Epoch: 300, SNRdB: 20.00, SER: 0.002, BER: 0.001
2021-04-14 23:13:42,216 - experiments_AWGN/SISO_QAM16_AWGN_LINEAR_FCNet_500epochs/upstream1_downstream1_epoch300.pth saved.
2021-04-14 23:17:38,295 - Testing at epoch 400
2021-04-14 23:17:38,436 - Epoch: 400, SNRdB: 1.00, SER: 0.402, BER: 0.257
2021-04-14 23:17:38,448 - Epoch: 400, SNRdB: 2.00, SER: 0.373, BER: 0.239
2021-04-14 23:17:38,489 - Epoch: 400, SNRdB: 3.00, SER: 0.326, BER: 0.197
2021-04-14 23:17:38,501 - Epoch: 400, SNRdB: 4.00, SER: 0.340, BER: 0.214
2021-04-14 23:17:38,538 - Epoch: 400, SNRdB: 5.00, SER: 0.250, BER: 0.149
2021-04-14 23:17:38,550 - Epoch: 400, SNRdB: 6.00, SER: 0.195, BER: 0.122
2021-04-14 23:17:38,584 - Epoch: 400, SNRdB: 7.00, SER: 0.221, BER: 0.133
2021-04-14 23:17:38,595 - Epoch: 400, SNRdB: 8.00, SER: 0.160, BER: 0.094
2021-04-14 23:17:38,628 - Epoch: 400, SNRdB: 9.00, SER: 0.168, BER: 0.097
2021-04-14 23:17:38,640 - Epoch: 400, SNRdB: 10.00, SER: 0.119, BER: 0.066
2021-04-14 23:17:38,674 - Epoch: 400, SNRdB: 11.00, SER: 0.113, BER: 0.065
2021-04-14 23:17:38,686 - Epoch: 400, SNRdB: 12.00, SER: 0.111, BER: 0.060
2021-04-14 23:17:38,774 - Epoch: 400, SNRdB: 13.00, SER: 0.092, BER: 0.053
2021-04-14 23:17:38,787 - Epoch: 400, SNRdB: 14.00, SER: 0.055, BER: 0.029
2021-04-14 23:17:38,817 - Epoch: 400, SNRdB: 15.00, SER: 0.043, BER: 0.022
2021-04-14 23:17:38,829 - Epoch: 400, SNRdB: 16.00, SER: 0.023, BER: 0.012
2021-04-14 23:17:38,874 - Epoch: 400, SNRdB: 17.00, SER: 0.014, BER: 0.007
2021-04-14 23:17:38,895 - Epoch: 400, SNRdB: 18.00, SER: 0.008, BER: 0.004
2021-04-14 23:17:38,919 - Epoch: 400, SNRdB: 19.00, SER: 0.004, BER: 0.002
2021-04-14 23:17:38,937 - Epoch: 400, SNRdB: 20.00, SER: 0.004, BER: 0.002
2021-04-14 23:17:38,973 - experiments_AWGN/SISO_QAM16_AWGN_LINEAR_FCNet_500epochs/upstream1_downstream1_epoch400.pth saved.
2021-04-14 23:21:32,655 - Testing at epoch 500
2021-04-14 23:21:32,750 - Epoch: 500, SNRdB: 1.00, SER: 0.418, BER: 0.272
2021-04-14 23:21:32,773 - Epoch: 500, SNRdB: 2.00, SER: 0.346, BER: 0.216
2021-04-14 23:21:32,787 - Epoch: 500, SNRdB: 3.00, SER: 0.318, BER: 0.196
2021-04-14 23:21:32,811 - Epoch: 500, SNRdB: 4.00, SER: 0.270, BER: 0.167
2021-04-14 23:21:32,825 - Epoch: 500, SNRdB: 5.00, SER: 0.264, BER: 0.163
2021-04-14 23:21:32,850 - Epoch: 500, SNRdB: 6.00, SER: 0.258, BER: 0.152
2021-04-14 23:21:32,864 - Epoch: 500, SNRdB: 7.00, SER: 0.199, BER: 0.117
2021-04-14 23:21:32,890 - Epoch: 500, SNRdB: 8.00, SER: 0.176, BER: 0.109
2021-04-14 23:21:32,904 - Epoch: 500, SNRdB: 9.00, SER: 0.156, BER: 0.094
2021-04-14 23:21:32,931 - Epoch: 500, SNRdB: 10.00, SER: 0.135, BER: 0.080
2021-04-14 23:21:32,942 - Epoch: 500, SNRdB: 11.00, SER: 0.092, BER: 0.056
2021-04-14 23:21:32,968 - Epoch: 500, SNRdB: 12.00, SER: 0.086, BER: 0.045
2021-04-14 23:21:32,979 - Epoch: 500, SNRdB: 13.00, SER: 0.090, BER: 0.046
2021-04-14 23:21:33,007 - Epoch: 500, SNRdB: 14.00, SER: 0.064, BER: 0.032
2021-04-14 23:21:33,018 - Epoch: 500, SNRdB: 15.00, SER: 0.045, BER: 0.023
2021-04-14 23:21:33,046 - Epoch: 500, SNRdB: 16.00, SER: 0.035, BER: 0.018
2021-04-14 23:21:33,057 - Epoch: 500, SNRdB: 17.00, SER: 0.027, BER: 0.014
2021-04-14 23:21:33,085 - Epoch: 500, SNRdB: 18.00, SER: 0.014, BER: 0.007
2021-04-14 23:21:33,096 - Epoch: 500, SNRdB: 19.00, SER: 0.006, BER: 0.003
2021-04-14 23:21:33,123 - Epoch: 500, SNRdB: 20.00, SER: 0.008, BER: 0.004
2021-04-14 23:21:33,149 - experiments_AWGN/SISO_QAM16_AWGN_LINEAR_FCNet_500epochs/upstream1_downstream1_epoch500.pth saved.
2021-04-14 23:21:33,255 - experiments_AWGN/SISO_QAM16_AWGN_LINEAR_FCNet_500epochs/loss_FCNet_1upstream_1downstream.pngsaved.
2021-04-14 23:21:33,781 - experiments_AWGN/SISO_QAM16_AWGN_LINEAR_FCNet_500epochs/SER_upstream1_downstream1.png saved.
2021-04-14 23:21:33,782 - experiments_AWGN/SISO_QAM16_AWGN_LINEAR_FCNet_500epochs/BER_upstream1_downstream1.png saved.
2021-04-17 07:43:45,001 - Testing at epoch 100
2021-04-17 07:43:45,127 - Epoch: 100, SNRdB: 1.00, SER: 0.381, BER: 0.235
2021-04-17 07:43:45,155 - Epoch: 100, SNRdB: 2.00, SER: 0.340, BER: 0.215
2021-04-17 07:43:45,170 - Epoch: 100, SNRdB: 3.00, SER: 0.328, BER: 0.204
2021-04-17 07:43:45,202 - Epoch: 100, SNRdB: 4.00, SER: 0.279, BER: 0.180
2021-04-17 07:43:45,214 - Epoch: 100, SNRdB: 5.00, SER: 0.291, BER: 0.176
2021-04-17 07:43:45,245 - Epoch: 100, SNRdB: 6.00, SER: 0.215, BER: 0.129
2021-04-17 07:43:45,259 - Epoch: 100, SNRdB: 7.00, SER: 0.213, BER: 0.132
2021-04-17 07:43:45,286 - Epoch: 100, SNRdB: 8.00, SER: 0.186, BER: 0.114
2021-04-17 07:43:45,303 - Epoch: 100, SNRdB: 9.00, SER: 0.189, BER: 0.107
2021-04-17 07:43:45,325 - Epoch: 100, SNRdB: 10.00, SER: 0.137, BER: 0.074
2021-04-17 07:43:45,348 - Epoch: 100, SNRdB: 11.00, SER: 0.098, BER: 0.053
2021-04-17 07:43:45,365 - Epoch: 100, SNRdB: 12.00, SER: 0.090, BER: 0.055
2021-04-17 07:43:45,392 - Epoch: 100, SNRdB: 13.00, SER: 0.086, BER: 0.046
2021-04-17 07:43:45,404 - Epoch: 100, SNRdB: 14.00, SER: 0.078, BER: 0.040
2021-04-17 07:43:45,436 - Epoch: 100, SNRdB: 15.00, SER: 0.043, BER: 0.023
2021-04-17 07:43:45,448 - Epoch: 100, SNRdB: 16.00, SER: 0.025, BER: 0.013
2021-04-17 07:43:45,480 - Epoch: 100, SNRdB: 17.00, SER: 0.023, BER: 0.012
2021-04-17 07:43:45,492 - Epoch: 100, SNRdB: 18.00, SER: 0.021, BER: 0.011
2021-04-17 07:43:45,524 - Epoch: 100, SNRdB: 19.00, SER: 0.010, BER: 0.005
2021-04-17 07:43:45,533 - Epoch: 100, SNRdB: 20.00, SER: 0.008, BER: 0.004
2021-04-17 07:43:45,573 - experiments_AWGN_order2_sharp/SISO_QAM16_AWGN_LINEAR_FCNet_500epochs/upstream1_downstream1_epoch100.pth saved.
2021-04-17 07:47:44,184 - Testing at epoch 200
2021-04-17 07:47:44,375 - Epoch: 200, SNRdB: 1.00, SER: 0.404, BER: 0.249
2021-04-17 07:47:44,390 - Epoch: 200, SNRdB: 2.00, SER: 0.352, BER: 0.218
2021-04-17 07:47:44,428 - Epoch: 200, SNRdB: 3.00, SER: 0.322, BER: 0.199
2021-04-17 07:47:44,442 - Epoch: 200, SNRdB: 4.00, SER: 0.266, BER: 0.158
2021-04-17 07:47:44,479 - Epoch: 200, SNRdB: 5.00, SER: 0.301, BER: 0.194
2021-04-17 07:47:44,492 - Epoch: 200, SNRdB: 6.00, SER: 0.229, BER: 0.142
2021-04-17 07:47:44,526 - Epoch: 200, SNRdB: 7.00, SER: 0.203, BER: 0.119
2021-04-17 07:47:44,541 - Epoch: 200, SNRdB: 8.00, SER: 0.164, BER: 0.097
2021-04-17 07:47:44,574 - Epoch: 200, SNRdB: 9.00, SER: 0.139, BER: 0.080
2021-04-17 07:47:44,588 - Epoch: 200, SNRdB: 10.00, SER: 0.135, BER: 0.081
2021-04-17 07:47:44,621 - Epoch: 200, SNRdB: 11.00, SER: 0.102, BER: 0.060
2021-04-17 07:47:44,635 - Epoch: 200, SNRdB: 12.00, SER: 0.076, BER: 0.045
2021-04-17 07:47:44,670 - Epoch: 200, SNRdB: 13.00, SER: 0.086, BER: 0.048
2021-04-17 07:47:44,684 - Epoch: 200, SNRdB: 14.00, SER: 0.061, BER: 0.032
2021-04-17 07:47:44,716 - Epoch: 200, SNRdB: 15.00, SER: 0.061, BER: 0.032
2021-04-17 07:47:44,730 - Epoch: 200, SNRdB: 16.00, SER: 0.035, BER: 0.018
2021-04-17 07:47:44,764 - Epoch: 200, SNRdB: 17.00, SER: 0.031, BER: 0.016
2021-04-17 07:47:44,777 - Epoch: 200, SNRdB: 18.00, SER: 0.018, BER: 0.009
2021-04-17 07:47:44,810 - Epoch: 200, SNRdB: 19.00, SER: 0.008, BER: 0.004
2021-04-17 07:47:44,823 - Epoch: 200, SNRdB: 20.00, SER: 0.012, BER: 0.006
2021-04-17 07:47:44,865 - experiments_AWGN_order2_sharp/SISO_QAM16_AWGN_LINEAR_FCNet_500epochs/upstream1_downstream1_epoch200.pth saved.
2021-04-17 07:51:42,657 - Testing at epoch 300
2021-04-17 07:51:42,797 - Epoch: 300, SNRdB: 1.00, SER: 0.385, BER: 0.243
2021-04-17 07:51:42,822 - Epoch: 300, SNRdB: 2.00, SER: 0.412, BER: 0.255
2021-04-17 07:51:42,847 - Epoch: 300, SNRdB: 3.00, SER: 0.279, BER: 0.170
2021-04-17 07:51:42,874 - Epoch: 300, SNRdB: 4.00, SER: 0.266, BER: 0.173
2021-04-17 07:51:42,893 - Epoch: 300, SNRdB: 5.00, SER: 0.250, BER: 0.150
2021-04-17 07:51:42,926 - Epoch: 300, SNRdB: 6.00, SER: 0.234, BER: 0.146
2021-04-17 07:51:42,940 - Epoch: 300, SNRdB: 7.00, SER: 0.199, BER: 0.119
2021-04-17 07:51:43,005 - Epoch: 300, SNRdB: 8.00, SER: 0.193, BER: 0.114
2021-04-17 07:51:43,016 - Epoch: 300, SNRdB: 9.00, SER: 0.111, BER: 0.064
2021-04-17 07:51:43,066 - Epoch: 300, SNRdB: 10.00, SER: 0.102, BER: 0.059
2021-04-17 07:51:43,077 - Epoch: 300, SNRdB: 11.00, SER: 0.115, BER: 0.065
2021-04-17 07:51:43,117 - Epoch: 300, SNRdB: 12.00, SER: 0.070, BER: 0.039
2021-04-17 07:51:43,128 - Epoch: 300, SNRdB: 13.00, SER: 0.049, BER: 0.030
2021-04-17 07:51:43,163 - Epoch: 300, SNRdB: 14.00, SER: 0.037, BER: 0.020
2021-04-17 07:51:43,174 - Epoch: 300, SNRdB: 15.00, SER: 0.018, BER: 0.011
2021-04-17 07:51:43,207 - Epoch: 300, SNRdB: 16.00, SER: 0.023, BER: 0.013
2021-04-17 07:51:43,218 - Epoch: 300, SNRdB: 17.00, SER: 0.014, BER: 0.007
2021-04-17 07:51:43,251 - Epoch: 300, SNRdB: 18.00, SER: 0.004, BER: 0.002
2021-04-17 07:51:43,262 - Epoch: 300, SNRdB: 19.00, SER: 0.004, BER: 0.002
2021-04-17 07:51:43,294 - Epoch: 300, SNRdB: 20.00, SER: 0.002, BER: 0.001
2021-04-17 07:51:43,334 - experiments_AWGN_order2_sharp/SISO_QAM16_AWGN_LINEAR_FCNet_500epochs/upstream1_downstream1_epoch300.pth saved.
2021-04-17 07:55:40,128 - Testing at epoch 400
2021-04-17 07:55:40,260 - Epoch: 400, SNRdB: 1.00, SER: 0.355, BER: 0.230
2021-04-17 07:55:40,278 - Epoch: 400, SNRdB: 2.00, SER: 0.338, BER: 0.223
2021-04-17 07:55:40,291 - Epoch: 400, SNRdB: 3.00, SER: 0.301, BER: 0.190
2021-04-17 07:55:40,309 - Epoch: 400, SNRdB: 4.00, SER: 0.271, BER: 0.172
2021-04-17 07:55:40,328 - Epoch: 400, SNRdB: 5.00, SER: 0.264, BER: 0.162
2021-04-17 07:55:40,352 - Epoch: 400, SNRdB: 6.00, SER: 0.250, BER: 0.148
2021-04-17 07:55:40,368 - Epoch: 400, SNRdB: 7.00, SER: 0.242, BER: 0.147
2021-04-17 07:55:40,393 - Epoch: 400, SNRdB: 8.00, SER: 0.195, BER: 0.116
2021-04-17 07:55:40,407 - Epoch: 400, SNRdB: 9.00, SER: 0.145, BER: 0.083
2021-04-17 07:55:40,433 - Epoch: 400, SNRdB: 10.00, SER: 0.125, BER: 0.074
2021-04-17 07:55:40,507 - Epoch: 400, SNRdB: 11.00, SER: 0.080, BER: 0.051
2021-04-17 07:55:40,528 - Epoch: 400, SNRdB: 12.00, SER: 0.086, BER: 0.048
2021-04-17 07:55:40,546 - Epoch: 400, SNRdB: 13.00, SER: 0.021, BER: 0.012
2021-04-17 07:55:40,567 - Epoch: 400, SNRdB: 14.00, SER: 0.043, BER: 0.021
2021-04-17 07:55:40,586 - Epoch: 400, SNRdB: 15.00, SER: 0.029, BER: 0.017
2021-04-17 07:55:40,607 - Epoch: 400, SNRdB: 16.00, SER: 0.018, BER: 0.009
2021-04-17 07:55:40,625 - Epoch: 400, SNRdB: 17.00, SER: 0.008, BER: 0.004
2021-04-17 07:55:40,649 - Epoch: 400, SNRdB: 18.00, SER: 0.010, BER: 0.005
2021-04-17 07:55:40,664 - Epoch: 400, SNRdB: 19.00, SER: 0.006, BER: 0.003
2021-04-17 07:55:40,687 - Epoch: 400, SNRdB: 20.00, SER: 0.000, BER: 0.000
2021-04-17 07:55:40,722 - experiments_AWGN_order2_sharp/SISO_QAM16_AWGN_LINEAR_FCNet_500epochs/upstream1_downstream1_epoch400.pth saved.
2021-04-17 07:59:35,834 - Testing at epoch 500
2021-04-17 07:59:35,985 - Epoch: 500, SNRdB: 1.00, SER: 0.359, BER: 0.238
2021-04-17 07:59:36,006 - Epoch: 500, SNRdB: 2.00, SER: 0.357, BER: 0.219
2021-04-17 07:59:36,030 - Epoch: 500, SNRdB: 3.00, SER: 0.311, BER: 0.196
2021-04-17 07:59:36,051 - Epoch: 500, SNRdB: 4.00, SER: 0.266, BER: 0.171
2021-04-17 07:59:36,077 - Epoch: 500, SNRdB: 5.00, SER: 0.277, BER: 0.164
2021-04-17 07:59:36,102 - Epoch: 500, SNRdB: 6.00, SER: 0.186, BER: 0.111
2021-04-17 07:59:36,125 - Epoch: 500, SNRdB: 7.00, SER: 0.217, BER: 0.128
2021-04-17 07:59:36,145 - Epoch: 500, SNRdB: 8.00, SER: 0.184, BER: 0.110
2021-04-17 07:59:36,167 - Epoch: 500, SNRdB: 9.00, SER: 0.156, BER: 0.095
2021-04-17 07:59:36,184 - Epoch: 500, SNRdB: 10.00, SER: 0.107, BER: 0.062
2021-04-17 07:59:36,201 - Epoch: 500, SNRdB: 11.00, SER: 0.072, BER: 0.040
2021-04-17 07:59:36,217 - Epoch: 500, SNRdB: 12.00, SER: 0.070, BER: 0.041
2021-04-17 07:59:36,232 - Epoch: 500, SNRdB: 13.00, SER: 0.062, BER: 0.037
2021-04-17 07:59:36,250 - Epoch: 500, SNRdB: 14.00, SER: 0.033, BER: 0.018
2021-04-17 07:59:36,265 - Epoch: 500, SNRdB: 15.00, SER: 0.020, BER: 0.011
2021-04-17 07:59:36,285 - Epoch: 500, SNRdB: 16.00, SER: 0.031, BER: 0.016
2021-04-17 07:59:36,303 - Epoch: 500, SNRdB: 17.00, SER: 0.006, BER: 0.003
2021-04-17 07:59:36,323 - Epoch: 500, SNRdB: 18.00, SER: 0.002, BER: 0.001
2021-04-17 07:59:36,345 - Epoch: 500, SNRdB: 19.00, SER: 0.004, BER: 0.002
2021-04-17 07:59:36,362 - Epoch: 500, SNRdB: 20.00, SER: 0.000, BER: 0.000
2021-04-17 07:59:36,397 - experiments_AWGN_order2_sharp/SISO_QAM16_AWGN_LINEAR_FCNet_500epochs/upstream1_downstream1_epoch500.pth saved.
2021-04-17 07:59:36,514 - experiments_AWGN_order2_sharp/SISO_QAM16_AWGN_LINEAR_FCNet_500epochs/loss_FCNet_1upstream_1downstream.pngsaved.
2021-04-17 07:59:37,118 - experiments_AWGN_order2_sharp/SISO_QAM16_AWGN_LINEAR_FCNet_500epochs/SER_upstream1_downstream1.png saved.
2021-04-17 07:59:37,118 - experiments_AWGN_order2_sharp/SISO_QAM16_AWGN_LINEAR_FCNet_500epochs/BER_upstream1_downstream1.png saved.
2021-04-21 04:20:12,663 - Testing at epoch 100
2021-04-21 04:20:12,970 - Epoch: 100, SNRdB: 1.00, SER: 0.392, BER: 0.246
2021-04-21 04:20:13,022 - Epoch: 100, SNRdB: 2.00, SER: 0.370, BER: 0.233
2021-04-21 04:20:13,065 - Epoch: 100, SNRdB: 3.00, SER: 0.345, BER: 0.216
2021-04-21 04:20:13,107 - Epoch: 100, SNRdB: 4.00, SER: 0.292, BER: 0.181
2021-04-21 04:20:13,197 - Epoch: 100, SNRdB: 5.00, SER: 0.269, BER: 0.164
2021-04-21 04:20:13,240 - Epoch: 100, SNRdB: 6.00, SER: 0.232, BER: 0.139
2021-04-21 04:20:13,328 - Epoch: 100, SNRdB: 7.00, SER: 0.213, BER: 0.131
2021-04-21 04:20:13,370 - Epoch: 100, SNRdB: 8.00, SER: 0.179, BER: 0.107
2021-04-21 04:20:13,460 - Epoch: 100, SNRdB: 9.00, SER: 0.154, BER: 0.089
2021-04-21 04:20:13,502 - Epoch: 100, SNRdB: 10.00, SER: 0.130, BER: 0.075
2021-04-21 04:20:13,630 - Epoch: 100, SNRdB: 11.00, SER: 0.109, BER: 0.062
2021-04-21 04:20:13,690 - Epoch: 100, SNRdB: 12.00, SER: 0.084, BER: 0.046
2021-04-21 04:20:13,794 - Epoch: 100, SNRdB: 13.00, SER: 0.064, BER: 0.035
2021-04-21 04:20:13,840 - Epoch: 100, SNRdB: 14.00, SER: 0.049, BER: 0.026
2021-04-21 04:20:13,946 - Epoch: 100, SNRdB: 15.00, SER: 0.034, BER: 0.017
2021-04-21 04:20:14,002 - Epoch: 100, SNRdB: 16.00, SER: 0.028, BER: 0.014
2021-04-21 04:20:14,051 - Epoch: 100, SNRdB: 17.00, SER: 0.016, BER: 0.008
2021-04-21 04:20:14,094 - Epoch: 100, SNRdB: 18.00, SER: 0.015, BER: 0.008
2021-04-21 04:20:14,177 - Epoch: 100, SNRdB: 19.00, SER: 0.006, BER: 0.003
2021-04-21 04:20:14,218 - Epoch: 100, SNRdB: 20.00, SER: 0.006, BER: 0.003
2021-04-21 04:20:14,275 - experiments_AWGN_order2_sharp/SISO_QAM16_AWGN_LINEAR_FCNet_500epochs/upstream4_downstream5_epoch100.pth saved.
2021-04-21 04:22:36,800 - Testing at epoch 200
2021-04-21 04:22:37,139 - Epoch: 200, SNRdB: 1.00, SER: 0.382, BER: 0.243
2021-04-21 04:22:37,192 - Epoch: 200, SNRdB: 2.00, SER: 0.365, BER: 0.230
2021-04-21 04:22:37,247 - Epoch: 200, SNRdB: 3.00, SER: 0.335, BER: 0.211
2021-04-21 04:22:37,287 - Epoch: 200, SNRdB: 4.00, SER: 0.299, BER: 0.188
2021-04-21 04:22:37,374 - Epoch: 200, SNRdB: 5.00, SER: 0.258, BER: 0.161
2021-04-21 04:22:37,414 - Epoch: 200, SNRdB: 6.00, SER: 0.227, BER: 0.141
2021-04-21 04:22:37,530 - Epoch: 200, SNRdB: 7.00, SER: 0.187, BER: 0.115
2021-04-21 04:22:37,581 - Epoch: 200, SNRdB: 8.00, SER: 0.173, BER: 0.104
2021-04-21 04:22:37,641 - Epoch: 200, SNRdB: 9.00, SER: 0.129, BER: 0.079
2021-04-21 04:22:37,685 - Epoch: 200, SNRdB: 10.00, SER: 0.120, BER: 0.072
2021-04-21 04:22:37,838 - Epoch: 200, SNRdB: 11.00, SER: 0.097, BER: 0.057
2021-04-21 04:22:37,884 - Epoch: 200, SNRdB: 12.00, SER: 0.073, BER: 0.041
2021-04-21 04:22:37,954 - Epoch: 200, SNRdB: 13.00, SER: 0.055, BER: 0.031
2021-04-21 04:22:37,994 - Epoch: 200, SNRdB: 14.00, SER: 0.042, BER: 0.023
2021-04-21 04:22:38,090 - Epoch: 200, SNRdB: 15.00, SER: 0.027, BER: 0.015
2021-04-21 04:22:38,131 - Epoch: 200, SNRdB: 16.00, SER: 0.030, BER: 0.015
2021-04-21 04:22:38,218 - Epoch: 200, SNRdB: 17.00, SER: 0.018, BER: 0.010
2021-04-21 04:22:38,258 - Epoch: 200, SNRdB: 18.00, SER: 0.011, BER: 0.005
2021-04-21 04:22:38,354 - Epoch: 200, SNRdB: 19.00, SER: 0.005, BER: 0.003
2021-04-21 04:22:38,395 - Epoch: 200, SNRdB: 20.00, SER: 0.011, BER: 0.006
2021-04-21 04:22:38,447 - experiments_AWGN_order2_sharp/SISO_QAM16_AWGN_LINEAR_FCNet_500epochs/upstream4_downstream5_epoch200.pth saved.
2021-04-21 04:24:58,972 - Testing at epoch 300
2021-04-21 04:24:59,289 - Epoch: 300, SNRdB: 1.00, SER: 0.405, BER: 0.257
2021-04-21 04:24:59,350 - Epoch: 300, SNRdB: 2.00, SER: 0.358, BER: 0.229
2021-04-21 04:24:59,477 - Epoch: 300, SNRdB: 3.00, SER: 0.340, BER: 0.217
2021-04-21 04:24:59,536 - Epoch: 300, SNRdB: 4.00, SER: 0.292, BER: 0.187
2021-04-21 04:24:59,586 - Epoch: 300, SNRdB: 5.00, SER: 0.248, BER: 0.157
2021-04-21 04:24:59,630 - Epoch: 300, SNRdB: 6.00, SER: 0.234, BER: 0.145
2021-04-21 04:24:59,724 - Epoch: 300, SNRdB: 7.00, SER: 0.203, BER: 0.128
2021-04-21 04:24:59,776 - Epoch: 300, SNRdB: 8.00, SER: 0.168, BER: 0.102
2021-04-21 04:24:59,836 - Epoch: 300, SNRdB: 9.00, SER: 0.127, BER: 0.078
2021-04-21 04:24:59,879 - Epoch: 300, SNRdB: 10.00, SER: 0.109, BER: 0.068
2021-04-21 04:24:59,990 - Epoch: 300, SNRdB: 11.00, SER: 0.076, BER: 0.044
2021-04-21 04:25:00,044 - Epoch: 300, SNRdB: 12.00, SER: 0.062, BER: 0.036
2021-04-21 04:25:00,100 - Epoch: 300, SNRdB: 13.00, SER: 0.057, BER: 0.032
2021-04-21 04:25:00,142 - Epoch: 300, SNRdB: 14.00, SER: 0.024, BER: 0.014
2021-04-21 04:25:00,254 - Epoch: 300, SNRdB: 15.00, SER: 0.021, BER: 0.011
2021-04-21 04:25:00,307 - Epoch: 300, SNRdB: 16.00, SER: 0.015, BER: 0.008
2021-04-21 04:25:00,364 - Epoch: 300, SNRdB: 17.00, SER: 0.007, BER: 0.004
2021-04-21 04:25:00,407 - Epoch: 300, SNRdB: 18.00, SER: 0.003, BER: 0.002
2021-04-21 04:25:00,491 - Epoch: 300, SNRdB: 19.00, SER: 0.002, BER: 0.001
2021-04-21 04:25:00,533 - Epoch: 300, SNRdB: 20.00, SER: 0.001, BER: 0.001
2021-04-21 04:25:00,582 - experiments_AWGN_order2_sharp/SISO_QAM16_AWGN_LINEAR_FCNet_500epochs/upstream4_downstream5_epoch300.pth saved.
2021-04-21 04:27:22,040 - Testing at epoch 400
2021-04-21 04:27:22,366 - Epoch: 400, SNRdB: 1.00, SER: 0.393, BER: 0.251
2021-04-21 04:27:22,425 - Epoch: 400, SNRdB: 2.00, SER: 0.353, BER: 0.225
2021-04-21 04:27:22,533 - Epoch: 400, SNRdB: 3.00, SER: 0.316, BER: 0.203
2021-04-21 04:27:22,574 - Epoch: 400, SNRdB: 4.00, SER: 0.288, BER: 0.183
2021-04-21 04:27:22,678 - Epoch: 400, SNRdB: 5.00, SER: 0.249, BER: 0.159
2021-04-21 04:27:22,719 - Epoch: 400, SNRdB: 6.00, SER: 0.212, BER: 0.131
2021-04-21 04:27:22,834 - Epoch: 400, SNRdB: 7.00, SER: 0.184, BER: 0.113
2021-04-21 04:27:22,887 - Epoch: 400, SNRdB: 8.00, SER: 0.152, BER: 0.088
2021-04-21 04:27:22,944 - Epoch: 400, SNRdB: 9.00, SER: 0.127, BER: 0.079
2021-04-21 04:27:22,985 - Epoch: 400, SNRdB: 10.00, SER: 0.103, BER: 0.063
2021-04-21 04:27:23,093 - Epoch: 400, SNRdB: 11.00, SER: 0.082, BER: 0.051
2021-04-21 04:27:23,142 - Epoch: 400, SNRdB: 12.00, SER: 0.061, BER: 0.037
2021-04-21 04:27:23,207 - Epoch: 400, SNRdB: 13.00, SER: 0.042, BER: 0.024
2021-04-21 04:27:23,248 - Epoch: 400, SNRdB: 14.00, SER: 0.028, BER: 0.017
2021-04-21 04:27:23,360 - Epoch: 400, SNRdB: 15.00, SER: 0.025, BER: 0.013
2021-04-21 04:27:23,410 - Epoch: 400, SNRdB: 16.00, SER: 0.013, BER: 0.008
2021-04-21 04:27:23,472 - Epoch: 400, SNRdB: 17.00, SER: 0.006, BER: 0.003
2021-04-21 04:27:23,512 - Epoch: 400, SNRdB: 18.00, SER: 0.005, BER: 0.003
2021-04-21 04:27:23,601 - Epoch: 400, SNRdB: 19.00, SER: 0.003, BER: 0.002
2021-04-21 04:27:23,641 - Epoch: 400, SNRdB: 20.00, SER: 0.001, BER: 0.000
2021-04-21 04:27:23,700 - experiments_AWGN_order2_sharp/SISO_QAM16_AWGN_LINEAR_FCNet_500epochs/upstream4_downstream5_epoch400.pth saved.
2021-04-21 04:29:42,144 - Testing at epoch 500
2021-04-21 04:29:42,452 - Epoch: 500, SNRdB: 1.00, SER: 0.412, BER: 0.262
2021-04-21 04:29:42,497 - Epoch: 500, SNRdB: 2.00, SER: 0.352, BER: 0.225
2021-04-21 04:29:42,571 - Epoch: 500, SNRdB: 3.00, SER: 0.312, BER: 0.199
2021-04-21 04:29:42,670 - Epoch: 500, SNRdB: 4.00, SER: 0.273, BER: 0.168
2021-04-21 04:29:42,724 - Epoch: 500, SNRdB: 5.00, SER: 0.257, BER: 0.159
2021-04-21 04:29:42,827 - Epoch: 500, SNRdB: 6.00, SER: 0.224, BER: 0.143
2021-04-21 04:29:42,910 - Epoch: 500, SNRdB: 7.00, SER: 0.193, BER: 0.118
2021-04-21 04:29:42,970 - Epoch: 500, SNRdB: 8.00, SER: 0.168, BER: 0.103
2021-04-21 04:29:43,019 - Epoch: 500, SNRdB: 9.00, SER: 0.125, BER: 0.076
2021-04-21 04:29:43,133 - Epoch: 500, SNRdB: 10.00, SER: 0.098, BER: 0.060
2021-04-21 04:29:43,193 - Epoch: 500, SNRdB: 11.00, SER: 0.074, BER: 0.045
2021-04-21 04:29:43,247 - Epoch: 500, SNRdB: 12.00, SER: 0.063, BER: 0.037
2021-04-21 04:29:43,288 - Epoch: 500, SNRdB: 13.00, SER: 0.045, BER: 0.026
2021-04-21 04:29:43,393 - Epoch: 500, SNRdB: 14.00, SER: 0.035, BER: 0.020
2021-04-21 04:29:43,442 - Epoch: 500, SNRdB: 15.00, SER: 0.019, BER: 0.010
2021-04-21 04:29:43,506 - Epoch: 500, SNRdB: 16.00, SER: 0.013, BER: 0.007
2021-04-21 04:29:43,546 - Epoch: 500, SNRdB: 17.00, SER: 0.009, BER: 0.005
2021-04-21 04:29:43,660 - Epoch: 500, SNRdB: 18.00, SER: 0.005, BER: 0.003
2021-04-21 04:29:43,710 - Epoch: 500, SNRdB: 19.00, SER: 0.002, BER: 0.001
2021-04-21 04:29:43,772 - Epoch: 500, SNRdB: 20.00, SER: 0.000, BER: 0.000
2021-04-21 04:29:43,814 - experiments_AWGN_order2_sharp/SISO_QAM16_AWGN_LINEAR_FCNet_500epochs/upstream4_downstream5_epoch500.pth saved.
2021-04-21 04:29:43,911 - experiments_AWGN_order2_sharp/SISO_QAM16_AWGN_LINEAR_FCNet_500epochs/loss_FCNet_4upstream_5downstream.pngsaved.
2021-04-21 04:29:44,510 - experiments_AWGN_order2_sharp/SISO_QAM16_AWGN_LINEAR_FCNet_500epochs/SER_upstream4_downstream5.png saved.
2021-04-21 04:29:44,511 - experiments_AWGN_order2_sharp/SISO_QAM16_AWGN_LINEAR_FCNet_500epochs/BER_upstream4_downstream5.png saved.
