2021-04-17 06:10:33,938 - Testing at epoch 100
2021-04-17 06:10:34,115 - Epoch: 100, SNRdB: 1.00, SER: 0.652, BER: 0.319
2021-04-17 06:10:34,151 - Epoch: 100, SNRdB: 2.00, SER: 0.625, BER: 0.311
2021-04-17 06:10:34,191 - Epoch: 100, SNRdB: 3.00, SER: 0.594, BER: 0.299
2021-04-17 06:10:34,234 - Epoch: 100, SNRdB: 4.00, SER: 0.551, BER: 0.277
2021-04-17 06:10:34,273 - Epoch: 100, SNRdB: 5.00, SER: 0.553, BER: 0.278
2021-04-17 06:10:34,320 - Epoch: 100, SNRdB: 6.00, SER: 0.539, BER: 0.278
2021-04-17 06:10:34,360 - Epoch: 100, SNRdB: 7.00, SER: 0.482, BER: 0.247
2021-04-17 06:10:34,413 - Epoch: 100, SNRdB: 8.00, SER: 0.463, BER: 0.216
2021-04-17 06:10:34,449 - Epoch: 100, SNRdB: 9.00, SER: 0.367, BER: 0.178
2021-04-17 06:10:34,496 - Epoch: 100, SNRdB: 10.00, SER: 0.404, BER: 0.211
2021-04-17 06:10:34,531 - Epoch: 100, SNRdB: 11.00, SER: 0.336, BER: 0.165
2021-04-17 06:10:34,573 - Epoch: 100, SNRdB: 12.00, SER: 0.312, BER: 0.152
2021-04-17 06:10:34,607 - Epoch: 100, SNRdB: 13.00, SER: 0.271, BER: 0.127
2021-04-17 06:10:34,664 - Epoch: 100, SNRdB: 14.00, SER: 0.279, BER: 0.143
2021-04-17 06:10:34,695 - Epoch: 100, SNRdB: 15.00, SER: 0.254, BER: 0.117
2021-04-17 06:10:34,797 - Epoch: 100, SNRdB: 16.00, SER: 0.252, BER: 0.109
2021-04-17 06:10:34,819 - Epoch: 100, SNRdB: 17.00, SER: 0.139, BER: 0.062
2021-04-17 06:10:34,890 - Epoch: 100, SNRdB: 18.00, SER: 0.172, BER: 0.079
2021-04-17 06:10:34,912 - Epoch: 100, SNRdB: 19.00, SER: 0.156, BER: 0.062
2021-04-17 06:10:34,972 - Epoch: 100, SNRdB: 20.00, SER: 0.141, BER: 0.057
2021-04-17 06:10:35,014 - experiments_AWGN_order2_sharp/SISO_QAM64_AWGN_NONLINEAR_FCNet_500epochs/upstream1_downstream1_epoch100.pth saved.
2021-04-17 06:17:33,138 - Testing at epoch 200
2021-04-17 06:17:33,373 - Epoch: 200, SNRdB: 1.00, SER: 0.635, BER: 0.309
2021-04-17 06:17:33,392 - Epoch: 200, SNRdB: 2.00, SER: 0.582, BER: 0.288
2021-04-17 06:17:33,449 - Epoch: 200, SNRdB: 3.00, SER: 0.584, BER: 0.287
2021-04-17 06:17:33,464 - Epoch: 200, SNRdB: 4.00, SER: 0.566, BER: 0.269
2021-04-17 06:17:33,530 - Epoch: 200, SNRdB: 5.00, SER: 0.549, BER: 0.271
2021-04-17 06:17:33,543 - Epoch: 200, SNRdB: 6.00, SER: 0.533, BER: 0.260
2021-04-17 06:17:33,624 - Epoch: 200, SNRdB: 7.00, SER: 0.445, BER: 0.226
2021-04-17 06:17:33,645 - Epoch: 200, SNRdB: 8.00, SER: 0.428, BER: 0.211
2021-04-17 06:17:33,701 - Epoch: 200, SNRdB: 9.00, SER: 0.398, BER: 0.204
2021-04-17 06:17:33,717 - Epoch: 200, SNRdB: 10.00, SER: 0.428, BER: 0.203
2021-04-17 06:17:33,785 - Epoch: 200, SNRdB: 11.00, SER: 0.307, BER: 0.146
2021-04-17 06:17:33,799 - Epoch: 200, SNRdB: 12.00, SER: 0.316, BER: 0.154
2021-04-17 06:17:33,875 - Epoch: 200, SNRdB: 13.00, SER: 0.260, BER: 0.118
2021-04-17 06:17:33,897 - Epoch: 200, SNRdB: 14.00, SER: 0.266, BER: 0.132
2021-04-17 06:17:33,953 - Epoch: 200, SNRdB: 15.00, SER: 0.240, BER: 0.111
2021-04-17 06:17:33,970 - Epoch: 200, SNRdB: 16.00, SER: 0.199, BER: 0.091
2021-04-17 06:17:34,042 - Epoch: 200, SNRdB: 17.00, SER: 0.221, BER: 0.098
2021-04-17 06:17:34,063 - Epoch: 200, SNRdB: 18.00, SER: 0.189, BER: 0.088
2021-04-17 06:17:34,118 - Epoch: 200, SNRdB: 19.00, SER: 0.215, BER: 0.086
2021-04-17 06:17:34,135 - Epoch: 200, SNRdB: 20.00, SER: 0.176, BER: 0.069
2021-04-17 06:17:34,183 - experiments_AWGN_order2_sharp/SISO_QAM64_AWGN_NONLINEAR_FCNet_500epochs/upstream1_downstream1_epoch200.pth saved.
2021-04-17 06:24:31,829 - Testing at epoch 300
2021-04-17 06:24:32,045 - Epoch: 300, SNRdB: 1.00, SER: 0.602, BER: 0.319
2021-04-17 06:24:32,067 - Epoch: 300, SNRdB: 2.00, SER: 0.602, BER: 0.307
2021-04-17 06:24:32,129 - Epoch: 300, SNRdB: 3.00, SER: 0.570, BER: 0.286
2021-04-17 06:24:32,150 - Epoch: 300, SNRdB: 4.00, SER: 0.576, BER: 0.286
2021-04-17 06:24:32,215 - Epoch: 300, SNRdB: 5.00, SER: 0.508, BER: 0.248
2021-04-17 06:24:32,237 - Epoch: 300, SNRdB: 6.00, SER: 0.500, BER: 0.251
2021-04-17 06:24:32,303 - Epoch: 300, SNRdB: 7.00, SER: 0.488, BER: 0.251
2021-04-17 06:24:32,325 - Epoch: 300, SNRdB: 8.00, SER: 0.434, BER: 0.210
2021-04-17 06:24:32,390 - Epoch: 300, SNRdB: 9.00, SER: 0.389, BER: 0.191
2021-04-17 06:24:32,411 - Epoch: 300, SNRdB: 10.00, SER: 0.354, BER: 0.172
2021-04-17 06:24:32,462 - Epoch: 300, SNRdB: 11.00, SER: 0.344, BER: 0.162
2021-04-17 06:24:32,473 - Epoch: 300, SNRdB: 12.00, SER: 0.328, BER: 0.157
2021-04-17 06:24:32,546 - Epoch: 300, SNRdB: 13.00, SER: 0.256, BER: 0.120
2021-04-17 06:24:32,559 - Epoch: 300, SNRdB: 14.00, SER: 0.262, BER: 0.127
2021-04-17 06:24:32,626 - Epoch: 300, SNRdB: 15.00, SER: 0.242, BER: 0.120
2021-04-17 06:24:32,637 - Epoch: 300, SNRdB: 16.00, SER: 0.230, BER: 0.104
2021-04-17 06:24:32,709 - Epoch: 300, SNRdB: 17.00, SER: 0.191, BER: 0.083
2021-04-17 06:24:32,720 - Epoch: 300, SNRdB: 18.00, SER: 0.195, BER: 0.088
2021-04-17 06:24:32,786 - Epoch: 300, SNRdB: 19.00, SER: 0.174, BER: 0.076
2021-04-17 06:24:32,812 - Epoch: 300, SNRdB: 20.00, SER: 0.160, BER: 0.071
2021-04-17 06:24:32,851 - experiments_AWGN_order2_sharp/SISO_QAM64_AWGN_NONLINEAR_FCNet_500epochs/upstream1_downstream1_epoch300.pth saved.
2021-04-17 06:31:31,666 - Testing at epoch 400
2021-04-17 06:31:31,925 - Epoch: 400, SNRdB: 1.00, SER: 0.678, BER: 0.344
2021-04-17 06:31:31,938 - Epoch: 400, SNRdB: 2.00, SER: 0.600, BER: 0.308
2021-04-17 06:31:32,019 - Epoch: 400, SNRdB: 3.00, SER: 0.574, BER: 0.291
2021-04-17 06:31:32,033 - Epoch: 400, SNRdB: 4.00, SER: 0.598, BER: 0.290
2021-04-17 06:31:32,099 - Epoch: 400, SNRdB: 5.00, SER: 0.525, BER: 0.258
2021-04-17 06:31:32,111 - Epoch: 400, SNRdB: 6.00, SER: 0.451, BER: 0.221
2021-04-17 06:31:32,186 - Epoch: 400, SNRdB: 7.00, SER: 0.414, BER: 0.197
2021-04-17 06:31:32,197 - Epoch: 400, SNRdB: 8.00, SER: 0.400, BER: 0.192
2021-04-17 06:31:32,278 - Epoch: 400, SNRdB: 9.00, SER: 0.393, BER: 0.199
2021-04-17 06:31:32,293 - Epoch: 400, SNRdB: 10.00, SER: 0.383, BER: 0.176
2021-04-17 06:31:32,363 - Epoch: 400, SNRdB: 11.00, SER: 0.316, BER: 0.157
2021-04-17 06:31:32,375 - Epoch: 400, SNRdB: 12.00, SER: 0.281, BER: 0.148
2021-04-17 06:31:32,459 - Epoch: 400, SNRdB: 13.00, SER: 0.283, BER: 0.142
2021-04-17 06:31:32,477 - Epoch: 400, SNRdB: 14.00, SER: 0.264, BER: 0.123
2021-04-17 06:31:32,549 - Epoch: 400, SNRdB: 15.00, SER: 0.232, BER: 0.109
2021-04-17 06:31:32,569 - Epoch: 400, SNRdB: 16.00, SER: 0.203, BER: 0.087
2021-04-17 06:31:32,635 - Epoch: 400, SNRdB: 17.00, SER: 0.197, BER: 0.082
2021-04-17 06:31:32,656 - Epoch: 400, SNRdB: 18.00, SER: 0.148, BER: 0.058
2021-04-17 06:31:32,699 - Epoch: 400, SNRdB: 19.00, SER: 0.143, BER: 0.058
2021-04-17 06:31:32,709 - Epoch: 400, SNRdB: 20.00, SER: 0.145, BER: 0.058
2021-04-17 06:31:32,747 - experiments_AWGN_order2_sharp/SISO_QAM64_AWGN_NONLINEAR_FCNet_500epochs/upstream1_downstream1_epoch400.pth saved.
2021-04-17 06:38:23,373 - Testing at epoch 500
2021-04-17 06:38:23,584 - Epoch: 500, SNRdB: 1.00, SER: 0.631, BER: 0.312
2021-04-17 06:38:23,600 - Epoch: 500, SNRdB: 2.00, SER: 0.574, BER: 0.295
2021-04-17 06:38:23,671 - Epoch: 500, SNRdB: 3.00, SER: 0.613, BER: 0.317
2021-04-17 06:38:23,688 - Epoch: 500, SNRdB: 4.00, SER: 0.547, BER: 0.282
2021-04-17 06:38:23,746 - Epoch: 500, SNRdB: 5.00, SER: 0.492, BER: 0.245
2021-04-17 06:38:23,757 - Epoch: 500, SNRdB: 6.00, SER: 0.490, BER: 0.229
2021-04-17 06:38:23,829 - Epoch: 500, SNRdB: 7.00, SER: 0.436, BER: 0.205
2021-04-17 06:38:23,840 - Epoch: 500, SNRdB: 8.00, SER: 0.387, BER: 0.202
2021-04-17 06:38:23,912 - Epoch: 500, SNRdB: 9.00, SER: 0.387, BER: 0.193
2021-04-17 06:38:23,923 - Epoch: 500, SNRdB: 10.00, SER: 0.348, BER: 0.173
2021-04-17 06:38:24,000 - Epoch: 500, SNRdB: 11.00, SER: 0.355, BER: 0.174
2021-04-17 06:38:24,014 - Epoch: 500, SNRdB: 12.00, SER: 0.295, BER: 0.143
2021-04-17 06:38:24,081 - Epoch: 500, SNRdB: 13.00, SER: 0.324, BER: 0.154
2021-04-17 06:38:24,094 - Epoch: 500, SNRdB: 14.00, SER: 0.270, BER: 0.126
2021-04-17 06:38:24,162 - Epoch: 500, SNRdB: 15.00, SER: 0.197, BER: 0.090
2021-04-17 06:38:24,172 - Epoch: 500, SNRdB: 16.00, SER: 0.180, BER: 0.076
2021-04-17 06:38:24,251 - Epoch: 500, SNRdB: 17.00, SER: 0.145, BER: 0.068
2021-04-17 06:38:24,269 - Epoch: 500, SNRdB: 18.00, SER: 0.145, BER: 0.063
2021-04-17 06:38:24,338 - Epoch: 500, SNRdB: 19.00, SER: 0.139, BER: 0.060
2021-04-17 06:38:24,350 - Epoch: 500, SNRdB: 20.00, SER: 0.131, BER: 0.050
2021-04-17 06:38:24,382 - experiments_AWGN_order2_sharp/SISO_QAM64_AWGN_NONLINEAR_FCNet_500epochs/upstream1_downstream1_epoch500.pth saved.
2021-04-17 06:38:24,491 - experiments_AWGN_order2_sharp/SISO_QAM64_AWGN_NONLINEAR_FCNet_500epochs/loss_FCNet_1upstream_1downstream.pngsaved.
2021-04-17 06:38:25,071 - experiments_AWGN_order2_sharp/SISO_QAM64_AWGN_NONLINEAR_FCNet_500epochs/SER_upstream1_downstream1.png saved.
2021-04-17 06:38:25,071 - experiments_AWGN_order2_sharp/SISO_QAM64_AWGN_NONLINEAR_FCNet_500epochs/BER_upstream1_downstream1.png saved.
