2021-03-22 19:29:08,759 - Testing at epoch 40
2021-03-22 19:29:08,842 - Epoch: 40, SNRdB: 1.00, SER: 0.500, BER: 0.500
2021-03-22 19:29:08,863 - Epoch: 40, SNRdB: 2.00, SER: 0.000, BER: 0.000
2021-03-22 19:29:08,882 - Epoch: 40, SNRdB: 3.00, SER: 0.500, BER: 0.250
2021-03-22 19:29:08,901 - Epoch: 40, SNRdB: 4.00, SER: 0.500, BER: 0.250
2021-03-22 19:29:08,921 - Epoch: 40, SNRdB: 5.00, SER: 0.500, BER: 0.250
2021-03-22 19:29:08,942 - Epoch: 40, SNRdB: 6.00, SER: 0.500, BER: 0.250
2021-03-22 19:29:08,962 - Epoch: 40, SNRdB: 7.00, SER: 0.000, BER: 0.000
2021-03-22 19:29:08,983 - Epoch: 40, SNRdB: 8.00, SER: 0.500, BER: 0.500
2021-03-22 19:29:09,004 - Epoch: 40, SNRdB: 9.00, SER: 0.000, BER: 0.000
2021-03-22 19:29:09,026 - Epoch: 40, SNRdB: 10.00, SER: 0.500, BER: 0.250
2021-03-22 19:29:09,047 - Epoch: 40, SNRdB: 11.00, SER: 0.000, BER: 0.000
2021-03-22 19:29:09,066 - Epoch: 40, SNRdB: 12.00, SER: 0.000, BER: 0.000
2021-03-22 19:29:09,087 - Epoch: 40, SNRdB: 13.00, SER: 0.000, BER: 0.000
2021-03-22 19:29:09,106 - Epoch: 40, SNRdB: 14.00, SER: 0.000, BER: 0.000
2021-03-22 19:29:09,125 - Epoch: 40, SNRdB: 15.00, SER: 0.000, BER: 0.000
2021-03-22 19:29:09,146 - Epoch: 40, SNRdB: 16.00, SER: 0.000, BER: 0.000
2021-03-22 19:29:09,165 - Epoch: 40, SNRdB: 17.00, SER: 0.000, BER: 0.000
2021-03-22 19:29:09,187 - Epoch: 40, SNRdB: 18.00, SER: 0.000, BER: 0.000
2021-03-22 19:29:09,207 - Epoch: 40, SNRdB: 19.00, SER: 0.000, BER: 0.000
2021-03-22 19:29:09,227 - Epoch: 40, SNRdB: 20.00, SER: 0.000, BER: 0.000
2021-03-22 19:29:09,265 - experiments/SISO_QAM16_AWGN_LINEAR_MMNet/MMNet_10layers_epoch40.pth saved.
2021-03-22 19:33:43,359 - Testing at epoch 80
2021-03-22 19:33:43,438 - Epoch: 80, SNRdB: 1.00, SER: 0.500, BER: 0.250
2021-03-22 19:33:43,453 - Epoch: 80, SNRdB: 2.00, SER: 0.500, BER: 0.250
2021-03-22 19:33:43,470 - Epoch: 80, SNRdB: 3.00, SER: 0.000, BER: 0.000
2021-03-22 19:33:43,489 - Epoch: 80, SNRdB: 4.00, SER: 0.000, BER: 0.000
2021-03-22 19:33:43,508 - Epoch: 80, SNRdB: 5.00, SER: 0.000, BER: 0.000
2021-03-22 19:33:43,527 - Epoch: 80, SNRdB: 6.00, SER: 0.000, BER: 0.000
2021-03-22 19:33:43,546 - Epoch: 80, SNRdB: 7.00, SER: 0.000, BER: 0.000
2021-03-22 19:33:43,565 - Epoch: 80, SNRdB: 8.00, SER: 0.000, BER: 0.000
2021-03-22 19:33:43,585 - Epoch: 80, SNRdB: 9.00, SER: 0.000, BER: 0.000
2021-03-22 19:33:43,605 - Epoch: 80, SNRdB: 10.00, SER: 0.500, BER: 0.500
2021-03-22 19:33:43,625 - Epoch: 80, SNRdB: 11.00, SER: 0.000, BER: 0.000
2021-03-22 19:33:43,640 - Epoch: 80, SNRdB: 12.00, SER: 0.000, BER: 0.000
2021-03-22 19:33:43,655 - Epoch: 80, SNRdB: 13.00, SER: 0.000, BER: 0.000
2021-03-22 19:33:43,671 - Epoch: 80, SNRdB: 14.00, SER: 0.000, BER: 0.000
2021-03-22 19:33:43,686 - Epoch: 80, SNRdB: 15.00, SER: 0.000, BER: 0.000
2021-03-22 19:33:43,706 - Epoch: 80, SNRdB: 16.00, SER: 0.000, BER: 0.000
2021-03-22 19:33:43,724 - Epoch: 80, SNRdB: 17.00, SER: 0.000, BER: 0.000
2021-03-22 19:33:43,740 - Epoch: 80, SNRdB: 18.00, SER: 0.000, BER: 0.000
2021-03-22 19:33:43,759 - Epoch: 80, SNRdB: 19.00, SER: 0.000, BER: 0.000
2021-03-22 19:33:43,778 - Epoch: 80, SNRdB: 20.00, SER: 0.000, BER: 0.000
2021-03-22 19:33:43,807 - experiments/SISO_QAM16_AWGN_LINEAR_MMNet/MMNet_10layers_epoch80.pth saved.
2021-03-22 19:38:16,792 - Testing at epoch 120
2021-03-22 19:38:16,882 - Epoch: 120, SNRdB: 1.00, SER: 0.500, BER: 0.250
2021-03-22 19:38:16,900 - Epoch: 120, SNRdB: 2.00, SER: 0.500, BER: 0.250
2021-03-22 19:38:16,918 - Epoch: 120, SNRdB: 3.00, SER: 0.000, BER: 0.000
2021-03-22 19:38:16,936 - Epoch: 120, SNRdB: 4.00, SER: 1.000, BER: 0.500
2021-03-22 19:38:16,956 - Epoch: 120, SNRdB: 5.00, SER: 0.000, BER: 0.000
2021-03-22 19:38:16,974 - Epoch: 120, SNRdB: 6.00, SER: 0.500, BER: 0.500
2021-03-22 19:38:16,993 - Epoch: 120, SNRdB: 7.00, SER: 0.000, BER: 0.000
2021-03-22 19:38:17,012 - Epoch: 120, SNRdB: 8.00, SER: 0.500, BER: 0.250
2021-03-22 19:38:17,031 - Epoch: 120, SNRdB: 9.00, SER: 0.000, BER: 0.000
2021-03-22 19:38:17,049 - Epoch: 120, SNRdB: 10.00, SER: 0.000, BER: 0.000
2021-03-22 19:38:17,069 - Epoch: 120, SNRdB: 11.00, SER: 0.000, BER: 0.000
2021-03-22 19:38:17,088 - Epoch: 120, SNRdB: 12.00, SER: 0.000, BER: 0.000
2021-03-22 19:38:17,107 - Epoch: 120, SNRdB: 13.00, SER: 0.500, BER: 0.500
2021-03-22 19:38:17,126 - Epoch: 120, SNRdB: 14.00, SER: 0.000, BER: 0.000
2021-03-22 19:38:17,145 - Epoch: 120, SNRdB: 15.00, SER: 0.000, BER: 0.000
2021-03-22 19:38:17,167 - Epoch: 120, SNRdB: 16.00, SER: 0.000, BER: 0.000
2021-03-22 19:38:17,187 - Epoch: 120, SNRdB: 17.00, SER: 0.000, BER: 0.000
2021-03-22 19:38:17,207 - Epoch: 120, SNRdB: 18.00, SER: 0.000, BER: 0.000
2021-03-22 19:38:17,228 - Epoch: 120, SNRdB: 19.00, SER: 0.000, BER: 0.000
2021-03-22 19:38:17,250 - Epoch: 120, SNRdB: 20.00, SER: 0.000, BER: 0.000
2021-03-22 19:38:17,290 - experiments/SISO_QAM16_AWGN_LINEAR_MMNet/MMNet_10layers_epoch120.pth saved.
2021-03-22 19:42:51,202 - Testing at epoch 160
2021-03-22 19:42:51,286 - Epoch: 160, SNRdB: 1.00, SER: 0.000, BER: 0.000
2021-03-22 19:42:51,305 - Epoch: 160, SNRdB: 2.00, SER: 0.000, BER: 0.000
2021-03-22 19:42:51,325 - Epoch: 160, SNRdB: 3.00, SER: 0.500, BER: 0.500
2021-03-22 19:42:51,344 - Epoch: 160, SNRdB: 4.00, SER: 0.500, BER: 0.250
2021-03-22 19:42:51,364 - Epoch: 160, SNRdB: 5.00, SER: 0.000, BER: 0.000
2021-03-22 19:42:51,380 - Epoch: 160, SNRdB: 6.00, SER: 0.000, BER: 0.000
2021-03-22 19:42:51,395 - Epoch: 160, SNRdB: 7.00, SER: 1.000, BER: 0.500
2021-03-22 19:42:51,409 - Epoch: 160, SNRdB: 8.00, SER: 0.000, BER: 0.000
2021-03-22 19:42:51,425 - Epoch: 160, SNRdB: 9.00, SER: 0.000, BER: 0.000
2021-03-22 19:42:51,446 - Epoch: 160, SNRdB: 10.00, SER: 0.500, BER: 0.500
2021-03-22 19:42:51,466 - Epoch: 160, SNRdB: 11.00, SER: 0.500, BER: 0.500
2021-03-22 19:42:51,487 - Epoch: 160, SNRdB: 12.00, SER: 0.000, BER: 0.000
2021-03-22 19:42:51,507 - Epoch: 160, SNRdB: 13.00, SER: 0.000, BER: 0.000
2021-03-22 19:42:51,526 - Epoch: 160, SNRdB: 14.00, SER: 0.000, BER: 0.000
2021-03-22 19:42:51,545 - Epoch: 160, SNRdB: 15.00, SER: 0.500, BER: 0.500
2021-03-22 19:42:51,564 - Epoch: 160, SNRdB: 16.00, SER: 0.000, BER: 0.000
2021-03-22 19:42:51,583 - Epoch: 160, SNRdB: 17.00, SER: 0.000, BER: 0.000
2021-03-22 19:42:51,603 - Epoch: 160, SNRdB: 18.00, SER: 0.000, BER: 0.000
2021-03-22 19:42:51,623 - Epoch: 160, SNRdB: 19.00, SER: 0.000, BER: 0.000
2021-03-22 19:42:51,640 - Epoch: 160, SNRdB: 20.00, SER: 0.000, BER: 0.000
2021-03-22 19:42:51,669 - experiments/SISO_QAM16_AWGN_LINEAR_MMNet/MMNet_10layers_epoch160.pth saved.
2021-03-22 19:47:21,236 - Testing at epoch 200
2021-03-22 19:47:21,308 - Epoch: 200, SNRdB: 1.00, SER: 0.000, BER: 0.000
2021-03-22 19:47:21,324 - Epoch: 200, SNRdB: 2.00, SER: 0.000, BER: 0.000
2021-03-22 19:47:21,339 - Epoch: 200, SNRdB: 3.00, SER: 0.500, BER: 0.250
2021-03-22 19:47:21,354 - Epoch: 200, SNRdB: 4.00, SER: 0.000, BER: 0.000
2021-03-22 19:47:21,369 - Epoch: 200, SNRdB: 5.00, SER: 0.000, BER: 0.000
2021-03-22 19:47:21,384 - Epoch: 200, SNRdB: 6.00, SER: 0.000, BER: 0.000
2021-03-22 19:47:21,398 - Epoch: 200, SNRdB: 7.00, SER: 0.500, BER: 0.250
2021-03-22 19:47:21,412 - Epoch: 200, SNRdB: 8.00, SER: 0.000, BER: 0.000
2021-03-22 19:47:21,427 - Epoch: 200, SNRdB: 9.00, SER: 0.000, BER: 0.000
2021-03-22 19:47:21,441 - Epoch: 200, SNRdB: 10.00, SER: 0.000, BER: 0.000
2021-03-22 19:47:21,456 - Epoch: 200, SNRdB: 11.00, SER: 0.000, BER: 0.000
2021-03-22 19:47:21,471 - Epoch: 200, SNRdB: 12.00, SER: 0.000, BER: 0.000
2021-03-22 19:47:21,486 - Epoch: 200, SNRdB: 13.00, SER: 0.000, BER: 0.000
2021-03-22 19:47:21,501 - Epoch: 200, SNRdB: 14.00, SER: 0.000, BER: 0.000
2021-03-22 19:47:21,531 - Epoch: 200, SNRdB: 15.00, SER: 0.000, BER: 0.000
2021-03-22 19:47:21,558 - Epoch: 200, SNRdB: 16.00, SER: 0.000, BER: 0.000
2021-03-22 19:47:21,581 - Epoch: 200, SNRdB: 17.00, SER: 0.000, BER: 0.000
2021-03-22 19:47:21,604 - Epoch: 200, SNRdB: 18.00, SER: 0.000, BER: 0.000
2021-03-22 19:47:21,624 - Epoch: 200, SNRdB: 19.00, SER: 0.000, BER: 0.000
2021-03-22 19:47:21,643 - Epoch: 200, SNRdB: 20.00, SER: 0.000, BER: 0.000
2021-03-22 19:47:21,685 - experiments/SISO_QAM16_AWGN_LINEAR_MMNet/MMNet_10layers_epoch200.pth saved.
2021-03-22 19:47:21,802 - experiments/SISO_QAM16_AWGN_LINEAR_MMNet/loss_MMNet_10layers.pngsaved.
2021-03-22 19:47:22,396 - experiments/SISO_QAM16_AWGN_LINEAR_MMNet/SER_MMNet_10layers.png saved.
2021-03-22 19:47:22,396 - experiments/SISO_QAM16_AWGN_LINEAR_MMNet/BER_MMNet_10layers.png saved.
