2021-04-15 04:59:16,203 - Testing at epoch 100
2021-04-15 04:59:16,406 - Epoch: 100, SNRdB: 1.00, SER: 0.660, BER: 0.340
2021-04-15 04:59:16,423 - Epoch: 100, SNRdB: 2.00, SER: 0.641, BER: 0.323
2021-04-15 04:59:16,484 - Epoch: 100, SNRdB: 3.00, SER: 0.621, BER: 0.311
2021-04-15 04:59:16,497 - Epoch: 100, SNRdB: 4.00, SER: 0.539, BER: 0.272
2021-04-15 04:59:16,567 - Epoch: 100, SNRdB: 5.00, SER: 0.520, BER: 0.258
2021-04-15 04:59:16,578 - Epoch: 100, SNRdB: 6.00, SER: 0.514, BER: 0.257
2021-04-15 04:59:16,657 - Epoch: 100, SNRdB: 7.00, SER: 0.512, BER: 0.251
2021-04-15 04:59:16,672 - Epoch: 100, SNRdB: 8.00, SER: 0.436, BER: 0.215
2021-04-15 04:59:16,751 - Epoch: 100, SNRdB: 9.00, SER: 0.424, BER: 0.203
2021-04-15 04:59:16,764 - Epoch: 100, SNRdB: 10.00, SER: 0.348, BER: 0.161
2021-04-15 04:59:16,821 - Epoch: 100, SNRdB: 11.00, SER: 0.361, BER: 0.160
2021-04-15 04:59:16,833 - Epoch: 100, SNRdB: 12.00, SER: 0.322, BER: 0.153
2021-04-15 04:59:16,910 - Epoch: 100, SNRdB: 13.00, SER: 0.297, BER: 0.145
2021-04-15 04:59:16,932 - Epoch: 100, SNRdB: 14.00, SER: 0.260, BER: 0.128
2021-04-15 04:59:16,978 - Epoch: 100, SNRdB: 15.00, SER: 0.232, BER: 0.100
2021-04-15 04:59:16,993 - Epoch: 100, SNRdB: 16.00, SER: 0.221, BER: 0.104
2021-04-15 04:59:17,048 - Epoch: 100, SNRdB: 17.00, SER: 0.191, BER: 0.088
2021-04-15 04:59:17,059 - Epoch: 100, SNRdB: 18.00, SER: 0.139, BER: 0.063
2021-04-15 04:59:17,126 - Epoch: 100, SNRdB: 19.00, SER: 0.137, BER: 0.060
2021-04-15 04:59:17,140 - Epoch: 100, SNRdB: 20.00, SER: 0.141, BER: 0.059
2021-04-15 04:59:17,177 - experiments_AWGN/SISO_QAM64_AWGN_NONLINEAR_FCNet_500epochs/upstream1_downstream1_epoch100.pth saved.
2021-04-15 05:06:19,017 - Testing at epoch 200
2021-04-15 05:06:19,250 - Epoch: 200, SNRdB: 1.00, SER: 0.658, BER: 0.329
2021-04-15 05:06:19,273 - Epoch: 200, SNRdB: 2.00, SER: 0.605, BER: 0.307
2021-04-15 05:06:19,332 - Epoch: 200, SNRdB: 3.00, SER: 0.564, BER: 0.277
2021-04-15 05:06:19,348 - Epoch: 200, SNRdB: 4.00, SER: 0.564, BER: 0.288
2021-04-15 05:06:19,412 - Epoch: 200, SNRdB: 5.00, SER: 0.555, BER: 0.283
2021-04-15 05:06:19,426 - Epoch: 200, SNRdB: 6.00, SER: 0.525, BER: 0.266
2021-04-15 05:06:19,494 - Epoch: 200, SNRdB: 7.00, SER: 0.449, BER: 0.218
2021-04-15 05:06:19,507 - Epoch: 200, SNRdB: 8.00, SER: 0.451, BER: 0.226
2021-04-15 05:06:19,587 - Epoch: 200, SNRdB: 9.00, SER: 0.426, BER: 0.202
2021-04-15 05:06:19,608 - Epoch: 200, SNRdB: 10.00, SER: 0.371, BER: 0.176
2021-04-15 05:06:19,667 - Epoch: 200, SNRdB: 11.00, SER: 0.330, BER: 0.156
2021-04-15 05:06:19,682 - Epoch: 200, SNRdB: 12.00, SER: 0.291, BER: 0.144
2021-04-15 05:06:19,758 - Epoch: 200, SNRdB: 13.00, SER: 0.289, BER: 0.141
2021-04-15 05:06:19,780 - Epoch: 200, SNRdB: 14.00, SER: 0.221, BER: 0.100
2021-04-15 05:06:19,835 - Epoch: 200, SNRdB: 15.00, SER: 0.229, BER: 0.105
2021-04-15 05:06:19,851 - Epoch: 200, SNRdB: 16.00, SER: 0.180, BER: 0.088
2021-04-15 05:06:19,924 - Epoch: 200, SNRdB: 17.00, SER: 0.170, BER: 0.081
2021-04-15 05:06:19,942 - Epoch: 200, SNRdB: 18.00, SER: 0.133, BER: 0.059
2021-04-15 05:06:19,998 - Epoch: 200, SNRdB: 19.00, SER: 0.111, BER: 0.050
2021-04-15 05:06:20,012 - Epoch: 200, SNRdB: 20.00, SER: 0.111, BER: 0.048
2021-04-15 05:06:20,050 - experiments_AWGN/SISO_QAM64_AWGN_NONLINEAR_FCNet_500epochs/upstream1_downstream1_epoch200.pth saved.
2021-04-15 05:13:23,078 - Testing at epoch 300
2021-04-15 05:13:23,263 - Epoch: 300, SNRdB: 1.00, SER: 0.633, BER: 0.327
2021-04-15 05:13:23,299 - Epoch: 300, SNRdB: 2.00, SER: 0.613, BER: 0.302
2021-04-15 05:13:23,350 - Epoch: 300, SNRdB: 3.00, SER: 0.617, BER: 0.307
2021-04-15 05:13:23,391 - Epoch: 300, SNRdB: 4.00, SER: 0.557, BER: 0.281
2021-04-15 05:13:23,438 - Epoch: 300, SNRdB: 5.00, SER: 0.566, BER: 0.290
2021-04-15 05:13:23,478 - Epoch: 300, SNRdB: 6.00, SER: 0.484, BER: 0.245
2021-04-15 05:13:23,530 - Epoch: 300, SNRdB: 7.00, SER: 0.477, BER: 0.246
2021-04-15 05:13:23,569 - Epoch: 300, SNRdB: 8.00, SER: 0.430, BER: 0.204
2021-04-15 05:13:23,620 - Epoch: 300, SNRdB: 9.00, SER: 0.400, BER: 0.203
2021-04-15 05:13:23,662 - Epoch: 300, SNRdB: 10.00, SER: 0.371, BER: 0.178
2021-04-15 05:13:23,709 - Epoch: 300, SNRdB: 11.00, SER: 0.336, BER: 0.163
2021-04-15 05:13:23,748 - Epoch: 300, SNRdB: 12.00, SER: 0.338, BER: 0.164
2021-04-15 05:13:23,792 - Epoch: 300, SNRdB: 13.00, SER: 0.279, BER: 0.128
2021-04-15 05:13:23,833 - Epoch: 300, SNRdB: 14.00, SER: 0.285, BER: 0.146
2021-04-15 05:13:23,871 - Epoch: 300, SNRdB: 15.00, SER: 0.211, BER: 0.099
2021-04-15 05:13:23,916 - Epoch: 300, SNRdB: 16.00, SER: 0.176, BER: 0.087
2021-04-15 05:13:23,946 - Epoch: 300, SNRdB: 17.00, SER: 0.174, BER: 0.083
2021-04-15 05:13:24,000 - Epoch: 300, SNRdB: 18.00, SER: 0.164, BER: 0.072
2021-04-15 05:13:24,019 - Epoch: 300, SNRdB: 19.00, SER: 0.119, BER: 0.057
2021-04-15 05:13:24,086 - Epoch: 300, SNRdB: 20.00, SER: 0.117, BER: 0.048
2021-04-15 05:13:24,116 - experiments_AWGN/SISO_QAM64_AWGN_NONLINEAR_FCNet_500epochs/upstream1_downstream1_epoch300.pth saved.
2021-04-15 05:20:27,608 - Testing at epoch 400
2021-04-15 05:20:27,811 - Epoch: 400, SNRdB: 1.00, SER: 0.656, BER: 0.340
2021-04-15 05:20:27,824 - Epoch: 400, SNRdB: 2.00, SER: 0.623, BER: 0.319
2021-04-15 05:20:27,892 - Epoch: 400, SNRdB: 3.00, SER: 0.613, BER: 0.311
2021-04-15 05:20:27,928 - Epoch: 400, SNRdB: 4.00, SER: 0.600, BER: 0.290
2021-04-15 05:20:27,979 - Epoch: 400, SNRdB: 5.00, SER: 0.572, BER: 0.284
2021-04-15 05:20:28,029 - Epoch: 400, SNRdB: 6.00, SER: 0.527, BER: 0.263
2021-04-15 05:20:28,066 - Epoch: 400, SNRdB: 7.00, SER: 0.486, BER: 0.236
2021-04-15 05:20:28,116 - Epoch: 400, SNRdB: 8.00, SER: 0.457, BER: 0.225
2021-04-15 05:20:28,157 - Epoch: 400, SNRdB: 9.00, SER: 0.416, BER: 0.199
2021-04-15 05:20:28,213 - Epoch: 400, SNRdB: 10.00, SER: 0.367, BER: 0.185
2021-04-15 05:20:28,312 - Epoch: 400, SNRdB: 11.00, SER: 0.328, BER: 0.161
2021-04-15 05:20:28,364 - Epoch: 400, SNRdB: 12.00, SER: 0.281, BER: 0.146
2021-04-15 05:20:28,406 - Epoch: 400, SNRdB: 13.00, SER: 0.273, BER: 0.135
2021-04-15 05:20:28,459 - Epoch: 400, SNRdB: 14.00, SER: 0.277, BER: 0.128
2021-04-15 05:20:28,497 - Epoch: 400, SNRdB: 15.00, SER: 0.240, BER: 0.118
2021-04-15 05:20:28,544 - Epoch: 400, SNRdB: 16.00, SER: 0.191, BER: 0.090
2021-04-15 05:20:28,572 - Epoch: 400, SNRdB: 17.00, SER: 0.180, BER: 0.085
2021-04-15 05:20:28,629 - Epoch: 400, SNRdB: 18.00, SER: 0.154, BER: 0.068
2021-04-15 05:20:28,654 - Epoch: 400, SNRdB: 19.00, SER: 0.148, BER: 0.064
2021-04-15 05:20:28,713 - Epoch: 400, SNRdB: 20.00, SER: 0.131, BER: 0.051
2021-04-15 05:20:28,756 - experiments_AWGN/SISO_QAM64_AWGN_NONLINEAR_FCNet_500epochs/upstream1_downstream1_epoch400.pth saved.
2021-04-15 05:27:28,158 - Testing at epoch 500
2021-04-15 05:27:28,418 - Epoch: 500, SNRdB: 1.00, SER: 0.652, BER: 0.357
2021-04-15 05:27:28,444 - Epoch: 500, SNRdB: 2.00, SER: 0.621, BER: 0.318
2021-04-15 05:27:28,502 - Epoch: 500, SNRdB: 3.00, SER: 0.576, BER: 0.286
2021-04-15 05:27:28,536 - Epoch: 500, SNRdB: 4.00, SER: 0.602, BER: 0.294
2021-04-15 05:27:28,582 - Epoch: 500, SNRdB: 5.00, SER: 0.529, BER: 0.255
2021-04-15 05:27:28,619 - Epoch: 500, SNRdB: 6.00, SER: 0.473, BER: 0.230
2021-04-15 05:27:28,666 - Epoch: 500, SNRdB: 7.00, SER: 0.502, BER: 0.238
2021-04-15 05:27:28,702 - Epoch: 500, SNRdB: 8.00, SER: 0.449, BER: 0.204
2021-04-15 05:27:28,761 - Epoch: 500, SNRdB: 9.00, SER: 0.398, BER: 0.204
2021-04-15 05:27:28,797 - Epoch: 500, SNRdB: 10.00, SER: 0.410, BER: 0.193
2021-04-15 05:27:28,840 - Epoch: 500, SNRdB: 11.00, SER: 0.365, BER: 0.172
2021-04-15 05:27:28,881 - Epoch: 500, SNRdB: 12.00, SER: 0.299, BER: 0.152
2021-04-15 05:27:28,933 - Epoch: 500, SNRdB: 13.00, SER: 0.223, BER: 0.112
2021-04-15 05:27:28,968 - Epoch: 500, SNRdB: 14.00, SER: 0.256, BER: 0.115
2021-04-15 05:27:29,050 - Epoch: 500, SNRdB: 15.00, SER: 0.244, BER: 0.126
2021-04-15 05:27:29,074 - Epoch: 500, SNRdB: 16.00, SER: 0.180, BER: 0.080
2021-04-15 05:27:29,131 - Epoch: 500, SNRdB: 17.00, SER: 0.162, BER: 0.077
2021-04-15 05:27:29,150 - Epoch: 500, SNRdB: 18.00, SER: 0.141, BER: 0.061
2021-04-15 05:27:29,222 - Epoch: 500, SNRdB: 19.00, SER: 0.166, BER: 0.071
2021-04-15 05:27:29,243 - Epoch: 500, SNRdB: 20.00, SER: 0.129, BER: 0.052
2021-04-15 05:27:29,276 - experiments_AWGN/SISO_QAM64_AWGN_NONLINEAR_FCNet_500epochs/upstream1_downstream1_epoch500.pth saved.
2021-04-15 05:27:29,452 - experiments_AWGN/SISO_QAM64_AWGN_NONLINEAR_FCNet_500epochs/loss_FCNet_1upstream_1downstream.pngsaved.
2021-04-15 05:27:30,054 - experiments_AWGN/SISO_QAM64_AWGN_NONLINEAR_FCNet_500epochs/SER_upstream1_downstream1.png saved.
2021-04-15 05:27:30,054 - experiments_AWGN/SISO_QAM64_AWGN_NONLINEAR_FCNet_500epochs/BER_upstream1_downstream1.png saved.
