2021-04-15 00:13:15,754 - Testing at epoch 100
2021-04-15 00:13:15,895 - Epoch: 100, SNRdB: 1.00, SER: 0.818, BER: 0.375
2021-04-15 00:13:15,908 - Epoch: 100, SNRdB: 2.00, SER: 0.803, BER: 0.352
2021-04-15 00:13:15,945 - Epoch: 100, SNRdB: 3.00, SER: 0.779, BER: 0.338
2021-04-15 00:13:15,957 - Epoch: 100, SNRdB: 4.00, SER: 0.748, BER: 0.332
2021-04-15 00:13:15,992 - Epoch: 100, SNRdB: 5.00, SER: 0.717, BER: 0.325
2021-04-15 00:13:16,003 - Epoch: 100, SNRdB: 6.00, SER: 0.701, BER: 0.301
2021-04-15 00:13:16,039 - Epoch: 100, SNRdB: 7.00, SER: 0.680, BER: 0.296
2021-04-15 00:13:16,050 - Epoch: 100, SNRdB: 8.00, SER: 0.672, BER: 0.290
2021-04-15 00:13:16,080 - Epoch: 100, SNRdB: 9.00, SER: 0.648, BER: 0.283
2021-04-15 00:13:16,090 - Epoch: 100, SNRdB: 10.00, SER: 0.631, BER: 0.261
2021-04-15 00:13:16,123 - Epoch: 100, SNRdB: 11.00, SER: 0.619, BER: 0.246
2021-04-15 00:13:16,134 - Epoch: 100, SNRdB: 12.00, SER: 0.582, BER: 0.252
2021-04-15 00:13:16,170 - Epoch: 100, SNRdB: 13.00, SER: 0.588, BER: 0.237
2021-04-15 00:13:16,180 - Epoch: 100, SNRdB: 14.00, SER: 0.557, BER: 0.227
2021-04-15 00:13:16,210 - Epoch: 100, SNRdB: 15.00, SER: 0.553, BER: 0.227
2021-04-15 00:13:16,221 - Epoch: 100, SNRdB: 16.00, SER: 0.596, BER: 0.240
2021-04-15 00:13:16,255 - Epoch: 100, SNRdB: 17.00, SER: 0.506, BER: 0.209
2021-04-15 00:13:16,267 - Epoch: 100, SNRdB: 18.00, SER: 0.504, BER: 0.204
2021-04-15 00:13:16,297 - Epoch: 100, SNRdB: 19.00, SER: 0.508, BER: 0.205
2021-04-15 00:13:16,307 - Epoch: 100, SNRdB: 20.00, SER: 0.518, BER: 0.219
2021-04-15 00:13:16,345 - experiments_AWGN/SISO_QAM256_AWGN_LINEAR_FCNet_500epochs/upstream1_downstream1_epoch100.pth saved.
2021-04-15 00:17:08,558 - Testing at epoch 200
2021-04-15 00:17:08,715 - Epoch: 200, SNRdB: 1.00, SER: 0.789, BER: 0.364
2021-04-15 00:17:08,737 - Epoch: 200, SNRdB: 2.00, SER: 0.799, BER: 0.357
2021-04-15 00:17:08,763 - Epoch: 200, SNRdB: 3.00, SER: 0.758, BER: 0.329
2021-04-15 00:17:08,780 - Epoch: 200, SNRdB: 4.00, SER: 0.750, BER: 0.339
2021-04-15 00:17:08,808 - Epoch: 200, SNRdB: 5.00, SER: 0.736, BER: 0.333
2021-04-15 00:17:08,825 - Epoch: 200, SNRdB: 6.00, SER: 0.744, BER: 0.331
2021-04-15 00:17:08,850 - Epoch: 200, SNRdB: 7.00, SER: 0.717, BER: 0.307
2021-04-15 00:17:08,871 - Epoch: 200, SNRdB: 8.00, SER: 0.646, BER: 0.281
2021-04-15 00:17:08,891 - Epoch: 200, SNRdB: 9.00, SER: 0.666, BER: 0.278
2021-04-15 00:17:08,922 - Epoch: 200, SNRdB: 10.00, SER: 0.639, BER: 0.267
2021-04-15 00:17:08,937 - Epoch: 200, SNRdB: 11.00, SER: 0.596, BER: 0.256
2021-04-15 00:17:08,970 - Epoch: 200, SNRdB: 12.00, SER: 0.607, BER: 0.258
2021-04-15 00:17:08,983 - Epoch: 200, SNRdB: 13.00, SER: 0.555, BER: 0.228
2021-04-15 00:17:09,016 - Epoch: 200, SNRdB: 14.00, SER: 0.510, BER: 0.217
2021-04-15 00:17:09,030 - Epoch: 200, SNRdB: 15.00, SER: 0.490, BER: 0.212
2021-04-15 00:17:09,063 - Epoch: 200, SNRdB: 16.00, SER: 0.508, BER: 0.202
2021-04-15 00:17:09,077 - Epoch: 200, SNRdB: 17.00, SER: 0.439, BER: 0.169
2021-04-15 00:17:09,110 - Epoch: 200, SNRdB: 18.00, SER: 0.480, BER: 0.194
2021-04-15 00:17:09,123 - Epoch: 200, SNRdB: 19.00, SER: 0.426, BER: 0.164
2021-04-15 00:17:09,155 - Epoch: 200, SNRdB: 20.00, SER: 0.406, BER: 0.164
2021-04-15 00:17:09,182 - experiments_AWGN/SISO_QAM256_AWGN_LINEAR_FCNet_500epochs/upstream1_downstream1_epoch200.pth saved.
2021-04-15 00:21:02,262 - Testing at epoch 300
2021-04-15 00:21:02,367 - Epoch: 300, SNRdB: 1.00, SER: 0.830, BER: 0.396
2021-04-15 00:21:02,420 - Epoch: 300, SNRdB: 2.00, SER: 0.785, BER: 0.354
2021-04-15 00:21:02,438 - Epoch: 300, SNRdB: 3.00, SER: 0.787, BER: 0.358
2021-04-15 00:21:02,474 - Epoch: 300, SNRdB: 4.00, SER: 0.738, BER: 0.322
2021-04-15 00:21:02,492 - Epoch: 300, SNRdB: 5.00, SER: 0.740, BER: 0.321
2021-04-15 00:21:02,523 - Epoch: 300, SNRdB: 6.00, SER: 0.748, BER: 0.333
2021-04-15 00:21:02,541 - Epoch: 300, SNRdB: 7.00, SER: 0.705, BER: 0.319
2021-04-15 00:21:02,566 - Epoch: 300, SNRdB: 8.00, SER: 0.734, BER: 0.324
2021-04-15 00:21:02,587 - Epoch: 300, SNRdB: 9.00, SER: 0.715, BER: 0.310
2021-04-15 00:21:02,610 - Epoch: 300, SNRdB: 10.00, SER: 0.641, BER: 0.277
2021-04-15 00:21:02,636 - Epoch: 300, SNRdB: 11.00, SER: 0.617, BER: 0.269
2021-04-15 00:21:02,658 - Epoch: 300, SNRdB: 12.00, SER: 0.605, BER: 0.254
2021-04-15 00:21:02,690 - Epoch: 300, SNRdB: 13.00, SER: 0.553, BER: 0.226
2021-04-15 00:21:02,711 - Epoch: 300, SNRdB: 14.00, SER: 0.529, BER: 0.211
2021-04-15 00:21:02,745 - Epoch: 300, SNRdB: 15.00, SER: 0.529, BER: 0.220
2021-04-15 00:21:02,764 - Epoch: 300, SNRdB: 16.00, SER: 0.510, BER: 0.200
2021-04-15 00:21:02,799 - Epoch: 300, SNRdB: 17.00, SER: 0.486, BER: 0.197
2021-04-15 00:21:02,818 - Epoch: 300, SNRdB: 18.00, SER: 0.430, BER: 0.163
2021-04-15 00:21:02,848 - Epoch: 300, SNRdB: 19.00, SER: 0.428, BER: 0.168
2021-04-15 00:21:02,865 - Epoch: 300, SNRdB: 20.00, SER: 0.420, BER: 0.169
2021-04-15 00:21:02,903 - experiments_AWGN/SISO_QAM256_AWGN_LINEAR_FCNet_500epochs/upstream1_downstream1_epoch300.pth saved.
2021-04-15 00:24:54,483 - Testing at epoch 400
2021-04-15 00:24:54,709 - Epoch: 400, SNRdB: 1.00, SER: 0.814, BER: 0.374
2021-04-15 00:24:54,723 - Epoch: 400, SNRdB: 2.00, SER: 0.795, BER: 0.353
2021-04-15 00:24:54,751 - Epoch: 400, SNRdB: 3.00, SER: 0.779, BER: 0.348
2021-04-15 00:24:54,765 - Epoch: 400, SNRdB: 4.00, SER: 0.766, BER: 0.326
2021-04-15 00:24:54,795 - Epoch: 400, SNRdB: 5.00, SER: 0.723, BER: 0.306
2021-04-15 00:24:54,809 - Epoch: 400, SNRdB: 6.00, SER: 0.738, BER: 0.328
2021-04-15 00:24:54,840 - Epoch: 400, SNRdB: 7.00, SER: 0.668, BER: 0.290
2021-04-15 00:24:54,851 - Epoch: 400, SNRdB: 8.00, SER: 0.705, BER: 0.302
2021-04-15 00:24:54,883 - Epoch: 400, SNRdB: 9.00, SER: 0.646, BER: 0.292
2021-04-15 00:24:54,894 - Epoch: 400, SNRdB: 10.00, SER: 0.617, BER: 0.242
2021-04-15 00:24:54,926 - Epoch: 400, SNRdB: 11.00, SER: 0.590, BER: 0.247
2021-04-15 00:24:54,937 - Epoch: 400, SNRdB: 12.00, SER: 0.605, BER: 0.252
2021-04-15 00:24:54,970 - Epoch: 400, SNRdB: 13.00, SER: 0.502, BER: 0.212
2021-04-15 00:24:54,981 - Epoch: 400, SNRdB: 14.00, SER: 0.562, BER: 0.212
2021-04-15 00:24:55,013 - Epoch: 400, SNRdB: 15.00, SER: 0.494, BER: 0.199
2021-04-15 00:24:55,024 - Epoch: 400, SNRdB: 16.00, SER: 0.482, BER: 0.200
2021-04-15 00:24:55,056 - Epoch: 400, SNRdB: 17.00, SER: 0.445, BER: 0.182
2021-04-15 00:24:55,067 - Epoch: 400, SNRdB: 18.00, SER: 0.416, BER: 0.169
2021-04-15 00:24:55,099 - Epoch: 400, SNRdB: 19.00, SER: 0.410, BER: 0.166
2021-04-15 00:24:55,110 - Epoch: 400, SNRdB: 20.00, SER: 0.387, BER: 0.155
2021-04-15 00:24:55,142 - experiments_AWGN/SISO_QAM256_AWGN_LINEAR_FCNet_500epochs/upstream1_downstream1_epoch400.pth saved.
2021-04-15 00:28:40,717 - Testing at epoch 500
2021-04-15 00:28:40,873 - Epoch: 500, SNRdB: 1.00, SER: 0.801, BER: 0.378
2021-04-15 00:28:40,895 - Epoch: 500, SNRdB: 2.00, SER: 0.795, BER: 0.346
2021-04-15 00:28:40,919 - Epoch: 500, SNRdB: 3.00, SER: 0.785, BER: 0.346
2021-04-15 00:28:40,935 - Epoch: 500, SNRdB: 4.00, SER: 0.781, BER: 0.341
2021-04-15 00:28:40,956 - Epoch: 500, SNRdB: 5.00, SER: 0.744, BER: 0.328
2021-04-15 00:28:40,971 - Epoch: 500, SNRdB: 6.00, SER: 0.699, BER: 0.295
2021-04-15 00:28:40,994 - Epoch: 500, SNRdB: 7.00, SER: 0.689, BER: 0.300
2021-04-15 00:28:41,007 - Epoch: 500, SNRdB: 8.00, SER: 0.713, BER: 0.311
2021-04-15 00:28:41,031 - Epoch: 500, SNRdB: 9.00, SER: 0.701, BER: 0.303
2021-04-15 00:28:41,043 - Epoch: 500, SNRdB: 10.00, SER: 0.699, BER: 0.294
2021-04-15 00:28:41,068 - Epoch: 500, SNRdB: 11.00, SER: 0.605, BER: 0.250
2021-04-15 00:28:41,079 - Epoch: 500, SNRdB: 12.00, SER: 0.568, BER: 0.237
2021-04-15 00:28:41,107 - Epoch: 500, SNRdB: 13.00, SER: 0.586, BER: 0.243
2021-04-15 00:28:41,118 - Epoch: 500, SNRdB: 14.00, SER: 0.500, BER: 0.218
2021-04-15 00:28:41,150 - Epoch: 500, SNRdB: 15.00, SER: 0.547, BER: 0.219
2021-04-15 00:28:41,165 - Epoch: 500, SNRdB: 16.00, SER: 0.506, BER: 0.209
2021-04-15 00:28:41,198 - Epoch: 500, SNRdB: 17.00, SER: 0.455, BER: 0.190
2021-04-15 00:28:41,219 - Epoch: 500, SNRdB: 18.00, SER: 0.502, BER: 0.196
2021-04-15 00:28:41,243 - Epoch: 500, SNRdB: 19.00, SER: 0.432, BER: 0.173
2021-04-15 00:28:41,261 - Epoch: 500, SNRdB: 20.00, SER: 0.430, BER: 0.165
2021-04-15 00:28:41,294 - experiments_AWGN/SISO_QAM256_AWGN_LINEAR_FCNet_500epochs/upstream1_downstream1_epoch500.pth saved.
2021-04-15 00:28:41,464 - experiments_AWGN/SISO_QAM256_AWGN_LINEAR_FCNet_500epochs/loss_FCNet_1upstream_1downstream.pngsaved.
2021-04-15 00:28:42,064 - experiments_AWGN/SISO_QAM256_AWGN_LINEAR_FCNet_500epochs/SER_upstream1_downstream1.png saved.
2021-04-15 00:28:42,064 - experiments_AWGN/SISO_QAM256_AWGN_LINEAR_FCNet_500epochs/BER_upstream1_downstream1.png saved.
2021-04-21 07:34:56,969 - Testing at epoch 100
2021-04-21 07:34:57,273 - Epoch: 100, SNRdB: 1.00, SER: 0.826, BER: 0.369
2021-04-21 07:34:57,322 - Epoch: 100, SNRdB: 2.00, SER: 0.797, BER: 0.356
2021-04-21 07:34:57,420 - Epoch: 100, SNRdB: 3.00, SER: 0.797, BER: 0.348
2021-04-21 07:34:57,473 - Epoch: 100, SNRdB: 4.00, SER: 0.766, BER: 0.342
2021-04-21 07:34:57,638 - Epoch: 100, SNRdB: 5.00, SER: 0.752, BER: 0.326
2021-04-21 07:34:57,699 - Epoch: 100, SNRdB: 6.00, SER: 0.727, BER: 0.312
2021-04-21 07:34:57,753 - Epoch: 100, SNRdB: 7.00, SER: 0.725, BER: 0.315
2021-04-21 07:34:57,797 - Epoch: 100, SNRdB: 8.00, SER: 0.685, BER: 0.286
2021-04-21 07:34:57,917 - Epoch: 100, SNRdB: 9.00, SER: 0.672, BER: 0.286
2021-04-21 07:34:57,970 - Epoch: 100, SNRdB: 10.00, SER: 0.636, BER: 0.271
2021-04-21 07:34:58,044 - Epoch: 100, SNRdB: 11.00, SER: 0.597, BER: 0.249
2021-04-21 07:34:58,088 - Epoch: 100, SNRdB: 12.00, SER: 0.567, BER: 0.231
2021-04-21 07:34:58,266 - Epoch: 100, SNRdB: 13.00, SER: 0.529, BER: 0.221
2021-04-21 07:34:58,317 - Epoch: 100, SNRdB: 14.00, SER: 0.483, BER: 0.198
2021-04-21 07:34:58,386 - Epoch: 100, SNRdB: 15.00, SER: 0.457, BER: 0.182
2021-04-21 07:34:58,429 - Epoch: 100, SNRdB: 16.00, SER: 0.427, BER: 0.176
2021-04-21 07:34:58,514 - Epoch: 100, SNRdB: 17.00, SER: 0.379, BER: 0.157
2021-04-21 07:34:58,557 - Epoch: 100, SNRdB: 18.00, SER: 0.342, BER: 0.137
2021-04-21 07:34:58,673 - Epoch: 100, SNRdB: 19.00, SER: 0.298, BER: 0.121
2021-04-21 07:34:58,729 - Epoch: 100, SNRdB: 20.00, SER: 0.255, BER: 0.101
2021-04-21 07:34:58,781 - Epoch: 100, SNRdB: 21.00, SER: 0.227, BER: 0.089
2021-04-21 07:34:58,824 - Epoch: 100, SNRdB: 22.00, SER: 0.206, BER: 0.080
2021-04-21 07:34:58,908 - Epoch: 100, SNRdB: 23.00, SER: 0.165, BER: 0.063
2021-04-21 07:34:58,951 - Epoch: 100, SNRdB: 24.00, SER: 0.147, BER: 0.053
2021-04-21 07:34:59,035 - Epoch: 100, SNRdB: 25.00, SER: 0.111, BER: 0.040
2021-04-21 07:34:59,078 - Epoch: 100, SNRdB: 26.00, SER: 0.100, BER: 0.035
2021-04-21 07:34:59,164 - Epoch: 100, SNRdB: 27.00, SER: 0.097, BER: 0.034
2021-04-21 07:34:59,207 - Epoch: 100, SNRdB: 28.00, SER: 0.087, BER: 0.028
2021-04-21 07:34:59,293 - Epoch: 100, SNRdB: 29.00, SER: 0.071, BER: 0.023
2021-04-21 07:34:59,336 - Epoch: 100, SNRdB: 30.00, SER: 0.069, BER: 0.021
2021-04-21 07:34:59,426 - Epoch: 100, SNRdB: 31.00, SER: 0.061, BER: 0.018
2021-04-21 07:34:59,469 - Epoch: 100, SNRdB: 32.00, SER: 0.060, BER: 0.017
2021-04-21 07:34:59,553 - Epoch: 100, SNRdB: 33.00, SER: 0.056, BER: 0.016
2021-04-21 07:34:59,595 - Epoch: 100, SNRdB: 34.00, SER: 0.053, BER: 0.016
2021-04-21 07:34:59,723 - Epoch: 100, SNRdB: 35.00, SER: 0.056, BER: 0.016
2021-04-21 07:34:59,782 - Epoch: 100, SNRdB: 36.00, SER: 0.052, BER: 0.015
2021-04-21 07:34:59,837 - Epoch: 100, SNRdB: 37.00, SER: 0.053, BER: 0.015
2021-04-21 07:34:59,881 - Epoch: 100, SNRdB: 38.00, SER: 0.054, BER: 0.015
2021-04-21 07:34:59,943 - Epoch: 100, SNRdB: 39.00, SER: 0.051, BER: 0.014
2021-04-21 07:34:59,985 - Epoch: 100, SNRdB: 40.00, SER: 0.047, BER: 0.013
2021-04-21 07:35:00,035 - experiments_AWGN_order2_sharp/SISO_QAM256_AWGN_LINEAR_FCNet_500epochs/upstream4_downstream5_epoch100.pth saved.
2021-04-21 08:04:43,950 - Testing at epoch 200
2021-04-21 08:04:44,334 - Epoch: 200, SNRdB: 1.00, SER: 0.840, BER: 0.375
2021-04-21 08:04:44,399 - Epoch: 200, SNRdB: 2.00, SER: 0.803, BER: 0.361
2021-04-21 08:04:44,452 - Epoch: 200, SNRdB: 3.00, SER: 0.794, BER: 0.354
2021-04-21 08:04:44,499 - Epoch: 200, SNRdB: 4.00, SER: 0.775, BER: 0.337
2021-04-21 08:04:44,667 - Epoch: 200, SNRdB: 5.00, SER: 0.762, BER: 0.333
2021-04-21 08:04:44,709 - Epoch: 200, SNRdB: 6.00, SER: 0.729, BER: 0.315
2021-04-21 08:04:44,824 - Epoch: 200, SNRdB: 7.00, SER: 0.693, BER: 0.300
2021-04-21 08:04:44,873 - Epoch: 200, SNRdB: 8.00, SER: 0.678, BER: 0.287
2021-04-21 08:04:44,984 - Epoch: 200, SNRdB: 9.00, SER: 0.669, BER: 0.278
2021-04-21 08:04:45,043 - Epoch: 200, SNRdB: 10.00, SER: 0.628, BER: 0.263
2021-04-21 08:04:45,093 - Epoch: 200, SNRdB: 11.00, SER: 0.583, BER: 0.242
2021-04-21 08:04:45,138 - Epoch: 200, SNRdB: 12.00, SER: 0.559, BER: 0.234
2021-04-21 08:04:45,204 - Epoch: 200, SNRdB: 13.00, SER: 0.541, BER: 0.222
2021-04-21 08:04:45,243 - Epoch: 200, SNRdB: 14.00, SER: 0.510, BER: 0.208
2021-04-21 08:04:45,351 - Epoch: 200, SNRdB: 15.00, SER: 0.445, BER: 0.177
2021-04-21 08:04:45,402 - Epoch: 200, SNRdB: 16.00, SER: 0.416, BER: 0.166
2021-04-21 08:04:45,507 - Epoch: 200, SNRdB: 17.00, SER: 0.401, BER: 0.156
2021-04-21 08:04:45,567 - Epoch: 200, SNRdB: 18.00, SER: 0.349, BER: 0.140
2021-04-21 08:04:45,615 - Epoch: 200, SNRdB: 19.00, SER: 0.313, BER: 0.123
2021-04-21 08:04:45,661 - Epoch: 200, SNRdB: 20.00, SER: 0.267, BER: 0.113
2021-04-21 08:04:45,726 - Epoch: 200, SNRdB: 21.00, SER: 0.237, BER: 0.094
2021-04-21 08:04:45,772 - Epoch: 200, SNRdB: 22.00, SER: 0.197, BER: 0.076
2021-04-21 08:04:45,861 - Epoch: 200, SNRdB: 23.00, SER: 0.167, BER: 0.063
2021-04-21 08:04:45,907 - Epoch: 200, SNRdB: 24.00, SER: 0.134, BER: 0.053
2021-04-21 08:04:45,982 - Epoch: 200, SNRdB: 25.00, SER: 0.125, BER: 0.044
2021-04-21 08:04:46,029 - Epoch: 200, SNRdB: 26.00, SER: 0.096, BER: 0.035
2021-04-21 08:04:46,124 - Epoch: 200, SNRdB: 27.00, SER: 0.086, BER: 0.031
2021-04-21 08:04:46,174 - Epoch: 200, SNRdB: 28.00, SER: 0.073, BER: 0.025
2021-04-21 08:04:46,257 - Epoch: 200, SNRdB: 29.00, SER: 0.080, BER: 0.027
2021-04-21 08:04:46,307 - Epoch: 200, SNRdB: 30.00, SER: 0.066, BER: 0.023
2021-04-21 08:04:46,371 - Epoch: 200, SNRdB: 31.00, SER: 0.056, BER: 0.019
2021-04-21 08:04:46,417 - Epoch: 200, SNRdB: 32.00, SER: 0.055, BER: 0.018
2021-04-21 08:04:46,526 - Epoch: 200, SNRdB: 33.00, SER: 0.053, BER: 0.017
2021-04-21 08:04:46,576 - Epoch: 200, SNRdB: 34.00, SER: 0.058, BER: 0.018
2021-04-21 08:04:46,630 - Epoch: 200, SNRdB: 35.00, SER: 0.052, BER: 0.016
2021-04-21 08:04:46,677 - Epoch: 200, SNRdB: 36.00, SER: 0.052, BER: 0.016
2021-04-21 08:04:46,765 - Epoch: 200, SNRdB: 37.00, SER: 0.050, BER: 0.016
2021-04-21 08:04:46,810 - Epoch: 200, SNRdB: 38.00, SER: 0.050, BER: 0.015
2021-04-21 08:04:46,904 - Epoch: 200, SNRdB: 39.00, SER: 0.053, BER: 0.016
2021-04-21 08:04:46,952 - Epoch: 200, SNRdB: 40.00, SER: 0.050, BER: 0.016
2021-04-21 08:04:46,989 - experiments_AWGN_order2_sharp/SISO_QAM256_AWGN_LINEAR_FCNet_500epochs/upstream4_downstream5_epoch200.pth saved.
2021-04-21 08:34:21,354 - Testing at epoch 300
2021-04-21 08:34:21,768 - Epoch: 300, SNRdB: 1.00, SER: 0.831, BER: 0.381
2021-04-21 08:34:21,817 - Epoch: 300, SNRdB: 2.00, SER: 0.801, BER: 0.366
2021-04-21 08:34:21,920 - Epoch: 300, SNRdB: 3.00, SER: 0.792, BER: 0.360
2021-04-21 08:34:21,974 - Epoch: 300, SNRdB: 4.00, SER: 0.771, BER: 0.338
2021-04-21 08:34:22,078 - Epoch: 300, SNRdB: 5.00, SER: 0.752, BER: 0.326
2021-04-21 08:34:22,138 - Epoch: 300, SNRdB: 6.00, SER: 0.742, BER: 0.323
2021-04-21 08:34:22,199 - Epoch: 300, SNRdB: 7.00, SER: 0.711, BER: 0.307
2021-04-21 08:34:22,246 - Epoch: 300, SNRdB: 8.00, SER: 0.701, BER: 0.308
2021-04-21 08:34:22,380 - Epoch: 300, SNRdB: 9.00, SER: 0.671, BER: 0.280
2021-04-21 08:34:22,440 - Epoch: 300, SNRdB: 10.00, SER: 0.646, BER: 0.267
2021-04-21 08:34:22,490 - Epoch: 300, SNRdB: 11.00, SER: 0.606, BER: 0.250
2021-04-21 08:34:22,536 - Epoch: 300, SNRdB: 12.00, SER: 0.574, BER: 0.237
2021-04-21 08:34:22,632 - Epoch: 300, SNRdB: 13.00, SER: 0.530, BER: 0.221
2021-04-21 08:34:22,688 - Epoch: 300, SNRdB: 14.00, SER: 0.509, BER: 0.212
2021-04-21 08:34:22,743 - Epoch: 300, SNRdB: 15.00, SER: 0.450, BER: 0.177
2021-04-21 08:34:22,789 - Epoch: 300, SNRdB: 16.00, SER: 0.432, BER: 0.178
2021-04-21 08:34:22,894 - Epoch: 300, SNRdB: 17.00, SER: 0.375, BER: 0.150
2021-04-21 08:34:22,951 - Epoch: 300, SNRdB: 18.00, SER: 0.341, BER: 0.141
2021-04-21 08:34:23,000 - Epoch: 300, SNRdB: 19.00, SER: 0.297, BER: 0.117
2021-04-21 08:34:23,046 - Epoch: 300, SNRdB: 20.00, SER: 0.233, BER: 0.091
2021-04-21 08:34:23,151 - Epoch: 300, SNRdB: 21.00, SER: 0.218, BER: 0.086
2021-04-21 08:34:23,208 - Epoch: 300, SNRdB: 22.00, SER: 0.188, BER: 0.073
2021-04-21 08:34:23,259 - Epoch: 300, SNRdB: 23.00, SER: 0.150, BER: 0.058
2021-04-21 08:34:23,304 - Epoch: 300, SNRdB: 24.00, SER: 0.140, BER: 0.054
2021-04-21 08:34:23,418 - Epoch: 300, SNRdB: 25.00, SER: 0.125, BER: 0.046
2021-04-21 08:34:23,476 - Epoch: 300, SNRdB: 26.00, SER: 0.092, BER: 0.035
2021-04-21 08:34:23,553 - Epoch: 300, SNRdB: 27.00, SER: 0.079, BER: 0.030
2021-04-21 08:34:23,638 - Epoch: 300, SNRdB: 28.00, SER: 0.073, BER: 0.026
2021-04-21 08:34:23,719 - Epoch: 300, SNRdB: 29.00, SER: 0.065, BER: 0.022
2021-04-21 08:34:23,804 - Epoch: 300, SNRdB: 30.00, SER: 0.055, BER: 0.019
2021-04-21 08:34:23,871 - Epoch: 300, SNRdB: 31.00, SER: 0.047, BER: 0.015
2021-04-21 08:34:23,950 - Epoch: 300, SNRdB: 32.00, SER: 0.052, BER: 0.017
2021-04-21 08:34:23,994 - Epoch: 300, SNRdB: 33.00, SER: 0.046, BER: 0.015
2021-04-21 08:34:24,169 - Epoch: 300, SNRdB: 34.00, SER: 0.044, BER: 0.014
2021-04-21 08:34:24,222 - Epoch: 300, SNRdB: 35.00, SER: 0.041, BER: 0.012
2021-04-21 08:34:24,295 - Epoch: 300, SNRdB: 36.00, SER: 0.040, BER: 0.012
2021-04-21 08:34:24,338 - Epoch: 300, SNRdB: 37.00, SER: 0.037, BER: 0.011
2021-04-21 08:34:24,464 - Epoch: 300, SNRdB: 38.00, SER: 0.031, BER: 0.009
2021-04-21 08:34:24,519 - Epoch: 300, SNRdB: 39.00, SER: 0.034, BER: 0.010
2021-04-21 08:34:24,587 - Epoch: 300, SNRdB: 40.00, SER: 0.035, BER: 0.010
2021-04-21 08:34:24,640 - experiments_AWGN_order2_sharp/SISO_QAM256_AWGN_LINEAR_FCNet_500epochs/upstream4_downstream5_epoch300.pth saved.
2021-04-21 09:04:01,626 - Testing at epoch 400
2021-04-21 09:04:01,962 - Epoch: 400, SNRdB: 1.00, SER: 0.826, BER: 0.376
2021-04-21 09:04:02,024 - Epoch: 400, SNRdB: 2.00, SER: 0.804, BER: 0.364
2021-04-21 09:04:02,073 - Epoch: 400, SNRdB: 3.00, SER: 0.781, BER: 0.349
2021-04-21 09:04:02,116 - Epoch: 400, SNRdB: 4.00, SER: 0.762, BER: 0.336
2021-04-21 09:04:02,212 - Epoch: 400, SNRdB: 5.00, SER: 0.766, BER: 0.341
2021-04-21 09:04:02,255 - Epoch: 400, SNRdB: 6.00, SER: 0.719, BER: 0.316
2021-04-21 09:04:02,378 - Epoch: 400, SNRdB: 7.00, SER: 0.722, BER: 0.307
2021-04-21 09:04:02,431 - Epoch: 400, SNRdB: 8.00, SER: 0.682, BER: 0.296
2021-04-21 09:04:02,493 - Epoch: 400, SNRdB: 9.00, SER: 0.662, BER: 0.280
2021-04-21 09:04:02,536 - Epoch: 400, SNRdB: 10.00, SER: 0.634, BER: 0.270
2021-04-21 09:04:02,623 - Epoch: 400, SNRdB: 11.00, SER: 0.603, BER: 0.247
2021-04-21 09:04:02,667 - Epoch: 400, SNRdB: 12.00, SER: 0.564, BER: 0.225
2021-04-21 09:04:02,774 - Epoch: 400, SNRdB: 13.00, SER: 0.546, BER: 0.219
2021-04-21 09:04:02,827 - Epoch: 400, SNRdB: 14.00, SER: 0.515, BER: 0.212
2021-04-21 09:04:02,883 - Epoch: 400, SNRdB: 15.00, SER: 0.458, BER: 0.184
2021-04-21 09:04:02,926 - Epoch: 400, SNRdB: 16.00, SER: 0.418, BER: 0.170
2021-04-21 09:04:03,011 - Epoch: 400, SNRdB: 17.00, SER: 0.386, BER: 0.155
2021-04-21 09:04:03,054 - Epoch: 400, SNRdB: 18.00, SER: 0.348, BER: 0.140
2021-04-21 09:04:03,140 - Epoch: 400, SNRdB: 19.00, SER: 0.301, BER: 0.126
2021-04-21 09:04:03,184 - Epoch: 400, SNRdB: 20.00, SER: 0.265, BER: 0.106
2021-04-21 09:04:03,288 - Epoch: 400, SNRdB: 21.00, SER: 0.257, BER: 0.101
2021-04-21 09:04:03,340 - Epoch: 400, SNRdB: 22.00, SER: 0.215, BER: 0.082
2021-04-21 09:04:03,398 - Epoch: 400, SNRdB: 23.00, SER: 0.171, BER: 0.063
2021-04-21 09:04:03,441 - Epoch: 400, SNRdB: 24.00, SER: 0.159, BER: 0.059
2021-04-21 09:04:03,526 - Epoch: 400, SNRdB: 25.00, SER: 0.130, BER: 0.048
2021-04-21 09:04:03,569 - Epoch: 400, SNRdB: 26.00, SER: 0.124, BER: 0.045
2021-04-21 09:04:03,657 - Epoch: 400, SNRdB: 27.00, SER: 0.104, BER: 0.034
2021-04-21 09:04:03,701 - Epoch: 400, SNRdB: 28.00, SER: 0.084, BER: 0.028
2021-04-21 09:04:03,786 - Epoch: 400, SNRdB: 29.00, SER: 0.080, BER: 0.025
2021-04-21 09:04:03,830 - Epoch: 400, SNRdB: 30.00, SER: 0.075, BER: 0.024
2021-04-21 09:04:03,940 - Epoch: 400, SNRdB: 31.00, SER: 0.071, BER: 0.023
2021-04-21 09:04:03,997 - Epoch: 400, SNRdB: 32.00, SER: 0.062, BER: 0.019
2021-04-21 09:04:04,047 - Epoch: 400, SNRdB: 33.00, SER: 0.070, BER: 0.022
2021-04-21 09:04:04,092 - Epoch: 400, SNRdB: 34.00, SER: 0.060, BER: 0.017
2021-04-21 09:04:04,199 - Epoch: 400, SNRdB: 35.00, SER: 0.056, BER: 0.016
2021-04-21 09:04:04,254 - Epoch: 400, SNRdB: 36.00, SER: 0.049, BER: 0.014
2021-04-21 09:04:04,302 - Epoch: 400, SNRdB: 37.00, SER: 0.050, BER: 0.014
2021-04-21 09:04:04,350 - Epoch: 400, SNRdB: 38.00, SER: 0.051, BER: 0.014
2021-04-21 09:04:04,429 - Epoch: 400, SNRdB: 39.00, SER: 0.047, BER: 0.014
2021-04-21 09:04:04,494 - Epoch: 400, SNRdB: 40.00, SER: 0.047, BER: 0.013
2021-04-21 09:04:04,558 - experiments_AWGN_order2_sharp/SISO_QAM256_AWGN_LINEAR_FCNet_500epochs/upstream4_downstream5_epoch400.pth saved.
2021-04-21 09:33:34,462 - Testing at epoch 500
2021-04-21 09:33:34,834 - Epoch: 500, SNRdB: 1.00, SER: 0.834, BER: 0.379
2021-04-21 09:33:34,893 - Epoch: 500, SNRdB: 2.00, SER: 0.801, BER: 0.359
2021-04-21 09:33:34,951 - Epoch: 500, SNRdB: 3.00, SER: 0.794, BER: 0.354
2021-04-21 09:33:34,994 - Epoch: 500, SNRdB: 4.00, SER: 0.781, BER: 0.348
2021-04-21 09:33:35,110 - Epoch: 500, SNRdB: 5.00, SER: 0.761, BER: 0.333
2021-04-21 09:33:35,161 - Epoch: 500, SNRdB: 6.00, SER: 0.727, BER: 0.313
2021-04-21 09:33:35,246 - Epoch: 500, SNRdB: 7.00, SER: 0.709, BER: 0.298
2021-04-21 09:33:35,291 - Epoch: 500, SNRdB: 8.00, SER: 0.706, BER: 0.300
2021-04-21 09:33:35,371 - Epoch: 500, SNRdB: 9.00, SER: 0.669, BER: 0.284
2021-04-21 09:33:35,414 - Epoch: 500, SNRdB: 10.00, SER: 0.640, BER: 0.265
2021-04-21 09:33:35,526 - Epoch: 500, SNRdB: 11.00, SER: 0.623, BER: 0.258
2021-04-21 09:33:35,580 - Epoch: 500, SNRdB: 12.00, SER: 0.553, BER: 0.225
2021-04-21 09:33:35,632 - Epoch: 500, SNRdB: 13.00, SER: 0.513, BER: 0.210
2021-04-21 09:33:35,675 - Epoch: 500, SNRdB: 14.00, SER: 0.487, BER: 0.199
2021-04-21 09:33:35,784 - Epoch: 500, SNRdB: 15.00, SER: 0.461, BER: 0.186
2021-04-21 09:33:35,836 - Epoch: 500, SNRdB: 16.00, SER: 0.418, BER: 0.171
2021-04-21 09:33:35,907 - Epoch: 500, SNRdB: 17.00, SER: 0.369, BER: 0.146
2021-04-21 09:33:35,950 - Epoch: 500, SNRdB: 18.00, SER: 0.318, BER: 0.126
2021-04-21 09:33:36,035 - Epoch: 500, SNRdB: 19.00, SER: 0.297, BER: 0.112
2021-04-21 09:33:36,078 - Epoch: 500, SNRdB: 20.00, SER: 0.263, BER: 0.101
2021-04-21 09:33:36,166 - Epoch: 500, SNRdB: 21.00, SER: 0.218, BER: 0.085
2021-04-21 09:33:36,209 - Epoch: 500, SNRdB: 22.00, SER: 0.187, BER: 0.068
2021-04-21 09:33:36,315 - Epoch: 500, SNRdB: 23.00, SER: 0.165, BER: 0.059
2021-04-21 09:33:36,366 - Epoch: 500, SNRdB: 24.00, SER: 0.134, BER: 0.046
2021-04-21 09:33:36,426 - Epoch: 500, SNRdB: 25.00, SER: 0.110, BER: 0.035
2021-04-21 09:33:36,469 - Epoch: 500, SNRdB: 26.00, SER: 0.098, BER: 0.031
2021-04-21 09:33:36,555 - Epoch: 500, SNRdB: 27.00, SER: 0.089, BER: 0.027
2021-04-21 09:33:36,598 - Epoch: 500, SNRdB: 28.00, SER: 0.077, BER: 0.023
2021-04-21 09:33:36,691 - Epoch: 500, SNRdB: 29.00, SER: 0.069, BER: 0.019
2021-04-21 09:33:36,734 - Epoch: 500, SNRdB: 30.00, SER: 0.062, BER: 0.016
2021-04-21 09:33:36,830 - Epoch: 500, SNRdB: 31.00, SER: 0.058, BER: 0.015
2021-04-21 09:33:36,876 - Epoch: 500, SNRdB: 32.00, SER: 0.056, BER: 0.014
2021-04-21 09:33:36,970 - Epoch: 500, SNRdB: 33.00, SER: 0.057, BER: 0.014
2021-04-21 09:33:37,016 - Epoch: 500, SNRdB: 34.00, SER: 0.058, BER: 0.014
2021-04-21 09:33:37,187 - Epoch: 500, SNRdB: 35.00, SER: 0.056, BER: 0.014
2021-04-21 09:33:37,247 - Epoch: 500, SNRdB: 36.00, SER: 0.055, BER: 0.014
2021-04-21 09:33:37,302 - Epoch: 500, SNRdB: 37.00, SER: 0.057, BER: 0.014
2021-04-21 09:33:37,346 - Epoch: 500, SNRdB: 38.00, SER: 0.057, BER: 0.014
2021-04-21 09:33:37,403 - Epoch: 500, SNRdB: 39.00, SER: 0.055, BER: 0.014
2021-04-21 09:33:37,446 - Epoch: 500, SNRdB: 40.00, SER: 0.057, BER: 0.014
2021-04-21 09:33:37,504 - experiments_AWGN_order2_sharp/SISO_QAM256_AWGN_LINEAR_FCNet_500epochs/upstream4_downstream5_epoch500.pth saved.
2021-04-21 09:33:37,659 - experiments_AWGN_order2_sharp/SISO_QAM256_AWGN_LINEAR_FCNet_500epochs/loss_FCNet_4upstream_5downstream.pngsaved.
2021-04-21 09:33:38,248 - experiments_AWGN_order2_sharp/SISO_QAM256_AWGN_LINEAR_FCNet_500epochs/SER_upstream4_downstream5.png saved.
2021-04-21 09:33:38,248 - experiments_AWGN_order2_sharp/SISO_QAM256_AWGN_LINEAR_FCNet_500epochs/BER_upstream4_downstream5.png saved.
