2021-04-12 13:20:28,082 - Testing at epoch 50
2021-04-12 13:20:28,265 - Epoch: 50, SNRdB: 5.00, SER: 0.732, BER: 0.479
2021-04-12 13:20:28,291 - Epoch: 50, SNRdB: 6.04, SER: 0.721, BER: 0.448
2021-04-12 13:20:28,338 - Epoch: 50, SNRdB: 7.08, SER: 0.766, BER: 0.487
2021-04-12 13:20:28,362 - Epoch: 50, SNRdB: 8.12, SER: 0.732, BER: 0.445
2021-04-12 13:20:28,407 - Epoch: 50, SNRdB: 9.17, SER: 0.721, BER: 0.438
2021-04-12 13:20:28,431 - Epoch: 50, SNRdB: 10.21, SER: 0.740, BER: 0.454
2021-04-12 13:20:28,472 - Epoch: 50, SNRdB: 11.25, SER: 0.697, BER: 0.428
2021-04-12 13:20:28,496 - Epoch: 50, SNRdB: 12.29, SER: 0.695, BER: 0.429
2021-04-12 13:20:28,536 - Epoch: 50, SNRdB: 13.33, SER: 0.672, BER: 0.418
2021-04-12 13:20:28,561 - Epoch: 50, SNRdB: 14.38, SER: 0.680, BER: 0.434
2021-04-12 13:20:28,601 - Epoch: 50, SNRdB: 15.42, SER: 0.674, BER: 0.422
2021-04-12 13:20:28,626 - Epoch: 50, SNRdB: 16.46, SER: 0.662, BER: 0.429
2021-04-12 13:20:28,668 - Epoch: 50, SNRdB: 17.50, SER: 0.594, BER: 0.375
2021-04-12 13:20:28,693 - Epoch: 50, SNRdB: 18.54, SER: 0.588, BER: 0.375
2021-04-12 13:20:28,733 - Epoch: 50, SNRdB: 19.58, SER: 0.631, BER: 0.387
2021-04-12 13:20:28,757 - Epoch: 50, SNRdB: 20.62, SER: 0.594, BER: 0.366
2021-04-12 13:20:28,798 - Epoch: 50, SNRdB: 21.67, SER: 0.566, BER: 0.356
2021-04-12 13:20:28,822 - Epoch: 50, SNRdB: 22.71, SER: 0.590, BER: 0.353
2021-04-12 13:20:28,864 - Epoch: 50, SNRdB: 23.75, SER: 0.576, BER: 0.365
2021-04-12 13:20:28,888 - Epoch: 50, SNRdB: 24.79, SER: 0.566, BER: 0.363
2021-04-12 13:20:28,928 - Epoch: 50, SNRdB: 25.83, SER: 0.545, BER: 0.346
2021-04-12 13:20:28,953 - Epoch: 50, SNRdB: 26.88, SER: 0.520, BER: 0.332
2021-04-12 13:20:28,994 - Epoch: 50, SNRdB: 27.92, SER: 0.521, BER: 0.330
2021-04-12 13:20:29,018 - Epoch: 50, SNRdB: 28.96, SER: 0.521, BER: 0.335
2021-04-12 13:20:29,058 - Epoch: 50, SNRdB: 30.00, SER: 0.531, BER: 0.339
2021-04-12 13:20:29,093 - experiments_RayleighFading/SIMO_QAM16_Rayleigh_LINEAR_MMNet_200epochs/MMNet_10layers_epoch50.pth saved.
2021-04-12 13:23:56,969 - Testing at epoch 100
2021-04-12 13:23:57,173 - Epoch: 100, SNRdB: 5.00, SER: 0.734, BER: 0.474
2021-04-12 13:23:57,215 - Epoch: 100, SNRdB: 6.04, SER: 0.719, BER: 0.450
2021-04-12 13:23:57,252 - Epoch: 100, SNRdB: 7.08, SER: 0.736, BER: 0.460
2021-04-12 13:23:57,285 - Epoch: 100, SNRdB: 8.12, SER: 0.766, BER: 0.464
2021-04-12 13:23:57,315 - Epoch: 100, SNRdB: 9.17, SER: 0.738, BER: 0.447
2021-04-12 13:23:57,343 - Epoch: 100, SNRdB: 10.21, SER: 0.705, BER: 0.435
2021-04-12 13:23:57,370 - Epoch: 100, SNRdB: 11.25, SER: 0.707, BER: 0.437
2021-04-12 13:23:57,404 - Epoch: 100, SNRdB: 12.29, SER: 0.676, BER: 0.410
2021-04-12 13:23:57,437 - Epoch: 100, SNRdB: 13.33, SER: 0.699, BER: 0.427
2021-04-12 13:23:57,478 - Epoch: 100, SNRdB: 14.38, SER: 0.627, BER: 0.384
2021-04-12 13:23:57,510 - Epoch: 100, SNRdB: 15.42, SER: 0.680, BER: 0.411
2021-04-12 13:23:57,551 - Epoch: 100, SNRdB: 16.46, SER: 0.637, BER: 0.399
2021-04-12 13:23:57,584 - Epoch: 100, SNRdB: 17.50, SER: 0.660, BER: 0.410
2021-04-12 13:23:57,625 - Epoch: 100, SNRdB: 18.54, SER: 0.615, BER: 0.376
2021-04-12 13:23:57,655 - Epoch: 100, SNRdB: 19.58, SER: 0.562, BER: 0.338
2021-04-12 13:23:57,698 - Epoch: 100, SNRdB: 20.62, SER: 0.588, BER: 0.355
2021-04-12 13:23:57,725 - Epoch: 100, SNRdB: 21.67, SER: 0.598, BER: 0.391
2021-04-12 13:23:57,770 - Epoch: 100, SNRdB: 22.71, SER: 0.559, BER: 0.338
2021-04-12 13:23:57,798 - Epoch: 100, SNRdB: 23.75, SER: 0.568, BER: 0.352
2021-04-12 13:23:57,849 - Epoch: 100, SNRdB: 24.79, SER: 0.533, BER: 0.325
2021-04-12 13:23:57,880 - Epoch: 100, SNRdB: 25.83, SER: 0.541, BER: 0.334
2021-04-12 13:23:57,911 - Epoch: 100, SNRdB: 26.88, SER: 0.488, BER: 0.311
2021-04-12 13:23:57,939 - Epoch: 100, SNRdB: 27.92, SER: 0.492, BER: 0.318
2021-04-12 13:23:57,974 - Epoch: 100, SNRdB: 28.96, SER: 0.482, BER: 0.306
2021-04-12 13:23:58,001 - Epoch: 100, SNRdB: 30.00, SER: 0.480, BER: 0.296
2021-04-12 13:23:58,035 - experiments_RayleighFading/SIMO_QAM16_Rayleigh_LINEAR_MMNet_200epochs/MMNet_10layers_epoch100.pth saved.
2021-04-12 13:27:24,324 - Testing at epoch 150
2021-04-12 13:27:24,476 - Epoch: 150, SNRdB: 5.00, SER: 0.660, BER: 0.410
2021-04-12 13:27:24,504 - Epoch: 150, SNRdB: 6.04, SER: 0.746, BER: 0.466
2021-04-12 13:27:24,545 - Epoch: 150, SNRdB: 7.08, SER: 0.695, BER: 0.429
2021-04-12 13:27:24,578 - Epoch: 150, SNRdB: 8.12, SER: 0.758, BER: 0.453
2021-04-12 13:27:24,643 - Epoch: 150, SNRdB: 9.17, SER: 0.732, BER: 0.444
2021-04-12 13:27:24,668 - Epoch: 150, SNRdB: 10.21, SER: 0.736, BER: 0.460
2021-04-12 13:27:24,712 - Epoch: 150, SNRdB: 11.25, SER: 0.701, BER: 0.427
2021-04-12 13:27:24,736 - Epoch: 150, SNRdB: 12.29, SER: 0.684, BER: 0.424
2021-04-12 13:27:24,785 - Epoch: 150, SNRdB: 13.33, SER: 0.666, BER: 0.416
2021-04-12 13:27:24,809 - Epoch: 150, SNRdB: 14.38, SER: 0.662, BER: 0.401
2021-04-12 13:27:24,858 - Epoch: 150, SNRdB: 15.42, SER: 0.658, BER: 0.405
2021-04-12 13:27:24,881 - Epoch: 150, SNRdB: 16.46, SER: 0.670, BER: 0.414
2021-04-12 13:27:24,937 - Epoch: 150, SNRdB: 17.50, SER: 0.615, BER: 0.372
2021-04-12 13:27:24,966 - Epoch: 150, SNRdB: 18.54, SER: 0.648, BER: 0.393
2021-04-12 13:27:25,006 - Epoch: 150, SNRdB: 19.58, SER: 0.617, BER: 0.376
2021-04-12 13:27:25,030 - Epoch: 150, SNRdB: 20.62, SER: 0.592, BER: 0.372
2021-04-12 13:27:25,076 - Epoch: 150, SNRdB: 21.67, SER: 0.582, BER: 0.351
2021-04-12 13:27:25,099 - Epoch: 150, SNRdB: 22.71, SER: 0.561, BER: 0.340
2021-04-12 13:27:25,159 - Epoch: 150, SNRdB: 23.75, SER: 0.529, BER: 0.331
2021-04-12 13:27:25,190 - Epoch: 150, SNRdB: 24.79, SER: 0.514, BER: 0.313
2021-04-12 13:27:25,228 - Epoch: 150, SNRdB: 25.83, SER: 0.508, BER: 0.323
2021-04-12 13:27:25,255 - Epoch: 150, SNRdB: 26.88, SER: 0.486, BER: 0.293
2021-04-12 13:27:25,297 - Epoch: 150, SNRdB: 27.92, SER: 0.426, BER: 0.256
2021-04-12 13:27:25,318 - Epoch: 150, SNRdB: 28.96, SER: 0.502, BER: 0.315
2021-04-12 13:27:25,359 - Epoch: 150, SNRdB: 30.00, SER: 0.443, BER: 0.271
2021-04-12 13:27:25,387 - experiments_RayleighFading/SIMO_QAM16_Rayleigh_LINEAR_MMNet_200epochs/MMNet_10layers_epoch150.pth saved.
2021-04-12 13:30:55,385 - Testing at epoch 200
2021-04-12 13:30:55,568 - Epoch: 200, SNRdB: 5.00, SER: 0.695, BER: 0.445
2021-04-12 13:30:55,601 - Epoch: 200, SNRdB: 6.04, SER: 0.752, BER: 0.464
2021-04-12 13:30:55,631 - Epoch: 200, SNRdB: 7.08, SER: 0.770, BER: 0.460
2021-04-12 13:30:55,658 - Epoch: 200, SNRdB: 8.12, SER: 0.766, BER: 0.469
2021-04-12 13:30:55,690 - Epoch: 200, SNRdB: 9.17, SER: 0.773, BER: 0.465
2021-04-12 13:30:55,714 - Epoch: 200, SNRdB: 10.21, SER: 0.730, BER: 0.439
2021-04-12 13:30:55,754 - Epoch: 200, SNRdB: 11.25, SER: 0.705, BER: 0.423
2021-04-12 13:30:55,782 - Epoch: 200, SNRdB: 12.29, SER: 0.686, BER: 0.424
2021-04-12 13:30:55,820 - Epoch: 200, SNRdB: 13.33, SER: 0.717, BER: 0.447
2021-04-12 13:30:55,857 - Epoch: 200, SNRdB: 14.38, SER: 0.641, BER: 0.403
2021-04-12 13:30:55,885 - Epoch: 200, SNRdB: 15.42, SER: 0.637, BER: 0.391
2021-04-12 13:30:55,930 - Epoch: 200, SNRdB: 16.46, SER: 0.654, BER: 0.403
2021-04-12 13:30:55,954 - Epoch: 200, SNRdB: 17.50, SER: 0.625, BER: 0.394
2021-04-12 13:30:56,002 - Epoch: 200, SNRdB: 18.54, SER: 0.592, BER: 0.360
2021-04-12 13:30:56,027 - Epoch: 200, SNRdB: 19.58, SER: 0.545, BER: 0.335
2021-04-12 13:30:56,083 - Epoch: 200, SNRdB: 20.62, SER: 0.596, BER: 0.353
2021-04-12 13:30:56,114 - Epoch: 200, SNRdB: 21.67, SER: 0.611, BER: 0.378
2021-04-12 13:30:56,152 - Epoch: 200, SNRdB: 22.71, SER: 0.557, BER: 0.345
2021-04-12 13:30:56,176 - Epoch: 200, SNRdB: 23.75, SER: 0.541, BER: 0.336
2021-04-12 13:30:56,216 - Epoch: 200, SNRdB: 24.79, SER: 0.514, BER: 0.312
2021-04-12 13:30:56,237 - Epoch: 200, SNRdB: 25.83, SER: 0.461, BER: 0.277
2021-04-12 13:30:56,279 - Epoch: 200, SNRdB: 26.88, SER: 0.512, BER: 0.319
2021-04-12 13:30:56,300 - Epoch: 200, SNRdB: 27.92, SER: 0.520, BER: 0.317
2021-04-12 13:30:56,343 - Epoch: 200, SNRdB: 28.96, SER: 0.488, BER: 0.294
2021-04-12 13:30:56,364 - Epoch: 200, SNRdB: 30.00, SER: 0.424, BER: 0.268
2021-04-12 13:30:56,390 - experiments_RayleighFading/SIMO_QAM16_Rayleigh_LINEAR_MMNet_200epochs/MMNet_10layers_epoch200.pth saved.
2021-04-12 13:30:56,500 - experiments_RayleighFading/SIMO_QAM16_Rayleigh_LINEAR_MMNet_200epochs/loss_MMNet_10layers.pngsaved.
2021-04-12 13:30:57,139 - experiments_RayleighFading/SIMO_QAM16_Rayleigh_LINEAR_MMNet_200epochs/SER_MMNet_10layers.png saved.
2021-04-12 13:30:57,139 - experiments_RayleighFading/SIMO_QAM16_Rayleigh_LINEAR_MMNet_200epochs/BER_MMNet_10layers.png saved.
