2021-04-15 06:07:27,194 - Testing at epoch 100
2021-04-15 06:07:27,418 - Epoch: 100, SNRdB: 1.00, SER: 0.805, BER: 0.364
2021-04-15 06:07:27,434 - Epoch: 100, SNRdB: 2.00, SER: 0.768, BER: 0.352
2021-04-15 06:07:27,511 - Epoch: 100, SNRdB: 3.00, SER: 0.770, BER: 0.345
2021-04-15 06:07:27,536 - Epoch: 100, SNRdB: 4.00, SER: 0.742, BER: 0.325
2021-04-15 06:07:27,601 - Epoch: 100, SNRdB: 5.00, SER: 0.760, BER: 0.337
2021-04-15 06:07:27,627 - Epoch: 100, SNRdB: 6.00, SER: 0.766, BER: 0.351
2021-04-15 06:07:27,691 - Epoch: 100, SNRdB: 7.00, SER: 0.736, BER: 0.306
2021-04-15 06:07:27,716 - Epoch: 100, SNRdB: 8.00, SER: 0.680, BER: 0.284
2021-04-15 06:07:27,778 - Epoch: 100, SNRdB: 9.00, SER: 0.660, BER: 0.286
2021-04-15 06:07:27,804 - Epoch: 100, SNRdB: 10.00, SER: 0.660, BER: 0.286
2021-04-15 06:07:27,867 - Epoch: 100, SNRdB: 11.00, SER: 0.633, BER: 0.269
2021-04-15 06:07:27,892 - Epoch: 100, SNRdB: 12.00, SER: 0.598, BER: 0.247
2021-04-15 06:07:27,956 - Epoch: 100, SNRdB: 13.00, SER: 0.615, BER: 0.262
2021-04-15 06:07:27,981 - Epoch: 100, SNRdB: 14.00, SER: 0.625, BER: 0.259
2021-04-15 06:07:28,046 - Epoch: 100, SNRdB: 15.00, SER: 0.520, BER: 0.219
2021-04-15 06:07:28,072 - Epoch: 100, SNRdB: 16.00, SER: 0.557, BER: 0.229
2021-04-15 06:07:28,135 - Epoch: 100, SNRdB: 17.00, SER: 0.562, BER: 0.227
2021-04-15 06:07:28,161 - Epoch: 100, SNRdB: 18.00, SER: 0.551, BER: 0.229
2021-04-15 06:07:28,214 - Epoch: 100, SNRdB: 19.00, SER: 0.555, BER: 0.224
2021-04-15 06:07:28,233 - Epoch: 100, SNRdB: 20.00, SER: 0.568, BER: 0.226
2021-04-15 06:07:28,273 - experiments_AWGN/SISO_QAM256_AWGN_NONLINEAR_FCNet_500epochs/upstream1_downstream1_epoch100.pth saved.
2021-04-15 06:14:26,008 - Testing at epoch 200
2021-04-15 06:14:26,167 - Epoch: 200, SNRdB: 1.00, SER: 0.811, BER: 0.364
2021-04-15 06:14:26,214 - Epoch: 200, SNRdB: 2.00, SER: 0.801, BER: 0.358
2021-04-15 06:14:26,240 - Epoch: 200, SNRdB: 3.00, SER: 0.787, BER: 0.357
2021-04-15 06:14:26,309 - Epoch: 200, SNRdB: 4.00, SER: 0.746, BER: 0.334
2021-04-15 06:14:26,332 - Epoch: 200, SNRdB: 5.00, SER: 0.734, BER: 0.312
2021-04-15 06:14:26,392 - Epoch: 200, SNRdB: 6.00, SER: 0.719, BER: 0.306
2021-04-15 06:14:26,414 - Epoch: 200, SNRdB: 7.00, SER: 0.682, BER: 0.292
2021-04-15 06:14:26,472 - Epoch: 200, SNRdB: 8.00, SER: 0.723, BER: 0.314
2021-04-15 06:14:26,488 - Epoch: 200, SNRdB: 9.00, SER: 0.660, BER: 0.271
2021-04-15 06:14:26,557 - Epoch: 200, SNRdB: 10.00, SER: 0.621, BER: 0.259
2021-04-15 06:14:26,573 - Epoch: 200, SNRdB: 11.00, SER: 0.629, BER: 0.264
2021-04-15 06:14:26,640 - Epoch: 200, SNRdB: 12.00, SER: 0.592, BER: 0.237
2021-04-15 06:14:26,657 - Epoch: 200, SNRdB: 13.00, SER: 0.545, BER: 0.223
2021-04-15 06:14:26,725 - Epoch: 200, SNRdB: 14.00, SER: 0.527, BER: 0.209
2021-04-15 06:14:26,742 - Epoch: 200, SNRdB: 15.00, SER: 0.547, BER: 0.223
2021-04-15 06:14:26,807 - Epoch: 200, SNRdB: 16.00, SER: 0.516, BER: 0.212
2021-04-15 06:14:26,822 - Epoch: 200, SNRdB: 17.00, SER: 0.479, BER: 0.196
2021-04-15 06:14:26,895 - Epoch: 200, SNRdB: 18.00, SER: 0.453, BER: 0.179
2021-04-15 06:14:26,913 - Epoch: 200, SNRdB: 19.00, SER: 0.479, BER: 0.185
2021-04-15 06:14:26,976 - Epoch: 200, SNRdB: 20.00, SER: 0.414, BER: 0.151
2021-04-15 06:14:27,011 - experiments_AWGN/SISO_QAM256_AWGN_NONLINEAR_FCNet_500epochs/upstream1_downstream1_epoch200.pth saved.
2021-04-15 06:21:25,354 - Testing at epoch 300
2021-04-15 06:21:25,552 - Epoch: 300, SNRdB: 1.00, SER: 0.793, BER: 0.366
2021-04-15 06:21:25,563 - Epoch: 300, SNRdB: 2.00, SER: 0.789, BER: 0.358
2021-04-15 06:21:25,647 - Epoch: 300, SNRdB: 3.00, SER: 0.773, BER: 0.334
2021-04-15 06:21:25,658 - Epoch: 300, SNRdB: 4.00, SER: 0.746, BER: 0.333
2021-04-15 06:21:25,725 - Epoch: 300, SNRdB: 5.00, SER: 0.754, BER: 0.331
2021-04-15 06:21:25,736 - Epoch: 300, SNRdB: 6.00, SER: 0.736, BER: 0.310
2021-04-15 06:21:25,812 - Epoch: 300, SNRdB: 7.00, SER: 0.699, BER: 0.299
2021-04-15 06:21:25,823 - Epoch: 300, SNRdB: 8.00, SER: 0.648, BER: 0.276
2021-04-15 06:21:25,898 - Epoch: 300, SNRdB: 9.00, SER: 0.629, BER: 0.280
2021-04-15 06:21:25,909 - Epoch: 300, SNRdB: 10.00, SER: 0.633, BER: 0.259
2021-04-15 06:21:25,981 - Epoch: 300, SNRdB: 11.00, SER: 0.596, BER: 0.238
2021-04-15 06:21:25,992 - Epoch: 300, SNRdB: 12.00, SER: 0.617, BER: 0.268
2021-04-15 06:21:26,071 - Epoch: 300, SNRdB: 13.00, SER: 0.545, BER: 0.243
2021-04-15 06:21:26,087 - Epoch: 300, SNRdB: 14.00, SER: 0.514, BER: 0.217
2021-04-15 06:21:26,152 - Epoch: 300, SNRdB: 15.00, SER: 0.529, BER: 0.226
2021-04-15 06:21:26,165 - Epoch: 300, SNRdB: 16.00, SER: 0.477, BER: 0.191
2021-04-15 06:21:26,241 - Epoch: 300, SNRdB: 17.00, SER: 0.406, BER: 0.172
2021-04-15 06:21:26,257 - Epoch: 300, SNRdB: 18.00, SER: 0.455, BER: 0.168
2021-04-15 06:21:26,330 - Epoch: 300, SNRdB: 19.00, SER: 0.418, BER: 0.167
2021-04-15 06:21:26,352 - Epoch: 300, SNRdB: 20.00, SER: 0.443, BER: 0.186
2021-04-15 06:21:26,390 - experiments_AWGN/SISO_QAM256_AWGN_NONLINEAR_FCNet_500epochs/upstream1_downstream1_epoch300.pth saved.
2021-04-15 06:28:29,524 - Testing at epoch 400
2021-04-15 06:28:29,743 - Epoch: 400, SNRdB: 1.00, SER: 0.836, BER: 0.384
2021-04-15 06:28:29,761 - Epoch: 400, SNRdB: 2.00, SER: 0.809, BER: 0.370
2021-04-15 06:28:29,829 - Epoch: 400, SNRdB: 3.00, SER: 0.783, BER: 0.349
2021-04-15 06:28:29,843 - Epoch: 400, SNRdB: 4.00, SER: 0.787, BER: 0.367
2021-04-15 06:28:29,926 - Epoch: 400, SNRdB: 5.00, SER: 0.773, BER: 0.346
2021-04-15 06:28:29,944 - Epoch: 400, SNRdB: 6.00, SER: 0.734, BER: 0.324
2021-04-15 06:28:30,016 - Epoch: 400, SNRdB: 7.00, SER: 0.711, BER: 0.309
2021-04-15 06:28:30,042 - Epoch: 400, SNRdB: 8.00, SER: 0.689, BER: 0.299
2021-04-15 06:28:30,105 - Epoch: 400, SNRdB: 9.00, SER: 0.643, BER: 0.268
2021-04-15 06:28:30,130 - Epoch: 400, SNRdB: 10.00, SER: 0.635, BER: 0.272
2021-04-15 06:28:30,253 - Epoch: 400, SNRdB: 11.00, SER: 0.627, BER: 0.264
2021-04-15 06:28:30,275 - Epoch: 400, SNRdB: 12.00, SER: 0.598, BER: 0.252
2021-04-15 06:28:30,326 - Epoch: 400, SNRdB: 13.00, SER: 0.582, BER: 0.248
2021-04-15 06:28:30,343 - Epoch: 400, SNRdB: 14.00, SER: 0.545, BER: 0.231
2021-04-15 06:28:30,407 - Epoch: 400, SNRdB: 15.00, SER: 0.525, BER: 0.221
2021-04-15 06:28:30,421 - Epoch: 400, SNRdB: 16.00, SER: 0.512, BER: 0.198
2021-04-15 06:28:30,487 - Epoch: 400, SNRdB: 17.00, SER: 0.498, BER: 0.203
2021-04-15 06:28:30,500 - Epoch: 400, SNRdB: 18.00, SER: 0.500, BER: 0.202
2021-04-15 06:28:30,573 - Epoch: 400, SNRdB: 19.00, SER: 0.424, BER: 0.166
2021-04-15 06:28:30,595 - Epoch: 400, SNRdB: 20.00, SER: 0.457, BER: 0.186
2021-04-15 06:28:30,638 - experiments_AWGN/SISO_QAM256_AWGN_NONLINEAR_FCNet_500epochs/upstream1_downstream1_epoch400.pth saved.
2021-04-15 06:35:27,385 - Testing at epoch 500
2021-04-15 06:35:27,645 - Epoch: 500, SNRdB: 1.00, SER: 0.826, BER: 0.382
2021-04-15 06:35:27,669 - Epoch: 500, SNRdB: 2.00, SER: 0.830, BER: 0.367
2021-04-15 06:35:27,726 - Epoch: 500, SNRdB: 3.00, SER: 0.797, BER: 0.367
2021-04-15 06:35:27,742 - Epoch: 500, SNRdB: 4.00, SER: 0.775, BER: 0.349
2021-04-15 06:35:27,812 - Epoch: 500, SNRdB: 5.00, SER: 0.723, BER: 0.314
2021-04-15 06:35:27,845 - Epoch: 500, SNRdB: 6.00, SER: 0.676, BER: 0.290
2021-04-15 06:35:27,913 - Epoch: 500, SNRdB: 7.00, SER: 0.680, BER: 0.290
2021-04-15 06:35:27,938 - Epoch: 500, SNRdB: 8.00, SER: 0.701, BER: 0.309
2021-04-15 06:35:28,002 - Epoch: 500, SNRdB: 9.00, SER: 0.652, BER: 0.282
2021-04-15 06:35:28,026 - Epoch: 500, SNRdB: 10.00, SER: 0.605, BER: 0.251
2021-04-15 06:35:28,094 - Epoch: 500, SNRdB: 11.00, SER: 0.656, BER: 0.266
2021-04-15 06:35:28,119 - Epoch: 500, SNRdB: 12.00, SER: 0.578, BER: 0.241
2021-04-15 06:35:28,187 - Epoch: 500, SNRdB: 13.00, SER: 0.541, BER: 0.219
2021-04-15 06:35:28,212 - Epoch: 500, SNRdB: 14.00, SER: 0.504, BER: 0.198
2021-04-15 06:35:28,279 - Epoch: 500, SNRdB: 15.00, SER: 0.527, BER: 0.210
2021-04-15 06:35:28,304 - Epoch: 500, SNRdB: 16.00, SER: 0.477, BER: 0.193
2021-04-15 06:35:28,370 - Epoch: 500, SNRdB: 17.00, SER: 0.525, BER: 0.205
2021-04-15 06:35:28,391 - Epoch: 500, SNRdB: 18.00, SER: 0.490, BER: 0.196
2021-04-15 06:35:28,447 - Epoch: 500, SNRdB: 19.00, SER: 0.459, BER: 0.184
2021-04-15 06:35:28,464 - Epoch: 500, SNRdB: 20.00, SER: 0.434, BER: 0.176
2021-04-15 06:35:28,495 - experiments_AWGN/SISO_QAM256_AWGN_NONLINEAR_FCNet_500epochs/upstream1_downstream1_epoch500.pth saved.
2021-04-15 06:35:28,654 - experiments_AWGN/SISO_QAM256_AWGN_NONLINEAR_FCNet_500epochs/loss_FCNet_1upstream_1downstream.pngsaved.
2021-04-15 06:35:29,257 - experiments_AWGN/SISO_QAM256_AWGN_NONLINEAR_FCNet_500epochs/SER_upstream1_downstream1.png saved.
2021-04-15 06:35:29,257 - experiments_AWGN/SISO_QAM256_AWGN_NONLINEAR_FCNet_500epochs/BER_upstream1_downstream1.png saved.
