2021-03-21 10:15:51,254 - Testing at epoch 100
2021-03-21 10:15:51,312 - Epoch: 100, SNRdB: 1.00, SER: 0.450, BER: 0.275
2021-03-21 10:15:51,317 - Epoch: 100, SNRdB: 2.00, SER: 0.450, BER: 0.250
2021-03-21 10:15:51,320 - Epoch: 100, SNRdB: 3.00, SER: 0.750, BER: 0.475
2021-03-21 10:15:51,324 - Epoch: 100, SNRdB: 4.00, SER: 0.800, BER: 0.550
2021-03-21 10:15:51,328 - Epoch: 100, SNRdB: 5.00, SER: 0.650, BER: 0.400
2021-03-21 10:15:51,332 - Epoch: 100, SNRdB: 6.00, SER: 0.550, BER: 0.375
2021-03-21 10:15:51,336 - Epoch: 100, SNRdB: 7.00, SER: 0.700, BER: 0.425
2021-03-21 10:15:51,339 - Epoch: 100, SNRdB: 8.00, SER: 0.500, BER: 0.350
2021-03-21 10:15:51,343 - Epoch: 100, SNRdB: 9.00, SER: 0.700, BER: 0.425
2021-03-21 10:15:51,347 - Epoch: 100, SNRdB: 10.00, SER: 0.600, BER: 0.375
2021-03-21 10:15:51,351 - Epoch: 100, SNRdB: 11.00, SER: 0.650, BER: 0.400
2021-03-21 10:15:51,354 - Epoch: 100, SNRdB: 12.00, SER: 0.350, BER: 0.250
2021-03-21 10:15:51,358 - Epoch: 100, SNRdB: 13.00, SER: 0.600, BER: 0.400
2021-03-21 10:15:51,362 - Epoch: 100, SNRdB: 14.00, SER: 0.400, BER: 0.250
2021-03-21 10:15:51,366 - Epoch: 100, SNRdB: 15.00, SER: 0.550, BER: 0.325
2021-03-21 10:15:51,370 - Epoch: 100, SNRdB: 16.00, SER: 0.550, BER: 0.375
2021-03-21 10:15:51,375 - Epoch: 100, SNRdB: 17.00, SER: 0.400, BER: 0.250
2021-03-21 10:15:51,379 - Epoch: 100, SNRdB: 18.00, SER: 0.550, BER: 0.375
2021-03-21 10:15:51,384 - Epoch: 100, SNRdB: 19.00, SER: 0.350, BER: 0.175
2021-03-21 10:15:51,389 - Epoch: 100, SNRdB: 20.00, SER: 0.500, BER: 0.300
2021-03-21 10:15:51,416 - experiments/10I10O_QAM16_AWGN_LINEAR_FCNet/upstream4_downstream5_dropout_epoch100.pth saved.
2021-03-21 10:19:07,591 - Testing at epoch 200
2021-03-21 10:19:07,629 - Epoch: 200, SNRdB: 1.00, SER: 0.600, BER: 0.375
2021-03-21 10:19:07,631 - Epoch: 200, SNRdB: 2.00, SER: 0.800, BER: 0.475
2021-03-21 10:19:07,634 - Epoch: 200, SNRdB: 3.00, SER: 0.650, BER: 0.425
2021-03-21 10:19:07,637 - Epoch: 200, SNRdB: 4.00, SER: 0.400, BER: 0.250
2021-03-21 10:19:07,639 - Epoch: 200, SNRdB: 5.00, SER: 0.400, BER: 0.250
2021-03-21 10:19:07,642 - Epoch: 200, SNRdB: 6.00, SER: 0.500, BER: 0.325
2021-03-21 10:19:07,645 - Epoch: 200, SNRdB: 7.00, SER: 0.350, BER: 0.300
2021-03-21 10:19:07,648 - Epoch: 200, SNRdB: 8.00, SER: 0.450, BER: 0.275
2021-03-21 10:19:07,651 - Epoch: 200, SNRdB: 9.00, SER: 0.500, BER: 0.325
2021-03-21 10:19:07,654 - Epoch: 200, SNRdB: 10.00, SER: 0.550, BER: 0.300
2021-03-21 10:19:07,657 - Epoch: 200, SNRdB: 11.00, SER: 0.450, BER: 0.250
2021-03-21 10:19:07,660 - Epoch: 200, SNRdB: 12.00, SER: 0.500, BER: 0.300
2021-03-21 10:19:07,663 - Epoch: 200, SNRdB: 13.00, SER: 0.350, BER: 0.275
2021-03-21 10:19:07,665 - Epoch: 200, SNRdB: 14.00, SER: 0.200, BER: 0.150
2021-03-21 10:19:07,668 - Epoch: 200, SNRdB: 15.00, SER: 0.350, BER: 0.200
2021-03-21 10:19:07,671 - Epoch: 200, SNRdB: 16.00, SER: 0.350, BER: 0.200
2021-03-21 10:19:07,674 - Epoch: 200, SNRdB: 17.00, SER: 0.300, BER: 0.200
2021-03-21 10:19:07,677 - Epoch: 200, SNRdB: 18.00, SER: 0.400, BER: 0.225
2021-03-21 10:19:07,680 - Epoch: 200, SNRdB: 19.00, SER: 0.300, BER: 0.200
2021-03-21 10:19:07,683 - Epoch: 200, SNRdB: 20.00, SER: 0.400, BER: 0.275
2021-03-21 10:19:07,700 - experiments/10I10O_QAM16_AWGN_LINEAR_FCNet/upstream4_downstream5_dropout_epoch200.pth saved.
2021-03-21 10:22:24,403 - Testing at epoch 300
2021-03-21 10:22:24,456 - Epoch: 300, SNRdB: 1.00, SER: 0.550, BER: 0.300
2021-03-21 10:22:24,460 - Epoch: 300, SNRdB: 2.00, SER: 0.700, BER: 0.450
2021-03-21 10:22:24,463 - Epoch: 300, SNRdB: 3.00, SER: 0.550, BER: 0.375
2021-03-21 10:22:24,467 - Epoch: 300, SNRdB: 4.00, SER: 0.550, BER: 0.325
2021-03-21 10:22:24,471 - Epoch: 300, SNRdB: 5.00, SER: 0.550, BER: 0.325
2021-03-21 10:22:24,475 - Epoch: 300, SNRdB: 6.00, SER: 0.300, BER: 0.175
2021-03-21 10:22:24,478 - Epoch: 300, SNRdB: 7.00, SER: 0.450, BER: 0.275
2021-03-21 10:22:24,481 - Epoch: 300, SNRdB: 8.00, SER: 0.400, BER: 0.275
2021-03-21 10:22:24,485 - Epoch: 300, SNRdB: 9.00, SER: 0.350, BER: 0.200
2021-03-21 10:22:24,490 - Epoch: 300, SNRdB: 10.00, SER: 0.300, BER: 0.225
2021-03-21 10:22:24,494 - Epoch: 300, SNRdB: 11.00, SER: 0.350, BER: 0.225
2021-03-21 10:22:24,497 - Epoch: 300, SNRdB: 12.00, SER: 0.400, BER: 0.225
2021-03-21 10:22:24,500 - Epoch: 300, SNRdB: 13.00, SER: 0.200, BER: 0.200
2021-03-21 10:22:24,503 - Epoch: 300, SNRdB: 14.00, SER: 0.400, BER: 0.250
2021-03-21 10:22:24,508 - Epoch: 300, SNRdB: 15.00, SER: 0.400, BER: 0.250
2021-03-21 10:22:24,511 - Epoch: 300, SNRdB: 16.00, SER: 0.300, BER: 0.200
2021-03-21 10:22:24,514 - Epoch: 300, SNRdB: 17.00, SER: 0.350, BER: 0.225
2021-03-21 10:22:24,517 - Epoch: 300, SNRdB: 18.00, SER: 0.300, BER: 0.225
2021-03-21 10:22:24,521 - Epoch: 300, SNRdB: 19.00, SER: 0.300, BER: 0.175
2021-03-21 10:22:24,524 - Epoch: 300, SNRdB: 20.00, SER: 0.250, BER: 0.175
2021-03-21 10:22:24,546 - experiments/10I10O_QAM16_AWGN_LINEAR_FCNet/upstream4_downstream5_dropout_epoch300.pth saved.
2021-03-21 10:25:38,275 - Testing at epoch 400
2021-03-21 10:25:38,318 - Epoch: 400, SNRdB: 1.00, SER: 0.450, BER: 0.300
2021-03-21 10:25:38,322 - Epoch: 400, SNRdB: 2.00, SER: 0.550, BER: 0.375
2021-03-21 10:25:38,328 - Epoch: 400, SNRdB: 3.00, SER: 0.550, BER: 0.325
2021-03-21 10:25:38,333 - Epoch: 400, SNRdB: 4.00, SER: 0.300, BER: 0.175
2021-03-21 10:25:38,338 - Epoch: 400, SNRdB: 5.00, SER: 0.400, BER: 0.300
2021-03-21 10:25:38,343 - Epoch: 400, SNRdB: 6.00, SER: 0.450, BER: 0.275
2021-03-21 10:25:38,348 - Epoch: 400, SNRdB: 7.00, SER: 0.400, BER: 0.300
2021-03-21 10:25:38,353 - Epoch: 400, SNRdB: 8.00, SER: 0.400, BER: 0.275
2021-03-21 10:25:38,358 - Epoch: 400, SNRdB: 9.00, SER: 0.400, BER: 0.250
2021-03-21 10:25:38,363 - Epoch: 400, SNRdB: 10.00, SER: 0.200, BER: 0.100
2021-03-21 10:25:38,367 - Epoch: 400, SNRdB: 11.00, SER: 0.300, BER: 0.150
2021-03-21 10:25:38,372 - Epoch: 400, SNRdB: 12.00, SER: 0.350, BER: 0.200
2021-03-21 10:25:38,376 - Epoch: 400, SNRdB: 13.00, SER: 0.300, BER: 0.175
2021-03-21 10:25:38,381 - Epoch: 400, SNRdB: 14.00, SER: 0.250, BER: 0.175
2021-03-21 10:25:38,385 - Epoch: 400, SNRdB: 15.00, SER: 0.250, BER: 0.125
2021-03-21 10:25:38,390 - Epoch: 400, SNRdB: 16.00, SER: 0.300, BER: 0.200
2021-03-21 10:25:38,394 - Epoch: 400, SNRdB: 17.00, SER: 0.300, BER: 0.225
2021-03-21 10:25:38,398 - Epoch: 400, SNRdB: 18.00, SER: 0.350, BER: 0.225
2021-03-21 10:25:38,402 - Epoch: 400, SNRdB: 19.00, SER: 0.250, BER: 0.150
2021-03-21 10:25:38,406 - Epoch: 400, SNRdB: 20.00, SER: 0.300, BER: 0.250
2021-03-21 10:25:38,425 - experiments/10I10O_QAM16_AWGN_LINEAR_FCNet/upstream4_downstream5_dropout_epoch400.pth saved.
2021-03-21 10:28:28,374 - Testing at epoch 500
2021-03-21 10:28:28,412 - Epoch: 500, SNRdB: 1.00, SER: 0.400, BER: 0.275
2021-03-21 10:28:28,415 - Epoch: 500, SNRdB: 2.00, SER: 0.550, BER: 0.300
2021-03-21 10:28:28,418 - Epoch: 500, SNRdB: 3.00, SER: 0.550, BER: 0.375
2021-03-21 10:28:28,421 - Epoch: 500, SNRdB: 4.00, SER: 0.600, BER: 0.425
2021-03-21 10:28:28,424 - Epoch: 500, SNRdB: 5.00, SER: 0.400, BER: 0.250
2021-03-21 10:28:28,427 - Epoch: 500, SNRdB: 6.00, SER: 0.400, BER: 0.225
2021-03-21 10:28:28,430 - Epoch: 500, SNRdB: 7.00, SER: 0.600, BER: 0.475
2021-03-21 10:28:28,433 - Epoch: 500, SNRdB: 8.00, SER: 0.350, BER: 0.225
2021-03-21 10:28:28,436 - Epoch: 500, SNRdB: 9.00, SER: 0.400, BER: 0.300
2021-03-21 10:28:28,439 - Epoch: 500, SNRdB: 10.00, SER: 0.350, BER: 0.200
2021-03-21 10:28:28,442 - Epoch: 500, SNRdB: 11.00, SER: 0.350, BER: 0.250
2021-03-21 10:28:28,445 - Epoch: 500, SNRdB: 12.00, SER: 0.250, BER: 0.175
2021-03-21 10:28:28,448 - Epoch: 500, SNRdB: 13.00, SER: 0.350, BER: 0.250
2021-03-21 10:28:28,451 - Epoch: 500, SNRdB: 14.00, SER: 0.350, BER: 0.250
2021-03-21 10:28:28,454 - Epoch: 500, SNRdB: 15.00, SER: 0.400, BER: 0.275
2021-03-21 10:28:28,457 - Epoch: 500, SNRdB: 16.00, SER: 0.300, BER: 0.225
2021-03-21 10:28:28,460 - Epoch: 500, SNRdB: 17.00, SER: 0.250, BER: 0.175
2021-03-21 10:28:28,463 - Epoch: 500, SNRdB: 18.00, SER: 0.350, BER: 0.200
2021-03-21 10:28:28,466 - Epoch: 500, SNRdB: 19.00, SER: 0.200, BER: 0.150
2021-03-21 10:28:28,468 - Epoch: 500, SNRdB: 20.00, SER: 0.350, BER: 0.250
2021-03-21 10:28:28,485 - experiments/10I10O_QAM16_AWGN_LINEAR_FCNet/upstream4_downstream5_dropout_epoch500.pth saved.
2021-03-21 10:28:28,589 - experiments/10I10O_QAM16_AWGN_LINEAR_FCNet/Loss_upstream4_downstream5_dropout.pngsaved.
2021-03-21 10:28:29,109 - experiments/10I10O_QAM16_AWGN_LINEAR_FCNet/SER_upstream4_downstream5_dropout.png saved.
2021-03-21 10:28:29,109 - experiments/10I10O_QAM16_AWGN_LINEAR_FCNet/BER_upstream4_downstream5_dropout.png saved.
