2021-04-14 23:31:19,770 - Testing at epoch 100
2021-04-14 23:31:19,884 - Epoch: 100, SNRdB: 1.00, SER: 0.688, BER: 0.364
2021-04-14 23:31:19,897 - Epoch: 100, SNRdB: 2.00, SER: 0.631, BER: 0.324
2021-04-14 23:31:19,922 - Epoch: 100, SNRdB: 3.00, SER: 0.596, BER: 0.294
2021-04-14 23:31:19,947 - Epoch: 100, SNRdB: 4.00, SER: 0.551, BER: 0.269
2021-04-14 23:31:19,963 - Epoch: 100, SNRdB: 5.00, SER: 0.562, BER: 0.288
2021-04-14 23:31:20,000 - Epoch: 100, SNRdB: 6.00, SER: 0.494, BER: 0.239
2021-04-14 23:31:20,012 - Epoch: 100, SNRdB: 7.00, SER: 0.428, BER: 0.217
2021-04-14 23:31:20,048 - Epoch: 100, SNRdB: 8.00, SER: 0.459, BER: 0.221
2021-04-14 23:31:20,058 - Epoch: 100, SNRdB: 9.00, SER: 0.406, BER: 0.199
2021-04-14 23:31:20,094 - Epoch: 100, SNRdB: 10.00, SER: 0.402, BER: 0.199
2021-04-14 23:31:20,104 - Epoch: 100, SNRdB: 11.00, SER: 0.354, BER: 0.169
2021-04-14 23:31:20,179 - Epoch: 100, SNRdB: 12.00, SER: 0.330, BER: 0.167
2021-04-14 23:31:20,189 - Epoch: 100, SNRdB: 13.00, SER: 0.334, BER: 0.160
2021-04-14 23:31:20,237 - Epoch: 100, SNRdB: 14.00, SER: 0.326, BER: 0.150
2021-04-14 23:31:20,247 - Epoch: 100, SNRdB: 15.00, SER: 0.285, BER: 0.131
2021-04-14 23:31:20,289 - Epoch: 100, SNRdB: 16.00, SER: 0.277, BER: 0.124
2021-04-14 23:31:20,299 - Epoch: 100, SNRdB: 17.00, SER: 0.242, BER: 0.111
2021-04-14 23:31:20,334 - Epoch: 100, SNRdB: 18.00, SER: 0.244, BER: 0.107
2021-04-14 23:31:20,344 - Epoch: 100, SNRdB: 19.00, SER: 0.217, BER: 0.100
2021-04-14 23:31:20,388 - Epoch: 100, SNRdB: 20.00, SER: 0.240, BER: 0.102
2021-04-14 23:31:20,425 - experiments_AWGN/SISO_QAM64_AWGN_LINEAR_FCNet_500epochs/upstream1_downstream1_epoch100.pth saved.
2021-04-14 23:35:19,330 - Testing at epoch 200
2021-04-14 23:35:19,481 - Epoch: 200, SNRdB: 1.00, SER: 0.648, BER: 0.328
2021-04-14 23:35:19,496 - Epoch: 200, SNRdB: 2.00, SER: 0.598, BER: 0.301
2021-04-14 23:35:19,534 - Epoch: 200, SNRdB: 3.00, SER: 0.609, BER: 0.313
2021-04-14 23:35:19,547 - Epoch: 200, SNRdB: 4.00, SER: 0.566, BER: 0.288
2021-04-14 23:35:19,583 - Epoch: 200, SNRdB: 5.00, SER: 0.557, BER: 0.285
2021-04-14 23:35:19,594 - Epoch: 200, SNRdB: 6.00, SER: 0.480, BER: 0.229
2021-04-14 23:35:19,627 - Epoch: 200, SNRdB: 7.00, SER: 0.457, BER: 0.216
2021-04-14 23:35:19,646 - Epoch: 200, SNRdB: 8.00, SER: 0.463, BER: 0.236
2021-04-14 23:35:19,674 - Epoch: 200, SNRdB: 9.00, SER: 0.393, BER: 0.190
2021-04-14 23:35:19,691 - Epoch: 200, SNRdB: 10.00, SER: 0.412, BER: 0.212
2021-04-14 23:35:19,719 - Epoch: 200, SNRdB: 11.00, SER: 0.387, BER: 0.186
2021-04-14 23:35:19,749 - Epoch: 200, SNRdB: 12.00, SER: 0.342, BER: 0.165
2021-04-14 23:35:19,771 - Epoch: 200, SNRdB: 13.00, SER: 0.350, BER: 0.159
2021-04-14 23:35:19,805 - Epoch: 200, SNRdB: 14.00, SER: 0.287, BER: 0.130
2021-04-14 23:35:19,823 - Epoch: 200, SNRdB: 15.00, SER: 0.301, BER: 0.154
2021-04-14 23:35:19,854 - Epoch: 200, SNRdB: 16.00, SER: 0.297, BER: 0.138
2021-04-14 23:35:19,870 - Epoch: 200, SNRdB: 17.00, SER: 0.266, BER: 0.121
2021-04-14 23:35:19,899 - Epoch: 200, SNRdB: 18.00, SER: 0.254, BER: 0.107
2021-04-14 23:35:19,912 - Epoch: 200, SNRdB: 19.00, SER: 0.240, BER: 0.112
2021-04-14 23:35:19,940 - Epoch: 200, SNRdB: 20.00, SER: 0.250, BER: 0.118
2021-04-14 23:35:19,968 - experiments_AWGN/SISO_QAM64_AWGN_LINEAR_FCNet_500epochs/upstream1_downstream1_epoch200.pth saved.
2021-04-14 23:39:19,699 - Testing at epoch 300
2021-04-14 23:39:19,839 - Epoch: 300, SNRdB: 1.00, SER: 0.631, BER: 0.307
2021-04-14 23:39:19,868 - Epoch: 300, SNRdB: 2.00, SER: 0.586, BER: 0.301
2021-04-14 23:39:19,879 - Epoch: 300, SNRdB: 3.00, SER: 0.586, BER: 0.292
2021-04-14 23:39:19,922 - Epoch: 300, SNRdB: 4.00, SER: 0.561, BER: 0.277
2021-04-14 23:39:19,932 - Epoch: 300, SNRdB: 5.00, SER: 0.520, BER: 0.260
2021-04-14 23:39:19,970 - Epoch: 300, SNRdB: 6.00, SER: 0.508, BER: 0.257
2021-04-14 23:39:19,980 - Epoch: 300, SNRdB: 7.00, SER: 0.500, BER: 0.244
2021-04-14 23:39:20,014 - Epoch: 300, SNRdB: 8.00, SER: 0.441, BER: 0.219
2021-04-14 23:39:20,024 - Epoch: 300, SNRdB: 9.00, SER: 0.438, BER: 0.207
2021-04-14 23:39:20,059 - Epoch: 300, SNRdB: 10.00, SER: 0.367, BER: 0.182
2021-04-14 23:39:20,069 - Epoch: 300, SNRdB: 11.00, SER: 0.377, BER: 0.187
2021-04-14 23:39:20,104 - Epoch: 300, SNRdB: 12.00, SER: 0.350, BER: 0.163
2021-04-14 23:39:20,114 - Epoch: 300, SNRdB: 13.00, SER: 0.334, BER: 0.165
2021-04-14 23:39:20,149 - Epoch: 300, SNRdB: 14.00, SER: 0.301, BER: 0.137
2021-04-14 23:39:20,159 - Epoch: 300, SNRdB: 15.00, SER: 0.303, BER: 0.143
2021-04-14 23:39:20,193 - Epoch: 300, SNRdB: 16.00, SER: 0.240, BER: 0.109
2021-04-14 23:39:20,203 - Epoch: 300, SNRdB: 17.00, SER: 0.195, BER: 0.090
2021-04-14 23:39:20,238 - Epoch: 300, SNRdB: 18.00, SER: 0.227, BER: 0.111
2021-04-14 23:39:20,248 - Epoch: 300, SNRdB: 19.00, SER: 0.236, BER: 0.105
2021-04-14 23:39:20,282 - Epoch: 300, SNRdB: 20.00, SER: 0.168, BER: 0.069
2021-04-14 23:39:20,313 - experiments_AWGN/SISO_QAM64_AWGN_LINEAR_FCNet_500epochs/upstream1_downstream1_epoch300.pth saved.
2021-04-14 23:43:18,155 - Testing at epoch 400
2021-04-14 23:43:18,306 - Epoch: 400, SNRdB: 1.00, SER: 0.629, BER: 0.342
2021-04-14 23:43:18,335 - Epoch: 400, SNRdB: 2.00, SER: 0.633, BER: 0.323
2021-04-14 23:43:18,358 - Epoch: 400, SNRdB: 3.00, SER: 0.629, BER: 0.318
2021-04-14 23:43:18,380 - Epoch: 400, SNRdB: 4.00, SER: 0.545, BER: 0.266
2021-04-14 23:43:18,404 - Epoch: 400, SNRdB: 5.00, SER: 0.504, BER: 0.258
2021-04-14 23:43:18,422 - Epoch: 400, SNRdB: 6.00, SER: 0.488, BER: 0.240
2021-04-14 23:43:18,448 - Epoch: 400, SNRdB: 7.00, SER: 0.461, BER: 0.241
2021-04-14 23:43:18,465 - Epoch: 400, SNRdB: 8.00, SER: 0.406, BER: 0.210
2021-04-14 23:43:18,493 - Epoch: 400, SNRdB: 9.00, SER: 0.428, BER: 0.213
2021-04-14 23:43:18,508 - Epoch: 400, SNRdB: 10.00, SER: 0.373, BER: 0.184
2021-04-14 23:43:18,537 - Epoch: 400, SNRdB: 11.00, SER: 0.357, BER: 0.174
2021-04-14 23:43:18,551 - Epoch: 400, SNRdB: 12.00, SER: 0.336, BER: 0.166
2021-04-14 23:43:18,582 - Epoch: 400, SNRdB: 13.00, SER: 0.309, BER: 0.148
2021-04-14 23:43:18,596 - Epoch: 400, SNRdB: 14.00, SER: 0.283, BER: 0.133
2021-04-14 23:43:18,628 - Epoch: 400, SNRdB: 15.00, SER: 0.271, BER: 0.120
2021-04-14 23:43:18,641 - Epoch: 400, SNRdB: 16.00, SER: 0.221, BER: 0.105
2021-04-14 23:43:18,673 - Epoch: 400, SNRdB: 17.00, SER: 0.195, BER: 0.086
2021-04-14 23:43:18,687 - Epoch: 400, SNRdB: 18.00, SER: 0.186, BER: 0.082
2021-04-14 23:43:18,718 - Epoch: 400, SNRdB: 19.00, SER: 0.168, BER: 0.074
2021-04-14 23:43:18,731 - Epoch: 400, SNRdB: 20.00, SER: 0.160, BER: 0.064
2021-04-14 23:43:18,765 - experiments_AWGN/SISO_QAM64_AWGN_LINEAR_FCNet_500epochs/upstream1_downstream1_epoch400.pth saved.
2021-04-14 23:47:11,234 - Testing at epoch 500
2021-04-14 23:47:11,367 - Epoch: 500, SNRdB: 1.00, SER: 0.654, BER: 0.327
2021-04-14 23:47:11,408 - Epoch: 500, SNRdB: 2.00, SER: 0.588, BER: 0.311
2021-04-14 23:47:11,423 - Epoch: 500, SNRdB: 3.00, SER: 0.553, BER: 0.268
2021-04-14 23:47:11,459 - Epoch: 500, SNRdB: 4.00, SER: 0.541, BER: 0.285
2021-04-14 23:47:11,472 - Epoch: 500, SNRdB: 5.00, SER: 0.496, BER: 0.243
2021-04-14 23:47:11,505 - Epoch: 500, SNRdB: 6.00, SER: 0.494, BER: 0.240
2021-04-14 23:47:11,517 - Epoch: 500, SNRdB: 7.00, SER: 0.418, BER: 0.199
2021-04-14 23:47:11,549 - Epoch: 500, SNRdB: 8.00, SER: 0.432, BER: 0.217
2021-04-14 23:47:11,561 - Epoch: 500, SNRdB: 9.00, SER: 0.387, BER: 0.193
2021-04-14 23:47:11,595 - Epoch: 500, SNRdB: 10.00, SER: 0.381, BER: 0.189
2021-04-14 23:47:11,606 - Epoch: 500, SNRdB: 11.00, SER: 0.328, BER: 0.150
2021-04-14 23:47:11,640 - Epoch: 500, SNRdB: 12.00, SER: 0.348, BER: 0.171
2021-04-14 23:47:11,654 - Epoch: 500, SNRdB: 13.00, SER: 0.309, BER: 0.145
2021-04-14 23:47:11,686 - Epoch: 500, SNRdB: 14.00, SER: 0.295, BER: 0.145
2021-04-14 23:47:11,699 - Epoch: 500, SNRdB: 15.00, SER: 0.236, BER: 0.112
2021-04-14 23:47:11,732 - Epoch: 500, SNRdB: 16.00, SER: 0.176, BER: 0.080
2021-04-14 23:47:11,746 - Epoch: 500, SNRdB: 17.00, SER: 0.209, BER: 0.090
2021-04-14 23:47:11,779 - Epoch: 500, SNRdB: 18.00, SER: 0.182, BER: 0.081
2021-04-14 23:47:11,809 - Epoch: 500, SNRdB: 19.00, SER: 0.188, BER: 0.083
2021-04-14 23:47:11,849 - Epoch: 500, SNRdB: 20.00, SER: 0.164, BER: 0.066
2021-04-14 23:47:11,880 - experiments_AWGN/SISO_QAM64_AWGN_LINEAR_FCNet_500epochs/upstream1_downstream1_epoch500.pth saved.
2021-04-14 23:47:12,053 - experiments_AWGN/SISO_QAM64_AWGN_LINEAR_FCNet_500epochs/loss_FCNet_1upstream_1downstream.pngsaved.
2021-04-14 23:47:12,669 - experiments_AWGN/SISO_QAM64_AWGN_LINEAR_FCNet_500epochs/SER_upstream1_downstream1.png saved.
2021-04-14 23:47:12,669 - experiments_AWGN/SISO_QAM64_AWGN_LINEAR_FCNet_500epochs/BER_upstream1_downstream1.png saved.
