2021-04-17 04:34:01,401 - Testing at epoch 100
2021-04-17 04:34:01,654 - Epoch: 100, SNRdB: 1.00, SER: 0.826, BER: 0.392
2021-04-17 04:34:01,689 - Epoch: 100, SNRdB: 2.00, SER: 0.846, BER: 0.394
2021-04-17 04:34:01,737 - Epoch: 100, SNRdB: 3.00, SER: 0.795, BER: 0.364
2021-04-17 04:34:01,765 - Epoch: 100, SNRdB: 4.00, SER: 0.793, BER: 0.362
2021-04-17 04:34:01,834 - Epoch: 100, SNRdB: 5.00, SER: 0.768, BER: 0.331
2021-04-17 04:34:01,872 - Epoch: 100, SNRdB: 6.00, SER: 0.715, BER: 0.322
2021-04-17 04:34:01,908 - Epoch: 100, SNRdB: 7.00, SER: 0.697, BER: 0.291
2021-04-17 04:34:01,938 - Epoch: 100, SNRdB: 8.00, SER: 0.650, BER: 0.267
2021-04-17 04:34:01,986 - Epoch: 100, SNRdB: 9.00, SER: 0.639, BER: 0.278
2021-04-17 04:34:02,013 - Epoch: 100, SNRdB: 10.00, SER: 0.662, BER: 0.290
2021-04-17 04:34:02,081 - Epoch: 100, SNRdB: 11.00, SER: 0.604, BER: 0.258
2021-04-17 04:34:02,117 - Epoch: 100, SNRdB: 12.00, SER: 0.605, BER: 0.261
2021-04-17 04:34:02,157 - Epoch: 100, SNRdB: 13.00, SER: 0.520, BER: 0.206
2021-04-17 04:34:02,188 - Epoch: 100, SNRdB: 14.00, SER: 0.551, BER: 0.226
2021-04-17 04:34:02,256 - Epoch: 100, SNRdB: 15.00, SER: 0.508, BER: 0.204
2021-04-17 04:34:02,296 - Epoch: 100, SNRdB: 16.00, SER: 0.451, BER: 0.190
2021-04-17 04:34:02,330 - Epoch: 100, SNRdB: 17.00, SER: 0.412, BER: 0.163
2021-04-17 04:34:02,363 - Epoch: 100, SNRdB: 18.00, SER: 0.441, BER: 0.172
2021-04-17 04:34:02,405 - Epoch: 100, SNRdB: 19.00, SER: 0.391, BER: 0.155
2021-04-17 04:34:02,431 - Epoch: 100, SNRdB: 20.00, SER: 0.475, BER: 0.186
2021-04-17 04:34:02,479 - experiments_AWGN_order2_sharp/SISO_QAM256_AWGN_NONLINEAR_MMNet_500epochs/MMNet_10layers_epoch100.pth saved.
2021-04-17 04:41:57,945 - Testing at epoch 200
2021-04-17 04:41:58,159 - Epoch: 200, SNRdB: 1.00, SER: 0.855, BER: 0.397
2021-04-17 04:41:58,181 - Epoch: 200, SNRdB: 2.00, SER: 0.830, BER: 0.356
2021-04-17 04:41:58,243 - Epoch: 200, SNRdB: 3.00, SER: 0.803, BER: 0.369
2021-04-17 04:41:58,264 - Epoch: 200, SNRdB: 4.00, SER: 0.777, BER: 0.350
2021-04-17 04:41:58,326 - Epoch: 200, SNRdB: 5.00, SER: 0.756, BER: 0.333
2021-04-17 04:41:58,347 - Epoch: 200, SNRdB: 6.00, SER: 0.705, BER: 0.304
2021-04-17 04:41:58,415 - Epoch: 200, SNRdB: 7.00, SER: 0.701, BER: 0.303
2021-04-17 04:41:58,439 - Epoch: 200, SNRdB: 8.00, SER: 0.686, BER: 0.301
2021-04-17 04:41:58,560 - Epoch: 200, SNRdB: 9.00, SER: 0.639, BER: 0.251
2021-04-17 04:41:58,595 - Epoch: 200, SNRdB: 10.00, SER: 0.670, BER: 0.288
2021-04-17 04:41:58,639 - Epoch: 200, SNRdB: 11.00, SER: 0.596, BER: 0.264
2021-04-17 04:41:58,666 - Epoch: 200, SNRdB: 12.00, SER: 0.600, BER: 0.251
2021-04-17 04:41:58,721 - Epoch: 200, SNRdB: 13.00, SER: 0.535, BER: 0.220
2021-04-17 04:41:58,770 - Epoch: 200, SNRdB: 14.00, SER: 0.506, BER: 0.206
2021-04-17 04:41:58,821 - Epoch: 200, SNRdB: 15.00, SER: 0.508, BER: 0.204
2021-04-17 04:41:58,855 - Epoch: 200, SNRdB: 16.00, SER: 0.441, BER: 0.180
2021-04-17 04:41:58,895 - Epoch: 200, SNRdB: 17.00, SER: 0.430, BER: 0.170
2021-04-17 04:41:58,922 - Epoch: 200, SNRdB: 18.00, SER: 0.379, BER: 0.153
2021-04-17 04:41:58,975 - Epoch: 200, SNRdB: 19.00, SER: 0.354, BER: 0.142
2021-04-17 04:41:58,999 - Epoch: 200, SNRdB: 20.00, SER: 0.346, BER: 0.125
2021-04-17 04:41:59,038 - experiments_AWGN_order2_sharp/SISO_QAM256_AWGN_NONLINEAR_MMNet_500epochs/MMNet_10layers_epoch200.pth saved.
2021-04-17 04:49:55,785 - Testing at epoch 300
2021-04-17 04:49:56,066 - Epoch: 300, SNRdB: 1.00, SER: 0.859, BER: 0.411
2021-04-17 04:49:56,109 - Epoch: 300, SNRdB: 2.00, SER: 0.816, BER: 0.368
2021-04-17 04:49:56,145 - Epoch: 300, SNRdB: 3.00, SER: 0.781, BER: 0.338
2021-04-17 04:49:56,179 - Epoch: 300, SNRdB: 4.00, SER: 0.777, BER: 0.350
2021-04-17 04:49:56,220 - Epoch: 300, SNRdB: 5.00, SER: 0.748, BER: 0.327
2021-04-17 04:49:56,249 - Epoch: 300, SNRdB: 6.00, SER: 0.727, BER: 0.316
2021-04-17 04:49:56,325 - Epoch: 300, SNRdB: 7.00, SER: 0.721, BER: 0.309
2021-04-17 04:49:56,364 - Epoch: 300, SNRdB: 8.00, SER: 0.633, BER: 0.280
2021-04-17 04:49:56,500 - Epoch: 300, SNRdB: 9.00, SER: 0.654, BER: 0.274
2021-04-17 04:49:56,542 - Epoch: 300, SNRdB: 10.00, SER: 0.623, BER: 0.267
2021-04-17 04:49:56,579 - Epoch: 300, SNRdB: 11.00, SER: 0.670, BER: 0.293
2021-04-17 04:49:56,633 - Epoch: 300, SNRdB: 12.00, SER: 0.576, BER: 0.251
2021-04-17 04:49:56,689 - Epoch: 300, SNRdB: 13.00, SER: 0.521, BER: 0.218
2021-04-17 04:49:56,732 - Epoch: 300, SNRdB: 14.00, SER: 0.480, BER: 0.197
2021-04-17 04:49:56,768 - Epoch: 300, SNRdB: 15.00, SER: 0.486, BER: 0.200
2021-04-17 04:49:56,801 - Epoch: 300, SNRdB: 16.00, SER: 0.445, BER: 0.198
2021-04-17 04:49:56,830 - Epoch: 300, SNRdB: 17.00, SER: 0.414, BER: 0.164
2021-04-17 04:49:56,858 - Epoch: 300, SNRdB: 18.00, SER: 0.338, BER: 0.132
2021-04-17 04:49:56,893 - Epoch: 300, SNRdB: 19.00, SER: 0.354, BER: 0.135
2021-04-17 04:49:56,919 - Epoch: 300, SNRdB: 20.00, SER: 0.342, BER: 0.137
2021-04-17 04:49:56,966 - experiments_AWGN_order2_sharp/SISO_QAM256_AWGN_NONLINEAR_MMNet_500epochs/MMNet_10layers_epoch300.pth saved.
2021-04-17 04:57:43,711 - Testing at epoch 400
2021-04-17 04:57:43,956 - Epoch: 400, SNRdB: 1.00, SER: 0.832, BER: 0.374
2021-04-17 04:57:43,992 - Epoch: 400, SNRdB: 2.00, SER: 0.801, BER: 0.361
2021-04-17 04:57:44,027 - Epoch: 400, SNRdB: 3.00, SER: 0.803, BER: 0.363
2021-04-17 04:57:44,062 - Epoch: 400, SNRdB: 4.00, SER: 0.781, BER: 0.354
2021-04-17 04:57:44,116 - Epoch: 400, SNRdB: 5.00, SER: 0.746, BER: 0.315
2021-04-17 04:57:44,150 - Epoch: 400, SNRdB: 6.00, SER: 0.771, BER: 0.328
2021-04-17 04:57:44,199 - Epoch: 400, SNRdB: 7.00, SER: 0.723, BER: 0.295
2021-04-17 04:57:44,238 - Epoch: 400, SNRdB: 8.00, SER: 0.684, BER: 0.292
2021-04-17 04:57:44,289 - Epoch: 400, SNRdB: 9.00, SER: 0.680, BER: 0.280
2021-04-17 04:57:44,327 - Epoch: 400, SNRdB: 10.00, SER: 0.613, BER: 0.265
2021-04-17 04:57:44,377 - Epoch: 400, SNRdB: 11.00, SER: 0.574, BER: 0.235
2021-04-17 04:57:44,416 - Epoch: 400, SNRdB: 12.00, SER: 0.535, BER: 0.231
2021-04-17 04:57:44,487 - Epoch: 400, SNRdB: 13.00, SER: 0.551, BER: 0.224
2021-04-17 04:57:44,527 - Epoch: 400, SNRdB: 14.00, SER: 0.461, BER: 0.195
2021-04-17 04:57:44,561 - Epoch: 400, SNRdB: 15.00, SER: 0.467, BER: 0.185
2021-04-17 04:57:44,594 - Epoch: 400, SNRdB: 16.00, SER: 0.447, BER: 0.190
2021-04-17 04:57:44,632 - Epoch: 400, SNRdB: 17.00, SER: 0.410, BER: 0.164
2021-04-17 04:57:44,674 - Epoch: 400, SNRdB: 18.00, SER: 0.420, BER: 0.171
2021-04-17 04:57:44,704 - Epoch: 400, SNRdB: 19.00, SER: 0.371, BER: 0.149
2021-04-17 04:57:44,746 - Epoch: 400, SNRdB: 20.00, SER: 0.338, BER: 0.137
2021-04-17 04:57:44,785 - experiments_AWGN_order2_sharp/SISO_QAM256_AWGN_NONLINEAR_MMNet_500epochs/MMNet_10layers_epoch400.pth saved.
2021-04-17 05:05:32,459 - Testing at epoch 500
2021-04-17 05:05:32,656 - Epoch: 500, SNRdB: 1.00, SER: 0.818, BER: 0.386
2021-04-17 05:05:32,699 - Epoch: 500, SNRdB: 2.00, SER: 0.814, BER: 0.346
2021-04-17 05:05:32,735 - Epoch: 500, SNRdB: 3.00, SER: 0.809, BER: 0.372
2021-04-17 05:05:32,768 - Epoch: 500, SNRdB: 4.00, SER: 0.775, BER: 0.350
2021-04-17 05:05:32,800 - Epoch: 500, SNRdB: 5.00, SER: 0.771, BER: 0.326
2021-04-17 05:05:32,825 - Epoch: 500, SNRdB: 6.00, SER: 0.766, BER: 0.333
2021-04-17 05:05:32,881 - Epoch: 500, SNRdB: 7.00, SER: 0.723, BER: 0.311
2021-04-17 05:05:32,905 - Epoch: 500, SNRdB: 8.00, SER: 0.684, BER: 0.290
2021-04-17 05:05:32,965 - Epoch: 500, SNRdB: 9.00, SER: 0.656, BER: 0.276
2021-04-17 05:05:32,989 - Epoch: 500, SNRdB: 10.00, SER: 0.617, BER: 0.265
2021-04-17 05:05:33,050 - Epoch: 500, SNRdB: 11.00, SER: 0.633, BER: 0.257
2021-04-17 05:05:33,075 - Epoch: 500, SNRdB: 12.00, SER: 0.596, BER: 0.260
2021-04-17 05:05:33,157 - Epoch: 500, SNRdB: 13.00, SER: 0.529, BER: 0.224
2021-04-17 05:05:33,196 - Epoch: 500, SNRdB: 14.00, SER: 0.486, BER: 0.196
2021-04-17 05:05:33,235 - Epoch: 500, SNRdB: 15.00, SER: 0.469, BER: 0.196
2021-04-17 05:05:33,265 - Epoch: 500, SNRdB: 16.00, SER: 0.432, BER: 0.172
2021-04-17 05:05:33,304 - Epoch: 500, SNRdB: 17.00, SER: 0.412, BER: 0.171
2021-04-17 05:05:33,329 - Epoch: 500, SNRdB: 18.00, SER: 0.361, BER: 0.148
2021-04-17 05:05:33,379 - Epoch: 500, SNRdB: 19.00, SER: 0.311, BER: 0.118
2021-04-17 05:05:33,405 - Epoch: 500, SNRdB: 20.00, SER: 0.260, BER: 0.095
2021-04-17 05:05:33,452 - experiments_AWGN_order2_sharp/SISO_QAM256_AWGN_NONLINEAR_MMNet_500epochs/MMNet_10layers_epoch500.pth saved.
2021-04-17 05:05:33,612 - experiments_AWGN_order2_sharp/SISO_QAM256_AWGN_NONLINEAR_MMNet_500epochs/loss_MMNet_10layers.pngsaved.
2021-04-17 05:05:34,318 - experiments_AWGN_order2_sharp/SISO_QAM256_AWGN_NONLINEAR_MMNet_500epochs/SER_MMNet_10layers.png saved.
2021-04-17 05:05:34,318 - experiments_AWGN_order2_sharp/SISO_QAM256_AWGN_NONLINEAR_MMNet_500epochs/BER_MMNet_10layers.png saved.
2021-04-19 04:20:52,618 - Testing at epoch 1
2021-04-19 04:20:52,864 - Epoch: 1, SNRdB: 1.00, SER: 0.902, BER: 0.438
2021-04-19 04:20:52,918 - Epoch: 1, SNRdB: 2.00, SER: 0.891, BER: 0.430
2021-04-19 04:20:52,950 - Epoch: 1, SNRdB: 3.00, SER: 0.918, BER: 0.468
2021-04-19 04:20:52,979 - Epoch: 1, SNRdB: 4.00, SER: 0.875, BER: 0.418
2021-04-19 04:20:53,009 - Epoch: 1, SNRdB: 5.00, SER: 0.893, BER: 0.411
2021-04-19 04:20:53,035 - Epoch: 1, SNRdB: 6.00, SER: 0.912, BER: 0.453
2021-04-19 04:20:53,062 - Epoch: 1, SNRdB: 7.00, SER: 0.891, BER: 0.436
2021-04-19 04:20:53,090 - Epoch: 1, SNRdB: 8.00, SER: 0.893, BER: 0.424
2021-04-19 04:20:53,118 - Epoch: 1, SNRdB: 9.00, SER: 0.887, BER: 0.415
2021-04-19 04:20:53,148 - Epoch: 1, SNRdB: 10.00, SER: 0.900, BER: 0.425
2021-04-19 04:20:53,173 - Epoch: 1, SNRdB: 11.00, SER: 0.881, BER: 0.407
2021-04-19 04:20:53,204 - Epoch: 1, SNRdB: 12.00, SER: 0.906, BER: 0.415
2021-04-19 04:20:53,229 - Epoch: 1, SNRdB: 13.00, SER: 0.910, BER: 0.412
2021-04-19 04:20:53,259 - Epoch: 1, SNRdB: 14.00, SER: 0.900, BER: 0.393
2021-04-19 04:20:53,284 - Epoch: 1, SNRdB: 15.00, SER: 0.867, BER: 0.409
2021-04-19 04:20:53,312 - Epoch: 1, SNRdB: 16.00, SER: 0.877, BER: 0.400
2021-04-19 04:20:53,339 - Epoch: 1, SNRdB: 17.00, SER: 0.877, BER: 0.419
2021-04-19 04:20:53,366 - Epoch: 1, SNRdB: 18.00, SER: 0.867, BER: 0.391
2021-04-19 04:20:53,393 - Epoch: 1, SNRdB: 19.00, SER: 0.867, BER: 0.396
2021-04-19 04:20:53,421 - Epoch: 1, SNRdB: 20.00, SER: 0.895, BER: 0.401
2021-04-19 04:20:53,473 - experiments_AWGN_order2_sharp/SISO_QAM256_AWGN_NONLINEAR_MMNet_500epochs/MMNet_10layers_epoch1.pth saved.
2021-04-19 04:20:53,593 - experiments_AWGN_order2_sharp/SISO_QAM256_AWGN_NONLINEAR_MMNet_500epochs/loss_MMNet_10layers.pngsaved.
2021-04-19 04:20:54,304 - experiments_AWGN_order2_sharp/SISO_QAM256_AWGN_NONLINEAR_MMNet_500epochs/SER_MMNet_10layers.png saved.
2021-04-19 04:20:54,304 - experiments_AWGN_order2_sharp/SISO_QAM256_AWGN_NONLINEAR_MMNet_500epochs/BER_MMNet_10layers.png saved.
2021-04-20 10:57:08,888 - Testing at epoch 100
2021-04-20 10:57:09,430 - Epoch: 100, SNRdB: 1.00, SER: 0.837, BER: 0.388
2021-04-20 10:57:09,498 - Epoch: 100, SNRdB: 2.00, SER: 0.815, BER: 0.366
2021-04-20 10:57:09,725 - Epoch: 100, SNRdB: 3.00, SER: 0.790, BER: 0.354
2021-04-20 10:57:09,794 - Epoch: 100, SNRdB: 4.00, SER: 0.772, BER: 0.335
2021-04-20 10:57:10,022 - Epoch: 100, SNRdB: 5.00, SER: 0.756, BER: 0.329
2021-04-20 10:57:10,090 - Epoch: 100, SNRdB: 6.00, SER: 0.731, BER: 0.326
2021-04-20 10:57:10,286 - Epoch: 100, SNRdB: 7.00, SER: 0.709, BER: 0.301
2021-04-20 10:57:10,355 - Epoch: 100, SNRdB: 8.00, SER: 0.679, BER: 0.289
2021-04-20 10:57:10,553 - Epoch: 100, SNRdB: 9.00, SER: 0.654, BER: 0.281
2021-04-20 10:57:10,622 - Epoch: 100, SNRdB: 10.00, SER: 0.609, BER: 0.262
2021-04-20 10:57:10,818 - Epoch: 100, SNRdB: 11.00, SER: 0.623, BER: 0.264
2021-04-20 10:57:10,888 - Epoch: 100, SNRdB: 12.00, SER: 0.570, BER: 0.248
2021-04-20 10:57:11,138 - Epoch: 100, SNRdB: 13.00, SER: 0.544, BER: 0.230
2021-04-20 10:57:11,206 - Epoch: 100, SNRdB: 14.00, SER: 0.499, BER: 0.200
2021-04-20 10:57:11,402 - Epoch: 100, SNRdB: 15.00, SER: 0.462, BER: 0.190
2021-04-20 10:57:11,471 - Epoch: 100, SNRdB: 16.00, SER: 0.438, BER: 0.181
2021-04-20 10:57:11,623 - Epoch: 100, SNRdB: 17.00, SER: 0.424, BER: 0.173
2021-04-20 10:57:11,677 - Epoch: 100, SNRdB: 18.00, SER: 0.388, BER: 0.154
2021-04-20 10:57:11,895 - Epoch: 100, SNRdB: 19.00, SER: 0.369, BER: 0.148
2021-04-20 10:57:11,969 - Epoch: 100, SNRdB: 20.00, SER: 0.350, BER: 0.141
2021-04-20 10:57:12,153 - Epoch: 100, SNRdB: 21.00, SER: 0.309, BER: 0.125
2021-04-20 10:57:12,272 - Epoch: 100, SNRdB: 22.00, SER: 0.310, BER: 0.120
2021-04-20 10:57:12,417 - Epoch: 100, SNRdB: 23.00, SER: 0.277, BER: 0.105
2021-04-20 10:57:12,588 - Epoch: 100, SNRdB: 24.00, SER: 0.273, BER: 0.102
2021-04-20 10:57:12,691 - Epoch: 100, SNRdB: 25.00, SER: 0.263, BER: 0.099
2021-04-20 10:57:12,867 - Epoch: 100, SNRdB: 26.00, SER: 0.241, BER: 0.088
2021-04-20 10:57:12,946 - Epoch: 100, SNRdB: 27.00, SER: 0.254, BER: 0.097
2021-04-20 10:57:13,125 - Epoch: 100, SNRdB: 28.00, SER: 0.248, BER: 0.091
2021-04-20 10:57:13,210 - Epoch: 100, SNRdB: 29.00, SER: 0.244, BER: 0.090
2021-04-20 10:57:13,414 - Epoch: 100, SNRdB: 30.00, SER: 0.247, BER: 0.090
2021-04-20 10:57:13,480 - Epoch: 100, SNRdB: 31.00, SER: 0.237, BER: 0.085
2021-04-20 10:57:13,685 - Epoch: 100, SNRdB: 32.00, SER: 0.229, BER: 0.083
2021-04-20 10:57:13,750 - Epoch: 100, SNRdB: 33.00, SER: 0.236, BER: 0.085
2021-04-20 10:57:13,965 - Epoch: 100, SNRdB: 34.00, SER: 0.235, BER: 0.084
2021-04-20 10:57:14,035 - Epoch: 100, SNRdB: 35.00, SER: 0.235, BER: 0.085
2021-04-20 10:57:14,230 - Epoch: 100, SNRdB: 36.00, SER: 0.232, BER: 0.084
2021-04-20 10:57:14,299 - Epoch: 100, SNRdB: 37.00, SER: 0.231, BER: 0.083
2021-04-20 10:57:14,482 - Epoch: 100, SNRdB: 38.00, SER: 0.235, BER: 0.086
2021-04-20 10:57:14,544 - Epoch: 100, SNRdB: 39.00, SER: 0.230, BER: 0.084
2021-04-20 10:57:14,764 - Epoch: 100, SNRdB: 40.00, SER: 0.236, BER: 0.085
2021-04-20 10:57:14,809 - experiments_AWGN_order2_sharp/SISO_QAM256_AWGN_NONLINEAR_MMNet_500epochs/MMNet_10layers_epoch100.pth saved.
2021-04-20 11:56:18,038 - Testing at epoch 200
2021-04-20 11:56:18,580 - Epoch: 200, SNRdB: 1.00, SER: 0.848, BER: 0.391
2021-04-20 11:56:18,641 - Epoch: 200, SNRdB: 2.00, SER: 0.815, BER: 0.375
2021-04-20 11:56:18,839 - Epoch: 200, SNRdB: 3.00, SER: 0.812, BER: 0.367
2021-04-20 11:56:18,893 - Epoch: 200, SNRdB: 4.00, SER: 0.797, BER: 0.355
2021-04-20 11:56:19,184 - Epoch: 200, SNRdB: 5.00, SER: 0.766, BER: 0.334
2021-04-20 11:56:19,238 - Epoch: 200, SNRdB: 6.00, SER: 0.739, BER: 0.316
2021-04-20 11:56:19,487 - Epoch: 200, SNRdB: 7.00, SER: 0.708, BER: 0.301
2021-04-20 11:56:19,553 - Epoch: 200, SNRdB: 8.00, SER: 0.684, BER: 0.294
2021-04-20 11:56:19,718 - Epoch: 200, SNRdB: 9.00, SER: 0.669, BER: 0.282
2021-04-20 11:56:19,772 - Epoch: 200, SNRdB: 10.00, SER: 0.628, BER: 0.267
2021-04-20 11:56:20,012 - Epoch: 200, SNRdB: 11.00, SER: 0.583, BER: 0.249
2021-04-20 11:56:20,076 - Epoch: 200, SNRdB: 12.00, SER: 0.566, BER: 0.237
2021-04-20 11:56:20,253 - Epoch: 200, SNRdB: 13.00, SER: 0.526, BER: 0.219
2021-04-20 11:56:20,307 - Epoch: 200, SNRdB: 14.00, SER: 0.485, BER: 0.205
2021-04-20 11:56:20,529 - Epoch: 200, SNRdB: 15.00, SER: 0.474, BER: 0.191
2021-04-20 11:56:20,585 - Epoch: 200, SNRdB: 16.00, SER: 0.424, BER: 0.172
2021-04-20 11:56:20,778 - Epoch: 200, SNRdB: 17.00, SER: 0.381, BER: 0.154
2021-04-20 11:56:20,832 - Epoch: 200, SNRdB: 18.00, SER: 0.369, BER: 0.145
2021-04-20 11:56:21,039 - Epoch: 200, SNRdB: 19.00, SER: 0.353, BER: 0.139
2021-04-20 11:56:21,093 - Epoch: 200, SNRdB: 20.00, SER: 0.305, BER: 0.121
2021-04-20 11:56:21,303 - Epoch: 200, SNRdB: 21.00, SER: 0.291, BER: 0.113
2021-04-20 11:56:21,357 - Epoch: 200, SNRdB: 22.00, SER: 0.277, BER: 0.105
2021-04-20 11:56:21,590 - Epoch: 200, SNRdB: 23.00, SER: 0.254, BER: 0.095
2021-04-20 11:56:21,650 - Epoch: 200, SNRdB: 24.00, SER: 0.232, BER: 0.086
2021-04-20 11:56:21,856 - Epoch: 200, SNRdB: 25.00, SER: 0.223, BER: 0.084
2021-04-20 11:56:21,916 - Epoch: 200, SNRdB: 26.00, SER: 0.207, BER: 0.074
2021-04-20 11:56:22,128 - Epoch: 200, SNRdB: 27.00, SER: 0.202, BER: 0.073
2021-04-20 11:56:22,190 - Epoch: 200, SNRdB: 28.00, SER: 0.205, BER: 0.074
2021-04-20 11:56:22,397 - Epoch: 200, SNRdB: 29.00, SER: 0.196, BER: 0.070
2021-04-20 11:56:22,462 - Epoch: 200, SNRdB: 30.00, SER: 0.193, BER: 0.067
2021-04-20 11:56:22,656 - Epoch: 200, SNRdB: 31.00, SER: 0.186, BER: 0.064
2021-04-20 11:56:22,710 - Epoch: 200, SNRdB: 32.00, SER: 0.189, BER: 0.066
2021-04-20 11:56:22,897 - Epoch: 200, SNRdB: 33.00, SER: 0.196, BER: 0.067
2021-04-20 11:56:22,950 - Epoch: 200, SNRdB: 34.00, SER: 0.184, BER: 0.062
2021-04-20 11:56:23,161 - Epoch: 200, SNRdB: 35.00, SER: 0.181, BER: 0.061
2021-04-20 11:56:23,214 - Epoch: 200, SNRdB: 36.00, SER: 0.190, BER: 0.064
2021-04-20 11:56:23,468 - Epoch: 200, SNRdB: 37.00, SER: 0.187, BER: 0.063
2021-04-20 11:56:23,535 - Epoch: 200, SNRdB: 38.00, SER: 0.180, BER: 0.061
2021-04-20 11:56:23,853 - Epoch: 200, SNRdB: 39.00, SER: 0.179, BER: 0.061
2021-04-20 11:56:23,926 - Epoch: 200, SNRdB: 40.00, SER: 0.184, BER: 0.063
2021-04-20 11:56:23,980 - experiments_AWGN_order2_sharp/SISO_QAM256_AWGN_NONLINEAR_MMNet_500epochs/MMNet_10layers_epoch200.pth saved.
2021-04-20 12:55:21,884 - Testing at epoch 300
2021-04-20 12:55:22,477 - Epoch: 300, SNRdB: 1.00, SER: 0.851, BER: 0.406
2021-04-20 12:55:22,535 - Epoch: 300, SNRdB: 2.00, SER: 0.819, BER: 0.375
2021-04-20 12:55:22,830 - Epoch: 300, SNRdB: 3.00, SER: 0.820, BER: 0.366
2021-04-20 12:55:22,892 - Epoch: 300, SNRdB: 4.00, SER: 0.793, BER: 0.348
2021-04-20 12:55:23,068 - Epoch: 300, SNRdB: 5.00, SER: 0.774, BER: 0.340
2021-04-20 12:55:23,123 - Epoch: 300, SNRdB: 6.00, SER: 0.725, BER: 0.317
2021-04-20 12:55:23,331 - Epoch: 300, SNRdB: 7.00, SER: 0.704, BER: 0.307
2021-04-20 12:55:23,386 - Epoch: 300, SNRdB: 8.00, SER: 0.676, BER: 0.286
2021-04-20 12:55:23,595 - Epoch: 300, SNRdB: 9.00, SER: 0.652, BER: 0.278
2021-04-20 12:55:23,651 - Epoch: 300, SNRdB: 10.00, SER: 0.629, BER: 0.263
2021-04-20 12:55:23,865 - Epoch: 300, SNRdB: 11.00, SER: 0.591, BER: 0.251
2021-04-20 12:55:23,924 - Epoch: 300, SNRdB: 12.00, SER: 0.558, BER: 0.235
2021-04-20 12:55:24,174 - Epoch: 300, SNRdB: 13.00, SER: 0.509, BER: 0.214
2021-04-20 12:55:24,247 - Epoch: 300, SNRdB: 14.00, SER: 0.462, BER: 0.193
2021-04-20 12:55:24,436 - Epoch: 300, SNRdB: 15.00, SER: 0.453, BER: 0.183
2021-04-20 12:55:24,509 - Epoch: 300, SNRdB: 16.00, SER: 0.426, BER: 0.176
2021-04-20 12:55:24,698 - Epoch: 300, SNRdB: 17.00, SER: 0.392, BER: 0.157
2021-04-20 12:55:24,778 - Epoch: 300, SNRdB: 18.00, SER: 0.344, BER: 0.138
2021-04-20 12:55:24,964 - Epoch: 300, SNRdB: 19.00, SER: 0.320, BER: 0.126
2021-04-20 12:55:25,047 - Epoch: 300, SNRdB: 20.00, SER: 0.304, BER: 0.120
2021-04-20 12:55:25,230 - Epoch: 300, SNRdB: 21.00, SER: 0.261, BER: 0.102
2021-04-20 12:55:25,339 - Epoch: 300, SNRdB: 22.00, SER: 0.230, BER: 0.085
2021-04-20 12:55:25,513 - Epoch: 300, SNRdB: 23.00, SER: 0.222, BER: 0.083
2021-04-20 12:55:25,615 - Epoch: 300, SNRdB: 24.00, SER: 0.200, BER: 0.072
2021-04-20 12:55:25,777 - Epoch: 300, SNRdB: 25.00, SER: 0.181, BER: 0.065
2021-04-20 12:55:25,982 - Epoch: 300, SNRdB: 26.00, SER: 0.172, BER: 0.059
2021-04-20 12:55:26,053 - Epoch: 300, SNRdB: 27.00, SER: 0.160, BER: 0.055
2021-04-20 12:55:26,282 - Epoch: 300, SNRdB: 28.00, SER: 0.155, BER: 0.052
2021-04-20 12:55:26,354 - Epoch: 300, SNRdB: 29.00, SER: 0.162, BER: 0.054
2021-04-20 12:55:26,579 - Epoch: 300, SNRdB: 30.00, SER: 0.160, BER: 0.053
2021-04-20 12:55:26,646 - Epoch: 300, SNRdB: 31.00, SER: 0.144, BER: 0.047
2021-04-20 12:55:26,842 - Epoch: 300, SNRdB: 32.00, SER: 0.146, BER: 0.047
2021-04-20 12:55:26,908 - Epoch: 300, SNRdB: 33.00, SER: 0.144, BER: 0.047
2021-04-20 12:55:27,093 - Epoch: 300, SNRdB: 34.00, SER: 0.143, BER: 0.046
2021-04-20 12:55:27,151 - Epoch: 300, SNRdB: 35.00, SER: 0.137, BER: 0.044
2021-04-20 12:55:27,342 - Epoch: 300, SNRdB: 36.00, SER: 0.145, BER: 0.046
2021-04-20 12:55:27,395 - Epoch: 300, SNRdB: 37.00, SER: 0.142, BER: 0.045
2021-04-20 12:55:27,645 - Epoch: 300, SNRdB: 38.00, SER: 0.139, BER: 0.045
2021-04-20 12:55:27,712 - Epoch: 300, SNRdB: 39.00, SER: 0.144, BER: 0.046
2021-04-20 12:55:27,915 - Epoch: 300, SNRdB: 40.00, SER: 0.135, BER: 0.043
2021-04-20 12:55:27,966 - experiments_AWGN_order2_sharp/SISO_QAM256_AWGN_NONLINEAR_MMNet_500epochs/MMNet_10layers_epoch300.pth saved.
2021-04-20 13:54:28,982 - Testing at epoch 400
2021-04-20 13:54:29,518 - Epoch: 400, SNRdB: 1.00, SER: 0.858, BER: 0.401
2021-04-20 13:54:29,585 - Epoch: 400, SNRdB: 2.00, SER: 0.846, BER: 0.386
2021-04-20 13:54:29,782 - Epoch: 400, SNRdB: 3.00, SER: 0.811, BER: 0.368
2021-04-20 13:54:29,835 - Epoch: 400, SNRdB: 4.00, SER: 0.790, BER: 0.351
2021-04-20 13:54:30,080 - Epoch: 400, SNRdB: 5.00, SER: 0.768, BER: 0.334
2021-04-20 13:54:30,134 - Epoch: 400, SNRdB: 6.00, SER: 0.729, BER: 0.317
2021-04-20 13:54:30,344 - Epoch: 400, SNRdB: 7.00, SER: 0.715, BER: 0.301
2021-04-20 13:54:30,398 - Epoch: 400, SNRdB: 8.00, SER: 0.688, BER: 0.294
2021-04-20 13:54:30,651 - Epoch: 400, SNRdB: 9.00, SER: 0.654, BER: 0.280
2021-04-20 13:54:30,721 - Epoch: 400, SNRdB: 10.00, SER: 0.626, BER: 0.265
2021-04-20 13:54:30,916 - Epoch: 400, SNRdB: 11.00, SER: 0.609, BER: 0.256
2021-04-20 13:54:30,985 - Epoch: 400, SNRdB: 12.00, SER: 0.545, BER: 0.228
2021-04-20 13:54:31,180 - Epoch: 400, SNRdB: 13.00, SER: 0.546, BER: 0.231
2021-04-20 13:54:31,249 - Epoch: 400, SNRdB: 14.00, SER: 0.512, BER: 0.211
2021-04-20 13:54:31,446 - Epoch: 400, SNRdB: 15.00, SER: 0.449, BER: 0.189
2021-04-20 13:54:31,514 - Epoch: 400, SNRdB: 16.00, SER: 0.420, BER: 0.176
2021-04-20 13:54:31,710 - Epoch: 400, SNRdB: 17.00, SER: 0.388, BER: 0.161
2021-04-20 13:54:31,779 - Epoch: 400, SNRdB: 18.00, SER: 0.342, BER: 0.138
2021-04-20 13:54:31,973 - Epoch: 400, SNRdB: 19.00, SER: 0.306, BER: 0.123
2021-04-20 13:54:32,042 - Epoch: 400, SNRdB: 20.00, SER: 0.265, BER: 0.103
2021-04-20 13:54:32,237 - Epoch: 400, SNRdB: 21.00, SER: 0.238, BER: 0.092
2021-04-20 13:54:32,306 - Epoch: 400, SNRdB: 22.00, SER: 0.213, BER: 0.081
2021-04-20 13:54:32,504 - Epoch: 400, SNRdB: 23.00, SER: 0.204, BER: 0.074
2021-04-20 13:54:32,573 - Epoch: 400, SNRdB: 24.00, SER: 0.183, BER: 0.067
2021-04-20 13:54:32,769 - Epoch: 400, SNRdB: 25.00, SER: 0.159, BER: 0.057
2021-04-20 13:54:32,838 - Epoch: 400, SNRdB: 26.00, SER: 0.150, BER: 0.053
2021-04-20 13:54:33,032 - Epoch: 400, SNRdB: 27.00, SER: 0.141, BER: 0.048
2021-04-20 13:54:33,100 - Epoch: 400, SNRdB: 28.00, SER: 0.134, BER: 0.045
2021-04-20 13:54:33,296 - Epoch: 400, SNRdB: 29.00, SER: 0.133, BER: 0.044
2021-04-20 13:54:33,365 - Epoch: 400, SNRdB: 30.00, SER: 0.126, BER: 0.042
2021-04-20 13:54:33,560 - Epoch: 400, SNRdB: 31.00, SER: 0.129, BER: 0.041
2021-04-20 13:54:33,629 - Epoch: 400, SNRdB: 32.00, SER: 0.118, BER: 0.038
2021-04-20 13:54:33,817 - Epoch: 400, SNRdB: 33.00, SER: 0.119, BER: 0.039
2021-04-20 13:54:33,883 - Epoch: 400, SNRdB: 34.00, SER: 0.124, BER: 0.039
2021-04-20 13:54:34,090 - Epoch: 400, SNRdB: 35.00, SER: 0.111, BER: 0.035
2021-04-20 13:54:34,161 - Epoch: 400, SNRdB: 36.00, SER: 0.118, BER: 0.037
2021-04-20 13:54:34,360 - Epoch: 400, SNRdB: 37.00, SER: 0.114, BER: 0.036
2021-04-20 13:54:34,431 - Epoch: 400, SNRdB: 38.00, SER: 0.112, BER: 0.035
2021-04-20 13:54:34,622 - Epoch: 400, SNRdB: 39.00, SER: 0.112, BER: 0.035
2021-04-20 13:54:34,708 - Epoch: 400, SNRdB: 40.00, SER: 0.112, BER: 0.035
2021-04-20 13:54:34,758 - experiments_AWGN_order2_sharp/SISO_QAM256_AWGN_NONLINEAR_MMNet_500epochs/MMNet_10layers_epoch400.pth saved.
2021-04-20 14:53:29,353 - Testing at epoch 500
2021-04-20 14:53:29,911 - Epoch: 500, SNRdB: 1.00, SER: 0.844, BER: 0.387
2021-04-20 14:53:29,977 - Epoch: 500, SNRdB: 2.00, SER: 0.833, BER: 0.380
2021-04-20 14:53:30,211 - Epoch: 500, SNRdB: 3.00, SER: 0.793, BER: 0.362
2021-04-20 14:53:30,277 - Epoch: 500, SNRdB: 4.00, SER: 0.786, BER: 0.351
2021-04-20 14:53:30,507 - Epoch: 500, SNRdB: 5.00, SER: 0.755, BER: 0.328
2021-04-20 14:53:30,575 - Epoch: 500, SNRdB: 6.00, SER: 0.737, BER: 0.320
2021-04-20 14:53:30,771 - Epoch: 500, SNRdB: 7.00, SER: 0.729, BER: 0.314
2021-04-20 14:53:30,837 - Epoch: 500, SNRdB: 8.00, SER: 0.695, BER: 0.300
2021-04-20 14:53:31,047 - Epoch: 500, SNRdB: 9.00, SER: 0.657, BER: 0.278
2021-04-20 14:53:31,116 - Epoch: 500, SNRdB: 10.00, SER: 0.610, BER: 0.254
2021-04-20 14:53:31,311 - Epoch: 500, SNRdB: 11.00, SER: 0.591, BER: 0.252
2021-04-20 14:53:31,380 - Epoch: 500, SNRdB: 12.00, SER: 0.564, BER: 0.241
2021-04-20 14:53:31,578 - Epoch: 500, SNRdB: 13.00, SER: 0.527, BER: 0.219
2021-04-20 14:53:31,648 - Epoch: 500, SNRdB: 14.00, SER: 0.481, BER: 0.195
2021-04-20 14:53:31,853 - Epoch: 500, SNRdB: 15.00, SER: 0.455, BER: 0.192
2021-04-20 14:53:31,922 - Epoch: 500, SNRdB: 16.00, SER: 0.441, BER: 0.177
2021-04-20 14:53:32,116 - Epoch: 500, SNRdB: 17.00, SER: 0.363, BER: 0.149
2021-04-20 14:53:32,184 - Epoch: 500, SNRdB: 18.00, SER: 0.348, BER: 0.139
2021-04-20 14:53:32,380 - Epoch: 500, SNRdB: 19.00, SER: 0.301, BER: 0.123
2021-04-20 14:53:32,449 - Epoch: 500, SNRdB: 20.00, SER: 0.273, BER: 0.106
2021-04-20 14:53:32,645 - Epoch: 500, SNRdB: 21.00, SER: 0.244, BER: 0.095
2021-04-20 14:53:32,714 - Epoch: 500, SNRdB: 22.00, SER: 0.209, BER: 0.078
2021-04-20 14:53:32,912 - Epoch: 500, SNRdB: 23.00, SER: 0.192, BER: 0.071
2021-04-20 14:53:32,981 - Epoch: 500, SNRdB: 24.00, SER: 0.160, BER: 0.057
2021-04-20 14:53:33,177 - Epoch: 500, SNRdB: 25.00, SER: 0.140, BER: 0.048
2021-04-20 14:53:33,246 - Epoch: 500, SNRdB: 26.00, SER: 0.136, BER: 0.045
2021-04-20 14:53:33,444 - Epoch: 500, SNRdB: 27.00, SER: 0.126, BER: 0.040
2021-04-20 14:53:33,513 - Epoch: 500, SNRdB: 28.00, SER: 0.122, BER: 0.040
2021-04-20 14:53:33,709 - Epoch: 500, SNRdB: 29.00, SER: 0.119, BER: 0.038
2021-04-20 14:53:33,778 - Epoch: 500, SNRdB: 30.00, SER: 0.102, BER: 0.032
2021-04-20 14:53:33,960 - Epoch: 500, SNRdB: 31.00, SER: 0.103, BER: 0.033
2021-04-20 14:53:34,023 - Epoch: 500, SNRdB: 32.00, SER: 0.088, BER: 0.027
2021-04-20 14:53:34,240 - Epoch: 500, SNRdB: 33.00, SER: 0.103, BER: 0.032
2021-04-20 14:53:34,309 - Epoch: 500, SNRdB: 34.00, SER: 0.089, BER: 0.027
2021-04-20 14:53:34,558 - Epoch: 500, SNRdB: 35.00, SER: 0.093, BER: 0.028
2021-04-20 14:53:34,625 - Epoch: 500, SNRdB: 36.00, SER: 0.101, BER: 0.030
2021-04-20 14:53:34,829 - Epoch: 500, SNRdB: 37.00, SER: 0.095, BER: 0.030
2021-04-20 14:53:34,898 - Epoch: 500, SNRdB: 38.00, SER: 0.092, BER: 0.028
2021-04-20 14:53:35,092 - Epoch: 500, SNRdB: 39.00, SER: 0.087, BER: 0.026
2021-04-20 14:53:35,161 - Epoch: 500, SNRdB: 40.00, SER: 0.092, BER: 0.027
2021-04-20 14:53:35,213 - experiments_AWGN_order2_sharp/SISO_QAM256_AWGN_NONLINEAR_MMNet_500epochs/MMNet_10layers_epoch500.pth saved.
2021-04-20 14:53:35,382 - experiments_AWGN_order2_sharp/SISO_QAM256_AWGN_NONLINEAR_MMNet_500epochs/loss_MMNet_10layers.pngsaved.
2021-04-20 14:53:36,094 - experiments_AWGN_order2_sharp/SISO_QAM256_AWGN_NONLINEAR_MMNet_500epochs/SER_MMNet_10layers.png saved.
2021-04-20 14:53:36,094 - experiments_AWGN_order2_sharp/SISO_QAM256_AWGN_NONLINEAR_MMNet_500epochs/BER_MMNet_10layers.png saved.
