2021-04-15 00:13:15,754 - Testing at epoch 100
2021-04-15 00:13:15,895 - Epoch: 100, SNRdB: 1.00, SER: 0.818, BER: 0.375
2021-04-15 00:13:15,908 - Epoch: 100, SNRdB: 2.00, SER: 0.803, BER: 0.352
2021-04-15 00:13:15,945 - Epoch: 100, SNRdB: 3.00, SER: 0.779, BER: 0.338
2021-04-15 00:13:15,957 - Epoch: 100, SNRdB: 4.00, SER: 0.748, BER: 0.332
2021-04-15 00:13:15,992 - Epoch: 100, SNRdB: 5.00, SER: 0.717, BER: 0.325
2021-04-15 00:13:16,003 - Epoch: 100, SNRdB: 6.00, SER: 0.701, BER: 0.301
2021-04-15 00:13:16,039 - Epoch: 100, SNRdB: 7.00, SER: 0.680, BER: 0.296
2021-04-15 00:13:16,050 - Epoch: 100, SNRdB: 8.00, SER: 0.672, BER: 0.290
2021-04-15 00:13:16,080 - Epoch: 100, SNRdB: 9.00, SER: 0.648, BER: 0.283
2021-04-15 00:13:16,090 - Epoch: 100, SNRdB: 10.00, SER: 0.631, BER: 0.261
2021-04-15 00:13:16,123 - Epoch: 100, SNRdB: 11.00, SER: 0.619, BER: 0.246
2021-04-15 00:13:16,134 - Epoch: 100, SNRdB: 12.00, SER: 0.582, BER: 0.252
2021-04-15 00:13:16,170 - Epoch: 100, SNRdB: 13.00, SER: 0.588, BER: 0.237
2021-04-15 00:13:16,180 - Epoch: 100, SNRdB: 14.00, SER: 0.557, BER: 0.227
2021-04-15 00:13:16,210 - Epoch: 100, SNRdB: 15.00, SER: 0.553, BER: 0.227
2021-04-15 00:13:16,221 - Epoch: 100, SNRdB: 16.00, SER: 0.596, BER: 0.240
2021-04-15 00:13:16,255 - Epoch: 100, SNRdB: 17.00, SER: 0.506, BER: 0.209
2021-04-15 00:13:16,267 - Epoch: 100, SNRdB: 18.00, SER: 0.504, BER: 0.204
2021-04-15 00:13:16,297 - Epoch: 100, SNRdB: 19.00, SER: 0.508, BER: 0.205
2021-04-15 00:13:16,307 - Epoch: 100, SNRdB: 20.00, SER: 0.518, BER: 0.219
2021-04-15 00:13:16,345 - experiments_AWGN/SISO_QAM256_AWGN_LINEAR_FCNet_500epochs/upstream1_downstream1_epoch100.pth saved.
2021-04-15 00:17:08,558 - Testing at epoch 200
2021-04-15 00:17:08,715 - Epoch: 200, SNRdB: 1.00, SER: 0.789, BER: 0.364
2021-04-15 00:17:08,737 - Epoch: 200, SNRdB: 2.00, SER: 0.799, BER: 0.357
2021-04-15 00:17:08,763 - Epoch: 200, SNRdB: 3.00, SER: 0.758, BER: 0.329
2021-04-15 00:17:08,780 - Epoch: 200, SNRdB: 4.00, SER: 0.750, BER: 0.339
2021-04-15 00:17:08,808 - Epoch: 200, SNRdB: 5.00, SER: 0.736, BER: 0.333
2021-04-15 00:17:08,825 - Epoch: 200, SNRdB: 6.00, SER: 0.744, BER: 0.331
2021-04-15 00:17:08,850 - Epoch: 200, SNRdB: 7.00, SER: 0.717, BER: 0.307
2021-04-15 00:17:08,871 - Epoch: 200, SNRdB: 8.00, SER: 0.646, BER: 0.281
2021-04-15 00:17:08,891 - Epoch: 200, SNRdB: 9.00, SER: 0.666, BER: 0.278
2021-04-15 00:17:08,922 - Epoch: 200, SNRdB: 10.00, SER: 0.639, BER: 0.267
2021-04-15 00:17:08,937 - Epoch: 200, SNRdB: 11.00, SER: 0.596, BER: 0.256
2021-04-15 00:17:08,970 - Epoch: 200, SNRdB: 12.00, SER: 0.607, BER: 0.258
2021-04-15 00:17:08,983 - Epoch: 200, SNRdB: 13.00, SER: 0.555, BER: 0.228
2021-04-15 00:17:09,016 - Epoch: 200, SNRdB: 14.00, SER: 0.510, BER: 0.217
2021-04-15 00:17:09,030 - Epoch: 200, SNRdB: 15.00, SER: 0.490, BER: 0.212
2021-04-15 00:17:09,063 - Epoch: 200, SNRdB: 16.00, SER: 0.508, BER: 0.202
2021-04-15 00:17:09,077 - Epoch: 200, SNRdB: 17.00, SER: 0.439, BER: 0.169
2021-04-15 00:17:09,110 - Epoch: 200, SNRdB: 18.00, SER: 0.480, BER: 0.194
2021-04-15 00:17:09,123 - Epoch: 200, SNRdB: 19.00, SER: 0.426, BER: 0.164
2021-04-15 00:17:09,155 - Epoch: 200, SNRdB: 20.00, SER: 0.406, BER: 0.164
2021-04-15 00:17:09,182 - experiments_AWGN/SISO_QAM256_AWGN_LINEAR_FCNet_500epochs/upstream1_downstream1_epoch200.pth saved.
2021-04-15 00:21:02,262 - Testing at epoch 300
2021-04-15 00:21:02,367 - Epoch: 300, SNRdB: 1.00, SER: 0.830, BER: 0.396
2021-04-15 00:21:02,420 - Epoch: 300, SNRdB: 2.00, SER: 0.785, BER: 0.354
2021-04-15 00:21:02,438 - Epoch: 300, SNRdB: 3.00, SER: 0.787, BER: 0.358
2021-04-15 00:21:02,474 - Epoch: 300, SNRdB: 4.00, SER: 0.738, BER: 0.322
2021-04-15 00:21:02,492 - Epoch: 300, SNRdB: 5.00, SER: 0.740, BER: 0.321
2021-04-15 00:21:02,523 - Epoch: 300, SNRdB: 6.00, SER: 0.748, BER: 0.333
2021-04-15 00:21:02,541 - Epoch: 300, SNRdB: 7.00, SER: 0.705, BER: 0.319
2021-04-15 00:21:02,566 - Epoch: 300, SNRdB: 8.00, SER: 0.734, BER: 0.324
2021-04-15 00:21:02,587 - Epoch: 300, SNRdB: 9.00, SER: 0.715, BER: 0.310
2021-04-15 00:21:02,610 - Epoch: 300, SNRdB: 10.00, SER: 0.641, BER: 0.277
2021-04-15 00:21:02,636 - Epoch: 300, SNRdB: 11.00, SER: 0.617, BER: 0.269
2021-04-15 00:21:02,658 - Epoch: 300, SNRdB: 12.00, SER: 0.605, BER: 0.254
2021-04-15 00:21:02,690 - Epoch: 300, SNRdB: 13.00, SER: 0.553, BER: 0.226
2021-04-15 00:21:02,711 - Epoch: 300, SNRdB: 14.00, SER: 0.529, BER: 0.211
2021-04-15 00:21:02,745 - Epoch: 300, SNRdB: 15.00, SER: 0.529, BER: 0.220
2021-04-15 00:21:02,764 - Epoch: 300, SNRdB: 16.00, SER: 0.510, BER: 0.200
2021-04-15 00:21:02,799 - Epoch: 300, SNRdB: 17.00, SER: 0.486, BER: 0.197
2021-04-15 00:21:02,818 - Epoch: 300, SNRdB: 18.00, SER: 0.430, BER: 0.163
2021-04-15 00:21:02,848 - Epoch: 300, SNRdB: 19.00, SER: 0.428, BER: 0.168
2021-04-15 00:21:02,865 - Epoch: 300, SNRdB: 20.00, SER: 0.420, BER: 0.169
2021-04-15 00:21:02,903 - experiments_AWGN/SISO_QAM256_AWGN_LINEAR_FCNet_500epochs/upstream1_downstream1_epoch300.pth saved.
2021-04-15 00:24:54,483 - Testing at epoch 400
2021-04-15 00:24:54,709 - Epoch: 400, SNRdB: 1.00, SER: 0.814, BER: 0.374
2021-04-15 00:24:54,723 - Epoch: 400, SNRdB: 2.00, SER: 0.795, BER: 0.353
2021-04-15 00:24:54,751 - Epoch: 400, SNRdB: 3.00, SER: 0.779, BER: 0.348
2021-04-15 00:24:54,765 - Epoch: 400, SNRdB: 4.00, SER: 0.766, BER: 0.326
2021-04-15 00:24:54,795 - Epoch: 400, SNRdB: 5.00, SER: 0.723, BER: 0.306
2021-04-15 00:24:54,809 - Epoch: 400, SNRdB: 6.00, SER: 0.738, BER: 0.328
2021-04-15 00:24:54,840 - Epoch: 400, SNRdB: 7.00, SER: 0.668, BER: 0.290
2021-04-15 00:24:54,851 - Epoch: 400, SNRdB: 8.00, SER: 0.705, BER: 0.302
2021-04-15 00:24:54,883 - Epoch: 400, SNRdB: 9.00, SER: 0.646, BER: 0.292
2021-04-15 00:24:54,894 - Epoch: 400, SNRdB: 10.00, SER: 0.617, BER: 0.242
2021-04-15 00:24:54,926 - Epoch: 400, SNRdB: 11.00, SER: 0.590, BER: 0.247
2021-04-15 00:24:54,937 - Epoch: 400, SNRdB: 12.00, SER: 0.605, BER: 0.252
2021-04-15 00:24:54,970 - Epoch: 400, SNRdB: 13.00, SER: 0.502, BER: 0.212
2021-04-15 00:24:54,981 - Epoch: 400, SNRdB: 14.00, SER: 0.562, BER: 0.212
2021-04-15 00:24:55,013 - Epoch: 400, SNRdB: 15.00, SER: 0.494, BER: 0.199
2021-04-15 00:24:55,024 - Epoch: 400, SNRdB: 16.00, SER: 0.482, BER: 0.200
2021-04-15 00:24:55,056 - Epoch: 400, SNRdB: 17.00, SER: 0.445, BER: 0.182
2021-04-15 00:24:55,067 - Epoch: 400, SNRdB: 18.00, SER: 0.416, BER: 0.169
2021-04-15 00:24:55,099 - Epoch: 400, SNRdB: 19.00, SER: 0.410, BER: 0.166
2021-04-15 00:24:55,110 - Epoch: 400, SNRdB: 20.00, SER: 0.387, BER: 0.155
2021-04-15 00:24:55,142 - experiments_AWGN/SISO_QAM256_AWGN_LINEAR_FCNet_500epochs/upstream1_downstream1_epoch400.pth saved.
2021-04-15 00:28:40,717 - Testing at epoch 500
2021-04-15 00:28:40,873 - Epoch: 500, SNRdB: 1.00, SER: 0.801, BER: 0.378
2021-04-15 00:28:40,895 - Epoch: 500, SNRdB: 2.00, SER: 0.795, BER: 0.346
2021-04-15 00:28:40,919 - Epoch: 500, SNRdB: 3.00, SER: 0.785, BER: 0.346
2021-04-15 00:28:40,935 - Epoch: 500, SNRdB: 4.00, SER: 0.781, BER: 0.341
2021-04-15 00:28:40,956 - Epoch: 500, SNRdB: 5.00, SER: 0.744, BER: 0.328
2021-04-15 00:28:40,971 - Epoch: 500, SNRdB: 6.00, SER: 0.699, BER: 0.295
2021-04-15 00:28:40,994 - Epoch: 500, SNRdB: 7.00, SER: 0.689, BER: 0.300
2021-04-15 00:28:41,007 - Epoch: 500, SNRdB: 8.00, SER: 0.713, BER: 0.311
2021-04-15 00:28:41,031 - Epoch: 500, SNRdB: 9.00, SER: 0.701, BER: 0.303
2021-04-15 00:28:41,043 - Epoch: 500, SNRdB: 10.00, SER: 0.699, BER: 0.294
2021-04-15 00:28:41,068 - Epoch: 500, SNRdB: 11.00, SER: 0.605, BER: 0.250
2021-04-15 00:28:41,079 - Epoch: 500, SNRdB: 12.00, SER: 0.568, BER: 0.237
2021-04-15 00:28:41,107 - Epoch: 500, SNRdB: 13.00, SER: 0.586, BER: 0.243
2021-04-15 00:28:41,118 - Epoch: 500, SNRdB: 14.00, SER: 0.500, BER: 0.218
2021-04-15 00:28:41,150 - Epoch: 500, SNRdB: 15.00, SER: 0.547, BER: 0.219
2021-04-15 00:28:41,165 - Epoch: 500, SNRdB: 16.00, SER: 0.506, BER: 0.209
2021-04-15 00:28:41,198 - Epoch: 500, SNRdB: 17.00, SER: 0.455, BER: 0.190
2021-04-15 00:28:41,219 - Epoch: 500, SNRdB: 18.00, SER: 0.502, BER: 0.196
2021-04-15 00:28:41,243 - Epoch: 500, SNRdB: 19.00, SER: 0.432, BER: 0.173
2021-04-15 00:28:41,261 - Epoch: 500, SNRdB: 20.00, SER: 0.430, BER: 0.165
2021-04-15 00:28:41,294 - experiments_AWGN/SISO_QAM256_AWGN_LINEAR_FCNet_500epochs/upstream1_downstream1_epoch500.pth saved.
2021-04-15 00:28:41,464 - experiments_AWGN/SISO_QAM256_AWGN_LINEAR_FCNet_500epochs/loss_FCNet_1upstream_1downstream.pngsaved.
2021-04-15 00:28:42,064 - experiments_AWGN/SISO_QAM256_AWGN_LINEAR_FCNet_500epochs/SER_upstream1_downstream1.png saved.
2021-04-15 00:28:42,064 - experiments_AWGN/SISO_QAM256_AWGN_LINEAR_FCNet_500epochs/BER_upstream1_downstream1.png saved.
