2021-03-23 04:14:19,205 - Testing at epoch 50
2021-03-23 04:14:19,306 - Epoch: 50, SNRdB: 1.00, SER: 0.634, BER: 0.410
2021-03-23 04:14:19,320 - Epoch: 50, SNRdB: 2.00, SER: 0.628, BER: 0.409
2021-03-23 04:14:19,343 - Epoch: 50, SNRdB: 3.00, SER: 0.623, BER: 0.405
2021-03-23 04:14:19,364 - Epoch: 50, SNRdB: 4.00, SER: 0.584, BER: 0.378
2021-03-23 04:14:19,383 - Epoch: 50, SNRdB: 5.00, SER: 0.607, BER: 0.396
2021-03-23 04:14:19,400 - Epoch: 50, SNRdB: 6.00, SER: 0.585, BER: 0.380
2021-03-23 04:14:19,417 - Epoch: 50, SNRdB: 7.00, SER: 0.590, BER: 0.382
2021-03-23 04:14:19,433 - Epoch: 50, SNRdB: 8.00, SER: 0.595, BER: 0.381
2021-03-23 04:14:19,449 - Epoch: 50, SNRdB: 9.00, SER: 0.590, BER: 0.380
2021-03-23 04:14:19,463 - Epoch: 50, SNRdB: 10.00, SER: 0.591, BER: 0.379
2021-03-23 04:14:19,478 - Epoch: 50, SNRdB: 11.00, SER: 0.580, BER: 0.370
2021-03-23 04:14:19,491 - Epoch: 50, SNRdB: 12.00, SER: 0.600, BER: 0.383
2021-03-23 04:14:19,505 - Epoch: 50, SNRdB: 13.00, SER: 0.588, BER: 0.383
2021-03-23 04:14:19,519 - Epoch: 50, SNRdB: 14.00, SER: 0.581, BER: 0.373
2021-03-23 04:14:19,533 - Epoch: 50, SNRdB: 15.00, SER: 0.573, BER: 0.376
2021-03-23 04:14:19,562 - Epoch: 50, SNRdB: 16.00, SER: 0.570, BER: 0.373
2021-03-23 04:14:19,587 - Epoch: 50, SNRdB: 17.00, SER: 0.562, BER: 0.364
2021-03-23 04:14:19,609 - Epoch: 50, SNRdB: 18.00, SER: 0.599, BER: 0.387
2021-03-23 04:14:19,629 - Epoch: 50, SNRdB: 19.00, SER: 0.561, BER: 0.359
2021-03-23 04:14:19,648 - Epoch: 50, SNRdB: 20.00, SER: 0.578, BER: 0.366
2021-03-23 04:14:19,685 - experiments/10I10O_QAM16_AWGN_LINEAR_FCNet/upstream4_downstream5_dropout_epoch50.pth saved.
2021-03-23 04:16:03,108 - Testing at epoch 100
2021-03-23 04:16:03,241 - Epoch: 100, SNRdB: 1.00, SER: 0.594, BER: 0.383
2021-03-23 04:16:03,254 - Epoch: 100, SNRdB: 2.00, SER: 0.590, BER: 0.384
2021-03-23 04:16:03,273 - Epoch: 100, SNRdB: 3.00, SER: 0.557, BER: 0.359
2021-03-23 04:16:03,285 - Epoch: 100, SNRdB: 4.00, SER: 0.557, BER: 0.357
2021-03-23 04:16:03,303 - Epoch: 100, SNRdB: 5.00, SER: 0.543, BER: 0.350
2021-03-23 04:16:03,316 - Epoch: 100, SNRdB: 6.00, SER: 0.535, BER: 0.345
2021-03-23 04:16:03,331 - Epoch: 100, SNRdB: 7.00, SER: 0.520, BER: 0.336
2021-03-23 04:16:03,344 - Epoch: 100, SNRdB: 8.00, SER: 0.506, BER: 0.325
2021-03-23 04:16:03,358 - Epoch: 100, SNRdB: 9.00, SER: 0.518, BER: 0.338
2021-03-23 04:16:03,370 - Epoch: 100, SNRdB: 10.00, SER: 0.489, BER: 0.313
2021-03-23 04:16:03,383 - Epoch: 100, SNRdB: 11.00, SER: 0.485, BER: 0.315
2021-03-23 04:16:03,395 - Epoch: 100, SNRdB: 12.00, SER: 0.495, BER: 0.321
2021-03-23 04:16:03,408 - Epoch: 100, SNRdB: 13.00, SER: 0.491, BER: 0.319
2021-03-23 04:16:03,421 - Epoch: 100, SNRdB: 14.00, SER: 0.478, BER: 0.307
2021-03-23 04:16:03,434 - Epoch: 100, SNRdB: 15.00, SER: 0.477, BER: 0.312
2021-03-23 04:16:03,446 - Epoch: 100, SNRdB: 16.00, SER: 0.471, BER: 0.307
2021-03-23 04:16:03,459 - Epoch: 100, SNRdB: 17.00, SER: 0.451, BER: 0.296
2021-03-23 04:16:03,471 - Epoch: 100, SNRdB: 18.00, SER: 0.453, BER: 0.291
2021-03-23 04:16:03,483 - Epoch: 100, SNRdB: 19.00, SER: 0.455, BER: 0.295
2021-03-23 04:16:03,495 - Epoch: 100, SNRdB: 20.00, SER: 0.463, BER: 0.298
2021-03-23 04:16:03,527 - experiments/10I10O_QAM16_AWGN_LINEAR_FCNet/upstream4_downstream5_dropout_epoch100.pth saved.
2021-03-23 04:17:46,656 - Testing at epoch 150
2021-03-23 04:17:46,752 - Epoch: 150, SNRdB: 1.00, SER: 0.564, BER: 0.364
2021-03-23 04:17:46,770 - Epoch: 150, SNRdB: 2.00, SER: 0.559, BER: 0.363
2021-03-23 04:17:46,782 - Epoch: 150, SNRdB: 3.00, SER: 0.525, BER: 0.339
2021-03-23 04:17:46,799 - Epoch: 150, SNRdB: 4.00, SER: 0.522, BER: 0.340
2021-03-23 04:17:46,811 - Epoch: 150, SNRdB: 5.00, SER: 0.516, BER: 0.330
2021-03-23 04:17:46,827 - Epoch: 150, SNRdB: 6.00, SER: 0.487, BER: 0.314
2021-03-23 04:17:46,840 - Epoch: 150, SNRdB: 7.00, SER: 0.481, BER: 0.317
2021-03-23 04:17:46,856 - Epoch: 150, SNRdB: 8.00, SER: 0.470, BER: 0.305
2021-03-23 04:17:46,869 - Epoch: 150, SNRdB: 9.00, SER: 0.429, BER: 0.276
2021-03-23 04:17:46,885 - Epoch: 150, SNRdB: 10.00, SER: 0.434, BER: 0.284
2021-03-23 04:17:46,897 - Epoch: 150, SNRdB: 11.00, SER: 0.401, BER: 0.258
2021-03-23 04:17:46,914 - Epoch: 150, SNRdB: 12.00, SER: 0.387, BER: 0.253
2021-03-23 04:17:46,927 - Epoch: 150, SNRdB: 13.00, SER: 0.386, BER: 0.254
2021-03-23 04:17:46,944 - Epoch: 150, SNRdB: 14.00, SER: 0.366, BER: 0.234
2021-03-23 04:17:46,957 - Epoch: 150, SNRdB: 15.00, SER: 0.352, BER: 0.227
2021-03-23 04:17:46,971 - Epoch: 150, SNRdB: 16.00, SER: 0.369, BER: 0.241
2021-03-23 04:17:46,984 - Epoch: 150, SNRdB: 17.00, SER: 0.361, BER: 0.234
2021-03-23 04:17:46,997 - Epoch: 150, SNRdB: 18.00, SER: 0.340, BER: 0.223
2021-03-23 04:17:47,009 - Epoch: 150, SNRdB: 19.00, SER: 0.375, BER: 0.243
2021-03-23 04:17:47,022 - Epoch: 150, SNRdB: 20.00, SER: 0.373, BER: 0.245
2021-03-23 04:17:47,075 - experiments/10I10O_QAM16_AWGN_LINEAR_FCNet/upstream4_downstream5_dropout_epoch150.pth saved.
2021-03-23 04:19:30,194 - Testing at epoch 200
2021-03-23 04:19:30,288 - Epoch: 200, SNRdB: 1.00, SER: 0.580, BER: 0.380
2021-03-23 04:19:30,313 - Epoch: 200, SNRdB: 2.00, SER: 0.570, BER: 0.367
2021-03-23 04:19:30,324 - Epoch: 200, SNRdB: 3.00, SER: 0.529, BER: 0.351
2021-03-23 04:19:30,339 - Epoch: 200, SNRdB: 4.00, SER: 0.504, BER: 0.335
2021-03-23 04:19:30,350 - Epoch: 200, SNRdB: 5.00, SER: 0.510, BER: 0.330
2021-03-23 04:19:30,364 - Epoch: 200, SNRdB: 6.00, SER: 0.471, BER: 0.313
2021-03-23 04:19:30,375 - Epoch: 200, SNRdB: 7.00, SER: 0.452, BER: 0.303
2021-03-23 04:19:30,392 - Epoch: 200, SNRdB: 8.00, SER: 0.428, BER: 0.276
2021-03-23 04:19:30,403 - Epoch: 200, SNRdB: 9.00, SER: 0.423, BER: 0.275
2021-03-23 04:19:30,415 - Epoch: 200, SNRdB: 10.00, SER: 0.380, BER: 0.244
2021-03-23 04:19:30,427 - Epoch: 200, SNRdB: 11.00, SER: 0.368, BER: 0.244
2021-03-23 04:19:30,440 - Epoch: 200, SNRdB: 12.00, SER: 0.359, BER: 0.238
2021-03-23 04:19:30,453 - Epoch: 200, SNRdB: 13.00, SER: 0.362, BER: 0.243
2021-03-23 04:19:30,466 - Epoch: 200, SNRdB: 14.00, SER: 0.341, BER: 0.228
2021-03-23 04:19:30,478 - Epoch: 200, SNRdB: 15.00, SER: 0.326, BER: 0.211
2021-03-23 04:19:30,491 - Epoch: 200, SNRdB: 16.00, SER: 0.321, BER: 0.214
2021-03-23 04:19:30,504 - Epoch: 200, SNRdB: 17.00, SER: 0.311, BER: 0.204
2021-03-23 04:19:30,516 - Epoch: 200, SNRdB: 18.00, SER: 0.314, BER: 0.205
2021-03-23 04:19:30,529 - Epoch: 200, SNRdB: 19.00, SER: 0.328, BER: 0.221
2021-03-23 04:19:30,541 - Epoch: 200, SNRdB: 20.00, SER: 0.320, BER: 0.209
2021-03-23 04:19:30,583 - experiments/10I10O_QAM16_AWGN_LINEAR_FCNet/upstream4_downstream5_dropout_epoch200.pth saved.
2021-03-23 04:19:30,691 - experiments/10I10O_QAM16_AWGN_LINEAR_FCNet/loss_FCNet_4upstream_5downstream.pngsaved.
2021-03-23 04:19:31,195 - experiments/10I10O_QAM16_AWGN_LINEAR_FCNet/SER_upstream4_downstream5_dropout.png saved.
2021-03-23 04:19:31,195 - experiments/10I10O_QAM16_AWGN_LINEAR_FCNet/BER_upstream4_downstream5_dropout.png saved.
