2021-03-22 19:29:08,759 - Testing at epoch 40
2021-03-22 19:29:08,842 - Epoch: 40, SNRdB: 1.00, SER: 0.500, BER: 0.500
2021-03-22 19:29:08,863 - Epoch: 40, SNRdB: 2.00, SER: 0.000, BER: 0.000
2021-03-22 19:29:08,882 - Epoch: 40, SNRdB: 3.00, SER: 0.500, BER: 0.250
2021-03-22 19:29:08,901 - Epoch: 40, SNRdB: 4.00, SER: 0.500, BER: 0.250
2021-03-22 19:29:08,921 - Epoch: 40, SNRdB: 5.00, SER: 0.500, BER: 0.250
2021-03-22 19:29:08,942 - Epoch: 40, SNRdB: 6.00, SER: 0.500, BER: 0.250
2021-03-22 19:29:08,962 - Epoch: 40, SNRdB: 7.00, SER: 0.000, BER: 0.000
2021-03-22 19:29:08,983 - Epoch: 40, SNRdB: 8.00, SER: 0.500, BER: 0.500
2021-03-22 19:29:09,004 - Epoch: 40, SNRdB: 9.00, SER: 0.000, BER: 0.000
2021-03-22 19:29:09,026 - Epoch: 40, SNRdB: 10.00, SER: 0.500, BER: 0.250
2021-03-22 19:29:09,047 - Epoch: 40, SNRdB: 11.00, SER: 0.000, BER: 0.000
2021-03-22 19:29:09,066 - Epoch: 40, SNRdB: 12.00, SER: 0.000, BER: 0.000
2021-03-22 19:29:09,087 - Epoch: 40, SNRdB: 13.00, SER: 0.000, BER: 0.000
2021-03-22 19:29:09,106 - Epoch: 40, SNRdB: 14.00, SER: 0.000, BER: 0.000
2021-03-22 19:29:09,125 - Epoch: 40, SNRdB: 15.00, SER: 0.000, BER: 0.000
2021-03-22 19:29:09,146 - Epoch: 40, SNRdB: 16.00, SER: 0.000, BER: 0.000
2021-03-22 19:29:09,165 - Epoch: 40, SNRdB: 17.00, SER: 0.000, BER: 0.000
2021-03-22 19:29:09,187 - Epoch: 40, SNRdB: 18.00, SER: 0.000, BER: 0.000
2021-03-22 19:29:09,207 - Epoch: 40, SNRdB: 19.00, SER: 0.000, BER: 0.000
2021-03-22 19:29:09,227 - Epoch: 40, SNRdB: 20.00, SER: 0.000, BER: 0.000
2021-03-22 19:29:09,265 - experiments/SISO_QAM16_AWGN_LINEAR_MMNet/MMNet_10layers_epoch40.pth saved.
2021-03-22 19:33:43,359 - Testing at epoch 80
2021-03-22 19:33:43,438 - Epoch: 80, SNRdB: 1.00, SER: 0.500, BER: 0.250
2021-03-22 19:33:43,453 - Epoch: 80, SNRdB: 2.00, SER: 0.500, BER: 0.250
2021-03-22 19:33:43,470 - Epoch: 80, SNRdB: 3.00, SER: 0.000, BER: 0.000
2021-03-22 19:33:43,489 - Epoch: 80, SNRdB: 4.00, SER: 0.000, BER: 0.000
2021-03-22 19:33:43,508 - Epoch: 80, SNRdB: 5.00, SER: 0.000, BER: 0.000
2021-03-22 19:33:43,527 - Epoch: 80, SNRdB: 6.00, SER: 0.000, BER: 0.000
2021-03-22 19:33:43,546 - Epoch: 80, SNRdB: 7.00, SER: 0.000, BER: 0.000
2021-03-22 19:33:43,565 - Epoch: 80, SNRdB: 8.00, SER: 0.000, BER: 0.000
2021-03-22 19:33:43,585 - Epoch: 80, SNRdB: 9.00, SER: 0.000, BER: 0.000
2021-03-22 19:33:43,605 - Epoch: 80, SNRdB: 10.00, SER: 0.500, BER: 0.500
2021-03-22 19:33:43,625 - Epoch: 80, SNRdB: 11.00, SER: 0.000, BER: 0.000
2021-03-22 19:33:43,640 - Epoch: 80, SNRdB: 12.00, SER: 0.000, BER: 0.000
2021-03-22 19:33:43,655 - Epoch: 80, SNRdB: 13.00, SER: 0.000, BER: 0.000
2021-03-22 19:33:43,671 - Epoch: 80, SNRdB: 14.00, SER: 0.000, BER: 0.000
2021-03-22 19:33:43,686 - Epoch: 80, SNRdB: 15.00, SER: 0.000, BER: 0.000
2021-03-22 19:33:43,706 - Epoch: 80, SNRdB: 16.00, SER: 0.000, BER: 0.000
2021-03-22 19:33:43,724 - Epoch: 80, SNRdB: 17.00, SER: 0.000, BER: 0.000
2021-03-22 19:33:43,740 - Epoch: 80, SNRdB: 18.00, SER: 0.000, BER: 0.000
2021-03-22 19:33:43,759 - Epoch: 80, SNRdB: 19.00, SER: 0.000, BER: 0.000
2021-03-22 19:33:43,778 - Epoch: 80, SNRdB: 20.00, SER: 0.000, BER: 0.000
2021-03-22 19:33:43,807 - experiments/SISO_QAM16_AWGN_LINEAR_MMNet/MMNet_10layers_epoch80.pth saved.
2021-03-22 19:38:16,792 - Testing at epoch 120
2021-03-22 19:38:16,882 - Epoch: 120, SNRdB: 1.00, SER: 0.500, BER: 0.250
2021-03-22 19:38:16,900 - Epoch: 120, SNRdB: 2.00, SER: 0.500, BER: 0.250
2021-03-22 19:38:16,918 - Epoch: 120, SNRdB: 3.00, SER: 0.000, BER: 0.000
2021-03-22 19:38:16,936 - Epoch: 120, SNRdB: 4.00, SER: 1.000, BER: 0.500
2021-03-22 19:38:16,956 - Epoch: 120, SNRdB: 5.00, SER: 0.000, BER: 0.000
2021-03-22 19:38:16,974 - Epoch: 120, SNRdB: 6.00, SER: 0.500, BER: 0.500
2021-03-22 19:38:16,993 - Epoch: 120, SNRdB: 7.00, SER: 0.000, BER: 0.000
2021-03-22 19:38:17,012 - Epoch: 120, SNRdB: 8.00, SER: 0.500, BER: 0.250
2021-03-22 19:38:17,031 - Epoch: 120, SNRdB: 9.00, SER: 0.000, BER: 0.000
2021-03-22 19:38:17,049 - Epoch: 120, SNRdB: 10.00, SER: 0.000, BER: 0.000
2021-03-22 19:38:17,069 - Epoch: 120, SNRdB: 11.00, SER: 0.000, BER: 0.000
2021-03-22 19:38:17,088 - Epoch: 120, SNRdB: 12.00, SER: 0.000, BER: 0.000
2021-03-22 19:38:17,107 - Epoch: 120, SNRdB: 13.00, SER: 0.500, BER: 0.500
2021-03-22 19:38:17,126 - Epoch: 120, SNRdB: 14.00, SER: 0.000, BER: 0.000
2021-03-22 19:38:17,145 - Epoch: 120, SNRdB: 15.00, SER: 0.000, BER: 0.000
2021-03-22 19:38:17,167 - Epoch: 120, SNRdB: 16.00, SER: 0.000, BER: 0.000
2021-03-22 19:38:17,187 - Epoch: 120, SNRdB: 17.00, SER: 0.000, BER: 0.000
2021-03-22 19:38:17,207 - Epoch: 120, SNRdB: 18.00, SER: 0.000, BER: 0.000
2021-03-22 19:38:17,228 - Epoch: 120, SNRdB: 19.00, SER: 0.000, BER: 0.000
2021-03-22 19:38:17,250 - Epoch: 120, SNRdB: 20.00, SER: 0.000, BER: 0.000
2021-03-22 19:38:17,290 - experiments/SISO_QAM16_AWGN_LINEAR_MMNet/MMNet_10layers_epoch120.pth saved.
2021-03-22 19:42:51,202 - Testing at epoch 160
2021-03-22 19:42:51,286 - Epoch: 160, SNRdB: 1.00, SER: 0.000, BER: 0.000
2021-03-22 19:42:51,305 - Epoch: 160, SNRdB: 2.00, SER: 0.000, BER: 0.000
2021-03-22 19:42:51,325 - Epoch: 160, SNRdB: 3.00, SER: 0.500, BER: 0.500
2021-03-22 19:42:51,344 - Epoch: 160, SNRdB: 4.00, SER: 0.500, BER: 0.250
2021-03-22 19:42:51,364 - Epoch: 160, SNRdB: 5.00, SER: 0.000, BER: 0.000
2021-03-22 19:42:51,380 - Epoch: 160, SNRdB: 6.00, SER: 0.000, BER: 0.000
2021-03-22 19:42:51,395 - Epoch: 160, SNRdB: 7.00, SER: 1.000, BER: 0.500
2021-03-22 19:42:51,409 - Epoch: 160, SNRdB: 8.00, SER: 0.000, BER: 0.000
2021-03-22 19:42:51,425 - Epoch: 160, SNRdB: 9.00, SER: 0.000, BER: 0.000
2021-03-22 19:42:51,446 - Epoch: 160, SNRdB: 10.00, SER: 0.500, BER: 0.500
2021-03-22 19:42:51,466 - Epoch: 160, SNRdB: 11.00, SER: 0.500, BER: 0.500
2021-03-22 19:42:51,487 - Epoch: 160, SNRdB: 12.00, SER: 0.000, BER: 0.000
2021-03-22 19:42:51,507 - Epoch: 160, SNRdB: 13.00, SER: 0.000, BER: 0.000
2021-03-22 19:42:51,526 - Epoch: 160, SNRdB: 14.00, SER: 0.000, BER: 0.000
2021-03-22 19:42:51,545 - Epoch: 160, SNRdB: 15.00, SER: 0.500, BER: 0.500
2021-03-22 19:42:51,564 - Epoch: 160, SNRdB: 16.00, SER: 0.000, BER: 0.000
2021-03-22 19:42:51,583 - Epoch: 160, SNRdB: 17.00, SER: 0.000, BER: 0.000
2021-03-22 19:42:51,603 - Epoch: 160, SNRdB: 18.00, SER: 0.000, BER: 0.000
2021-03-22 19:42:51,623 - Epoch: 160, SNRdB: 19.00, SER: 0.000, BER: 0.000
2021-03-22 19:42:51,640 - Epoch: 160, SNRdB: 20.00, SER: 0.000, BER: 0.000
2021-03-22 19:42:51,669 - experiments/SISO_QAM16_AWGN_LINEAR_MMNet/MMNet_10layers_epoch160.pth saved.
2021-03-22 19:47:21,236 - Testing at epoch 200
2021-03-22 19:47:21,308 - Epoch: 200, SNRdB: 1.00, SER: 0.000, BER: 0.000
2021-03-22 19:47:21,324 - Epoch: 200, SNRdB: 2.00, SER: 0.000, BER: 0.000
2021-03-22 19:47:21,339 - Epoch: 200, SNRdB: 3.00, SER: 0.500, BER: 0.250
2021-03-22 19:47:21,354 - Epoch: 200, SNRdB: 4.00, SER: 0.000, BER: 0.000
2021-03-22 19:47:21,369 - Epoch: 200, SNRdB: 5.00, SER: 0.000, BER: 0.000
2021-03-22 19:47:21,384 - Epoch: 200, SNRdB: 6.00, SER: 0.000, BER: 0.000
2021-03-22 19:47:21,398 - Epoch: 200, SNRdB: 7.00, SER: 0.500, BER: 0.250
2021-03-22 19:47:21,412 - Epoch: 200, SNRdB: 8.00, SER: 0.000, BER: 0.000
2021-03-22 19:47:21,427 - Epoch: 200, SNRdB: 9.00, SER: 0.000, BER: 0.000
2021-03-22 19:47:21,441 - Epoch: 200, SNRdB: 10.00, SER: 0.000, BER: 0.000
2021-03-22 19:47:21,456 - Epoch: 200, SNRdB: 11.00, SER: 0.000, BER: 0.000
2021-03-22 19:47:21,471 - Epoch: 200, SNRdB: 12.00, SER: 0.000, BER: 0.000
2021-03-22 19:47:21,486 - Epoch: 200, SNRdB: 13.00, SER: 0.000, BER: 0.000
2021-03-22 19:47:21,501 - Epoch: 200, SNRdB: 14.00, SER: 0.000, BER: 0.000
2021-03-22 19:47:21,531 - Epoch: 200, SNRdB: 15.00, SER: 0.000, BER: 0.000
2021-03-22 19:47:21,558 - Epoch: 200, SNRdB: 16.00, SER: 0.000, BER: 0.000
2021-03-22 19:47:21,581 - Epoch: 200, SNRdB: 17.00, SER: 0.000, BER: 0.000
2021-03-22 19:47:21,604 - Epoch: 200, SNRdB: 18.00, SER: 0.000, BER: 0.000
2021-03-22 19:47:21,624 - Epoch: 200, SNRdB: 19.00, SER: 0.000, BER: 0.000
2021-03-22 19:47:21,643 - Epoch: 200, SNRdB: 20.00, SER: 0.000, BER: 0.000
2021-03-22 19:47:21,685 - experiments/SISO_QAM16_AWGN_LINEAR_MMNet/MMNet_10layers_epoch200.pth saved.
2021-03-22 19:47:21,802 - experiments/SISO_QAM16_AWGN_LINEAR_MMNet/loss_MMNet_10layers.pngsaved.
2021-03-22 19:47:22,396 - experiments/SISO_QAM16_AWGN_LINEAR_MMNet/SER_MMNet_10layers.png saved.
2021-03-22 19:47:22,396 - experiments/SISO_QAM16_AWGN_LINEAR_MMNet/BER_MMNet_10layers.png saved.
2021-03-22 22:08:14,849 - Testing at epoch 10
2021-03-22 22:11:52,109 - Testing at epoch 10
2021-03-22 22:16:07,194 - Testing at epoch 10
2021-03-22 22:17:25,600 - Testing at epoch 1
2021-03-22 22:18:10,166 - Testing at epoch 1
2021-03-22 22:18:10,404 - Epoch: 1, SNRdB: 1.00, SER: 0.586, BER: 0.366
2021-03-22 22:18:10,466 - Epoch: 1, SNRdB: 2.00, SER: 0.567, BER: 0.359
2021-03-22 22:18:10,494 - Epoch: 1, SNRdB: 3.00, SER: 0.522, BER: 0.325
2021-03-22 22:18:10,522 - Epoch: 1, SNRdB: 4.00, SER: 0.516, BER: 0.320
2021-03-22 22:18:10,594 - Epoch: 1, SNRdB: 5.00, SER: 0.484, BER: 0.303
2021-03-22 22:18:10,728 - Epoch: 1, SNRdB: 6.00, SER: 0.442, BER: 0.270
2021-03-22 22:18:10,766 - Epoch: 1, SNRdB: 7.00, SER: 0.414, BER: 0.247
2021-03-22 22:18:10,795 - Epoch: 1, SNRdB: 8.00, SER: 0.382, BER: 0.225
2021-03-22 22:18:10,902 - Epoch: 1, SNRdB: 9.00, SER: 0.363, BER: 0.214
2021-03-22 22:18:11,031 - Epoch: 1, SNRdB: 10.00, SER: 0.353, BER: 0.201
2021-03-22 22:18:11,054 - Epoch: 1, SNRdB: 11.00, SER: 0.339, BER: 0.191
2021-03-22 22:18:11,136 - Epoch: 1, SNRdB: 12.00, SER: 0.309, BER: 0.172
2021-03-22 22:18:11,290 - Epoch: 1, SNRdB: 13.00, SER: 0.292, BER: 0.160
2021-03-22 22:18:11,424 - Epoch: 1, SNRdB: 14.00, SER: 0.268, BER: 0.143
2021-03-22 22:18:11,499 - Epoch: 1, SNRdB: 15.00, SER: 0.285, BER: 0.152
2021-03-22 22:18:11,527 - Epoch: 1, SNRdB: 16.00, SER: 0.278, BER: 0.144
2021-03-22 22:18:11,567 - Epoch: 1, SNRdB: 17.00, SER: 0.271, BER: 0.141
2021-03-22 22:18:11,703 - Epoch: 1, SNRdB: 18.00, SER: 0.279, BER: 0.145
2021-03-22 22:18:11,769 - Epoch: 1, SNRdB: 19.00, SER: 0.274, BER: 0.141
2021-03-22 22:18:11,896 - Epoch: 1, SNRdB: 20.00, SER: 0.262, BER: 0.133
2021-03-22 22:18:11,937 - experiments/SISO_QAM16_AWGN_LINEAR_MMNet/MMNet_10layers_epoch1.pth saved.
2021-03-22 22:18:27,843 - Testing at epoch 2
2021-03-22 22:18:28,027 - Epoch: 2, SNRdB: 1.00, SER: 0.546, BER: 0.350
2021-03-22 22:18:28,140 - Epoch: 2, SNRdB: 2.00, SER: 0.490, BER: 0.315
2021-03-22 22:18:28,169 - Epoch: 2, SNRdB: 3.00, SER: 0.487, BER: 0.308
2021-03-22 22:18:28,199 - Epoch: 2, SNRdB: 4.00, SER: 0.454, BER: 0.287
2021-03-22 22:18:28,227 - Epoch: 2, SNRdB: 5.00, SER: 0.403, BER: 0.255
2021-03-22 22:18:28,293 - Epoch: 2, SNRdB: 6.00, SER: 0.372, BER: 0.239
2021-03-22 22:18:28,413 - Epoch: 2, SNRdB: 7.00, SER: 0.341, BER: 0.218
2021-03-22 22:18:28,486 - Epoch: 2, SNRdB: 8.00, SER: 0.326, BER: 0.198
2021-03-22 22:18:28,607 - Epoch: 2, SNRdB: 9.00, SER: 0.295, BER: 0.182
2021-03-22 22:18:28,675 - Epoch: 2, SNRdB: 10.00, SER: 0.268, BER: 0.164
2021-03-22 22:18:28,709 - Epoch: 2, SNRdB: 11.00, SER: 0.251, BER: 0.149
2021-03-22 22:18:28,739 - Epoch: 2, SNRdB: 12.00, SER: 0.222, BER: 0.129
2021-03-22 22:18:28,775 - Epoch: 2, SNRdB: 13.00, SER: 0.210, BER: 0.122
2021-03-22 22:18:28,800 - Epoch: 2, SNRdB: 14.00, SER: 0.198, BER: 0.114
2021-03-22 22:18:28,826 - Epoch: 2, SNRdB: 15.00, SER: 0.194, BER: 0.107
2021-03-22 22:18:28,853 - Epoch: 2, SNRdB: 16.00, SER: 0.183, BER: 0.104
2021-03-22 22:18:28,879 - Epoch: 2, SNRdB: 17.00, SER: 0.184, BER: 0.100
2021-03-22 22:18:28,904 - Epoch: 2, SNRdB: 18.00, SER: 0.173, BER: 0.094
2021-03-22 22:18:28,929 - Epoch: 2, SNRdB: 19.00, SER: 0.162, BER: 0.088
2021-03-22 22:18:28,955 - Epoch: 2, SNRdB: 20.00, SER: 0.162, BER: 0.084
2021-03-22 22:18:28,991 - experiments/SISO_QAM16_AWGN_LINEAR_MMNet/MMNet_10layers_epoch2.pth saved.
2021-03-22 22:18:44,822 - Testing at epoch 3
2021-03-22 22:18:44,946 - Epoch: 3, SNRdB: 1.00, SER: 0.532, BER: 0.337
2021-03-22 22:18:44,975 - Epoch: 3, SNRdB: 2.00, SER: 0.486, BER: 0.309
2021-03-22 22:18:45,004 - Epoch: 3, SNRdB: 3.00, SER: 0.485, BER: 0.310
2021-03-22 22:18:45,033 - Epoch: 3, SNRdB: 4.00, SER: 0.434, BER: 0.276
2021-03-22 22:18:45,062 - Epoch: 3, SNRdB: 5.00, SER: 0.372, BER: 0.234
2021-03-22 22:18:45,091 - Epoch: 3, SNRdB: 6.00, SER: 0.364, BER: 0.232
2021-03-22 22:18:45,119 - Epoch: 3, SNRdB: 7.00, SER: 0.319, BER: 0.200
2021-03-22 22:18:45,147 - Epoch: 3, SNRdB: 8.00, SER: 0.293, BER: 0.186
2021-03-22 22:18:45,284 - Epoch: 3, SNRdB: 9.00, SER: 0.269, BER: 0.170
2021-03-22 22:18:45,421 - Epoch: 3, SNRdB: 10.00, SER: 0.265, BER: 0.166
2021-03-22 22:18:45,564 - Epoch: 3, SNRdB: 11.00, SER: 0.218, BER: 0.136
2021-03-22 22:18:45,592 - Epoch: 3, SNRdB: 12.00, SER: 0.212, BER: 0.128
2021-03-22 22:18:45,621 - Epoch: 3, SNRdB: 13.00, SER: 0.183, BER: 0.113
2021-03-22 22:18:45,649 - Epoch: 3, SNRdB: 14.00, SER: 0.170, BER: 0.102
2021-03-22 22:18:45,717 - Epoch: 3, SNRdB: 15.00, SER: 0.171, BER: 0.103
2021-03-22 22:18:45,887 - Epoch: 3, SNRdB: 16.00, SER: 0.179, BER: 0.104
2021-03-22 22:18:46,024 - Epoch: 3, SNRdB: 17.00, SER: 0.173, BER: 0.101
2021-03-22 22:18:46,149 - Epoch: 3, SNRdB: 18.00, SER: 0.153, BER: 0.088
2021-03-22 22:18:46,189 - Epoch: 3, SNRdB: 19.00, SER: 0.145, BER: 0.083
2021-03-22 22:18:46,229 - Epoch: 3, SNRdB: 20.00, SER: 0.143, BER: 0.081
2021-03-22 22:18:46,258 - experiments/SISO_QAM16_AWGN_LINEAR_MMNet/MMNet_10layers_epoch3.pth saved.
2021-03-22 22:19:03,699 - Testing at epoch 4
2021-03-22 22:19:03,952 - Epoch: 4, SNRdB: 1.00, SER: 0.491, BER: 0.318
2021-03-22 22:19:04,080 - Epoch: 4, SNRdB: 2.00, SER: 0.468, BER: 0.299
2021-03-22 22:19:04,201 - Epoch: 4, SNRdB: 3.00, SER: 0.455, BER: 0.292
2021-03-22 22:19:04,332 - Epoch: 4, SNRdB: 4.00, SER: 0.398, BER: 0.258
2021-03-22 22:19:04,459 - Epoch: 4, SNRdB: 5.00, SER: 0.376, BER: 0.244
2021-03-22 22:19:04,591 - Epoch: 4, SNRdB: 6.00, SER: 0.338, BER: 0.216
2021-03-22 22:19:04,730 - Epoch: 4, SNRdB: 7.00, SER: 0.300, BER: 0.197
2021-03-22 22:19:04,893 - Epoch: 4, SNRdB: 8.00, SER: 0.279, BER: 0.177
2021-03-22 22:19:05,022 - Epoch: 4, SNRdB: 9.00, SER: 0.252, BER: 0.166
2021-03-22 22:19:05,144 - Epoch: 4, SNRdB: 10.00, SER: 0.245, BER: 0.156
2021-03-22 22:19:05,268 - Epoch: 4, SNRdB: 11.00, SER: 0.209, BER: 0.132
2021-03-22 22:19:05,418 - Epoch: 4, SNRdB: 12.00, SER: 0.196, BER: 0.121
2021-03-22 22:19:05,545 - Epoch: 4, SNRdB: 13.00, SER: 0.186, BER: 0.114
2021-03-22 22:19:05,674 - Epoch: 4, SNRdB: 14.00, SER: 0.174, BER: 0.106
2021-03-22 22:19:05,794 - Epoch: 4, SNRdB: 15.00, SER: 0.164, BER: 0.100
2021-03-22 22:19:05,923 - Epoch: 4, SNRdB: 16.00, SER: 0.150, BER: 0.091
2021-03-22 22:19:06,043 - Epoch: 4, SNRdB: 17.00, SER: 0.145, BER: 0.085
2021-03-22 22:19:06,165 - Epoch: 4, SNRdB: 18.00, SER: 0.142, BER: 0.086
2021-03-22 22:19:06,283 - Epoch: 4, SNRdB: 19.00, SER: 0.136, BER: 0.081
2021-03-22 22:19:06,410 - Epoch: 4, SNRdB: 20.00, SER: 0.129, BER: 0.076
2021-03-22 22:19:06,444 - experiments/SISO_QAM16_AWGN_LINEAR_MMNet/MMNet_10layers_epoch4.pth saved.
2021-03-22 22:19:28,893 - Testing at epoch 5
2021-03-22 22:19:29,138 - Epoch: 5, SNRdB: 1.00, SER: 0.510, BER: 0.326
2021-03-22 22:19:29,273 - Epoch: 5, SNRdB: 2.00, SER: 0.488, BER: 0.321
2021-03-22 22:19:29,396 - Epoch: 5, SNRdB: 3.00, SER: 0.435, BER: 0.283
2021-03-22 22:19:29,519 - Epoch: 5, SNRdB: 4.00, SER: 0.409, BER: 0.261
2021-03-22 22:19:29,635 - Epoch: 5, SNRdB: 5.00, SER: 0.382, BER: 0.245
2021-03-22 22:19:29,787 - Epoch: 5, SNRdB: 6.00, SER: 0.323, BER: 0.213
2021-03-22 22:19:29,935 - Epoch: 5, SNRdB: 7.00, SER: 0.297, BER: 0.197
2021-03-22 22:19:30,068 - Epoch: 5, SNRdB: 8.00, SER: 0.279, BER: 0.177
2021-03-22 22:19:30,193 - Epoch: 5, SNRdB: 9.00, SER: 0.250, BER: 0.163
2021-03-22 22:19:30,314 - Epoch: 5, SNRdB: 10.00, SER: 0.233, BER: 0.150
2021-03-22 22:19:30,431 - Epoch: 5, SNRdB: 11.00, SER: 0.204, BER: 0.131
2021-03-22 22:19:30,565 - Epoch: 5, SNRdB: 12.00, SER: 0.184, BER: 0.116
2021-03-22 22:19:30,690 - Epoch: 5, SNRdB: 13.00, SER: 0.170, BER: 0.106
2021-03-22 22:19:30,816 - Epoch: 5, SNRdB: 14.00, SER: 0.155, BER: 0.096
2021-03-22 22:19:30,955 - Epoch: 5, SNRdB: 15.00, SER: 0.138, BER: 0.084
2021-03-22 22:19:31,096 - Epoch: 5, SNRdB: 16.00, SER: 0.128, BER: 0.077
2021-03-22 22:19:31,222 - Epoch: 5, SNRdB: 17.00, SER: 0.120, BER: 0.071
2021-03-22 22:19:31,357 - Epoch: 5, SNRdB: 18.00, SER: 0.122, BER: 0.074
2021-03-22 22:19:31,489 - Epoch: 5, SNRdB: 19.00, SER: 0.105, BER: 0.067
2021-03-22 22:19:31,624 - Epoch: 5, SNRdB: 20.00, SER: 0.109, BER: 0.066
2021-03-22 22:19:31,663 - experiments/SISO_QAM16_AWGN_LINEAR_MMNet/MMNet_10layers_epoch5.pth saved.
2021-03-22 22:19:31,772 - experiments/SISO_QAM16_AWGN_LINEAR_MMNet/loss_MMNet_10layers.pngsaved.
2021-03-22 22:19:32,348 - experiments/SISO_QAM16_AWGN_LINEAR_MMNet/SER_MMNet_10layers.png saved.
2021-03-22 22:19:32,348 - experiments/SISO_QAM16_AWGN_LINEAR_MMNet/BER_MMNet_10layers.png saved.
2021-03-22 22:36:11,615 - Testing at epoch 50
2021-03-22 22:36:11,871 - Epoch: 50, SNRdB: 1.00, SER: 0.448, BER: 0.279
2021-03-22 22:36:12,007 - Epoch: 50, SNRdB: 2.00, SER: 0.443, BER: 0.282
2021-03-22 22:36:12,162 - Epoch: 50, SNRdB: 3.00, SER: 0.392, BER: 0.257
2021-03-22 22:36:12,339 - Epoch: 50, SNRdB: 4.00, SER: 0.348, BER: 0.234
2021-03-22 22:36:12,494 - Epoch: 50, SNRdB: 5.00, SER: 0.324, BER: 0.212
2021-03-22 22:36:12,688 - Epoch: 50, SNRdB: 6.00, SER: 0.268, BER: 0.176
2021-03-22 22:36:12,833 - Epoch: 50, SNRdB: 7.00, SER: 0.262, BER: 0.173
2021-03-22 22:36:12,979 - Epoch: 50, SNRdB: 8.00, SER: 0.190, BER: 0.126
2021-03-22 22:36:13,135 - Epoch: 50, SNRdB: 9.00, SER: 0.161, BER: 0.104
2021-03-22 22:36:13,264 - Epoch: 50, SNRdB: 10.00, SER: 0.126, BER: 0.084
2021-03-22 22:36:13,394 - Epoch: 50, SNRdB: 11.00, SER: 0.093, BER: 0.062
2021-03-22 22:36:13,525 - Epoch: 50, SNRdB: 12.00, SER: 0.080, BER: 0.052
2021-03-22 22:36:13,645 - Epoch: 50, SNRdB: 13.00, SER: 0.047, BER: 0.030
2021-03-22 22:36:13,798 - Epoch: 50, SNRdB: 14.00, SER: 0.029, BER: 0.020
2021-03-22 22:36:13,960 - Epoch: 50, SNRdB: 15.00, SER: 0.021, BER: 0.014
2021-03-22 22:36:14,118 - Epoch: 50, SNRdB: 16.00, SER: 0.009, BER: 0.006
2021-03-22 22:36:14,249 - Epoch: 50, SNRdB: 17.00, SER: 0.004, BER: 0.003
2021-03-22 22:36:14,377 - Epoch: 50, SNRdB: 18.00, SER: 0.002, BER: 0.002
2021-03-22 22:36:14,509 - Epoch: 50, SNRdB: 19.00, SER: 0.001, BER: 0.001
2021-03-22 22:36:14,652 - Epoch: 50, SNRdB: 20.00, SER: 0.000, BER: 0.000
2021-03-22 22:36:14,689 - experiments/SISO_QAM16_AWGN_LINEAR_MMNet/MMNet_10layers_epoch50.pth saved.
2021-03-22 22:45:58,819 - Testing at epoch 100
2021-03-22 22:45:58,916 - Epoch: 100, SNRdB: 1.00, SER: 0.468, BER: 0.297
2021-03-22 22:45:58,944 - Epoch: 100, SNRdB: 2.00, SER: 0.433, BER: 0.281
2021-03-22 22:45:58,973 - Epoch: 100, SNRdB: 3.00, SER: 0.400, BER: 0.263
2021-03-22 22:45:59,001 - Epoch: 100, SNRdB: 4.00, SER: 0.368, BER: 0.238
2021-03-22 22:45:59,030 - Epoch: 100, SNRdB: 5.00, SER: 0.312, BER: 0.205
2021-03-22 22:45:59,059 - Epoch: 100, SNRdB: 6.00, SER: 0.282, BER: 0.189
2021-03-22 22:45:59,088 - Epoch: 100, SNRdB: 7.00, SER: 0.236, BER: 0.157
2021-03-22 22:45:59,116 - Epoch: 100, SNRdB: 8.00, SER: 0.191, BER: 0.124
2021-03-22 22:45:59,144 - Epoch: 100, SNRdB: 9.00, SER: 0.156, BER: 0.103
2021-03-22 22:45:59,173 - Epoch: 100, SNRdB: 10.00, SER: 0.123, BER: 0.079
2021-03-22 22:45:59,201 - Epoch: 100, SNRdB: 11.00, SER: 0.087, BER: 0.060
2021-03-22 22:45:59,229 - Epoch: 100, SNRdB: 12.00, SER: 0.057, BER: 0.038
2021-03-22 22:45:59,258 - Epoch: 100, SNRdB: 13.00, SER: 0.039, BER: 0.025
2021-03-22 22:45:59,286 - Epoch: 100, SNRdB: 14.00, SER: 0.023, BER: 0.014
2021-03-22 22:45:59,314 - Epoch: 100, SNRdB: 15.00, SER: 0.014, BER: 0.009
2021-03-22 22:45:59,342 - Epoch: 100, SNRdB: 16.00, SER: 0.007, BER: 0.005
2021-03-22 22:45:59,371 - Epoch: 100, SNRdB: 17.00, SER: 0.004, BER: 0.003
2021-03-22 22:45:59,399 - Epoch: 100, SNRdB: 18.00, SER: 0.000, BER: 0.000
2021-03-22 22:45:59,425 - Epoch: 100, SNRdB: 19.00, SER: 0.001, BER: 0.001
2021-03-22 22:45:59,450 - Epoch: 100, SNRdB: 20.00, SER: 0.000, BER: 0.000
2021-03-22 22:45:59,485 - experiments/SISO_QAM16_AWGN_LINEAR_MMNet/MMNet_10layers_epoch100.pth saved.
2021-03-22 22:54:28,672 - Testing at epoch 150
2021-03-22 22:54:28,890 - Epoch: 150, SNRdB: 1.00, SER: 0.465, BER: 0.297
2021-03-22 22:54:28,990 - Epoch: 150, SNRdB: 2.00, SER: 0.435, BER: 0.282
2021-03-22 22:54:29,148 - Epoch: 150, SNRdB: 3.00, SER: 0.396, BER: 0.261
2021-03-22 22:54:29,268 - Epoch: 150, SNRdB: 4.00, SER: 0.345, BER: 0.231
2021-03-22 22:54:29,295 - Epoch: 150, SNRdB: 5.00, SER: 0.312, BER: 0.206
2021-03-22 22:54:29,324 - Epoch: 150, SNRdB: 6.00, SER: 0.281, BER: 0.184
2021-03-22 22:54:29,352 - Epoch: 150, SNRdB: 7.00, SER: 0.241, BER: 0.163
2021-03-22 22:54:29,442 - Epoch: 150, SNRdB: 8.00, SER: 0.196, BER: 0.130
2021-03-22 22:54:29,570 - Epoch: 150, SNRdB: 9.00, SER: 0.163, BER: 0.107
2021-03-22 22:54:29,597 - Epoch: 150, SNRdB: 10.00, SER: 0.129, BER: 0.084
2021-03-22 22:54:29,638 - Epoch: 150, SNRdB: 11.00, SER: 0.081, BER: 0.053
2021-03-22 22:54:29,792 - Epoch: 150, SNRdB: 12.00, SER: 0.054, BER: 0.037
2021-03-22 22:54:29,846 - Epoch: 150, SNRdB: 13.00, SER: 0.034, BER: 0.021
2021-03-22 22:54:29,871 - Epoch: 150, SNRdB: 14.00, SER: 0.026, BER: 0.017
2021-03-22 22:54:29,991 - Epoch: 150, SNRdB: 15.00, SER: 0.011, BER: 0.008
2021-03-22 22:54:30,140 - Epoch: 150, SNRdB: 16.00, SER: 0.004, BER: 0.003
2021-03-22 22:54:30,253 - Epoch: 150, SNRdB: 17.00, SER: 0.002, BER: 0.002
2021-03-22 22:54:30,329 - Epoch: 150, SNRdB: 18.00, SER: 0.001, BER: 0.000
2021-03-22 22:54:30,454 - Epoch: 150, SNRdB: 19.00, SER: 0.000, BER: 0.000
2021-03-22 22:54:30,484 - Epoch: 150, SNRdB: 20.00, SER: 0.000, BER: 0.000
2021-03-22 22:54:30,522 - experiments/SISO_QAM16_AWGN_LINEAR_MMNet/MMNet_10layers_epoch150.pth saved.
2021-03-22 23:09:40,511 - Testing at epoch 200
2021-03-22 23:09:40,758 - Epoch: 200, SNRdB: 1.00, SER: 0.465, BER: 0.293
2021-03-22 23:09:40,902 - Epoch: 200, SNRdB: 2.00, SER: 0.431, BER: 0.278
2021-03-22 23:09:41,045 - Epoch: 200, SNRdB: 3.00, SER: 0.409, BER: 0.263
2021-03-22 23:09:41,165 - Epoch: 200, SNRdB: 4.00, SER: 0.363, BER: 0.238
2021-03-22 23:09:41,310 - Epoch: 200, SNRdB: 5.00, SER: 0.309, BER: 0.205
2021-03-22 23:09:41,438 - Epoch: 200, SNRdB: 6.00, SER: 0.287, BER: 0.193
2021-03-22 23:09:41,572 - Epoch: 200, SNRdB: 7.00, SER: 0.242, BER: 0.159
2021-03-22 23:09:41,721 - Epoch: 200, SNRdB: 8.00, SER: 0.193, BER: 0.129
2021-03-22 23:09:41,847 - Epoch: 200, SNRdB: 9.00, SER: 0.154, BER: 0.102
2021-03-22 23:09:41,972 - Epoch: 200, SNRdB: 10.00, SER: 0.125, BER: 0.082
2021-03-22 23:09:42,094 - Epoch: 200, SNRdB: 11.00, SER: 0.088, BER: 0.055
2021-03-22 23:09:42,238 - Epoch: 200, SNRdB: 12.00, SER: 0.062, BER: 0.041
2021-03-22 23:09:42,379 - Epoch: 200, SNRdB: 13.00, SER: 0.035, BER: 0.023
2021-03-22 23:09:42,519 - Epoch: 200, SNRdB: 14.00, SER: 0.023, BER: 0.015
2021-03-22 23:09:42,643 - Epoch: 200, SNRdB: 15.00, SER: 0.013, BER: 0.008
2021-03-22 23:09:42,798 - Epoch: 200, SNRdB: 16.00, SER: 0.008, BER: 0.005
2021-03-22 23:09:42,921 - Epoch: 200, SNRdB: 17.00, SER: 0.002, BER: 0.001
2021-03-22 23:09:43,062 - Epoch: 200, SNRdB: 18.00, SER: 0.000, BER: 0.000
2021-03-22 23:09:43,232 - Epoch: 200, SNRdB: 19.00, SER: 0.000, BER: 0.000
2021-03-22 23:09:43,392 - Epoch: 200, SNRdB: 20.00, SER: 0.000, BER: 0.000
2021-03-22 23:09:43,422 - experiments/SISO_QAM16_AWGN_LINEAR_MMNet/MMNet_10layers_epoch200.pth saved.
2021-03-22 23:09:43,541 - experiments/SISO_QAM16_AWGN_LINEAR_MMNet/loss_MMNet_10layers.pngsaved.
2021-03-22 23:09:44,560 - experiments/SISO_QAM16_AWGN_LINEAR_MMNet/SER_MMNet_10layers.png saved.
2021-03-22 23:09:44,560 - experiments/SISO_QAM16_AWGN_LINEAR_MMNet/BER_MMNet_10layers.png saved.
