2021-04-17 03:55:18,773 - Testing at epoch 100
2021-04-17 03:55:19,029 - Epoch: 100, SNRdB: 1.00, SER: 0.656, BER: 0.326
2021-04-17 03:55:19,071 - Epoch: 100, SNRdB: 2.00, SER: 0.635, BER: 0.326
2021-04-17 03:55:19,107 - Epoch: 100, SNRdB: 3.00, SER: 0.643, BER: 0.326
2021-04-17 03:55:19,140 - Epoch: 100, SNRdB: 4.00, SER: 0.568, BER: 0.286
2021-04-17 03:55:19,181 - Epoch: 100, SNRdB: 5.00, SER: 0.562, BER: 0.270
2021-04-17 03:55:19,211 - Epoch: 100, SNRdB: 6.00, SER: 0.512, BER: 0.249
2021-04-17 03:55:19,291 - Epoch: 100, SNRdB: 7.00, SER: 0.490, BER: 0.251
2021-04-17 03:55:19,329 - Epoch: 100, SNRdB: 8.00, SER: 0.449, BER: 0.212
2021-04-17 03:55:19,361 - Epoch: 100, SNRdB: 9.00, SER: 0.414, BER: 0.212
2021-04-17 03:55:19,392 - Epoch: 100, SNRdB: 10.00, SER: 0.357, BER: 0.177
2021-04-17 03:55:19,437 - Epoch: 100, SNRdB: 11.00, SER: 0.350, BER: 0.167
2021-04-17 03:55:19,466 - Epoch: 100, SNRdB: 12.00, SER: 0.275, BER: 0.131
2021-04-17 03:55:19,530 - Epoch: 100, SNRdB: 13.00, SER: 0.254, BER: 0.123
2021-04-17 03:55:19,563 - Epoch: 100, SNRdB: 14.00, SER: 0.225, BER: 0.102
2021-04-17 03:55:19,610 - Epoch: 100, SNRdB: 15.00, SER: 0.205, BER: 0.095
2021-04-17 03:55:19,640 - Epoch: 100, SNRdB: 16.00, SER: 0.201, BER: 0.089
2021-04-17 03:55:19,702 - Epoch: 100, SNRdB: 17.00, SER: 0.186, BER: 0.083
2021-04-17 03:55:19,734 - Epoch: 100, SNRdB: 18.00, SER: 0.146, BER: 0.070
2021-04-17 03:55:19,779 - Epoch: 100, SNRdB: 19.00, SER: 0.158, BER: 0.066
2021-04-17 03:55:19,806 - Epoch: 100, SNRdB: 20.00, SER: 0.113, BER: 0.051
2021-04-17 03:55:19,843 - experiments_AWGN_order2_sharp/SISO_QAM64_AWGN_NONLINEAR_MMNet_500epochs/MMNet_10layers_epoch100.pth saved.
2021-04-17 04:02:59,654 - Testing at epoch 200
2021-04-17 04:02:59,855 - Epoch: 200, SNRdB: 1.00, SER: 0.689, BER: 0.344
2021-04-17 04:02:59,895 - Epoch: 200, SNRdB: 2.00, SER: 0.662, BER: 0.323
2021-04-17 04:02:59,930 - Epoch: 200, SNRdB: 3.00, SER: 0.635, BER: 0.303
2021-04-17 04:02:59,962 - Epoch: 200, SNRdB: 4.00, SER: 0.617, BER: 0.301
2021-04-17 04:02:59,992 - Epoch: 200, SNRdB: 5.00, SER: 0.570, BER: 0.285
2021-04-17 04:03:00,020 - Epoch: 200, SNRdB: 6.00, SER: 0.518, BER: 0.252
2021-04-17 04:03:00,048 - Epoch: 200, SNRdB: 7.00, SER: 0.467, BER: 0.223
2021-04-17 04:03:00,076 - Epoch: 200, SNRdB: 8.00, SER: 0.430, BER: 0.209
2021-04-17 04:03:00,121 - Epoch: 200, SNRdB: 9.00, SER: 0.400, BER: 0.196
2021-04-17 04:03:00,157 - Epoch: 200, SNRdB: 10.00, SER: 0.381, BER: 0.186
2021-04-17 04:03:00,196 - Epoch: 200, SNRdB: 11.00, SER: 0.375, BER: 0.192
2021-04-17 04:03:00,235 - Epoch: 200, SNRdB: 12.00, SER: 0.312, BER: 0.153
2021-04-17 04:03:00,269 - Epoch: 200, SNRdB: 13.00, SER: 0.258, BER: 0.122
2021-04-17 04:03:00,308 - Epoch: 200, SNRdB: 14.00, SER: 0.246, BER: 0.114
2021-04-17 04:03:00,342 - Epoch: 200, SNRdB: 15.00, SER: 0.201, BER: 0.092
2021-04-17 04:03:00,379 - Epoch: 200, SNRdB: 16.00, SER: 0.150, BER: 0.068
2021-04-17 04:03:00,415 - Epoch: 200, SNRdB: 17.00, SER: 0.158, BER: 0.069
2021-04-17 04:03:00,507 - Epoch: 200, SNRdB: 18.00, SER: 0.145, BER: 0.065
2021-04-17 04:03:00,540 - Epoch: 200, SNRdB: 19.00, SER: 0.086, BER: 0.036
2021-04-17 04:03:00,584 - Epoch: 200, SNRdB: 20.00, SER: 0.109, BER: 0.044
2021-04-17 04:03:00,624 - experiments_AWGN_order2_sharp/SISO_QAM64_AWGN_NONLINEAR_MMNet_500epochs/MMNet_10layers_epoch200.pth saved.
2021-04-17 04:10:41,722 - Testing at epoch 300
2021-04-17 04:10:42,034 - Epoch: 300, SNRdB: 1.00, SER: 0.697, BER: 0.362
2021-04-17 04:10:42,071 - Epoch: 300, SNRdB: 2.00, SER: 0.709, BER: 0.354
2021-04-17 04:10:42,106 - Epoch: 300, SNRdB: 3.00, SER: 0.662, BER: 0.336
2021-04-17 04:10:42,170 - Epoch: 300, SNRdB: 4.00, SER: 0.584, BER: 0.292
2021-04-17 04:10:42,200 - Epoch: 300, SNRdB: 5.00, SER: 0.516, BER: 0.258
2021-04-17 04:10:42,253 - Epoch: 300, SNRdB: 6.00, SER: 0.533, BER: 0.261
2021-04-17 04:10:42,281 - Epoch: 300, SNRdB: 7.00, SER: 0.480, BER: 0.238
2021-04-17 04:10:42,342 - Epoch: 300, SNRdB: 8.00, SER: 0.438, BER: 0.220
2021-04-17 04:10:42,370 - Epoch: 300, SNRdB: 9.00, SER: 0.391, BER: 0.187
2021-04-17 04:10:42,449 - Epoch: 300, SNRdB: 10.00, SER: 0.359, BER: 0.179
2021-04-17 04:10:42,477 - Epoch: 300, SNRdB: 11.00, SER: 0.318, BER: 0.158
2021-04-17 04:10:42,524 - Epoch: 300, SNRdB: 12.00, SER: 0.305, BER: 0.146
2021-04-17 04:10:42,549 - Epoch: 300, SNRdB: 13.00, SER: 0.281, BER: 0.135
2021-04-17 04:10:42,606 - Epoch: 300, SNRdB: 14.00, SER: 0.211, BER: 0.102
2021-04-17 04:10:42,630 - Epoch: 300, SNRdB: 15.00, SER: 0.225, BER: 0.100
2021-04-17 04:10:42,689 - Epoch: 300, SNRdB: 16.00, SER: 0.133, BER: 0.060
2021-04-17 04:10:42,713 - Epoch: 300, SNRdB: 17.00, SER: 0.145, BER: 0.068
2021-04-17 04:10:42,768 - Epoch: 300, SNRdB: 18.00, SER: 0.123, BER: 0.048
2021-04-17 04:10:42,795 - Epoch: 300, SNRdB: 19.00, SER: 0.096, BER: 0.042
2021-04-17 04:10:42,857 - Epoch: 300, SNRdB: 20.00, SER: 0.088, BER: 0.038
2021-04-17 04:10:42,892 - experiments_AWGN_order2_sharp/SISO_QAM64_AWGN_NONLINEAR_MMNet_500epochs/MMNet_10layers_epoch300.pth saved.
2021-04-17 04:18:12,560 - Testing at epoch 400
2021-04-17 04:18:12,768 - Epoch: 400, SNRdB: 1.00, SER: 0.738, BER: 0.367
2021-04-17 04:18:12,796 - Epoch: 400, SNRdB: 2.00, SER: 0.674, BER: 0.342
2021-04-17 04:18:12,839 - Epoch: 400, SNRdB: 3.00, SER: 0.633, BER: 0.323
2021-04-17 04:18:12,866 - Epoch: 400, SNRdB: 4.00, SER: 0.631, BER: 0.310
2021-04-17 04:18:12,921 - Epoch: 400, SNRdB: 5.00, SER: 0.539, BER: 0.269
2021-04-17 04:18:12,949 - Epoch: 400, SNRdB: 6.00, SER: 0.502, BER: 0.245
2021-04-17 04:18:13,002 - Epoch: 400, SNRdB: 7.00, SER: 0.471, BER: 0.223
2021-04-17 04:18:13,029 - Epoch: 400, SNRdB: 8.00, SER: 0.453, BER: 0.232
2021-04-17 04:18:13,086 - Epoch: 400, SNRdB: 9.00, SER: 0.408, BER: 0.199
2021-04-17 04:18:13,114 - Epoch: 400, SNRdB: 10.00, SER: 0.373, BER: 0.168
2021-04-17 04:18:13,171 - Epoch: 400, SNRdB: 11.00, SER: 0.348, BER: 0.171
2021-04-17 04:18:13,199 - Epoch: 400, SNRdB: 12.00, SER: 0.314, BER: 0.152
2021-04-17 04:18:13,270 - Epoch: 400, SNRdB: 13.00, SER: 0.246, BER: 0.122
2021-04-17 04:18:13,307 - Epoch: 400, SNRdB: 14.00, SER: 0.186, BER: 0.086
2021-04-17 04:18:13,346 - Epoch: 400, SNRdB: 15.00, SER: 0.199, BER: 0.091
2021-04-17 04:18:13,377 - Epoch: 400, SNRdB: 16.00, SER: 0.162, BER: 0.077
2021-04-17 04:18:13,419 - Epoch: 400, SNRdB: 17.00, SER: 0.125, BER: 0.059
2021-04-17 04:18:13,446 - Epoch: 400, SNRdB: 18.00, SER: 0.111, BER: 0.046
2021-04-17 04:18:13,490 - Epoch: 400, SNRdB: 19.00, SER: 0.084, BER: 0.040
2021-04-17 04:18:13,517 - Epoch: 400, SNRdB: 20.00, SER: 0.076, BER: 0.029
2021-04-17 04:18:13,559 - experiments_AWGN_order2_sharp/SISO_QAM64_AWGN_NONLINEAR_MMNet_500epochs/MMNet_10layers_epoch400.pth saved.
2021-04-17 04:25:38,861 - Testing at epoch 500
2021-04-17 04:25:39,150 - Epoch: 500, SNRdB: 1.00, SER: 0.764, BER: 0.377
2021-04-17 04:25:39,183 - Epoch: 500, SNRdB: 2.00, SER: 0.660, BER: 0.319
2021-04-17 04:25:39,239 - Epoch: 500, SNRdB: 3.00, SER: 0.619, BER: 0.294
2021-04-17 04:25:39,275 - Epoch: 500, SNRdB: 4.00, SER: 0.592, BER: 0.293
2021-04-17 04:25:39,312 - Epoch: 500, SNRdB: 5.00, SER: 0.508, BER: 0.248
2021-04-17 04:25:39,362 - Epoch: 500, SNRdB: 6.00, SER: 0.480, BER: 0.240
2021-04-17 04:25:39,390 - Epoch: 500, SNRdB: 7.00, SER: 0.488, BER: 0.244
2021-04-17 04:25:39,455 - Epoch: 500, SNRdB: 8.00, SER: 0.422, BER: 0.210
2021-04-17 04:25:39,492 - Epoch: 500, SNRdB: 9.00, SER: 0.367, BER: 0.180
2021-04-17 04:25:39,529 - Epoch: 500, SNRdB: 10.00, SER: 0.369, BER: 0.171
2021-04-17 04:25:39,558 - Epoch: 500, SNRdB: 11.00, SER: 0.385, BER: 0.191
2021-04-17 04:25:39,606 - Epoch: 500, SNRdB: 12.00, SER: 0.301, BER: 0.146
2021-04-17 04:25:39,633 - Epoch: 500, SNRdB: 13.00, SER: 0.258, BER: 0.130
2021-04-17 04:25:39,700 - Epoch: 500, SNRdB: 14.00, SER: 0.240, BER: 0.111
2021-04-17 04:25:39,746 - Epoch: 500, SNRdB: 15.00, SER: 0.186, BER: 0.086
2021-04-17 04:25:39,783 - Epoch: 500, SNRdB: 16.00, SER: 0.158, BER: 0.077
2021-04-17 04:25:39,817 - Epoch: 500, SNRdB: 17.00, SER: 0.113, BER: 0.049
2021-04-17 04:25:39,851 - Epoch: 500, SNRdB: 18.00, SER: 0.088, BER: 0.037
2021-04-17 04:25:39,879 - Epoch: 500, SNRdB: 19.00, SER: 0.078, BER: 0.035
2021-04-17 04:25:39,942 - Epoch: 500, SNRdB: 20.00, SER: 0.072, BER: 0.032
2021-04-17 04:25:39,986 - experiments_AWGN_order2_sharp/SISO_QAM64_AWGN_NONLINEAR_MMNet_500epochs/MMNet_10layers_epoch500.pth saved.
2021-04-17 04:25:40,153 - experiments_AWGN_order2_sharp/SISO_QAM64_AWGN_NONLINEAR_MMNet_500epochs/loss_MMNet_10layers.pngsaved.
2021-04-17 04:25:40,856 - experiments_AWGN_order2_sharp/SISO_QAM64_AWGN_NONLINEAR_MMNet_500epochs/SER_MMNet_10layers.png saved.
2021-04-17 04:25:40,856 - experiments_AWGN_order2_sharp/SISO_QAM64_AWGN_NONLINEAR_MMNet_500epochs/BER_MMNet_10layers.png saved.
