2021-04-15 04:19:16,461 - Testing at epoch 100
2021-04-15 04:19:16,675 - Epoch: 100, SNRdB: 1.00, SER: 0.383, BER: 0.232
2021-04-15 04:19:16,690 - Epoch: 100, SNRdB: 2.00, SER: 0.367, BER: 0.229
2021-04-15 04:19:16,760 - Epoch: 100, SNRdB: 3.00, SER: 0.352, BER: 0.217
2021-04-15 04:19:16,796 - Epoch: 100, SNRdB: 4.00, SER: 0.266, BER: 0.162
2021-04-15 04:19:16,841 - Epoch: 100, SNRdB: 5.00, SER: 0.271, BER: 0.167
2021-04-15 04:19:16,892 - Epoch: 100, SNRdB: 6.00, SER: 0.223, BER: 0.146
2021-04-15 04:19:16,919 - Epoch: 100, SNRdB: 7.00, SER: 0.232, BER: 0.142
2021-04-15 04:19:16,977 - Epoch: 100, SNRdB: 8.00, SER: 0.203, BER: 0.121
2021-04-15 04:19:17,004 - Epoch: 100, SNRdB: 9.00, SER: 0.156, BER: 0.095
2021-04-15 04:19:17,056 - Epoch: 100, SNRdB: 10.00, SER: 0.131, BER: 0.075
2021-04-15 04:19:17,080 - Epoch: 100, SNRdB: 11.00, SER: 0.125, BER: 0.069
2021-04-15 04:19:17,138 - Epoch: 100, SNRdB: 12.00, SER: 0.092, BER: 0.050
2021-04-15 04:19:17,163 - Epoch: 100, SNRdB: 13.00, SER: 0.070, BER: 0.039
2021-04-15 04:19:17,229 - Epoch: 100, SNRdB: 14.00, SER: 0.062, BER: 0.031
2021-04-15 04:19:17,246 - Epoch: 100, SNRdB: 15.00, SER: 0.045, BER: 0.023
2021-04-15 04:19:17,301 - Epoch: 100, SNRdB: 16.00, SER: 0.037, BER: 0.020
2021-04-15 04:19:17,323 - Epoch: 100, SNRdB: 17.00, SER: 0.027, BER: 0.014
2021-04-15 04:19:17,387 - Epoch: 100, SNRdB: 18.00, SER: 0.010, BER: 0.005
2021-04-15 04:19:17,409 - Epoch: 100, SNRdB: 19.00, SER: 0.014, BER: 0.007
2021-04-15 04:19:17,475 - Epoch: 100, SNRdB: 20.00, SER: 0.006, BER: 0.003
2021-04-15 04:19:17,514 - experiments_AWGN/SISO_QAM16_AWGN_NONLINEAR_FCNet_500epochs/upstream1_downstream1_epoch100.pth saved.
2021-04-15 04:26:07,753 - Testing at epoch 200
2021-04-15 04:26:07,939 - Epoch: 200, SNRdB: 1.00, SER: 0.389, BER: 0.234
2021-04-15 04:26:07,950 - Epoch: 200, SNRdB: 2.00, SER: 0.369, BER: 0.243
2021-04-15 04:26:08,038 - Epoch: 200, SNRdB: 3.00, SER: 0.328, BER: 0.203
2021-04-15 04:26:08,060 - Epoch: 200, SNRdB: 4.00, SER: 0.293, BER: 0.181
2021-04-15 04:26:08,115 - Epoch: 200, SNRdB: 5.00, SER: 0.264, BER: 0.162
2021-04-15 04:26:08,133 - Epoch: 200, SNRdB: 6.00, SER: 0.221, BER: 0.136
2021-04-15 04:26:08,192 - Epoch: 200, SNRdB: 7.00, SER: 0.238, BER: 0.139
2021-04-15 04:26:08,206 - Epoch: 200, SNRdB: 8.00, SER: 0.186, BER: 0.111
2021-04-15 04:26:08,282 - Epoch: 200, SNRdB: 9.00, SER: 0.160, BER: 0.099
2021-04-15 04:26:08,305 - Epoch: 200, SNRdB: 10.00, SER: 0.125, BER: 0.072
2021-04-15 04:26:08,358 - Epoch: 200, SNRdB: 11.00, SER: 0.096, BER: 0.055
2021-04-15 04:26:08,374 - Epoch: 200, SNRdB: 12.00, SER: 0.064, BER: 0.033
2021-04-15 04:26:08,434 - Epoch: 200, SNRdB: 13.00, SER: 0.041, BER: 0.023
2021-04-15 04:26:08,448 - Epoch: 200, SNRdB: 14.00, SER: 0.061, BER: 0.033
2021-04-15 04:26:08,512 - Epoch: 200, SNRdB: 15.00, SER: 0.031, BER: 0.016
2021-04-15 04:26:08,523 - Epoch: 200, SNRdB: 16.00, SER: 0.021, BER: 0.011
2021-04-15 04:26:08,601 - Epoch: 200, SNRdB: 17.00, SER: 0.014, BER: 0.007
2021-04-15 04:26:08,619 - Epoch: 200, SNRdB: 18.00, SER: 0.000, BER: 0.000
2021-04-15 04:26:08,687 - Epoch: 200, SNRdB: 19.00, SER: 0.002, BER: 0.001
2021-04-15 04:26:08,709 - Epoch: 200, SNRdB: 20.00, SER: 0.004, BER: 0.002
2021-04-15 04:26:08,748 - experiments_AWGN/SISO_QAM16_AWGN_NONLINEAR_FCNet_500epochs/upstream1_downstream1_epoch200.pth saved.
2021-04-15 04:32:58,516 - Testing at epoch 300
2021-04-15 04:32:58,690 - Epoch: 300, SNRdB: 1.00, SER: 0.389, BER: 0.242
2021-04-15 04:32:58,701 - Epoch: 300, SNRdB: 2.00, SER: 0.348, BER: 0.212
2021-04-15 04:32:58,779 - Epoch: 300, SNRdB: 3.00, SER: 0.316, BER: 0.188
2021-04-15 04:32:58,793 - Epoch: 300, SNRdB: 4.00, SER: 0.301, BER: 0.185
2021-04-15 04:32:58,866 - Epoch: 300, SNRdB: 5.00, SER: 0.229, BER: 0.139
2021-04-15 04:32:58,885 - Epoch: 300, SNRdB: 6.00, SER: 0.227, BER: 0.143
2021-04-15 04:32:58,947 - Epoch: 300, SNRdB: 7.00, SER: 0.174, BER: 0.105
2021-04-15 04:32:58,967 - Epoch: 300, SNRdB: 8.00, SER: 0.164, BER: 0.103
2021-04-15 04:32:59,022 - Epoch: 300, SNRdB: 9.00, SER: 0.137, BER: 0.083
2021-04-15 04:32:59,044 - Epoch: 300, SNRdB: 10.00, SER: 0.129, BER: 0.077
2021-04-15 04:32:59,086 - Epoch: 300, SNRdB: 11.00, SER: 0.088, BER: 0.049
2021-04-15 04:32:59,106 - Epoch: 300, SNRdB: 12.00, SER: 0.070, BER: 0.038
2021-04-15 04:32:59,164 - Epoch: 300, SNRdB: 13.00, SER: 0.059, BER: 0.033
2021-04-15 04:32:59,189 - Epoch: 300, SNRdB: 14.00, SER: 0.051, BER: 0.029
2021-04-15 04:32:59,237 - Epoch: 300, SNRdB: 15.00, SER: 0.014, BER: 0.007
2021-04-15 04:32:59,263 - Epoch: 300, SNRdB: 16.00, SER: 0.023, BER: 0.012
2021-04-15 04:32:59,302 - Epoch: 300, SNRdB: 17.00, SER: 0.010, BER: 0.005
2021-04-15 04:32:59,335 - Epoch: 300, SNRdB: 18.00, SER: 0.008, BER: 0.004
2021-04-15 04:32:59,369 - Epoch: 300, SNRdB: 19.00, SER: 0.002, BER: 0.001
2021-04-15 04:32:59,402 - Epoch: 300, SNRdB: 20.00, SER: 0.002, BER: 0.001
2021-04-15 04:32:59,435 - experiments_AWGN/SISO_QAM16_AWGN_NONLINEAR_FCNet_500epochs/upstream1_downstream1_epoch300.pth saved.
2021-04-15 04:39:48,060 - Testing at epoch 400
2021-04-15 04:39:48,274 - Epoch: 400, SNRdB: 1.00, SER: 0.400, BER: 0.272
2021-04-15 04:39:48,290 - Epoch: 400, SNRdB: 2.00, SER: 0.373, BER: 0.230
2021-04-15 04:39:48,353 - Epoch: 400, SNRdB: 3.00, SER: 0.336, BER: 0.205
2021-04-15 04:39:48,364 - Epoch: 400, SNRdB: 4.00, SER: 0.303, BER: 0.178
2021-04-15 04:39:48,432 - Epoch: 400, SNRdB: 5.00, SER: 0.240, BER: 0.140
2021-04-15 04:39:48,443 - Epoch: 400, SNRdB: 6.00, SER: 0.229, BER: 0.137
2021-04-15 04:39:48,513 - Epoch: 400, SNRdB: 7.00, SER: 0.191, BER: 0.113
2021-04-15 04:39:48,524 - Epoch: 400, SNRdB: 8.00, SER: 0.178, BER: 0.109
2021-04-15 04:39:48,594 - Epoch: 400, SNRdB: 9.00, SER: 0.100, BER: 0.063
2021-04-15 04:39:48,605 - Epoch: 400, SNRdB: 10.00, SER: 0.096, BER: 0.058
2021-04-15 04:39:48,676 - Epoch: 400, SNRdB: 11.00, SER: 0.090, BER: 0.055
2021-04-15 04:39:48,687 - Epoch: 400, SNRdB: 12.00, SER: 0.076, BER: 0.044
2021-04-15 04:39:48,758 - Epoch: 400, SNRdB: 13.00, SER: 0.061, BER: 0.034
2021-04-15 04:39:48,770 - Epoch: 400, SNRdB: 14.00, SER: 0.041, BER: 0.024
2021-04-15 04:39:48,840 - Epoch: 400, SNRdB: 15.00, SER: 0.018, BER: 0.009
2021-04-15 04:39:48,851 - Epoch: 400, SNRdB: 16.00, SER: 0.014, BER: 0.007
2021-04-15 04:39:48,921 - Epoch: 400, SNRdB: 17.00, SER: 0.016, BER: 0.008
2021-04-15 04:39:48,932 - Epoch: 400, SNRdB: 18.00, SER: 0.002, BER: 0.001
2021-04-15 04:39:49,001 - Epoch: 400, SNRdB: 19.00, SER: 0.002, BER: 0.001
2021-04-15 04:39:49,012 - Epoch: 400, SNRdB: 20.00, SER: 0.000, BER: 0.000
2021-04-15 04:39:49,047 - experiments_AWGN/SISO_QAM16_AWGN_NONLINEAR_FCNet_500epochs/upstream1_downstream1_epoch400.pth saved.
2021-04-15 04:46:33,737 - Testing at epoch 500
2021-04-15 04:46:33,939 - Epoch: 500, SNRdB: 1.00, SER: 0.402, BER: 0.252
2021-04-15 04:46:33,960 - Epoch: 500, SNRdB: 2.00, SER: 0.383, BER: 0.251
2021-04-15 04:46:34,021 - Epoch: 500, SNRdB: 3.00, SER: 0.330, BER: 0.224
2021-04-15 04:46:34,040 - Epoch: 500, SNRdB: 4.00, SER: 0.307, BER: 0.188
2021-04-15 04:46:34,107 - Epoch: 500, SNRdB: 5.00, SER: 0.258, BER: 0.166
2021-04-15 04:46:34,127 - Epoch: 500, SNRdB: 6.00, SER: 0.238, BER: 0.148
2021-04-15 04:46:34,194 - Epoch: 500, SNRdB: 7.00, SER: 0.209, BER: 0.128
2021-04-15 04:46:34,213 - Epoch: 500, SNRdB: 8.00, SER: 0.156, BER: 0.092
2021-04-15 04:46:34,281 - Epoch: 500, SNRdB: 9.00, SER: 0.121, BER: 0.075
2021-04-15 04:46:34,301 - Epoch: 500, SNRdB: 10.00, SER: 0.094, BER: 0.057
2021-04-15 04:46:34,374 - Epoch: 500, SNRdB: 11.00, SER: 0.094, BER: 0.055
2021-04-15 04:46:34,399 - Epoch: 500, SNRdB: 12.00, SER: 0.092, BER: 0.055
2021-04-15 04:46:34,454 - Epoch: 500, SNRdB: 13.00, SER: 0.039, BER: 0.021
2021-04-15 04:46:34,475 - Epoch: 500, SNRdB: 14.00, SER: 0.039, BER: 0.023
2021-04-15 04:46:34,547 - Epoch: 500, SNRdB: 15.00, SER: 0.016, BER: 0.008
2021-04-15 04:46:34,573 - Epoch: 500, SNRdB: 16.00, SER: 0.020, BER: 0.011
2021-04-15 04:46:34,624 - Epoch: 500, SNRdB: 17.00, SER: 0.006, BER: 0.003
2021-04-15 04:46:34,642 - Epoch: 500, SNRdB: 18.00, SER: 0.010, BER: 0.005
2021-04-15 04:46:34,700 - Epoch: 500, SNRdB: 19.00, SER: 0.004, BER: 0.002
2021-04-15 04:46:34,716 - Epoch: 500, SNRdB: 20.00, SER: 0.000, BER: 0.000
2021-04-15 04:46:34,751 - experiments_AWGN/SISO_QAM16_AWGN_NONLINEAR_FCNet_500epochs/upstream1_downstream1_epoch500.pth saved.
2021-04-15 04:46:34,865 - experiments_AWGN/SISO_QAM16_AWGN_NONLINEAR_FCNet_500epochs/loss_FCNet_1upstream_1downstream.pngsaved.
2021-04-15 04:46:35,457 - experiments_AWGN/SISO_QAM16_AWGN_NONLINEAR_FCNet_500epochs/SER_upstream1_downstream1.png saved.
2021-04-15 04:46:35,457 - experiments_AWGN/SISO_QAM16_AWGN_NONLINEAR_FCNet_500epochs/BER_upstream1_downstream1.png saved.
