2021-03-23 04:53:13,050 - Testing at epoch 100
2021-03-23 04:53:13,161 - Epoch: 100, SNRdB: 1.00, SER: 0.486, BER: 0.312
2021-03-23 04:53:13,186 - Epoch: 100, SNRdB: 2.00, SER: 0.421, BER: 0.269
2021-03-23 04:53:13,212 - Epoch: 100, SNRdB: 3.00, SER: 0.380, BER: 0.245
2021-03-23 04:53:13,237 - Epoch: 100, SNRdB: 4.00, SER: 0.342, BER: 0.223
2021-03-23 04:53:13,262 - Epoch: 100, SNRdB: 5.00, SER: 0.326, BER: 0.215
2021-03-23 04:53:13,290 - Epoch: 100, SNRdB: 6.00, SER: 0.275, BER: 0.179
2021-03-23 04:53:13,317 - Epoch: 100, SNRdB: 7.00, SER: 0.225, BER: 0.153
2021-03-23 04:53:13,344 - Epoch: 100, SNRdB: 8.00, SER: 0.195, BER: 0.131
2021-03-23 04:53:13,370 - Epoch: 100, SNRdB: 9.00, SER: 0.164, BER: 0.108
2021-03-23 04:53:13,399 - Epoch: 100, SNRdB: 10.00, SER: 0.123, BER: 0.084
2021-03-23 04:53:13,425 - Epoch: 100, SNRdB: 11.00, SER: 0.084, BER: 0.055
2021-03-23 04:53:13,450 - Epoch: 100, SNRdB: 12.00, SER: 0.052, BER: 0.035
2021-03-23 04:53:13,476 - Epoch: 100, SNRdB: 13.00, SER: 0.033, BER: 0.021
2021-03-23 04:53:13,502 - Epoch: 100, SNRdB: 14.00, SER: 0.022, BER: 0.015
2021-03-23 04:53:13,528 - Epoch: 100, SNRdB: 15.00, SER: 0.010, BER: 0.007
2021-03-23 04:53:13,554 - Epoch: 100, SNRdB: 16.00, SER: 0.007, BER: 0.004
2021-03-23 04:53:13,579 - Epoch: 100, SNRdB: 17.00, SER: 0.001, BER: 0.000
2021-03-23 04:53:13,605 - Epoch: 100, SNRdB: 18.00, SER: 0.001, BER: 0.001
2021-03-23 04:53:13,630 - Epoch: 100, SNRdB: 19.00, SER: 0.000, BER: 0.000
2021-03-23 04:53:13,656 - Epoch: 100, SNRdB: 20.00, SER: 0.000, BER: 0.000
2021-03-23 04:53:13,695 - experiments/10I10O_QAM16_AWGN_LINEAR_MMNet_500epochs/MMNet_10layers_epoch100.pth saved.
2021-03-23 05:03:23,038 - Testing at epoch 200
2021-03-23 05:03:23,149 - Epoch: 200, SNRdB: 1.00, SER: 0.482, BER: 0.307
2021-03-23 05:03:23,176 - Epoch: 200, SNRdB: 2.00, SER: 0.441, BER: 0.279
2021-03-23 05:03:23,203 - Epoch: 200, SNRdB: 3.00, SER: 0.394, BER: 0.257
2021-03-23 05:03:23,228 - Epoch: 200, SNRdB: 4.00, SER: 0.373, BER: 0.247
2021-03-23 05:03:23,253 - Epoch: 200, SNRdB: 5.00, SER: 0.325, BER: 0.215
2021-03-23 05:03:23,279 - Epoch: 200, SNRdB: 6.00, SER: 0.273, BER: 0.176
2021-03-23 05:03:23,304 - Epoch: 200, SNRdB: 7.00, SER: 0.238, BER: 0.158
2021-03-23 05:03:23,333 - Epoch: 200, SNRdB: 8.00, SER: 0.196, BER: 0.135
2021-03-23 05:03:23,365 - Epoch: 200, SNRdB: 9.00, SER: 0.159, BER: 0.106
2021-03-23 05:03:23,394 - Epoch: 200, SNRdB: 10.00, SER: 0.118, BER: 0.079
2021-03-23 05:03:23,422 - Epoch: 200, SNRdB: 11.00, SER: 0.086, BER: 0.059
2021-03-23 05:03:23,451 - Epoch: 200, SNRdB: 12.00, SER: 0.061, BER: 0.040
2021-03-23 05:03:23,479 - Epoch: 200, SNRdB: 13.00, SER: 0.034, BER: 0.023
2021-03-23 05:03:23,507 - Epoch: 200, SNRdB: 14.00, SER: 0.025, BER: 0.016
2021-03-23 05:03:23,535 - Epoch: 200, SNRdB: 15.00, SER: 0.013, BER: 0.009
2021-03-23 05:03:23,564 - Epoch: 200, SNRdB: 16.00, SER: 0.006, BER: 0.004
2021-03-23 05:03:23,592 - Epoch: 200, SNRdB: 17.00, SER: 0.002, BER: 0.001
2021-03-23 05:03:23,617 - Epoch: 200, SNRdB: 18.00, SER: 0.000, BER: 0.000
2021-03-23 05:03:23,641 - Epoch: 200, SNRdB: 19.00, SER: 0.000, BER: 0.000
2021-03-23 05:03:23,667 - Epoch: 200, SNRdB: 20.00, SER: 0.000, BER: 0.000
2021-03-23 05:03:23,702 - experiments/10I10O_QAM16_AWGN_LINEAR_MMNet_500epochs/MMNet_10layers_epoch200.pth saved.
2021-03-23 05:13:33,884 - Testing at epoch 300
2021-03-23 05:13:34,002 - Epoch: 300, SNRdB: 1.00, SER: 0.493, BER: 0.313
2021-03-23 05:13:34,023 - Epoch: 300, SNRdB: 2.00, SER: 0.444, BER: 0.286
2021-03-23 05:13:34,048 - Epoch: 300, SNRdB: 3.00, SER: 0.373, BER: 0.241
2021-03-23 05:13:34,069 - Epoch: 300, SNRdB: 4.00, SER: 0.354, BER: 0.226
2021-03-23 05:13:34,093 - Epoch: 300, SNRdB: 5.00, SER: 0.325, BER: 0.215
2021-03-23 05:13:34,114 - Epoch: 300, SNRdB: 6.00, SER: 0.282, BER: 0.185
2021-03-23 05:13:34,137 - Epoch: 300, SNRdB: 7.00, SER: 0.239, BER: 0.159
2021-03-23 05:13:34,160 - Epoch: 300, SNRdB: 8.00, SER: 0.190, BER: 0.127
2021-03-23 05:13:34,183 - Epoch: 300, SNRdB: 9.00, SER: 0.173, BER: 0.120
2021-03-23 05:13:34,206 - Epoch: 300, SNRdB: 10.00, SER: 0.109, BER: 0.071
2021-03-23 05:13:34,228 - Epoch: 300, SNRdB: 11.00, SER: 0.079, BER: 0.053
2021-03-23 05:13:34,251 - Epoch: 300, SNRdB: 12.00, SER: 0.057, BER: 0.038
2021-03-23 05:13:34,282 - Epoch: 300, SNRdB: 13.00, SER: 0.040, BER: 0.026
2021-03-23 05:13:34,311 - Epoch: 300, SNRdB: 14.00, SER: 0.023, BER: 0.015
2021-03-23 05:13:34,339 - Epoch: 300, SNRdB: 15.00, SER: 0.008, BER: 0.005
2021-03-23 05:13:34,367 - Epoch: 300, SNRdB: 16.00, SER: 0.006, BER: 0.003
2021-03-23 05:13:34,396 - Epoch: 300, SNRdB: 17.00, SER: 0.001, BER: 0.001
2021-03-23 05:13:34,425 - Epoch: 300, SNRdB: 18.00, SER: 0.002, BER: 0.001
2021-03-23 05:13:34,453 - Epoch: 300, SNRdB: 19.00, SER: 0.000, BER: 0.000
2021-03-23 05:13:34,482 - Epoch: 300, SNRdB: 20.00, SER: 0.000, BER: 0.000
2021-03-23 05:13:34,514 - experiments/10I10O_QAM16_AWGN_LINEAR_MMNet_500epochs/MMNet_10layers_epoch300.pth saved.
2021-03-23 05:23:42,607 - Testing at epoch 400
2021-03-23 05:23:42,726 - Epoch: 400, SNRdB: 1.00, SER: 0.478, BER: 0.302
2021-03-23 05:23:42,754 - Epoch: 400, SNRdB: 2.00, SER: 0.432, BER: 0.277
2021-03-23 05:23:42,779 - Epoch: 400, SNRdB: 3.00, SER: 0.406, BER: 0.269
2021-03-23 05:23:42,804 - Epoch: 400, SNRdB: 4.00, SER: 0.357, BER: 0.235
2021-03-23 05:23:42,829 - Epoch: 400, SNRdB: 5.00, SER: 0.321, BER: 0.208
2021-03-23 05:23:42,854 - Epoch: 400, SNRdB: 6.00, SER: 0.284, BER: 0.185
2021-03-23 05:23:42,879 - Epoch: 400, SNRdB: 7.00, SER: 0.233, BER: 0.150
2021-03-23 05:23:42,904 - Epoch: 400, SNRdB: 8.00, SER: 0.201, BER: 0.133
2021-03-23 05:23:42,928 - Epoch: 400, SNRdB: 9.00, SER: 0.147, BER: 0.099
2021-03-23 05:23:42,953 - Epoch: 400, SNRdB: 10.00, SER: 0.128, BER: 0.083
2021-03-23 05:23:42,978 - Epoch: 400, SNRdB: 11.00, SER: 0.090, BER: 0.059
2021-03-23 05:23:43,003 - Epoch: 400, SNRdB: 12.00, SER: 0.063, BER: 0.040
2021-03-23 05:23:43,028 - Epoch: 400, SNRdB: 13.00, SER: 0.037, BER: 0.024
2021-03-23 05:23:43,053 - Epoch: 400, SNRdB: 14.00, SER: 0.026, BER: 0.016
2021-03-23 05:23:43,078 - Epoch: 400, SNRdB: 15.00, SER: 0.012, BER: 0.008
2021-03-23 05:23:43,103 - Epoch: 400, SNRdB: 16.00, SER: 0.003, BER: 0.002
2021-03-23 05:23:43,128 - Epoch: 400, SNRdB: 17.00, SER: 0.001, BER: 0.001
2021-03-23 05:23:43,152 - Epoch: 400, SNRdB: 18.00, SER: 0.000, BER: 0.000
2021-03-23 05:23:43,177 - Epoch: 400, SNRdB: 19.00, SER: 0.000, BER: 0.000
2021-03-23 05:23:43,202 - Epoch: 400, SNRdB: 20.00, SER: 0.000, BER: 0.000
2021-03-23 05:23:43,235 - experiments/10I10O_QAM16_AWGN_LINEAR_MMNet_500epochs/MMNet_10layers_epoch400.pth saved.
2021-03-23 05:33:50,904 - Testing at epoch 500
2021-03-23 05:33:51,008 - Epoch: 500, SNRdB: 1.00, SER: 0.471, BER: 0.294
2021-03-23 05:33:51,034 - Epoch: 500, SNRdB: 2.00, SER: 0.448, BER: 0.287
2021-03-23 05:33:51,061 - Epoch: 500, SNRdB: 3.00, SER: 0.377, BER: 0.244
2021-03-23 05:33:51,085 - Epoch: 500, SNRdB: 4.00, SER: 0.353, BER: 0.233
2021-03-23 05:33:51,110 - Epoch: 500, SNRdB: 5.00, SER: 0.331, BER: 0.222
2021-03-23 05:33:51,136 - Epoch: 500, SNRdB: 6.00, SER: 0.276, BER: 0.181
2021-03-23 05:33:51,161 - Epoch: 500, SNRdB: 7.00, SER: 0.238, BER: 0.160
2021-03-23 05:33:51,187 - Epoch: 500, SNRdB: 8.00, SER: 0.188, BER: 0.124
2021-03-23 05:33:51,212 - Epoch: 500, SNRdB: 9.00, SER: 0.166, BER: 0.112
2021-03-23 05:33:51,237 - Epoch: 500, SNRdB: 10.00, SER: 0.122, BER: 0.079
2021-03-23 05:33:51,263 - Epoch: 500, SNRdB: 11.00, SER: 0.087, BER: 0.057
2021-03-23 05:33:51,288 - Epoch: 500, SNRdB: 12.00, SER: 0.064, BER: 0.040
2021-03-23 05:33:51,314 - Epoch: 500, SNRdB: 13.00, SER: 0.040, BER: 0.026
2021-03-23 05:33:51,339 - Epoch: 500, SNRdB: 14.00, SER: 0.021, BER: 0.013
2021-03-23 05:33:51,364 - Epoch: 500, SNRdB: 15.00, SER: 0.014, BER: 0.011
2021-03-23 05:33:51,389 - Epoch: 500, SNRdB: 16.00, SER: 0.005, BER: 0.004
2021-03-23 05:33:51,413 - Epoch: 500, SNRdB: 17.00, SER: 0.000, BER: 0.000
2021-03-23 05:33:51,438 - Epoch: 500, SNRdB: 18.00, SER: 0.000, BER: 0.000
2021-03-23 05:33:51,463 - Epoch: 500, SNRdB: 19.00, SER: 0.001, BER: 0.001
2021-03-23 05:33:51,488 - Epoch: 500, SNRdB: 20.00, SER: 0.000, BER: 0.000
2021-03-23 05:33:51,522 - experiments/10I10O_QAM16_AWGN_LINEAR_MMNet_500epochs/MMNet_10layers_epoch500.pth saved.
2021-03-23 05:33:51,627 - experiments/10I10O_QAM16_AWGN_LINEAR_MMNet_500epochs/loss_MMNet_10layers.pngsaved.
2021-03-23 05:33:52,284 - experiments/10I10O_QAM16_AWGN_LINEAR_MMNet_500epochs/SER_MMNet_10layers.png saved.
2021-03-23 05:33:52,284 - experiments/10I10O_QAM16_AWGN_LINEAR_MMNet_500epochs/BER_MMNet_10layers.png saved.
2021-03-27 01:08:18,014 - Testing at epoch 100
2021-03-27 01:08:18,198 - Epoch: 100, SNRdB: 1.00, SER: 0.464, BER: 0.297
2021-03-27 01:08:18,219 - Epoch: 100, SNRdB: 2.00, SER: 0.428, BER: 0.271
2021-03-27 01:08:18,239 - Epoch: 100, SNRdB: 3.00, SER: 0.391, BER: 0.253
2021-03-27 01:08:18,260 - Epoch: 100, SNRdB: 4.00, SER: 0.363, BER: 0.241
2021-03-27 01:08:18,278 - Epoch: 100, SNRdB: 5.00, SER: 0.325, BER: 0.209
2021-03-27 01:08:18,297 - Epoch: 100, SNRdB: 6.00, SER: 0.285, BER: 0.188
2021-03-27 01:08:18,315 - Epoch: 100, SNRdB: 7.00, SER: 0.241, BER: 0.157
2021-03-27 01:08:18,333 - Epoch: 100, SNRdB: 8.00, SER: 0.198, BER: 0.129
2021-03-27 01:08:18,352 - Epoch: 100, SNRdB: 9.00, SER: 0.170, BER: 0.111
2021-03-27 01:08:18,370 - Epoch: 100, SNRdB: 10.00, SER: 0.116, BER: 0.077
2021-03-27 01:08:18,389 - Epoch: 100, SNRdB: 11.00, SER: 0.089, BER: 0.060
2021-03-27 01:08:18,407 - Epoch: 100, SNRdB: 12.00, SER: 0.068, BER: 0.045
2021-03-27 01:08:18,426 - Epoch: 100, SNRdB: 13.00, SER: 0.036, BER: 0.022
2021-03-27 01:08:18,444 - Epoch: 100, SNRdB: 14.00, SER: 0.032, BER: 0.021
2021-03-27 01:08:18,463 - Epoch: 100, SNRdB: 15.00, SER: 0.014, BER: 0.008
2021-03-27 01:08:18,481 - Epoch: 100, SNRdB: 16.00, SER: 0.006, BER: 0.004
2021-03-27 01:08:18,499 - Epoch: 100, SNRdB: 17.00, SER: 0.005, BER: 0.004
2021-03-27 01:08:18,518 - Epoch: 100, SNRdB: 18.00, SER: 0.002, BER: 0.001
2021-03-27 01:08:18,536 - Epoch: 100, SNRdB: 19.00, SER: 0.002, BER: 0.001
2021-03-27 01:08:18,555 - Epoch: 100, SNRdB: 20.00, SER: 0.000, BER: 0.000
2021-03-27 01:08:18,645 - experiments/10I10O_QAM16_AWGN_LINEAR_MMNet_500epochs/MMNet_5layers_epoch100.pth saved.
2021-03-27 01:13:53,832 - Testing at epoch 200
2021-03-27 01:13:53,927 - Epoch: 200, SNRdB: 1.00, SER: 0.472, BER: 0.302
2021-03-27 01:13:53,947 - Epoch: 200, SNRdB: 2.00, SER: 0.429, BER: 0.275
2021-03-27 01:13:53,965 - Epoch: 200, SNRdB: 3.00, SER: 0.400, BER: 0.256
2021-03-27 01:13:53,984 - Epoch: 200, SNRdB: 4.00, SER: 0.352, BER: 0.232
2021-03-27 01:13:54,002 - Epoch: 200, SNRdB: 5.00, SER: 0.316, BER: 0.210
2021-03-27 01:13:54,021 - Epoch: 200, SNRdB: 6.00, SER: 0.269, BER: 0.173
2021-03-27 01:13:54,039 - Epoch: 200, SNRdB: 7.00, SER: 0.237, BER: 0.158
2021-03-27 01:13:54,060 - Epoch: 200, SNRdB: 8.00, SER: 0.206, BER: 0.136
2021-03-27 01:13:54,081 - Epoch: 200, SNRdB: 9.00, SER: 0.158, BER: 0.105
2021-03-27 01:13:54,102 - Epoch: 200, SNRdB: 10.00, SER: 0.115, BER: 0.077
2021-03-27 01:13:54,123 - Epoch: 200, SNRdB: 11.00, SER: 0.102, BER: 0.071
2021-03-27 01:13:54,144 - Epoch: 200, SNRdB: 12.00, SER: 0.064, BER: 0.044
2021-03-27 01:13:54,164 - Epoch: 200, SNRdB: 13.00, SER: 0.044, BER: 0.030
2021-03-27 01:13:54,185 - Epoch: 200, SNRdB: 14.00, SER: 0.023, BER: 0.016
2021-03-27 01:13:54,204 - Epoch: 200, SNRdB: 15.00, SER: 0.012, BER: 0.008
2021-03-27 01:13:54,222 - Epoch: 200, SNRdB: 16.00, SER: 0.006, BER: 0.004
2021-03-27 01:13:54,241 - Epoch: 200, SNRdB: 17.00, SER: 0.003, BER: 0.002
2021-03-27 01:13:54,259 - Epoch: 200, SNRdB: 18.00, SER: 0.000, BER: 0.000
2021-03-27 01:13:54,277 - Epoch: 200, SNRdB: 19.00, SER: 0.000, BER: 0.000
2021-03-27 01:13:54,296 - Epoch: 200, SNRdB: 20.00, SER: 0.000, BER: 0.000
2021-03-27 01:13:54,325 - experiments/10I10O_QAM16_AWGN_LINEAR_MMNet_500epochs/MMNet_5layers_epoch200.pth saved.
2021-03-27 01:19:31,117 - Testing at epoch 300
2021-03-27 01:19:31,222 - Epoch: 300, SNRdB: 1.00, SER: 0.462, BER: 0.290
2021-03-27 01:19:31,242 - Epoch: 300, SNRdB: 2.00, SER: 0.452, BER: 0.293
2021-03-27 01:19:31,261 - Epoch: 300, SNRdB: 3.00, SER: 0.396, BER: 0.257
2021-03-27 01:19:31,282 - Epoch: 300, SNRdB: 4.00, SER: 0.355, BER: 0.232
2021-03-27 01:19:31,299 - Epoch: 300, SNRdB: 5.00, SER: 0.312, BER: 0.202
2021-03-27 01:19:31,317 - Epoch: 300, SNRdB: 6.00, SER: 0.278, BER: 0.184
2021-03-27 01:19:31,336 - Epoch: 300, SNRdB: 7.00, SER: 0.227, BER: 0.152
2021-03-27 01:19:31,357 - Epoch: 300, SNRdB: 8.00, SER: 0.204, BER: 0.133
2021-03-27 01:19:31,375 - Epoch: 300, SNRdB: 9.00, SER: 0.152, BER: 0.101
2021-03-27 01:19:31,394 - Epoch: 300, SNRdB: 10.00, SER: 0.108, BER: 0.071
2021-03-27 01:19:31,413 - Epoch: 300, SNRdB: 11.00, SER: 0.087, BER: 0.058
2021-03-27 01:19:31,431 - Epoch: 300, SNRdB: 12.00, SER: 0.067, BER: 0.045
2021-03-27 01:19:31,450 - Epoch: 300, SNRdB: 13.00, SER: 0.046, BER: 0.030
2021-03-27 01:19:31,468 - Epoch: 300, SNRdB: 14.00, SER: 0.020, BER: 0.013
2021-03-27 01:19:31,487 - Epoch: 300, SNRdB: 15.00, SER: 0.012, BER: 0.008
2021-03-27 01:19:31,505 - Epoch: 300, SNRdB: 16.00, SER: 0.005, BER: 0.003
2021-03-27 01:19:31,527 - Epoch: 300, SNRdB: 17.00, SER: 0.003, BER: 0.002
2021-03-27 01:19:31,547 - Epoch: 300, SNRdB: 18.00, SER: 0.002, BER: 0.001
2021-03-27 01:19:31,570 - Epoch: 300, SNRdB: 19.00, SER: 0.000, BER: 0.000
2021-03-27 01:19:31,590 - Epoch: 300, SNRdB: 20.00, SER: 0.000, BER: 0.000
2021-03-27 01:19:31,620 - experiments/10I10O_QAM16_AWGN_LINEAR_MMNet_500epochs/MMNet_5layers_epoch300.pth saved.
2021-03-27 01:25:10,320 - Testing at epoch 400
2021-03-27 01:25:10,424 - Epoch: 400, SNRdB: 1.00, SER: 0.487, BER: 0.312
2021-03-27 01:25:10,446 - Epoch: 400, SNRdB: 2.00, SER: 0.445, BER: 0.286
2021-03-27 01:25:10,465 - Epoch: 400, SNRdB: 3.00, SER: 0.398, BER: 0.256
2021-03-27 01:25:10,483 - Epoch: 400, SNRdB: 4.00, SER: 0.359, BER: 0.236
2021-03-27 01:25:10,502 - Epoch: 400, SNRdB: 5.00, SER: 0.321, BER: 0.213
2021-03-27 01:25:10,520 - Epoch: 400, SNRdB: 6.00, SER: 0.269, BER: 0.177
2021-03-27 01:25:10,539 - Epoch: 400, SNRdB: 7.00, SER: 0.237, BER: 0.155
2021-03-27 01:25:10,557 - Epoch: 400, SNRdB: 8.00, SER: 0.193, BER: 0.128
2021-03-27 01:25:10,576 - Epoch: 400, SNRdB: 9.00, SER: 0.173, BER: 0.113
2021-03-27 01:25:10,594 - Epoch: 400, SNRdB: 10.00, SER: 0.109, BER: 0.072
2021-03-27 01:25:10,613 - Epoch: 400, SNRdB: 11.00, SER: 0.087, BER: 0.058
2021-03-27 01:25:10,631 - Epoch: 400, SNRdB: 12.00, SER: 0.062, BER: 0.040
2021-03-27 01:25:10,650 - Epoch: 400, SNRdB: 13.00, SER: 0.041, BER: 0.027
2021-03-27 01:25:10,669 - Epoch: 400, SNRdB: 14.00, SER: 0.025, BER: 0.016
2021-03-27 01:25:10,690 - Epoch: 400, SNRdB: 15.00, SER: 0.013, BER: 0.009
2021-03-27 01:25:10,709 - Epoch: 400, SNRdB: 16.00, SER: 0.006, BER: 0.004
2021-03-27 01:25:10,728 - Epoch: 400, SNRdB: 17.00, SER: 0.004, BER: 0.002
2021-03-27 01:25:10,746 - Epoch: 400, SNRdB: 18.00, SER: 0.000, BER: 0.000
2021-03-27 01:25:10,765 - Epoch: 400, SNRdB: 19.00, SER: 0.000, BER: 0.000
2021-03-27 01:25:10,783 - Epoch: 400, SNRdB: 20.00, SER: 0.000, BER: 0.000
2021-03-27 01:25:10,813 - experiments/10I10O_QAM16_AWGN_LINEAR_MMNet_500epochs/MMNet_5layers_epoch400.pth saved.
2021-03-27 01:30:46,364 - Testing at epoch 500
2021-03-27 01:30:46,458 - Epoch: 500, SNRdB: 1.00, SER: 0.468, BER: 0.302
2021-03-27 01:30:46,479 - Epoch: 500, SNRdB: 2.00, SER: 0.435, BER: 0.278
2021-03-27 01:30:46,496 - Epoch: 500, SNRdB: 3.00, SER: 0.413, BER: 0.267
2021-03-27 01:30:46,516 - Epoch: 500, SNRdB: 4.00, SER: 0.356, BER: 0.232
2021-03-27 01:30:46,533 - Epoch: 500, SNRdB: 5.00, SER: 0.319, BER: 0.209
2021-03-27 01:30:46,551 - Epoch: 500, SNRdB: 6.00, SER: 0.288, BER: 0.186
2021-03-27 01:30:46,570 - Epoch: 500, SNRdB: 7.00, SER: 0.250, BER: 0.165
2021-03-27 01:30:46,588 - Epoch: 500, SNRdB: 8.00, SER: 0.193, BER: 0.127
2021-03-27 01:30:46,607 - Epoch: 500, SNRdB: 9.00, SER: 0.150, BER: 0.100
2021-03-27 01:30:46,625 - Epoch: 500, SNRdB: 10.00, SER: 0.125, BER: 0.082
2021-03-27 01:30:46,644 - Epoch: 500, SNRdB: 11.00, SER: 0.091, BER: 0.062
2021-03-27 01:30:46,663 - Epoch: 500, SNRdB: 12.00, SER: 0.060, BER: 0.038
2021-03-27 01:30:46,683 - Epoch: 500, SNRdB: 13.00, SER: 0.032, BER: 0.022
2021-03-27 01:30:46,701 - Epoch: 500, SNRdB: 14.00, SER: 0.023, BER: 0.016
2021-03-27 01:30:46,720 - Epoch: 500, SNRdB: 15.00, SER: 0.012, BER: 0.007
2021-03-27 01:30:46,739 - Epoch: 500, SNRdB: 16.00, SER: 0.004, BER: 0.003
2021-03-27 01:30:46,757 - Epoch: 500, SNRdB: 17.00, SER: 0.004, BER: 0.002
2021-03-27 01:30:46,775 - Epoch: 500, SNRdB: 18.00, SER: 0.000, BER: 0.000
2021-03-27 01:30:46,794 - Epoch: 500, SNRdB: 19.00, SER: 0.000, BER: 0.000
2021-03-27 01:30:46,812 - Epoch: 500, SNRdB: 20.00, SER: 0.001, BER: 0.000
2021-03-27 01:30:46,843 - experiments/10I10O_QAM16_AWGN_LINEAR_MMNet_500epochs/MMNet_5layers_epoch500.pth saved.
2021-03-27 01:30:47,097 - experiments/10I10O_QAM16_AWGN_LINEAR_MMNet_500epochs/loss_MMNet_5layers.pngsaved.
2021-03-27 01:30:47,772 - experiments/10I10O_QAM16_AWGN_LINEAR_MMNet_500epochs/SER_MMNet_5layers.png saved.
2021-03-27 01:30:47,772 - experiments/10I10O_QAM16_AWGN_LINEAR_MMNet_500epochs/BER_MMNet_5layers.png saved.
2021-03-27 01:51:28,117 - Testing at epoch 100
2021-03-27 01:51:28,233 - Epoch: 100, SNRdB: 1.00, SER: 0.467, BER: 0.296
2021-03-27 01:51:28,268 - Epoch: 100, SNRdB: 2.00, SER: 0.429, BER: 0.274
2021-03-27 01:51:28,317 - Epoch: 100, SNRdB: 3.00, SER: 0.407, BER: 0.267
2021-03-27 01:51:28,363 - Epoch: 100, SNRdB: 4.00, SER: 0.349, BER: 0.229
2021-03-27 01:51:28,395 - Epoch: 100, SNRdB: 5.00, SER: 0.329, BER: 0.222
2021-03-27 01:51:28,428 - Epoch: 100, SNRdB: 6.00, SER: 0.284, BER: 0.185
2021-03-27 01:51:28,461 - Epoch: 100, SNRdB: 7.00, SER: 0.242, BER: 0.161
2021-03-27 01:51:28,494 - Epoch: 100, SNRdB: 8.00, SER: 0.195, BER: 0.129
2021-03-27 01:51:28,527 - Epoch: 100, SNRdB: 9.00, SER: 0.166, BER: 0.112
2021-03-27 01:51:28,562 - Epoch: 100, SNRdB: 10.00, SER: 0.118, BER: 0.078
2021-03-27 01:51:28,595 - Epoch: 100, SNRdB: 11.00, SER: 0.088, BER: 0.058
2021-03-27 01:51:28,628 - Epoch: 100, SNRdB: 12.00, SER: 0.065, BER: 0.044
2021-03-27 01:51:28,662 - Epoch: 100, SNRdB: 13.00, SER: 0.031, BER: 0.020
2021-03-27 01:51:28,697 - Epoch: 100, SNRdB: 14.00, SER: 0.020, BER: 0.013
2021-03-27 01:51:28,730 - Epoch: 100, SNRdB: 15.00, SER: 0.011, BER: 0.008
2021-03-27 01:51:28,763 - Epoch: 100, SNRdB: 16.00, SER: 0.008, BER: 0.005
2021-03-27 01:51:28,796 - Epoch: 100, SNRdB: 17.00, SER: 0.003, BER: 0.002
2021-03-27 01:51:28,829 - Epoch: 100, SNRdB: 18.00, SER: 0.001, BER: 0.001
2021-03-27 01:51:28,862 - Epoch: 100, SNRdB: 19.00, SER: 0.001, BER: 0.000
2021-03-27 01:51:28,894 - Epoch: 100, SNRdB: 20.00, SER: 0.000, BER: 0.000
2021-03-27 01:51:28,931 - experiments/10I10O_QAM16_AWGN_LINEAR_MMNet_500epochs/MMNet_15layers_epoch100.pth saved.
2021-03-27 02:06:50,923 - Testing at epoch 200
2021-03-27 02:06:51,045 - Epoch: 200, SNRdB: 1.00, SER: 0.479, BER: 0.301
2021-03-27 02:06:51,093 - Epoch: 200, SNRdB: 2.00, SER: 0.439, BER: 0.279
2021-03-27 02:06:51,124 - Epoch: 200, SNRdB: 3.00, SER: 0.391, BER: 0.254
2021-03-27 02:06:51,157 - Epoch: 200, SNRdB: 4.00, SER: 0.345, BER: 0.228
2021-03-27 02:06:51,190 - Epoch: 200, SNRdB: 5.00, SER: 0.324, BER: 0.214
2021-03-27 02:06:51,223 - Epoch: 200, SNRdB: 6.00, SER: 0.284, BER: 0.188
2021-03-27 02:06:51,256 - Epoch: 200, SNRdB: 7.00, SER: 0.241, BER: 0.158
2021-03-27 02:06:51,289 - Epoch: 200, SNRdB: 8.00, SER: 0.204, BER: 0.136
2021-03-27 02:06:51,322 - Epoch: 200, SNRdB: 9.00, SER: 0.143, BER: 0.093
2021-03-27 02:06:51,355 - Epoch: 200, SNRdB: 10.00, SER: 0.118, BER: 0.079
2021-03-27 02:06:51,388 - Epoch: 200, SNRdB: 11.00, SER: 0.080, BER: 0.052
2021-03-27 02:06:51,422 - Epoch: 200, SNRdB: 12.00, SER: 0.061, BER: 0.042
2021-03-27 02:06:51,456 - Epoch: 200, SNRdB: 13.00, SER: 0.033, BER: 0.023
2021-03-27 02:06:51,489 - Epoch: 200, SNRdB: 14.00, SER: 0.020, BER: 0.014
2021-03-27 02:06:51,522 - Epoch: 200, SNRdB: 15.00, SER: 0.011, BER: 0.009
2021-03-27 02:06:51,555 - Epoch: 200, SNRdB: 16.00, SER: 0.005, BER: 0.004
2021-03-27 02:06:51,590 - Epoch: 200, SNRdB: 17.00, SER: 0.002, BER: 0.001
2021-03-27 02:06:51,623 - Epoch: 200, SNRdB: 18.00, SER: 0.000, BER: 0.000
2021-03-27 02:06:51,656 - Epoch: 200, SNRdB: 19.00, SER: 0.000, BER: 0.000
2021-03-27 02:06:51,691 - Epoch: 200, SNRdB: 20.00, SER: 0.000, BER: 0.000
2021-03-27 02:06:51,727 - experiments/10I10O_QAM16_AWGN_LINEAR_MMNet_500epochs/MMNet_15layers_epoch200.pth saved.
2021-03-27 02:22:30,043 - Testing at epoch 300
2021-03-27 02:22:30,154 - Epoch: 300, SNRdB: 1.00, SER: 0.469, BER: 0.300
2021-03-27 02:22:30,188 - Epoch: 300, SNRdB: 2.00, SER: 0.436, BER: 0.280
2021-03-27 02:22:30,224 - Epoch: 300, SNRdB: 3.00, SER: 0.394, BER: 0.256
2021-03-27 02:22:30,257 - Epoch: 300, SNRdB: 4.00, SER: 0.360, BER: 0.241
2021-03-27 02:22:30,290 - Epoch: 300, SNRdB: 5.00, SER: 0.329, BER: 0.220
2021-03-27 02:22:30,323 - Epoch: 300, SNRdB: 6.00, SER: 0.279, BER: 0.182
2021-03-27 02:22:30,356 - Epoch: 300, SNRdB: 7.00, SER: 0.244, BER: 0.159
2021-03-27 02:22:30,389 - Epoch: 300, SNRdB: 8.00, SER: 0.181, BER: 0.118
2021-03-27 02:22:30,423 - Epoch: 300, SNRdB: 9.00, SER: 0.167, BER: 0.110
2021-03-27 02:22:30,456 - Epoch: 300, SNRdB: 10.00, SER: 0.123, BER: 0.082
2021-03-27 02:22:30,489 - Epoch: 300, SNRdB: 11.00, SER: 0.084, BER: 0.053
2021-03-27 02:22:30,524 - Epoch: 300, SNRdB: 12.00, SER: 0.053, BER: 0.036
2021-03-27 02:22:30,558 - Epoch: 300, SNRdB: 13.00, SER: 0.041, BER: 0.026
2021-03-27 02:22:30,593 - Epoch: 300, SNRdB: 14.00, SER: 0.023, BER: 0.016
2021-03-27 02:22:30,626 - Epoch: 300, SNRdB: 15.00, SER: 0.010, BER: 0.006
2021-03-27 02:22:30,659 - Epoch: 300, SNRdB: 16.00, SER: 0.005, BER: 0.003
2021-03-27 02:22:30,694 - Epoch: 300, SNRdB: 17.00, SER: 0.001, BER: 0.000
2021-03-27 02:22:30,727 - Epoch: 300, SNRdB: 18.00, SER: 0.001, BER: 0.000
2021-03-27 02:22:30,761 - Epoch: 300, SNRdB: 19.00, SER: 0.000, BER: 0.000
2021-03-27 02:22:30,794 - Epoch: 300, SNRdB: 20.00, SER: 0.000, BER: 0.000
2021-03-27 02:22:30,828 - experiments/10I10O_QAM16_AWGN_LINEAR_MMNet_500epochs/MMNet_15layers_epoch300.pth saved.
2021-03-27 02:37:55,276 - Testing at epoch 400
2021-03-27 02:37:55,386 - Epoch: 400, SNRdB: 1.00, SER: 0.480, BER: 0.303
2021-03-27 02:37:55,420 - Epoch: 400, SNRdB: 2.00, SER: 0.440, BER: 0.284
2021-03-27 02:37:55,453 - Epoch: 400, SNRdB: 3.00, SER: 0.395, BER: 0.255
2021-03-27 02:37:55,487 - Epoch: 400, SNRdB: 4.00, SER: 0.353, BER: 0.232
2021-03-27 02:37:55,520 - Epoch: 400, SNRdB: 5.00, SER: 0.330, BER: 0.217
2021-03-27 02:37:55,553 - Epoch: 400, SNRdB: 6.00, SER: 0.277, BER: 0.179
2021-03-27 02:37:55,586 - Epoch: 400, SNRdB: 7.00, SER: 0.247, BER: 0.161
2021-03-27 02:37:55,627 - Epoch: 400, SNRdB: 8.00, SER: 0.184, BER: 0.124
2021-03-27 02:37:55,666 - Epoch: 400, SNRdB: 9.00, SER: 0.161, BER: 0.105
2021-03-27 02:37:55,705 - Epoch: 400, SNRdB: 10.00, SER: 0.116, BER: 0.077
2021-03-27 02:37:55,743 - Epoch: 400, SNRdB: 11.00, SER: 0.096, BER: 0.065
2021-03-27 02:37:55,778 - Epoch: 400, SNRdB: 12.00, SER: 0.055, BER: 0.038
2021-03-27 02:37:55,811 - Epoch: 400, SNRdB: 13.00, SER: 0.043, BER: 0.029
2021-03-27 02:37:55,844 - Epoch: 400, SNRdB: 14.00, SER: 0.022, BER: 0.014
2021-03-27 02:37:55,877 - Epoch: 400, SNRdB: 15.00, SER: 0.010, BER: 0.007
2021-03-27 02:37:55,910 - Epoch: 400, SNRdB: 16.00, SER: 0.004, BER: 0.003
2021-03-27 02:37:55,943 - Epoch: 400, SNRdB: 17.00, SER: 0.003, BER: 0.002
2021-03-27 02:37:55,976 - Epoch: 400, SNRdB: 18.00, SER: 0.001, BER: 0.001
2021-03-27 02:37:56,009 - Epoch: 400, SNRdB: 19.00, SER: 0.000, BER: 0.000
2021-03-27 02:37:56,042 - Epoch: 400, SNRdB: 20.00, SER: 0.000, BER: 0.000
2021-03-27 02:37:56,077 - experiments/10I10O_QAM16_AWGN_LINEAR_MMNet_500epochs/MMNet_15layers_epoch400.pth saved.
2021-03-27 02:53:14,318 - Testing at epoch 500
2021-03-27 02:53:14,427 - Epoch: 500, SNRdB: 1.00, SER: 0.476, BER: 0.301
2021-03-27 02:53:14,461 - Epoch: 500, SNRdB: 2.00, SER: 0.446, BER: 0.284
2021-03-27 02:53:14,494 - Epoch: 500, SNRdB: 3.00, SER: 0.392, BER: 0.256
2021-03-27 02:53:14,527 - Epoch: 500, SNRdB: 4.00, SER: 0.346, BER: 0.226
2021-03-27 02:53:14,561 - Epoch: 500, SNRdB: 5.00, SER: 0.301, BER: 0.198
2021-03-27 02:53:14,594 - Epoch: 500, SNRdB: 6.00, SER: 0.281, BER: 0.184
2021-03-27 02:53:14,627 - Epoch: 500, SNRdB: 7.00, SER: 0.237, BER: 0.158
2021-03-27 02:53:14,661 - Epoch: 500, SNRdB: 8.00, SER: 0.205, BER: 0.137
2021-03-27 02:53:14,697 - Epoch: 500, SNRdB: 9.00, SER: 0.163, BER: 0.112
2021-03-27 02:53:14,733 - Epoch: 500, SNRdB: 10.00, SER: 0.113, BER: 0.074
2021-03-27 02:53:14,767 - Epoch: 500, SNRdB: 11.00, SER: 0.089, BER: 0.059
2021-03-27 02:53:14,801 - Epoch: 500, SNRdB: 12.00, SER: 0.064, BER: 0.042
2021-03-27 02:53:14,836 - Epoch: 500, SNRdB: 13.00, SER: 0.042, BER: 0.028
2021-03-27 02:53:14,869 - Epoch: 500, SNRdB: 14.00, SER: 0.023, BER: 0.016
2021-03-27 02:53:14,902 - Epoch: 500, SNRdB: 15.00, SER: 0.015, BER: 0.009
2021-03-27 02:53:14,935 - Epoch: 500, SNRdB: 16.00, SER: 0.005, BER: 0.003
2021-03-27 02:53:14,968 - Epoch: 500, SNRdB: 17.00, SER: 0.001, BER: 0.001
2021-03-27 02:53:15,001 - Epoch: 500, SNRdB: 18.00, SER: 0.002, BER: 0.001
2021-03-27 02:53:15,035 - Epoch: 500, SNRdB: 19.00, SER: 0.000, BER: 0.000
2021-03-27 02:53:15,068 - Epoch: 500, SNRdB: 20.00, SER: 0.000, BER: 0.000
2021-03-27 02:53:15,101 - experiments/10I10O_QAM16_AWGN_LINEAR_MMNet_500epochs/MMNet_15layers_epoch500.pth saved.
2021-03-27 02:53:15,196 - experiments/10I10O_QAM16_AWGN_LINEAR_MMNet_500epochs/loss_MMNet_15layers.pngsaved.
2021-03-27 02:53:15,782 - experiments/10I10O_QAM16_AWGN_LINEAR_MMNet_500epochs/SER_MMNet_15layers.png saved.
2021-03-27 02:53:15,782 - experiments/10I10O_QAM16_AWGN_LINEAR_MMNet_500epochs/BER_MMNet_15layers.png saved.
