2021-04-17 06:57:09,748 - Testing at epoch 100
2021-04-17 06:57:09,964 - Epoch: 100, SNRdB: 1.00, SER: 0.814, BER: 0.370
2021-04-17 06:57:09,989 - Epoch: 100, SNRdB: 2.00, SER: 0.785, BER: 0.355
2021-04-17 06:57:10,046 - Epoch: 100, SNRdB: 3.00, SER: 0.783, BER: 0.358
2021-04-17 06:57:10,071 - Epoch: 100, SNRdB: 4.00, SER: 0.768, BER: 0.339
2021-04-17 06:57:10,132 - Epoch: 100, SNRdB: 5.00, SER: 0.727, BER: 0.314
2021-04-17 06:57:10,157 - Epoch: 100, SNRdB: 6.00, SER: 0.729, BER: 0.323
2021-04-17 06:57:10,218 - Epoch: 100, SNRdB: 7.00, SER: 0.711, BER: 0.307
2021-04-17 06:57:10,244 - Epoch: 100, SNRdB: 8.00, SER: 0.693, BER: 0.312
2021-04-17 06:57:10,306 - Epoch: 100, SNRdB: 9.00, SER: 0.656, BER: 0.286
2021-04-17 06:57:10,331 - Epoch: 100, SNRdB: 10.00, SER: 0.621, BER: 0.259
2021-04-17 06:57:10,392 - Epoch: 100, SNRdB: 11.00, SER: 0.619, BER: 0.256
2021-04-17 06:57:10,415 - Epoch: 100, SNRdB: 12.00, SER: 0.570, BER: 0.233
2021-04-17 06:57:10,456 - Epoch: 100, SNRdB: 13.00, SER: 0.527, BER: 0.219
2021-04-17 06:57:10,485 - Epoch: 100, SNRdB: 14.00, SER: 0.543, BER: 0.239
2021-04-17 06:57:10,528 - Epoch: 100, SNRdB: 15.00, SER: 0.494, BER: 0.207
2021-04-17 06:57:10,564 - Epoch: 100, SNRdB: 16.00, SER: 0.531, BER: 0.214
2021-04-17 06:57:10,600 - Epoch: 100, SNRdB: 17.00, SER: 0.492, BER: 0.190
2021-04-17 06:57:10,637 - Epoch: 100, SNRdB: 18.00, SER: 0.430, BER: 0.176
2021-04-17 06:57:10,671 - Epoch: 100, SNRdB: 19.00, SER: 0.449, BER: 0.173
2021-04-17 06:57:10,708 - Epoch: 100, SNRdB: 20.00, SER: 0.438, BER: 0.172
2021-04-17 06:57:10,742 - experiments_AWGN_order2_sharp/SISO_QAM256_AWGN_NONLINEAR_FCNet_500epochs/upstream1_downstream1_epoch100.pth saved.
2021-04-17 07:04:04,318 - Testing at epoch 200
2021-04-17 07:04:04,488 - Epoch: 200, SNRdB: 1.00, SER: 0.816, BER: 0.378
2021-04-17 07:04:04,500 - Epoch: 200, SNRdB: 2.00, SER: 0.781, BER: 0.351
2021-04-17 07:04:04,562 - Epoch: 200, SNRdB: 3.00, SER: 0.783, BER: 0.351
2021-04-17 07:04:04,572 - Epoch: 200, SNRdB: 4.00, SER: 0.760, BER: 0.349
2021-04-17 07:04:04,640 - Epoch: 200, SNRdB: 5.00, SER: 0.736, BER: 0.316
2021-04-17 07:04:04,655 - Epoch: 200, SNRdB: 6.00, SER: 0.682, BER: 0.301
2021-04-17 07:04:04,723 - Epoch: 200, SNRdB: 7.00, SER: 0.707, BER: 0.318
2021-04-17 07:04:04,745 - Epoch: 200, SNRdB: 8.00, SER: 0.674, BER: 0.295
2021-04-17 07:04:04,789 - Epoch: 200, SNRdB: 9.00, SER: 0.645, BER: 0.271
2021-04-17 07:04:04,807 - Epoch: 200, SNRdB: 10.00, SER: 0.627, BER: 0.265
2021-04-17 07:04:04,867 - Epoch: 200, SNRdB: 11.00, SER: 0.594, BER: 0.261
2021-04-17 07:04:04,888 - Epoch: 200, SNRdB: 12.00, SER: 0.553, BER: 0.231
2021-04-17 07:04:04,933 - Epoch: 200, SNRdB: 13.00, SER: 0.564, BER: 0.232
2021-04-17 07:04:04,951 - Epoch: 200, SNRdB: 14.00, SER: 0.494, BER: 0.205
2021-04-17 07:04:05,012 - Epoch: 200, SNRdB: 15.00, SER: 0.506, BER: 0.211
2021-04-17 07:04:05,033 - Epoch: 200, SNRdB: 16.00, SER: 0.475, BER: 0.206
2021-04-17 07:04:05,078 - Epoch: 200, SNRdB: 17.00, SER: 0.453, BER: 0.191
2021-04-17 07:04:05,095 - Epoch: 200, SNRdB: 18.00, SER: 0.422, BER: 0.173
2021-04-17 07:04:05,156 - Epoch: 200, SNRdB: 19.00, SER: 0.432, BER: 0.176
2021-04-17 07:04:05,177 - Epoch: 200, SNRdB: 20.00, SER: 0.371, BER: 0.141
2021-04-17 07:04:05,218 - experiments_AWGN_order2_sharp/SISO_QAM256_AWGN_NONLINEAR_FCNet_500epochs/upstream1_downstream1_epoch200.pth saved.
2021-04-17 07:10:58,604 - Testing at epoch 300
2021-04-17 07:10:58,831 - Epoch: 300, SNRdB: 1.00, SER: 0.758, BER: 0.340
2021-04-17 07:10:58,852 - Epoch: 300, SNRdB: 2.00, SER: 0.824, BER: 0.365
2021-04-17 07:10:58,930 - Epoch: 300, SNRdB: 3.00, SER: 0.787, BER: 0.361
2021-04-17 07:10:58,960 - Epoch: 300, SNRdB: 4.00, SER: 0.766, BER: 0.343
2021-04-17 07:10:59,005 - Epoch: 300, SNRdB: 5.00, SER: 0.750, BER: 0.338
2021-04-17 07:10:59,039 - Epoch: 300, SNRdB: 6.00, SER: 0.719, BER: 0.303
2021-04-17 07:10:59,082 - Epoch: 300, SNRdB: 7.00, SER: 0.717, BER: 0.308
2021-04-17 07:10:59,129 - Epoch: 300, SNRdB: 8.00, SER: 0.682, BER: 0.299
2021-04-17 07:10:59,178 - Epoch: 300, SNRdB: 9.00, SER: 0.658, BER: 0.284
2021-04-17 07:10:59,212 - Epoch: 300, SNRdB: 10.00, SER: 0.617, BER: 0.255
2021-04-17 07:10:59,331 - Epoch: 300, SNRdB: 11.00, SER: 0.602, BER: 0.265
2021-04-17 07:10:59,360 - Epoch: 300, SNRdB: 12.00, SER: 0.604, BER: 0.259
2021-04-17 07:10:59,416 - Epoch: 300, SNRdB: 13.00, SER: 0.580, BER: 0.227
2021-04-17 07:10:59,445 - Epoch: 300, SNRdB: 14.00, SER: 0.529, BER: 0.228
2021-04-17 07:10:59,502 - Epoch: 300, SNRdB: 15.00, SER: 0.506, BER: 0.205
2021-04-17 07:10:59,529 - Epoch: 300, SNRdB: 16.00, SER: 0.424, BER: 0.166
2021-04-17 07:10:59,569 - Epoch: 300, SNRdB: 17.00, SER: 0.441, BER: 0.163
2021-04-17 07:10:59,606 - Epoch: 300, SNRdB: 18.00, SER: 0.426, BER: 0.164
2021-04-17 07:10:59,637 - Epoch: 300, SNRdB: 19.00, SER: 0.387, BER: 0.152
2021-04-17 07:10:59,695 - Epoch: 300, SNRdB: 20.00, SER: 0.367, BER: 0.132
2021-04-17 07:10:59,733 - experiments_AWGN_order2_sharp/SISO_QAM256_AWGN_NONLINEAR_FCNet_500epochs/upstream1_downstream1_epoch300.pth saved.
2021-04-17 07:17:53,681 - Testing at epoch 400
2021-04-17 07:17:53,900 - Epoch: 400, SNRdB: 1.00, SER: 0.826, BER: 0.357
2021-04-17 07:17:53,924 - Epoch: 400, SNRdB: 2.00, SER: 0.805, BER: 0.372
2021-04-17 07:17:53,985 - Epoch: 400, SNRdB: 3.00, SER: 0.789, BER: 0.353
2021-04-17 07:17:54,013 - Epoch: 400, SNRdB: 4.00, SER: 0.777, BER: 0.354
2021-04-17 07:17:54,050 - Epoch: 400, SNRdB: 5.00, SER: 0.756, BER: 0.337
2021-04-17 07:17:54,078 - Epoch: 400, SNRdB: 6.00, SER: 0.742, BER: 0.325
2021-04-17 07:17:54,118 - Epoch: 400, SNRdB: 7.00, SER: 0.688, BER: 0.299
2021-04-17 07:17:54,147 - Epoch: 400, SNRdB: 8.00, SER: 0.699, BER: 0.302
2021-04-17 07:17:54,188 - Epoch: 400, SNRdB: 9.00, SER: 0.676, BER: 0.286
2021-04-17 07:17:54,218 - Epoch: 400, SNRdB: 10.00, SER: 0.607, BER: 0.250
2021-04-17 07:17:54,259 - Epoch: 400, SNRdB: 11.00, SER: 0.578, BER: 0.248
2021-04-17 07:17:54,290 - Epoch: 400, SNRdB: 12.00, SER: 0.578, BER: 0.235
2021-04-17 07:17:54,329 - Epoch: 400, SNRdB: 13.00, SER: 0.527, BER: 0.217
2021-04-17 07:17:54,360 - Epoch: 400, SNRdB: 14.00, SER: 0.465, BER: 0.197
2021-04-17 07:17:54,401 - Epoch: 400, SNRdB: 15.00, SER: 0.449, BER: 0.194
2021-04-17 07:17:54,432 - Epoch: 400, SNRdB: 16.00, SER: 0.443, BER: 0.172
2021-04-17 07:17:54,471 - Epoch: 400, SNRdB: 17.00, SER: 0.393, BER: 0.156
2021-04-17 07:17:54,504 - Epoch: 400, SNRdB: 18.00, SER: 0.396, BER: 0.155
2021-04-17 07:17:54,542 - Epoch: 400, SNRdB: 19.00, SER: 0.365, BER: 0.146
2021-04-17 07:17:54,575 - Epoch: 400, SNRdB: 20.00, SER: 0.354, BER: 0.138
2021-04-17 07:17:54,614 - experiments_AWGN_order2_sharp/SISO_QAM256_AWGN_NONLINEAR_FCNet_500epochs/upstream1_downstream1_epoch400.pth saved.
2021-04-17 07:24:45,014 - Testing at epoch 500
2021-04-17 07:24:45,223 - Epoch: 500, SNRdB: 1.00, SER: 0.844, BER: 0.382
2021-04-17 07:24:45,238 - Epoch: 500, SNRdB: 2.00, SER: 0.811, BER: 0.365
2021-04-17 07:24:45,308 - Epoch: 500, SNRdB: 3.00, SER: 0.812, BER: 0.352
2021-04-17 07:24:45,323 - Epoch: 500, SNRdB: 4.00, SER: 0.785, BER: 0.349
2021-04-17 07:24:45,399 - Epoch: 500, SNRdB: 5.00, SER: 0.742, BER: 0.324
2021-04-17 07:24:45,419 - Epoch: 500, SNRdB: 6.00, SER: 0.725, BER: 0.315
2021-04-17 07:24:45,476 - Epoch: 500, SNRdB: 7.00, SER: 0.719, BER: 0.316
2021-04-17 07:24:45,493 - Epoch: 500, SNRdB: 8.00, SER: 0.682, BER: 0.301
2021-04-17 07:24:45,566 - Epoch: 500, SNRdB: 9.00, SER: 0.709, BER: 0.303
2021-04-17 07:24:45,587 - Epoch: 500, SNRdB: 10.00, SER: 0.617, BER: 0.266
2021-04-17 07:24:45,642 - Epoch: 500, SNRdB: 11.00, SER: 0.566, BER: 0.237
2021-04-17 07:24:45,660 - Epoch: 500, SNRdB: 12.00, SER: 0.551, BER: 0.241
2021-04-17 07:24:45,730 - Epoch: 500, SNRdB: 13.00, SER: 0.551, BER: 0.229
2021-04-17 07:24:45,752 - Epoch: 500, SNRdB: 14.00, SER: 0.508, BER: 0.203
2021-04-17 07:24:45,809 - Epoch: 500, SNRdB: 15.00, SER: 0.480, BER: 0.190
2021-04-17 07:24:45,828 - Epoch: 500, SNRdB: 16.00, SER: 0.457, BER: 0.178
2021-04-17 07:24:45,893 - Epoch: 500, SNRdB: 17.00, SER: 0.443, BER: 0.180
2021-04-17 07:24:45,915 - Epoch: 500, SNRdB: 18.00, SER: 0.475, BER: 0.189
2021-04-17 07:24:46,017 - Epoch: 500, SNRdB: 19.00, SER: 0.402, BER: 0.159
2021-04-17 07:24:46,038 - Epoch: 500, SNRdB: 20.00, SER: 0.367, BER: 0.138
2021-04-17 07:24:46,085 - experiments_AWGN_order2_sharp/SISO_QAM256_AWGN_NONLINEAR_FCNet_500epochs/upstream1_downstream1_epoch500.pth saved.
2021-04-17 07:24:46,253 - experiments_AWGN_order2_sharp/SISO_QAM256_AWGN_NONLINEAR_FCNet_500epochs/loss_FCNet_1upstream_1downstream.pngsaved.
2021-04-17 07:24:46,857 - experiments_AWGN_order2_sharp/SISO_QAM256_AWGN_NONLINEAR_FCNet_500epochs/SER_upstream1_downstream1.png saved.
2021-04-17 07:24:46,858 - experiments_AWGN_order2_sharp/SISO_QAM256_AWGN_NONLINEAR_FCNet_500epochs/BER_upstream1_downstream1.png saved.
