2021-04-14 23:05:52,809 - Testing at epoch 100
2021-04-14 23:05:52,900 - Epoch: 100, SNRdB: 1.00, SER: 0.359, BER: 0.226
2021-04-14 23:05:52,953 - Epoch: 100, SNRdB: 2.00, SER: 0.320, BER: 0.203
2021-04-14 23:05:52,963 - Epoch: 100, SNRdB: 3.00, SER: 0.352, BER: 0.213
2021-04-14 23:05:53,009 - Epoch: 100, SNRdB: 4.00, SER: 0.334, BER: 0.200
2021-04-14 23:05:53,019 - Epoch: 100, SNRdB: 5.00, SER: 0.273, BER: 0.168
2021-04-14 23:05:53,058 - Epoch: 100, SNRdB: 6.00, SER: 0.240, BER: 0.141
2021-04-14 23:05:53,068 - Epoch: 100, SNRdB: 7.00, SER: 0.211, BER: 0.126
2021-04-14 23:05:53,103 - Epoch: 100, SNRdB: 8.00, SER: 0.164, BER: 0.095
2021-04-14 23:05:53,114 - Epoch: 100, SNRdB: 9.00, SER: 0.180, BER: 0.099
2021-04-14 23:05:53,149 - Epoch: 100, SNRdB: 10.00, SER: 0.117, BER: 0.064
2021-04-14 23:05:53,159 - Epoch: 100, SNRdB: 11.00, SER: 0.105, BER: 0.059
2021-04-14 23:05:53,194 - Epoch: 100, SNRdB: 12.00, SER: 0.107, BER: 0.061
2021-04-14 23:05:53,205 - Epoch: 100, SNRdB: 13.00, SER: 0.092, BER: 0.048
2021-04-14 23:05:53,238 - Epoch: 100, SNRdB: 14.00, SER: 0.084, BER: 0.044
2021-04-14 23:05:53,249 - Epoch: 100, SNRdB: 15.00, SER: 0.045, BER: 0.022
2021-04-14 23:05:53,283 - Epoch: 100, SNRdB: 16.00, SER: 0.031, BER: 0.016
2021-04-14 23:05:53,294 - Epoch: 100, SNRdB: 17.00, SER: 0.025, BER: 0.013
2021-04-14 23:05:53,326 - Epoch: 100, SNRdB: 18.00, SER: 0.029, BER: 0.015
2021-04-14 23:05:53,337 - Epoch: 100, SNRdB: 19.00, SER: 0.014, BER: 0.007
2021-04-14 23:05:53,369 - Epoch: 100, SNRdB: 20.00, SER: 0.002, BER: 0.001
2021-04-14 23:05:53,396 - experiments_AWGN/SISO_QAM16_AWGN_LINEAR_FCNet_500epochs/upstream1_downstream1_epoch100.pth saved.
2021-04-14 23:09:48,672 - Testing at epoch 200
2021-04-14 23:09:48,776 - Epoch: 200, SNRdB: 1.00, SER: 0.387, BER: 0.247
2021-04-14 23:09:48,799 - Epoch: 200, SNRdB: 2.00, SER: 0.334, BER: 0.221
2021-04-14 23:09:48,828 - Epoch: 200, SNRdB: 3.00, SER: 0.281, BER: 0.165
2021-04-14 23:09:48,849 - Epoch: 200, SNRdB: 4.00, SER: 0.281, BER: 0.172
2021-04-14 23:09:48,884 - Epoch: 200, SNRdB: 5.00, SER: 0.256, BER: 0.161
2021-04-14 23:09:48,896 - Epoch: 200, SNRdB: 6.00, SER: 0.234, BER: 0.144
2021-04-14 23:09:48,925 - Epoch: 200, SNRdB: 7.00, SER: 0.207, BER: 0.126
2021-04-14 23:09:48,936 - Epoch: 200, SNRdB: 8.00, SER: 0.219, BER: 0.133
2021-04-14 23:09:48,964 - Epoch: 200, SNRdB: 9.00, SER: 0.166, BER: 0.094
2021-04-14 23:09:48,976 - Epoch: 200, SNRdB: 10.00, SER: 0.162, BER: 0.093
2021-04-14 23:09:49,003 - Epoch: 200, SNRdB: 11.00, SER: 0.104, BER: 0.055
2021-04-14 23:09:49,014 - Epoch: 200, SNRdB: 12.00, SER: 0.111, BER: 0.059
2021-04-14 23:09:49,042 - Epoch: 200, SNRdB: 13.00, SER: 0.059, BER: 0.029
2021-04-14 23:09:49,052 - Epoch: 200, SNRdB: 14.00, SER: 0.070, BER: 0.038
2021-04-14 23:09:49,081 - Epoch: 200, SNRdB: 15.00, SER: 0.045, BER: 0.022
2021-04-14 23:09:49,091 - Epoch: 200, SNRdB: 16.00, SER: 0.041, BER: 0.021
2021-04-14 23:09:49,120 - Epoch: 200, SNRdB: 17.00, SER: 0.014, BER: 0.007
2021-04-14 23:09:49,131 - Epoch: 200, SNRdB: 18.00, SER: 0.014, BER: 0.007
2021-04-14 23:09:49,159 - Epoch: 200, SNRdB: 19.00, SER: 0.018, BER: 0.009
2021-04-14 23:09:49,169 - Epoch: 200, SNRdB: 20.00, SER: 0.002, BER: 0.001
2021-04-14 23:09:49,189 - experiments_AWGN/SISO_QAM16_AWGN_LINEAR_FCNet_500epochs/upstream1_downstream1_epoch200.pth saved.
2021-04-14 23:13:41,653 - Testing at epoch 300
2021-04-14 23:13:41,791 - Epoch: 300, SNRdB: 1.00, SER: 0.402, BER: 0.245
2021-04-14 23:13:41,808 - Epoch: 300, SNRdB: 2.00, SER: 0.359, BER: 0.233
2021-04-14 23:13:41,830 - Epoch: 300, SNRdB: 3.00, SER: 0.297, BER: 0.188
2021-04-14 23:13:41,845 - Epoch: 300, SNRdB: 4.00, SER: 0.326, BER: 0.199
2021-04-14 23:13:41,872 - Epoch: 300, SNRdB: 5.00, SER: 0.311, BER: 0.196
2021-04-14 23:13:41,886 - Epoch: 300, SNRdB: 6.00, SER: 0.275, BER: 0.176
2021-04-14 23:13:41,923 - Epoch: 300, SNRdB: 7.00, SER: 0.199, BER: 0.120
2021-04-14 23:13:41,941 - Epoch: 300, SNRdB: 8.00, SER: 0.197, BER: 0.115
2021-04-14 23:13:41,964 - Epoch: 300, SNRdB: 9.00, SER: 0.145, BER: 0.087
2021-04-14 23:13:41,980 - Epoch: 300, SNRdB: 10.00, SER: 0.141, BER: 0.083
2021-04-14 23:13:42,006 - Epoch: 300, SNRdB: 11.00, SER: 0.080, BER: 0.044
2021-04-14 23:13:42,020 - Epoch: 300, SNRdB: 12.00, SER: 0.082, BER: 0.048
2021-04-14 23:13:42,049 - Epoch: 300, SNRdB: 13.00, SER: 0.074, BER: 0.042
2021-04-14 23:13:42,062 - Epoch: 300, SNRdB: 14.00, SER: 0.062, BER: 0.034
2021-04-14 23:13:42,091 - Epoch: 300, SNRdB: 15.00, SER: 0.047, BER: 0.024
2021-04-14 23:13:42,103 - Epoch: 300, SNRdB: 16.00, SER: 0.041, BER: 0.021
2021-04-14 23:13:42,135 - Epoch: 300, SNRdB: 17.00, SER: 0.023, BER: 0.013
2021-04-14 23:13:42,146 - Epoch: 300, SNRdB: 18.00, SER: 0.010, BER: 0.005
2021-04-14 23:13:42,178 - Epoch: 300, SNRdB: 19.00, SER: 0.012, BER: 0.006
2021-04-14 23:13:42,189 - Epoch: 300, SNRdB: 20.00, SER: 0.002, BER: 0.001
2021-04-14 23:13:42,216 - experiments_AWGN/SISO_QAM16_AWGN_LINEAR_FCNet_500epochs/upstream1_downstream1_epoch300.pth saved.
2021-04-14 23:17:38,295 - Testing at epoch 400
2021-04-14 23:17:38,436 - Epoch: 400, SNRdB: 1.00, SER: 0.402, BER: 0.257
2021-04-14 23:17:38,448 - Epoch: 400, SNRdB: 2.00, SER: 0.373, BER: 0.239
2021-04-14 23:17:38,489 - Epoch: 400, SNRdB: 3.00, SER: 0.326, BER: 0.197
2021-04-14 23:17:38,501 - Epoch: 400, SNRdB: 4.00, SER: 0.340, BER: 0.214
2021-04-14 23:17:38,538 - Epoch: 400, SNRdB: 5.00, SER: 0.250, BER: 0.149
2021-04-14 23:17:38,550 - Epoch: 400, SNRdB: 6.00, SER: 0.195, BER: 0.122
2021-04-14 23:17:38,584 - Epoch: 400, SNRdB: 7.00, SER: 0.221, BER: 0.133
2021-04-14 23:17:38,595 - Epoch: 400, SNRdB: 8.00, SER: 0.160, BER: 0.094
2021-04-14 23:17:38,628 - Epoch: 400, SNRdB: 9.00, SER: 0.168, BER: 0.097
2021-04-14 23:17:38,640 - Epoch: 400, SNRdB: 10.00, SER: 0.119, BER: 0.066
2021-04-14 23:17:38,674 - Epoch: 400, SNRdB: 11.00, SER: 0.113, BER: 0.065
2021-04-14 23:17:38,686 - Epoch: 400, SNRdB: 12.00, SER: 0.111, BER: 0.060
2021-04-14 23:17:38,774 - Epoch: 400, SNRdB: 13.00, SER: 0.092, BER: 0.053
2021-04-14 23:17:38,787 - Epoch: 400, SNRdB: 14.00, SER: 0.055, BER: 0.029
2021-04-14 23:17:38,817 - Epoch: 400, SNRdB: 15.00, SER: 0.043, BER: 0.022
2021-04-14 23:17:38,829 - Epoch: 400, SNRdB: 16.00, SER: 0.023, BER: 0.012
2021-04-14 23:17:38,874 - Epoch: 400, SNRdB: 17.00, SER: 0.014, BER: 0.007
2021-04-14 23:17:38,895 - Epoch: 400, SNRdB: 18.00, SER: 0.008, BER: 0.004
2021-04-14 23:17:38,919 - Epoch: 400, SNRdB: 19.00, SER: 0.004, BER: 0.002
2021-04-14 23:17:38,937 - Epoch: 400, SNRdB: 20.00, SER: 0.004, BER: 0.002
2021-04-14 23:17:38,973 - experiments_AWGN/SISO_QAM16_AWGN_LINEAR_FCNet_500epochs/upstream1_downstream1_epoch400.pth saved.
2021-04-14 23:21:32,655 - Testing at epoch 500
2021-04-14 23:21:32,750 - Epoch: 500, SNRdB: 1.00, SER: 0.418, BER: 0.272
2021-04-14 23:21:32,773 - Epoch: 500, SNRdB: 2.00, SER: 0.346, BER: 0.216
2021-04-14 23:21:32,787 - Epoch: 500, SNRdB: 3.00, SER: 0.318, BER: 0.196
2021-04-14 23:21:32,811 - Epoch: 500, SNRdB: 4.00, SER: 0.270, BER: 0.167
2021-04-14 23:21:32,825 - Epoch: 500, SNRdB: 5.00, SER: 0.264, BER: 0.163
2021-04-14 23:21:32,850 - Epoch: 500, SNRdB: 6.00, SER: 0.258, BER: 0.152
2021-04-14 23:21:32,864 - Epoch: 500, SNRdB: 7.00, SER: 0.199, BER: 0.117
2021-04-14 23:21:32,890 - Epoch: 500, SNRdB: 8.00, SER: 0.176, BER: 0.109
2021-04-14 23:21:32,904 - Epoch: 500, SNRdB: 9.00, SER: 0.156, BER: 0.094
2021-04-14 23:21:32,931 - Epoch: 500, SNRdB: 10.00, SER: 0.135, BER: 0.080
2021-04-14 23:21:32,942 - Epoch: 500, SNRdB: 11.00, SER: 0.092, BER: 0.056
2021-04-14 23:21:32,968 - Epoch: 500, SNRdB: 12.00, SER: 0.086, BER: 0.045
2021-04-14 23:21:32,979 - Epoch: 500, SNRdB: 13.00, SER: 0.090, BER: 0.046
2021-04-14 23:21:33,007 - Epoch: 500, SNRdB: 14.00, SER: 0.064, BER: 0.032
2021-04-14 23:21:33,018 - Epoch: 500, SNRdB: 15.00, SER: 0.045, BER: 0.023
2021-04-14 23:21:33,046 - Epoch: 500, SNRdB: 16.00, SER: 0.035, BER: 0.018
2021-04-14 23:21:33,057 - Epoch: 500, SNRdB: 17.00, SER: 0.027, BER: 0.014
2021-04-14 23:21:33,085 - Epoch: 500, SNRdB: 18.00, SER: 0.014, BER: 0.007
2021-04-14 23:21:33,096 - Epoch: 500, SNRdB: 19.00, SER: 0.006, BER: 0.003
2021-04-14 23:21:33,123 - Epoch: 500, SNRdB: 20.00, SER: 0.008, BER: 0.004
2021-04-14 23:21:33,149 - experiments_AWGN/SISO_QAM16_AWGN_LINEAR_FCNet_500epochs/upstream1_downstream1_epoch500.pth saved.
2021-04-14 23:21:33,255 - experiments_AWGN/SISO_QAM16_AWGN_LINEAR_FCNet_500epochs/loss_FCNet_1upstream_1downstream.pngsaved.
2021-04-14 23:21:33,781 - experiments_AWGN/SISO_QAM16_AWGN_LINEAR_FCNet_500epochs/SER_upstream1_downstream1.png saved.
2021-04-14 23:21:33,782 - experiments_AWGN/SISO_QAM16_AWGN_LINEAR_FCNet_500epochs/BER_upstream1_downstream1.png saved.
