2021-03-29 10:40:59,516 - Testing at epoch 100
2021-03-29 10:40:59,607 - Epoch: 100, SNRdB: 1.00, SER: 0.367, BER: 0.229
2021-03-29 10:40:59,625 - Epoch: 100, SNRdB: 2.00, SER: 0.387, BER: 0.230
2021-03-29 10:40:59,631 - Epoch: 100, SNRdB: 3.00, SER: 0.281, BER: 0.172
2021-03-29 10:40:59,642 - Epoch: 100, SNRdB: 4.00, SER: 0.297, BER: 0.186
2021-03-29 10:40:59,654 - Epoch: 100, SNRdB: 5.00, SER: 0.266, BER: 0.166
2021-03-29 10:40:59,670 - Epoch: 100, SNRdB: 6.00, SER: 0.258, BER: 0.145
2021-03-29 10:40:59,682 - Epoch: 100, SNRdB: 7.00, SER: 0.215, BER: 0.131
2021-03-29 10:40:59,699 - Epoch: 100, SNRdB: 8.00, SER: 0.227, BER: 0.145
2021-03-29 10:40:59,710 - Epoch: 100, SNRdB: 9.00, SER: 0.152, BER: 0.086
2021-03-29 10:40:59,719 - Epoch: 100, SNRdB: 10.00, SER: 0.176, BER: 0.109
2021-03-29 10:40:59,726 - Epoch: 100, SNRdB: 11.00, SER: 0.125, BER: 0.072
2021-03-29 10:40:59,735 - Epoch: 100, SNRdB: 12.00, SER: 0.078, BER: 0.043
2021-03-29 10:40:59,743 - Epoch: 100, SNRdB: 13.00, SER: 0.113, BER: 0.061
2021-03-29 10:40:59,751 - Epoch: 100, SNRdB: 14.00, SER: 0.055, BER: 0.031
2021-03-29 10:40:59,759 - Epoch: 100, SNRdB: 15.00, SER: 0.035, BER: 0.020
2021-03-29 10:40:59,767 - Epoch: 100, SNRdB: 16.00, SER: 0.027, BER: 0.016
2021-03-29 10:40:59,775 - Epoch: 100, SNRdB: 17.00, SER: 0.043, BER: 0.021
2021-03-29 10:40:59,782 - Epoch: 100, SNRdB: 18.00, SER: 0.012, BER: 0.006
2021-03-29 10:40:59,788 - Epoch: 100, SNRdB: 19.00, SER: 0.008, BER: 0.004
2021-03-29 10:40:59,795 - Epoch: 100, SNRdB: 20.00, SER: 0.000, BER: 0.000
2021-03-29 10:40:59,825 - experiments/SISO_QAM16_AWGN_LINEAR_FCNet_500epochs/upstream0_downstream0_epoch100.pth saved.
2021-03-29 10:44:06,044 - Testing at epoch 200
2021-03-29 10:44:06,131 - Epoch: 200, SNRdB: 1.00, SER: 0.387, BER: 0.242
2021-03-29 10:44:06,156 - Epoch: 200, SNRdB: 2.00, SER: 0.340, BER: 0.197
2021-03-29 10:44:06,161 - Epoch: 200, SNRdB: 3.00, SER: 0.355, BER: 0.217
2021-03-29 10:44:06,180 - Epoch: 200, SNRdB: 4.00, SER: 0.258, BER: 0.162
2021-03-29 10:44:06,185 - Epoch: 200, SNRdB: 5.00, SER: 0.258, BER: 0.158
2021-03-29 10:44:06,202 - Epoch: 200, SNRdB: 6.00, SER: 0.227, BER: 0.145
2021-03-29 10:44:06,207 - Epoch: 200, SNRdB: 7.00, SER: 0.207, BER: 0.127
2021-03-29 10:44:06,223 - Epoch: 200, SNRdB: 8.00, SER: 0.223, BER: 0.129
2021-03-29 10:44:06,227 - Epoch: 200, SNRdB: 9.00, SER: 0.125, BER: 0.068
2021-03-29 10:44:06,242 - Epoch: 200, SNRdB: 10.00, SER: 0.164, BER: 0.096
2021-03-29 10:44:06,247 - Epoch: 200, SNRdB: 11.00, SER: 0.090, BER: 0.049
2021-03-29 10:44:06,261 - Epoch: 200, SNRdB: 12.00, SER: 0.105, BER: 0.055
2021-03-29 10:44:06,265 - Epoch: 200, SNRdB: 13.00, SER: 0.082, BER: 0.047
2021-03-29 10:44:06,279 - Epoch: 200, SNRdB: 14.00, SER: 0.059, BER: 0.029
2021-03-29 10:44:06,283 - Epoch: 200, SNRdB: 15.00, SER: 0.023, BER: 0.012
2021-03-29 10:44:06,296 - Epoch: 200, SNRdB: 16.00, SER: 0.027, BER: 0.014
2021-03-29 10:44:06,300 - Epoch: 200, SNRdB: 17.00, SER: 0.023, BER: 0.012
2021-03-29 10:44:06,313 - Epoch: 200, SNRdB: 18.00, SER: 0.027, BER: 0.014
2021-03-29 10:44:06,317 - Epoch: 200, SNRdB: 19.00, SER: 0.008, BER: 0.004
2021-03-29 10:44:06,329 - Epoch: 200, SNRdB: 20.00, SER: 0.004, BER: 0.002
2021-03-29 10:44:06,360 - experiments/SISO_QAM16_AWGN_LINEAR_FCNet_500epochs/upstream0_downstream0_epoch200.pth saved.
2021-03-29 10:47:12,491 - Testing at epoch 300
2021-03-29 10:47:12,597 - Epoch: 300, SNRdB: 1.00, SER: 0.387, BER: 0.250
2021-03-29 10:47:12,615 - Epoch: 300, SNRdB: 2.00, SER: 0.348, BER: 0.223
2021-03-29 10:47:12,626 - Epoch: 300, SNRdB: 3.00, SER: 0.328, BER: 0.205
2021-03-29 10:47:12,643 - Epoch: 300, SNRdB: 4.00, SER: 0.305, BER: 0.188
2021-03-29 10:47:12,651 - Epoch: 300, SNRdB: 5.00, SER: 0.250, BER: 0.152
2021-03-29 10:47:12,663 - Epoch: 300, SNRdB: 6.00, SER: 0.227, BER: 0.139
2021-03-29 10:47:12,671 - Epoch: 300, SNRdB: 7.00, SER: 0.199, BER: 0.119
2021-03-29 10:47:12,681 - Epoch: 300, SNRdB: 8.00, SER: 0.199, BER: 0.109
2021-03-29 10:47:12,689 - Epoch: 300, SNRdB: 9.00, SER: 0.145, BER: 0.076
2021-03-29 10:47:12,699 - Epoch: 300, SNRdB: 10.00, SER: 0.109, BER: 0.062
2021-03-29 10:47:12,705 - Epoch: 300, SNRdB: 11.00, SER: 0.121, BER: 0.066
2021-03-29 10:47:12,715 - Epoch: 300, SNRdB: 12.00, SER: 0.105, BER: 0.059
2021-03-29 10:47:12,721 - Epoch: 300, SNRdB: 13.00, SER: 0.070, BER: 0.035
2021-03-29 10:47:12,732 - Epoch: 300, SNRdB: 14.00, SER: 0.047, BER: 0.023
2021-03-29 10:47:12,738 - Epoch: 300, SNRdB: 15.00, SER: 0.035, BER: 0.018
2021-03-29 10:47:12,749 - Epoch: 300, SNRdB: 16.00, SER: 0.035, BER: 0.020
2021-03-29 10:47:12,755 - Epoch: 300, SNRdB: 17.00, SER: 0.023, BER: 0.012
2021-03-29 10:47:12,766 - Epoch: 300, SNRdB: 18.00, SER: 0.023, BER: 0.012
2021-03-29 10:47:12,772 - Epoch: 300, SNRdB: 19.00, SER: 0.008, BER: 0.004
2021-03-29 10:47:12,783 - Epoch: 300, SNRdB: 20.00, SER: 0.000, BER: 0.000
2021-03-29 10:47:12,811 - experiments/SISO_QAM16_AWGN_LINEAR_FCNet_500epochs/upstream0_downstream0_epoch300.pth saved.
2021-03-29 10:50:23,002 - Testing at epoch 400
2021-03-29 10:50:23,093 - Epoch: 400, SNRdB: 1.00, SER: 0.414, BER: 0.262
2021-03-29 10:50:23,105 - Epoch: 400, SNRdB: 2.00, SER: 0.383, BER: 0.232
2021-03-29 10:50:23,114 - Epoch: 400, SNRdB: 3.00, SER: 0.312, BER: 0.199
2021-03-29 10:50:23,125 - Epoch: 400, SNRdB: 4.00, SER: 0.258, BER: 0.156
2021-03-29 10:50:23,134 - Epoch: 400, SNRdB: 5.00, SER: 0.266, BER: 0.170
2021-03-29 10:50:23,144 - Epoch: 400, SNRdB: 6.00, SER: 0.215, BER: 0.131
2021-03-29 10:50:23,153 - Epoch: 400, SNRdB: 7.00, SER: 0.230, BER: 0.133
2021-03-29 10:50:23,161 - Epoch: 400, SNRdB: 8.00, SER: 0.180, BER: 0.104
2021-03-29 10:50:23,172 - Epoch: 400, SNRdB: 9.00, SER: 0.156, BER: 0.090
2021-03-29 10:50:23,179 - Epoch: 400, SNRdB: 10.00, SER: 0.160, BER: 0.088
2021-03-29 10:50:23,190 - Epoch: 400, SNRdB: 11.00, SER: 0.078, BER: 0.041
2021-03-29 10:50:23,196 - Epoch: 400, SNRdB: 12.00, SER: 0.113, BER: 0.064
2021-03-29 10:50:23,207 - Epoch: 400, SNRdB: 13.00, SER: 0.047, BER: 0.025
2021-03-29 10:50:23,213 - Epoch: 400, SNRdB: 14.00, SER: 0.039, BER: 0.020
2021-03-29 10:50:23,224 - Epoch: 400, SNRdB: 15.00, SER: 0.035, BER: 0.020
2021-03-29 10:50:23,230 - Epoch: 400, SNRdB: 16.00, SER: 0.035, BER: 0.018
2021-03-29 10:50:23,241 - Epoch: 400, SNRdB: 17.00, SER: 0.008, BER: 0.004
2021-03-29 10:50:23,247 - Epoch: 400, SNRdB: 18.00, SER: 0.016, BER: 0.008
2021-03-29 10:50:23,257 - Epoch: 400, SNRdB: 19.00, SER: 0.000, BER: 0.000
2021-03-29 10:50:23,264 - Epoch: 400, SNRdB: 20.00, SER: 0.000, BER: 0.000
2021-03-29 10:50:23,300 - experiments/SISO_QAM16_AWGN_LINEAR_FCNet_500epochs/upstream0_downstream0_epoch400.pth saved.
2021-03-29 10:53:31,463 - Testing at epoch 500
2021-03-29 10:53:31,552 - Epoch: 500, SNRdB: 1.00, SER: 0.406, BER: 0.275
2021-03-29 10:53:31,570 - Epoch: 500, SNRdB: 2.00, SER: 0.406, BER: 0.268
2021-03-29 10:53:31,577 - Epoch: 500, SNRdB: 3.00, SER: 0.227, BER: 0.135
2021-03-29 10:53:31,594 - Epoch: 500, SNRdB: 4.00, SER: 0.293, BER: 0.174
2021-03-29 10:53:31,601 - Epoch: 500, SNRdB: 5.00, SER: 0.281, BER: 0.182
2021-03-29 10:53:31,619 - Epoch: 500, SNRdB: 6.00, SER: 0.234, BER: 0.146
2021-03-29 10:53:31,626 - Epoch: 500, SNRdB: 7.00, SER: 0.230, BER: 0.133
2021-03-29 10:53:31,643 - Epoch: 500, SNRdB: 8.00, SER: 0.172, BER: 0.098
2021-03-29 10:53:31,650 - Epoch: 500, SNRdB: 9.00, SER: 0.164, BER: 0.102
2021-03-29 10:53:31,668 - Epoch: 500, SNRdB: 10.00, SER: 0.164, BER: 0.096
2021-03-29 10:53:31,676 - Epoch: 500, SNRdB: 11.00, SER: 0.113, BER: 0.059
2021-03-29 10:53:31,691 - Epoch: 500, SNRdB: 12.00, SER: 0.125, BER: 0.066
2021-03-29 10:53:31,698 - Epoch: 500, SNRdB: 13.00, SER: 0.062, BER: 0.033
2021-03-29 10:53:31,713 - Epoch: 500, SNRdB: 14.00, SER: 0.031, BER: 0.018
2021-03-29 10:53:31,720 - Epoch: 500, SNRdB: 15.00, SER: 0.051, BER: 0.025
2021-03-29 10:53:31,736 - Epoch: 500, SNRdB: 16.00, SER: 0.027, BER: 0.014
2021-03-29 10:53:31,742 - Epoch: 500, SNRdB: 17.00, SER: 0.020, BER: 0.010
2021-03-29 10:53:31,758 - Epoch: 500, SNRdB: 18.00, SER: 0.016, BER: 0.008
2021-03-29 10:53:31,764 - Epoch: 500, SNRdB: 19.00, SER: 0.012, BER: 0.006
2021-03-29 10:53:31,774 - Epoch: 500, SNRdB: 20.00, SER: 0.008, BER: 0.004
2021-03-29 10:53:31,814 - experiments/SISO_QAM16_AWGN_LINEAR_FCNet_500epochs/upstream0_downstream0_epoch500.pth saved.
2021-03-29 10:53:31,916 - experiments/SISO_QAM16_AWGN_LINEAR_FCNet_500epochs/loss_FCNet_0upstream_0downstream.pngsaved.
2021-03-29 10:53:32,431 - experiments/SISO_QAM16_AWGN_LINEAR_FCNet_500epochs/SER_upstream0_downstream0.png saved.
2021-03-29 10:53:32,431 - experiments/SISO_QAM16_AWGN_LINEAR_FCNet_500epochs/BER_upstream0_downstream0.png saved.
