2021-03-21 09:53:34,905 - Testing at epoch 100
2021-03-21 09:53:34,947 - Epoch: 100, SNRdB: 1.00, SER: 0.750, BER: 0.450
2021-03-21 09:53:34,952 - Epoch: 100, SNRdB: 2.00, SER: 0.750, BER: 0.450
2021-03-21 09:53:34,955 - Epoch: 100, SNRdB: 3.00, SER: 0.750, BER: 0.450
2021-03-21 09:53:34,959 - Epoch: 100, SNRdB: 4.00, SER: 0.750, BER: 0.450
2021-03-21 09:53:34,962 - Epoch: 100, SNRdB: 5.00, SER: 0.750, BER: 0.450
2021-03-21 09:53:34,965 - Epoch: 100, SNRdB: 6.00, SER: 0.750, BER: 0.450
2021-03-21 09:53:34,969 - Epoch: 100, SNRdB: 7.00, SER: 0.750, BER: 0.450
2021-03-21 09:53:34,972 - Epoch: 100, SNRdB: 8.00, SER: 0.750, BER: 0.450
2021-03-21 09:53:34,975 - Epoch: 100, SNRdB: 9.00, SER: 0.750, BER: 0.450
2021-03-21 09:53:34,978 - Epoch: 100, SNRdB: 10.00, SER: 0.750, BER: 0.450
2021-03-21 09:53:34,981 - Epoch: 100, SNRdB: 11.00, SER: 0.750, BER: 0.450
2021-03-21 09:53:34,985 - Epoch: 100, SNRdB: 12.00, SER: 0.750, BER: 0.450
2021-03-21 09:53:34,988 - Epoch: 100, SNRdB: 13.00, SER: 0.750, BER: 0.450
2021-03-21 09:53:34,991 - Epoch: 100, SNRdB: 14.00, SER: 0.750, BER: 0.450
2021-03-21 09:53:34,994 - Epoch: 100, SNRdB: 15.00, SER: 0.750, BER: 0.450
2021-03-21 09:53:34,997 - Epoch: 100, SNRdB: 16.00, SER: 0.750, BER: 0.450
2021-03-21 09:53:35,000 - Epoch: 100, SNRdB: 17.00, SER: 0.750, BER: 0.450
2021-03-21 09:53:35,004 - Epoch: 100, SNRdB: 18.00, SER: 0.750, BER: 0.450
2021-03-21 09:53:35,007 - Epoch: 100, SNRdB: 19.00, SER: 0.750, BER: 0.450
2021-03-21 09:53:35,010 - Epoch: 100, SNRdB: 20.00, SER: 0.750, BER: 0.450
2021-03-21 09:53:35,026 - experiments/10I10O_QAM16_AWGN_LINEAR_FCNet_Constant/upstream4_downstream5_dropout_epoch100.pth saved.
2021-03-21 09:56:48,829 - Testing at epoch 200
2021-03-21 09:56:48,878 - Epoch: 200, SNRdB: 1.00, SER: 0.750, BER: 0.450
2021-03-21 09:56:48,882 - Epoch: 200, SNRdB: 2.00, SER: 0.750, BER: 0.450
2021-03-21 09:56:48,886 - Epoch: 200, SNRdB: 3.00, SER: 0.750, BER: 0.450
2021-03-21 09:56:48,889 - Epoch: 200, SNRdB: 4.00, SER: 0.750, BER: 0.450
2021-03-21 09:56:48,893 - Epoch: 200, SNRdB: 5.00, SER: 0.750, BER: 0.450
2021-03-21 09:56:48,897 - Epoch: 200, SNRdB: 6.00, SER: 0.750, BER: 0.450
2021-03-21 09:56:48,900 - Epoch: 200, SNRdB: 7.00, SER: 0.750, BER: 0.450
2021-03-21 09:56:48,905 - Epoch: 200, SNRdB: 8.00, SER: 0.750, BER: 0.450
2021-03-21 09:56:48,909 - Epoch: 200, SNRdB: 9.00, SER: 0.750, BER: 0.450
2021-03-21 09:56:48,912 - Epoch: 200, SNRdB: 10.00, SER: 0.750, BER: 0.450
2021-03-21 09:56:48,916 - Epoch: 200, SNRdB: 11.00, SER: 0.750, BER: 0.450
2021-03-21 09:56:48,920 - Epoch: 200, SNRdB: 12.00, SER: 0.750, BER: 0.450
2021-03-21 09:56:48,923 - Epoch: 200, SNRdB: 13.00, SER: 0.750, BER: 0.450
2021-03-21 09:56:48,927 - Epoch: 200, SNRdB: 14.00, SER: 0.750, BER: 0.450
2021-03-21 09:56:48,930 - Epoch: 200, SNRdB: 15.00, SER: 0.750, BER: 0.450
2021-03-21 09:56:48,933 - Epoch: 200, SNRdB: 16.00, SER: 0.750, BER: 0.450
2021-03-21 09:56:48,936 - Epoch: 200, SNRdB: 17.00, SER: 0.750, BER: 0.450
2021-03-21 09:56:48,938 - Epoch: 200, SNRdB: 18.00, SER: 0.750, BER: 0.450
2021-03-21 09:56:48,941 - Epoch: 200, SNRdB: 19.00, SER: 0.750, BER: 0.450
2021-03-21 09:56:48,944 - Epoch: 200, SNRdB: 20.00, SER: 0.750, BER: 0.450
2021-03-21 09:56:48,964 - experiments/10I10O_QAM16_AWGN_LINEAR_FCNet_Constant/upstream4_downstream5_dropout_epoch200.pth saved.
2021-03-21 10:00:04,748 - Testing at epoch 300
2021-03-21 10:00:04,806 - Epoch: 300, SNRdB: 1.00, SER: 0.750, BER: 0.450
2021-03-21 10:00:04,809 - Epoch: 300, SNRdB: 2.00, SER: 0.750, BER: 0.450
2021-03-21 10:00:04,813 - Epoch: 300, SNRdB: 3.00, SER: 0.750, BER: 0.450
2021-03-21 10:00:04,818 - Epoch: 300, SNRdB: 4.00, SER: 0.750, BER: 0.450
2021-03-21 10:00:04,821 - Epoch: 300, SNRdB: 5.00, SER: 0.750, BER: 0.450
2021-03-21 10:00:04,824 - Epoch: 300, SNRdB: 6.00, SER: 0.750, BER: 0.450
2021-03-21 10:00:04,827 - Epoch: 300, SNRdB: 7.00, SER: 0.750, BER: 0.450
2021-03-21 10:00:04,830 - Epoch: 300, SNRdB: 8.00, SER: 0.750, BER: 0.450
2021-03-21 10:00:04,834 - Epoch: 300, SNRdB: 9.00, SER: 0.750, BER: 0.450
2021-03-21 10:00:04,838 - Epoch: 300, SNRdB: 10.00, SER: 0.750, BER: 0.450
2021-03-21 10:00:04,841 - Epoch: 300, SNRdB: 11.00, SER: 0.750, BER: 0.450
2021-03-21 10:00:04,844 - Epoch: 300, SNRdB: 12.00, SER: 0.750, BER: 0.450
2021-03-21 10:00:04,847 - Epoch: 300, SNRdB: 13.00, SER: 0.750, BER: 0.450
2021-03-21 10:00:04,851 - Epoch: 300, SNRdB: 14.00, SER: 0.750, BER: 0.450
2021-03-21 10:00:04,855 - Epoch: 300, SNRdB: 15.00, SER: 0.750, BER: 0.450
2021-03-21 10:00:04,858 - Epoch: 300, SNRdB: 16.00, SER: 0.750, BER: 0.450
2021-03-21 10:00:04,862 - Epoch: 300, SNRdB: 17.00, SER: 0.750, BER: 0.450
2021-03-21 10:00:04,869 - Epoch: 300, SNRdB: 18.00, SER: 0.750, BER: 0.450
2021-03-21 10:00:04,874 - Epoch: 300, SNRdB: 19.00, SER: 0.750, BER: 0.450
2021-03-21 10:00:04,878 - Epoch: 300, SNRdB: 20.00, SER: 0.750, BER: 0.450
2021-03-21 10:00:04,903 - experiments/10I10O_QAM16_AWGN_LINEAR_FCNet_Constant/upstream4_downstream5_dropout_epoch300.pth saved.
2021-03-21 10:03:18,549 - Testing at epoch 400
2021-03-21 10:03:18,597 - Epoch: 400, SNRdB: 1.00, SER: 0.750, BER: 0.450
2021-03-21 10:03:18,601 - Epoch: 400, SNRdB: 2.00, SER: 0.750, BER: 0.450
2021-03-21 10:03:18,605 - Epoch: 400, SNRdB: 3.00, SER: 0.750, BER: 0.450
2021-03-21 10:03:18,608 - Epoch: 400, SNRdB: 4.00, SER: 0.750, BER: 0.450
2021-03-21 10:03:18,612 - Epoch: 400, SNRdB: 5.00, SER: 0.750, BER: 0.450
2021-03-21 10:03:18,616 - Epoch: 400, SNRdB: 6.00, SER: 0.750, BER: 0.450
2021-03-21 10:03:18,619 - Epoch: 400, SNRdB: 7.00, SER: 0.750, BER: 0.450
2021-03-21 10:03:18,623 - Epoch: 400, SNRdB: 8.00, SER: 0.750, BER: 0.450
2021-03-21 10:03:18,627 - Epoch: 400, SNRdB: 9.00, SER: 0.750, BER: 0.450
2021-03-21 10:03:18,630 - Epoch: 400, SNRdB: 10.00, SER: 0.750, BER: 0.450
2021-03-21 10:03:18,634 - Epoch: 400, SNRdB: 11.00, SER: 0.750, BER: 0.450
2021-03-21 10:03:18,638 - Epoch: 400, SNRdB: 12.00, SER: 0.750, BER: 0.450
2021-03-21 10:03:18,641 - Epoch: 400, SNRdB: 13.00, SER: 0.750, BER: 0.450
2021-03-21 10:03:18,645 - Epoch: 400, SNRdB: 14.00, SER: 0.750, BER: 0.450
2021-03-21 10:03:18,650 - Epoch: 400, SNRdB: 15.00, SER: 0.750, BER: 0.450
2021-03-21 10:03:18,654 - Epoch: 400, SNRdB: 16.00, SER: 0.750, BER: 0.450
2021-03-21 10:03:18,658 - Epoch: 400, SNRdB: 17.00, SER: 0.750, BER: 0.450
2021-03-21 10:03:18,662 - Epoch: 400, SNRdB: 18.00, SER: 0.750, BER: 0.450
2021-03-21 10:03:18,666 - Epoch: 400, SNRdB: 19.00, SER: 0.750, BER: 0.450
2021-03-21 10:03:18,670 - Epoch: 400, SNRdB: 20.00, SER: 0.750, BER: 0.450
2021-03-21 10:03:18,689 - experiments/10I10O_QAM16_AWGN_LINEAR_FCNet_Constant/upstream4_downstream5_dropout_epoch400.pth saved.
2021-03-21 10:06:34,216 - Testing at epoch 500
2021-03-21 10:06:34,263 - Epoch: 500, SNRdB: 1.00, SER: 0.750, BER: 0.450
2021-03-21 10:06:34,266 - Epoch: 500, SNRdB: 2.00, SER: 0.750, BER: 0.450
2021-03-21 10:06:34,269 - Epoch: 500, SNRdB: 3.00, SER: 0.750, BER: 0.450
2021-03-21 10:06:34,271 - Epoch: 500, SNRdB: 4.00, SER: 0.750, BER: 0.450
2021-03-21 10:06:34,274 - Epoch: 500, SNRdB: 5.00, SER: 0.750, BER: 0.450
2021-03-21 10:06:34,277 - Epoch: 500, SNRdB: 6.00, SER: 0.750, BER: 0.450
2021-03-21 10:06:34,280 - Epoch: 500, SNRdB: 7.00, SER: 0.750, BER: 0.450
2021-03-21 10:06:34,282 - Epoch: 500, SNRdB: 8.00, SER: 0.750, BER: 0.450
2021-03-21 10:06:34,285 - Epoch: 500, SNRdB: 9.00, SER: 0.750, BER: 0.450
2021-03-21 10:06:34,288 - Epoch: 500, SNRdB: 10.00, SER: 0.750, BER: 0.450
2021-03-21 10:06:34,291 - Epoch: 500, SNRdB: 11.00, SER: 0.750, BER: 0.450
2021-03-21 10:06:34,294 - Epoch: 500, SNRdB: 12.00, SER: 0.750, BER: 0.450
2021-03-21 10:06:34,296 - Epoch: 500, SNRdB: 13.00, SER: 0.750, BER: 0.450
2021-03-21 10:06:34,299 - Epoch: 500, SNRdB: 14.00, SER: 0.750, BER: 0.450
2021-03-21 10:06:34,302 - Epoch: 500, SNRdB: 15.00, SER: 0.750, BER: 0.450
2021-03-21 10:06:34,305 - Epoch: 500, SNRdB: 16.00, SER: 0.750, BER: 0.450
2021-03-21 10:06:34,307 - Epoch: 500, SNRdB: 17.00, SER: 0.750, BER: 0.450
2021-03-21 10:06:34,310 - Epoch: 500, SNRdB: 18.00, SER: 0.750, BER: 0.450
2021-03-21 10:06:34,313 - Epoch: 500, SNRdB: 19.00, SER: 0.750, BER: 0.450
2021-03-21 10:06:34,315 - Epoch: 500, SNRdB: 20.00, SER: 0.750, BER: 0.450
2021-03-21 10:06:34,337 - experiments/10I10O_QAM16_AWGN_LINEAR_FCNet_Constant/upstream4_downstream5_dropout_epoch500.pth saved.
2021-03-21 10:06:34,428 - experiments/10I10O_QAM16_AWGN_LINEAR_FCNet_Constant/Loss_upstream4_downstream5_dropout.pngsaved.
2021-03-21 10:06:34,996 - experiments/10I10O_QAM16_AWGN_LINEAR_FCNet_Constant/SER_upstream4_downstream5_dropout.png saved.
2021-03-21 10:06:34,996 - experiments/10I10O_QAM16_AWGN_LINEAR_FCNet_Constant/BER_upstream4_downstream5_dropout.png saved.
