2021-03-27 04:28:23,555 - Testing at epoch 100
2021-03-27 04:28:23,682 - Epoch: 100, SNRdB: 1.00, SER: 0.483, BER: 0.313
2021-03-27 04:28:23,694 - Epoch: 100, SNRdB: 2.00, SER: 0.446, BER: 0.292
2021-03-27 04:28:23,705 - Epoch: 100, SNRdB: 3.00, SER: 0.443, BER: 0.287
2021-03-27 04:28:23,716 - Epoch: 100, SNRdB: 4.00, SER: 0.383, BER: 0.255
2021-03-27 04:28:23,728 - Epoch: 100, SNRdB: 5.00, SER: 0.356, BER: 0.236
2021-03-27 04:28:23,739 - Epoch: 100, SNRdB: 6.00, SER: 0.330, BER: 0.219
2021-03-27 04:28:23,751 - Epoch: 100, SNRdB: 7.00, SER: 0.300, BER: 0.199
2021-03-27 04:28:23,762 - Epoch: 100, SNRdB: 8.00, SER: 0.271, BER: 0.175
2021-03-27 04:28:23,775 - Epoch: 100, SNRdB: 9.00, SER: 0.248, BER: 0.159
2021-03-27 04:28:23,784 - Epoch: 100, SNRdB: 10.00, SER: 0.227, BER: 0.145
2021-03-27 04:28:23,798 - Epoch: 100, SNRdB: 11.00, SER: 0.214, BER: 0.133
2021-03-27 04:28:23,807 - Epoch: 100, SNRdB: 12.00, SER: 0.189, BER: 0.118
2021-03-27 04:28:23,818 - Epoch: 100, SNRdB: 13.00, SER: 0.179, BER: 0.109
2021-03-27 04:28:23,828 - Epoch: 100, SNRdB: 14.00, SER: 0.141, BER: 0.085
2021-03-27 04:28:23,839 - Epoch: 100, SNRdB: 15.00, SER: 0.136, BER: 0.084
2021-03-27 04:28:23,852 - Epoch: 100, SNRdB: 16.00, SER: 0.127, BER: 0.074
2021-03-27 04:28:23,861 - Epoch: 100, SNRdB: 17.00, SER: 0.106, BER: 0.064
2021-03-27 04:28:23,876 - Epoch: 100, SNRdB: 18.00, SER: 0.103, BER: 0.063
2021-03-27 04:28:23,886 - Epoch: 100, SNRdB: 19.00, SER: 0.109, BER: 0.066
2021-03-27 04:28:23,898 - Epoch: 100, SNRdB: 20.00, SER: 0.100, BER: 0.062
2021-03-27 04:28:23,930 - experiments/10I10O_QAM16_AWGN_LINEAR_FCNet_500epochs/upstream2_downstream2_epoch100.pth saved.
2021-03-27 04:31:38,151 - Testing at epoch 200
2021-03-27 04:31:38,240 - Epoch: 200, SNRdB: 1.00, SER: 0.491, BER: 0.315
2021-03-27 04:31:38,256 - Epoch: 200, SNRdB: 2.00, SER: 0.440, BER: 0.282
2021-03-27 04:31:38,268 - Epoch: 200, SNRdB: 3.00, SER: 0.413, BER: 0.273
2021-03-27 04:31:38,285 - Epoch: 200, SNRdB: 4.00, SER: 0.389, BER: 0.250
2021-03-27 04:31:38,297 - Epoch: 200, SNRdB: 5.00, SER: 0.361, BER: 0.232
2021-03-27 04:31:38,313 - Epoch: 200, SNRdB: 6.00, SER: 0.330, BER: 0.217
2021-03-27 04:31:38,325 - Epoch: 200, SNRdB: 7.00, SER: 0.322, BER: 0.213
2021-03-27 04:31:38,338 - Epoch: 200, SNRdB: 8.00, SER: 0.286, BER: 0.184
2021-03-27 04:31:38,352 - Epoch: 200, SNRdB: 9.00, SER: 0.261, BER: 0.167
2021-03-27 04:31:38,366 - Epoch: 200, SNRdB: 10.00, SER: 0.227, BER: 0.144
2021-03-27 04:31:38,380 - Epoch: 200, SNRdB: 11.00, SER: 0.202, BER: 0.126
2021-03-27 04:31:38,393 - Epoch: 200, SNRdB: 12.00, SER: 0.174, BER: 0.108
2021-03-27 04:31:38,407 - Epoch: 200, SNRdB: 13.00, SER: 0.159, BER: 0.094
2021-03-27 04:31:38,421 - Epoch: 200, SNRdB: 14.00, SER: 0.138, BER: 0.085
2021-03-27 04:31:38,434 - Epoch: 200, SNRdB: 15.00, SER: 0.141, BER: 0.085
2021-03-27 04:31:38,446 - Epoch: 200, SNRdB: 16.00, SER: 0.123, BER: 0.075
2021-03-27 04:31:38,458 - Epoch: 200, SNRdB: 17.00, SER: 0.109, BER: 0.066
2021-03-27 04:31:38,470 - Epoch: 200, SNRdB: 18.00, SER: 0.097, BER: 0.060
2021-03-27 04:31:38,482 - Epoch: 200, SNRdB: 19.00, SER: 0.092, BER: 0.055
2021-03-27 04:31:38,493 - Epoch: 200, SNRdB: 20.00, SER: 0.080, BER: 0.050
2021-03-27 04:31:38,522 - experiments/10I10O_QAM16_AWGN_LINEAR_FCNet_500epochs/upstream2_downstream2_epoch200.pth saved.
2021-03-27 04:34:52,905 - Testing at epoch 300
2021-03-27 04:34:53,000 - Epoch: 300, SNRdB: 1.00, SER: 0.476, BER: 0.307
2021-03-27 04:34:53,029 - Epoch: 300, SNRdB: 2.00, SER: 0.448, BER: 0.288
2021-03-27 04:34:53,039 - Epoch: 300, SNRdB: 3.00, SER: 0.418, BER: 0.275
2021-03-27 04:34:53,057 - Epoch: 300, SNRdB: 4.00, SER: 0.400, BER: 0.261
2021-03-27 04:34:53,069 - Epoch: 300, SNRdB: 5.00, SER: 0.353, BER: 0.237
2021-03-27 04:34:53,084 - Epoch: 300, SNRdB: 6.00, SER: 0.331, BER: 0.212
2021-03-27 04:34:53,096 - Epoch: 300, SNRdB: 7.00, SER: 0.305, BER: 0.197
2021-03-27 04:34:53,112 - Epoch: 300, SNRdB: 8.00, SER: 0.257, BER: 0.166
2021-03-27 04:34:53,124 - Epoch: 300, SNRdB: 9.00, SER: 0.243, BER: 0.154
2021-03-27 04:34:53,140 - Epoch: 300, SNRdB: 10.00, SER: 0.231, BER: 0.148
2021-03-27 04:34:53,152 - Epoch: 300, SNRdB: 11.00, SER: 0.187, BER: 0.114
2021-03-27 04:34:53,165 - Epoch: 300, SNRdB: 12.00, SER: 0.183, BER: 0.114
2021-03-27 04:34:53,179 - Epoch: 300, SNRdB: 13.00, SER: 0.147, BER: 0.091
2021-03-27 04:34:53,192 - Epoch: 300, SNRdB: 14.00, SER: 0.153, BER: 0.092
2021-03-27 04:34:53,206 - Epoch: 300, SNRdB: 15.00, SER: 0.134, BER: 0.081
2021-03-27 04:34:53,220 - Epoch: 300, SNRdB: 16.00, SER: 0.121, BER: 0.075
2021-03-27 04:34:53,233 - Epoch: 300, SNRdB: 17.00, SER: 0.115, BER: 0.071
2021-03-27 04:34:53,247 - Epoch: 300, SNRdB: 18.00, SER: 0.122, BER: 0.075
2021-03-27 04:34:53,260 - Epoch: 300, SNRdB: 19.00, SER: 0.112, BER: 0.068
2021-03-27 04:34:53,273 - Epoch: 300, SNRdB: 20.00, SER: 0.089, BER: 0.053
2021-03-27 04:34:53,304 - experiments/10I10O_QAM16_AWGN_LINEAR_FCNet_500epochs/upstream2_downstream2_epoch300.pth saved.
2021-03-27 04:38:05,347 - Testing at epoch 400
2021-03-27 04:38:05,434 - Epoch: 400, SNRdB: 1.00, SER: 0.473, BER: 0.301
2021-03-27 04:38:05,462 - Epoch: 400, SNRdB: 2.00, SER: 0.460, BER: 0.304
2021-03-27 04:38:05,472 - Epoch: 400, SNRdB: 3.00, SER: 0.407, BER: 0.265
2021-03-27 04:38:05,485 - Epoch: 400, SNRdB: 4.00, SER: 0.386, BER: 0.252
2021-03-27 04:38:05,497 - Epoch: 400, SNRdB: 5.00, SER: 0.350, BER: 0.230
2021-03-27 04:38:05,509 - Epoch: 400, SNRdB: 6.00, SER: 0.335, BER: 0.212
2021-03-27 04:38:05,522 - Epoch: 400, SNRdB: 7.00, SER: 0.310, BER: 0.202
2021-03-27 04:38:05,534 - Epoch: 400, SNRdB: 8.00, SER: 0.258, BER: 0.166
2021-03-27 04:38:05,547 - Epoch: 400, SNRdB: 9.00, SER: 0.247, BER: 0.158
2021-03-27 04:38:05,559 - Epoch: 400, SNRdB: 10.00, SER: 0.214, BER: 0.137
2021-03-27 04:38:05,571 - Epoch: 400, SNRdB: 11.00, SER: 0.196, BER: 0.123
2021-03-27 04:38:05,585 - Epoch: 400, SNRdB: 12.00, SER: 0.185, BER: 0.117
2021-03-27 04:38:05,598 - Epoch: 400, SNRdB: 13.00, SER: 0.139, BER: 0.087
2021-03-27 04:38:05,610 - Epoch: 400, SNRdB: 14.00, SER: 0.148, BER: 0.091
2021-03-27 04:38:05,623 - Epoch: 400, SNRdB: 15.00, SER: 0.128, BER: 0.079
2021-03-27 04:38:05,635 - Epoch: 400, SNRdB: 16.00, SER: 0.109, BER: 0.070
2021-03-27 04:38:05,647 - Epoch: 400, SNRdB: 17.00, SER: 0.141, BER: 0.087
2021-03-27 04:38:05,660 - Epoch: 400, SNRdB: 18.00, SER: 0.122, BER: 0.074
2021-03-27 04:38:05,673 - Epoch: 400, SNRdB: 19.00, SER: 0.117, BER: 0.071
2021-03-27 04:38:05,685 - Epoch: 400, SNRdB: 20.00, SER: 0.127, BER: 0.079
2021-03-27 04:38:05,715 - experiments/10I10O_QAM16_AWGN_LINEAR_FCNet_500epochs/upstream2_downstream2_epoch400.pth saved.
2021-03-27 04:41:17,986 - Testing at epoch 500
2021-03-27 04:41:18,072 - Epoch: 500, SNRdB: 1.00, SER: 0.485, BER: 0.312
2021-03-27 04:41:18,085 - Epoch: 500, SNRdB: 2.00, SER: 0.439, BER: 0.284
2021-03-27 04:41:18,097 - Epoch: 500, SNRdB: 3.00, SER: 0.416, BER: 0.270
2021-03-27 04:41:18,109 - Epoch: 500, SNRdB: 4.00, SER: 0.382, BER: 0.250
2021-03-27 04:41:18,123 - Epoch: 500, SNRdB: 5.00, SER: 0.346, BER: 0.229
2021-03-27 04:41:18,133 - Epoch: 500, SNRdB: 6.00, SER: 0.319, BER: 0.208
2021-03-27 04:41:18,145 - Epoch: 500, SNRdB: 7.00, SER: 0.288, BER: 0.190
2021-03-27 04:41:18,157 - Epoch: 500, SNRdB: 8.00, SER: 0.258, BER: 0.171
2021-03-27 04:41:18,169 - Epoch: 500, SNRdB: 9.00, SER: 0.203, BER: 0.134
2021-03-27 04:41:18,181 - Epoch: 500, SNRdB: 10.00, SER: 0.183, BER: 0.120
2021-03-27 04:41:18,193 - Epoch: 500, SNRdB: 11.00, SER: 0.134, BER: 0.088
2021-03-27 04:41:18,204 - Epoch: 500, SNRdB: 12.00, SER: 0.130, BER: 0.083
2021-03-27 04:41:18,216 - Epoch: 500, SNRdB: 13.00, SER: 0.110, BER: 0.069
2021-03-27 04:41:18,228 - Epoch: 500, SNRdB: 14.00, SER: 0.094, BER: 0.059
2021-03-27 04:41:18,240 - Epoch: 500, SNRdB: 15.00, SER: 0.076, BER: 0.046
2021-03-27 04:41:18,252 - Epoch: 500, SNRdB: 16.00, SER: 0.068, BER: 0.041
2021-03-27 04:41:18,264 - Epoch: 500, SNRdB: 17.00, SER: 0.070, BER: 0.044
2021-03-27 04:41:18,276 - Epoch: 500, SNRdB: 18.00, SER: 0.064, BER: 0.040
2021-03-27 04:41:18,288 - Epoch: 500, SNRdB: 19.00, SER: 0.059, BER: 0.039
2021-03-27 04:41:18,299 - Epoch: 500, SNRdB: 20.00, SER: 0.057, BER: 0.038
2021-03-27 04:41:18,329 - experiments/10I10O_QAM16_AWGN_LINEAR_FCNet_500epochs/upstream2_downstream2_epoch500.pth saved.
2021-03-27 04:41:18,425 - experiments/10I10O_QAM16_AWGN_LINEAR_FCNet_500epochs/loss_FCNet_2upstream_2downstream.pngsaved.
2021-03-27 04:41:18,919 - experiments/10I10O_QAM16_AWGN_LINEAR_FCNet_500epochs/SER_upstream2_downstream2.png saved.
2021-03-27 04:41:18,919 - experiments/10I10O_QAM16_AWGN_LINEAR_FCNet_500epochs/BER_upstream2_downstream2.png saved.
2021-03-28 00:39:01,441 - Testing at epoch 100
2021-03-28 00:39:01,562 - Epoch: 100, SNRdB: 1.00, SER: 0.582, BER: 0.380
2021-03-28 00:39:01,576 - Epoch: 100, SNRdB: 2.00, SER: 0.586, BER: 0.385
2021-03-28 00:39:01,598 - Epoch: 100, SNRdB: 3.00, SER: 0.578, BER: 0.378
2021-03-28 00:39:01,613 - Epoch: 100, SNRdB: 4.00, SER: 0.529, BER: 0.346
2021-03-28 00:39:01,631 - Epoch: 100, SNRdB: 5.00, SER: 0.526, BER: 0.351
2021-03-28 00:39:01,644 - Epoch: 100, SNRdB: 6.00, SER: 0.509, BER: 0.333
2021-03-28 00:39:01,662 - Epoch: 100, SNRdB: 7.00, SER: 0.485, BER: 0.318
2021-03-28 00:39:01,675 - Epoch: 100, SNRdB: 8.00, SER: 0.488, BER: 0.321
2021-03-28 00:39:01,690 - Epoch: 100, SNRdB: 9.00, SER: 0.460, BER: 0.302
2021-03-28 00:39:01,703 - Epoch: 100, SNRdB: 10.00, SER: 0.461, BER: 0.298
2021-03-28 00:39:01,717 - Epoch: 100, SNRdB: 11.00, SER: 0.430, BER: 0.285
2021-03-28 00:39:01,730 - Epoch: 100, SNRdB: 12.00, SER: 0.421, BER: 0.275
2021-03-28 00:39:01,744 - Epoch: 100, SNRdB: 13.00, SER: 0.417, BER: 0.270
2021-03-28 00:39:01,758 - Epoch: 100, SNRdB: 14.00, SER: 0.402, BER: 0.263
2021-03-28 00:39:01,772 - Epoch: 100, SNRdB: 15.00, SER: 0.380, BER: 0.251
2021-03-28 00:39:01,785 - Epoch: 100, SNRdB: 16.00, SER: 0.404, BER: 0.262
2021-03-28 00:39:01,799 - Epoch: 100, SNRdB: 17.00, SER: 0.392, BER: 0.258
2021-03-28 00:39:01,812 - Epoch: 100, SNRdB: 18.00, SER: 0.387, BER: 0.253
2021-03-28 00:39:01,826 - Epoch: 100, SNRdB: 19.00, SER: 0.386, BER: 0.254
2021-03-28 00:39:01,839 - Epoch: 100, SNRdB: 20.00, SER: 0.381, BER: 0.252
2021-03-28 00:39:01,870 - experiments/10I10O_QAM16_AWGN_LINEAR_FCNet_500epochs/upstream4_downstream5_epoch100.pth saved.
2021-03-28 00:42:10,152 - Testing at epoch 200
2021-03-28 00:42:10,250 - Epoch: 200, SNRdB: 1.00, SER: 0.582, BER: 0.382
2021-03-28 00:42:10,265 - Epoch: 200, SNRdB: 2.00, SER: 0.551, BER: 0.364
2021-03-28 00:42:10,277 - Epoch: 200, SNRdB: 3.00, SER: 0.539, BER: 0.354
2021-03-28 00:42:10,290 - Epoch: 200, SNRdB: 4.00, SER: 0.523, BER: 0.341
2021-03-28 00:42:10,302 - Epoch: 200, SNRdB: 5.00, SER: 0.493, BER: 0.333
2021-03-28 00:42:10,314 - Epoch: 200, SNRdB: 6.00, SER: 0.478, BER: 0.314
2021-03-28 00:42:10,326 - Epoch: 200, SNRdB: 7.00, SER: 0.447, BER: 0.297
2021-03-28 00:42:10,339 - Epoch: 200, SNRdB: 8.00, SER: 0.409, BER: 0.273
2021-03-28 00:42:10,350 - Epoch: 200, SNRdB: 9.00, SER: 0.401, BER: 0.261
2021-03-28 00:42:10,363 - Epoch: 200, SNRdB: 10.00, SER: 0.372, BER: 0.249
2021-03-28 00:42:10,375 - Epoch: 200, SNRdB: 11.00, SER: 0.355, BER: 0.234
2021-03-28 00:42:10,387 - Epoch: 200, SNRdB: 12.00, SER: 0.339, BER: 0.226
2021-03-28 00:42:10,399 - Epoch: 200, SNRdB: 13.00, SER: 0.331, BER: 0.226
2021-03-28 00:42:10,411 - Epoch: 200, SNRdB: 14.00, SER: 0.313, BER: 0.208
2021-03-28 00:42:10,422 - Epoch: 200, SNRdB: 15.00, SER: 0.307, BER: 0.204
2021-03-28 00:42:10,434 - Epoch: 200, SNRdB: 16.00, SER: 0.311, BER: 0.204
2021-03-28 00:42:10,446 - Epoch: 200, SNRdB: 17.00, SER: 0.296, BER: 0.198
2021-03-28 00:42:10,458 - Epoch: 200, SNRdB: 18.00, SER: 0.311, BER: 0.209
2021-03-28 00:42:10,470 - Epoch: 200, SNRdB: 19.00, SER: 0.301, BER: 0.201
2021-03-28 00:42:10,482 - Epoch: 200, SNRdB: 20.00, SER: 0.311, BER: 0.210
2021-03-28 00:42:10,514 - experiments/10I10O_QAM16_AWGN_LINEAR_FCNet_500epochs/upstream4_downstream5_epoch200.pth saved.
2021-03-28 00:45:17,893 - Testing at epoch 300
2021-03-28 00:45:17,983 - Epoch: 300, SNRdB: 1.00, SER: 0.548, BER: 0.364
2021-03-28 00:45:18,004 - Epoch: 300, SNRdB: 2.00, SER: 0.531, BER: 0.349
2021-03-28 00:45:18,016 - Epoch: 300, SNRdB: 3.00, SER: 0.507, BER: 0.339
2021-03-28 00:45:18,030 - Epoch: 300, SNRdB: 4.00, SER: 0.490, BER: 0.326
2021-03-28 00:45:18,041 - Epoch: 300, SNRdB: 5.00, SER: 0.458, BER: 0.303
2021-03-28 00:45:18,055 - Epoch: 300, SNRdB: 6.00, SER: 0.443, BER: 0.294
2021-03-28 00:45:18,065 - Epoch: 300, SNRdB: 7.00, SER: 0.427, BER: 0.288
2021-03-28 00:45:18,077 - Epoch: 300, SNRdB: 8.00, SER: 0.398, BER: 0.265
2021-03-28 00:45:18,089 - Epoch: 300, SNRdB: 9.00, SER: 0.388, BER: 0.256
2021-03-28 00:45:18,101 - Epoch: 300, SNRdB: 10.00, SER: 0.333, BER: 0.222
2021-03-28 00:45:18,113 - Epoch: 300, SNRdB: 11.00, SER: 0.318, BER: 0.209
2021-03-28 00:45:18,125 - Epoch: 300, SNRdB: 12.00, SER: 0.300, BER: 0.200
2021-03-28 00:45:18,137 - Epoch: 300, SNRdB: 13.00, SER: 0.295, BER: 0.196
2021-03-28 00:45:18,149 - Epoch: 300, SNRdB: 14.00, SER: 0.286, BER: 0.191
2021-03-28 00:45:18,161 - Epoch: 300, SNRdB: 15.00, SER: 0.276, BER: 0.183
2021-03-28 00:45:18,173 - Epoch: 300, SNRdB: 16.00, SER: 0.267, BER: 0.178
2021-03-28 00:45:18,185 - Epoch: 300, SNRdB: 17.00, SER: 0.267, BER: 0.177
2021-03-28 00:45:18,197 - Epoch: 300, SNRdB: 18.00, SER: 0.262, BER: 0.171
2021-03-28 00:45:18,209 - Epoch: 300, SNRdB: 19.00, SER: 0.268, BER: 0.180
2021-03-28 00:45:18,221 - Epoch: 300, SNRdB: 20.00, SER: 0.262, BER: 0.177
2021-03-28 00:45:18,251 - experiments/10I10O_QAM16_AWGN_LINEAR_FCNet_500epochs/upstream4_downstream5_epoch300.pth saved.
2021-03-28 00:48:26,836 - Testing at epoch 400
2021-03-28 00:48:26,931 - Epoch: 400, SNRdB: 1.00, SER: 0.557, BER: 0.363
2021-03-28 00:48:26,949 - Epoch: 400, SNRdB: 2.00, SER: 0.533, BER: 0.346
2021-03-28 00:48:26,962 - Epoch: 400, SNRdB: 3.00, SER: 0.503, BER: 0.327
2021-03-28 00:48:26,975 - Epoch: 400, SNRdB: 4.00, SER: 0.493, BER: 0.322
2021-03-28 00:48:26,987 - Epoch: 400, SNRdB: 5.00, SER: 0.454, BER: 0.300
2021-03-28 00:48:26,999 - Epoch: 400, SNRdB: 6.00, SER: 0.440, BER: 0.294
2021-03-28 00:48:27,011 - Epoch: 400, SNRdB: 7.00, SER: 0.423, BER: 0.279
2021-03-28 00:48:27,023 - Epoch: 400, SNRdB: 8.00, SER: 0.384, BER: 0.251
2021-03-28 00:48:27,035 - Epoch: 400, SNRdB: 9.00, SER: 0.358, BER: 0.239
2021-03-28 00:48:27,047 - Epoch: 400, SNRdB: 10.00, SER: 0.338, BER: 0.226
2021-03-28 00:48:27,059 - Epoch: 400, SNRdB: 11.00, SER: 0.322, BER: 0.213
2021-03-28 00:48:27,071 - Epoch: 400, SNRdB: 12.00, SER: 0.313, BER: 0.204
2021-03-28 00:48:27,083 - Epoch: 400, SNRdB: 13.00, SER: 0.295, BER: 0.200
2021-03-28 00:48:27,095 - Epoch: 400, SNRdB: 14.00, SER: 0.277, BER: 0.182
2021-03-28 00:48:27,107 - Epoch: 400, SNRdB: 15.00, SER: 0.276, BER: 0.182
2021-03-28 00:48:27,119 - Epoch: 400, SNRdB: 16.00, SER: 0.269, BER: 0.175
2021-03-28 00:48:27,131 - Epoch: 400, SNRdB: 17.00, SER: 0.263, BER: 0.176
2021-03-28 00:48:27,142 - Epoch: 400, SNRdB: 18.00, SER: 0.273, BER: 0.180
2021-03-28 00:48:27,154 - Epoch: 400, SNRdB: 19.00, SER: 0.259, BER: 0.173
2021-03-28 00:48:27,166 - Epoch: 400, SNRdB: 20.00, SER: 0.259, BER: 0.170
2021-03-28 00:48:27,206 - experiments/10I10O_QAM16_AWGN_LINEAR_FCNet_500epochs/upstream4_downstream5_epoch400.pth saved.
2021-03-28 00:51:35,459 - Testing at epoch 500
2021-03-28 00:51:35,565 - Epoch: 500, SNRdB: 1.00, SER: 0.571, BER: 0.370
2021-03-28 00:51:35,587 - Epoch: 500, SNRdB: 2.00, SER: 0.533, BER: 0.351
2021-03-28 00:51:35,606 - Epoch: 500, SNRdB: 3.00, SER: 0.502, BER: 0.331
2021-03-28 00:51:35,621 - Epoch: 500, SNRdB: 4.00, SER: 0.485, BER: 0.316
2021-03-28 00:51:35,635 - Epoch: 500, SNRdB: 5.00, SER: 0.466, BER: 0.308
2021-03-28 00:51:35,657 - Epoch: 500, SNRdB: 6.00, SER: 0.441, BER: 0.293
2021-03-28 00:51:35,682 - Epoch: 500, SNRdB: 7.00, SER: 0.433, BER: 0.282
2021-03-28 00:51:35,696 - Epoch: 500, SNRdB: 8.00, SER: 0.395, BER: 0.263
2021-03-28 00:51:35,709 - Epoch: 500, SNRdB: 9.00, SER: 0.364, BER: 0.244
2021-03-28 00:51:35,723 - Epoch: 500, SNRdB: 10.00, SER: 0.352, BER: 0.234
2021-03-28 00:51:35,736 - Epoch: 500, SNRdB: 11.00, SER: 0.322, BER: 0.211
2021-03-28 00:51:35,750 - Epoch: 500, SNRdB: 12.00, SER: 0.298, BER: 0.201
2021-03-28 00:51:35,764 - Epoch: 500, SNRdB: 13.00, SER: 0.296, BER: 0.200
2021-03-28 00:51:35,778 - Epoch: 500, SNRdB: 14.00, SER: 0.269, BER: 0.184
2021-03-28 00:51:35,791 - Epoch: 500, SNRdB: 15.00, SER: 0.263, BER: 0.175
2021-03-28 00:51:35,805 - Epoch: 500, SNRdB: 16.00, SER: 0.271, BER: 0.183
2021-03-28 00:51:35,818 - Epoch: 500, SNRdB: 17.00, SER: 0.266, BER: 0.178
2021-03-28 00:51:35,831 - Epoch: 500, SNRdB: 18.00, SER: 0.261, BER: 0.173
2021-03-28 00:51:35,843 - Epoch: 500, SNRdB: 19.00, SER: 0.264, BER: 0.174
2021-03-28 00:51:35,856 - Epoch: 500, SNRdB: 20.00, SER: 0.274, BER: 0.182
2021-03-28 00:51:35,892 - experiments/10I10O_QAM16_AWGN_LINEAR_FCNet_500epochs/upstream4_downstream5_epoch500.pth saved.
2021-03-28 00:51:35,993 - experiments/10I10O_QAM16_AWGN_LINEAR_FCNet_500epochs/loss_FCNet_4upstream_5downstream.pngsaved.
2021-03-28 00:51:36,489 - experiments/10I10O_QAM16_AWGN_LINEAR_FCNet_500epochs/SER_upstream4_downstream5.png saved.
2021-03-28 00:51:36,489 - experiments/10I10O_QAM16_AWGN_LINEAR_FCNet_500epochs/BER_upstream4_downstream5.png saved.
2021-03-28 00:59:07,622 - Testing at epoch 100
2021-03-28 00:59:07,711 - Epoch: 100, SNRdB: 1.00, SER: 0.664, BER: 0.427
2021-03-28 00:59:07,731 - Epoch: 100, SNRdB: 2.00, SER: 0.664, BER: 0.429
2021-03-28 00:59:07,745 - Epoch: 100, SNRdB: 3.00, SER: 0.675, BER: 0.436
2021-03-28 00:59:07,760 - Epoch: 100, SNRdB: 4.00, SER: 0.657, BER: 0.432
2021-03-28 00:59:07,771 - Epoch: 100, SNRdB: 5.00, SER: 0.645, BER: 0.420
2021-03-28 00:59:07,784 - Epoch: 100, SNRdB: 6.00, SER: 0.633, BER: 0.409
2021-03-28 00:59:07,797 - Epoch: 100, SNRdB: 7.00, SER: 0.632, BER: 0.410
2021-03-28 00:59:07,810 - Epoch: 100, SNRdB: 8.00, SER: 0.631, BER: 0.406
2021-03-28 00:59:07,823 - Epoch: 100, SNRdB: 9.00, SER: 0.630, BER: 0.404
2021-03-28 00:59:07,836 - Epoch: 100, SNRdB: 10.00, SER: 0.624, BER: 0.404
2021-03-28 00:59:07,849 - Epoch: 100, SNRdB: 11.00, SER: 0.625, BER: 0.404
2021-03-28 00:59:07,861 - Epoch: 100, SNRdB: 12.00, SER: 0.608, BER: 0.391
2021-03-28 00:59:07,877 - Epoch: 100, SNRdB: 13.00, SER: 0.625, BER: 0.399
2021-03-28 00:59:07,890 - Epoch: 100, SNRdB: 14.00, SER: 0.620, BER: 0.403
2021-03-28 00:59:07,903 - Epoch: 100, SNRdB: 15.00, SER: 0.618, BER: 0.402
2021-03-28 00:59:07,915 - Epoch: 100, SNRdB: 16.00, SER: 0.609, BER: 0.394
2021-03-28 00:59:07,928 - Epoch: 100, SNRdB: 17.00, SER: 0.609, BER: 0.391
2021-03-28 00:59:07,941 - Epoch: 100, SNRdB: 18.00, SER: 0.605, BER: 0.386
2021-03-28 00:59:07,954 - Epoch: 100, SNRdB: 19.00, SER: 0.589, BER: 0.376
2021-03-28 00:59:07,966 - Epoch: 100, SNRdB: 20.00, SER: 0.607, BER: 0.381
2021-03-28 00:59:07,998 - experiments/10I10O_QAM16_AWGN_LINEAR_FCNet_500epochs/upstream7_downstream7_epoch100.pth saved.
2021-03-28 01:02:38,225 - Testing at epoch 200
2021-03-28 01:02:38,317 - Epoch: 200, SNRdB: 1.00, SER: 0.671, BER: 0.434
2021-03-28 01:02:38,339 - Epoch: 200, SNRdB: 2.00, SER: 0.666, BER: 0.426
2021-03-28 01:02:38,350 - Epoch: 200, SNRdB: 3.00, SER: 0.644, BER: 0.419
2021-03-28 01:02:38,365 - Epoch: 200, SNRdB: 4.00, SER: 0.628, BER: 0.398
2021-03-28 01:02:38,377 - Epoch: 200, SNRdB: 5.00, SER: 0.636, BER: 0.409
2021-03-28 01:02:38,392 - Epoch: 200, SNRdB: 6.00, SER: 0.631, BER: 0.409
2021-03-28 01:02:38,403 - Epoch: 200, SNRdB: 7.00, SER: 0.605, BER: 0.386
2021-03-28 01:02:38,417 - Epoch: 200, SNRdB: 8.00, SER: 0.614, BER: 0.398
2021-03-28 01:02:38,429 - Epoch: 200, SNRdB: 9.00, SER: 0.633, BER: 0.403
2021-03-28 01:02:38,441 - Epoch: 200, SNRdB: 10.00, SER: 0.619, BER: 0.393
2021-03-28 01:02:38,454 - Epoch: 200, SNRdB: 11.00, SER: 0.598, BER: 0.385
2021-03-28 01:02:38,467 - Epoch: 200, SNRdB: 12.00, SER: 0.594, BER: 0.378
2021-03-28 01:02:38,480 - Epoch: 200, SNRdB: 13.00, SER: 0.590, BER: 0.371
2021-03-28 01:02:38,492 - Epoch: 200, SNRdB: 14.00, SER: 0.617, BER: 0.395
2021-03-28 01:02:38,505 - Epoch: 200, SNRdB: 15.00, SER: 0.599, BER: 0.377
2021-03-28 01:02:38,518 - Epoch: 200, SNRdB: 16.00, SER: 0.587, BER: 0.374
2021-03-28 01:02:38,531 - Epoch: 200, SNRdB: 17.00, SER: 0.586, BER: 0.369
2021-03-28 01:02:38,543 - Epoch: 200, SNRdB: 18.00, SER: 0.580, BER: 0.371
2021-03-28 01:02:38,556 - Epoch: 200, SNRdB: 19.00, SER: 0.592, BER: 0.369
2021-03-28 01:02:38,569 - Epoch: 200, SNRdB: 20.00, SER: 0.583, BER: 0.371
2021-03-28 01:02:38,602 - experiments/10I10O_QAM16_AWGN_LINEAR_FCNet_500epochs/upstream7_downstream7_epoch200.pth saved.
2021-03-28 01:06:10,501 - Testing at epoch 300
2021-03-28 01:06:10,609 - Epoch: 300, SNRdB: 1.00, SER: 0.646, BER: 0.416
2021-03-28 01:06:10,623 - Epoch: 300, SNRdB: 2.00, SER: 0.618, BER: 0.397
2021-03-28 01:06:10,636 - Epoch: 300, SNRdB: 3.00, SER: 0.614, BER: 0.397
2021-03-28 01:06:10,650 - Epoch: 300, SNRdB: 4.00, SER: 0.618, BER: 0.404
2021-03-28 01:06:10,666 - Epoch: 300, SNRdB: 5.00, SER: 0.577, BER: 0.374
2021-03-28 01:06:10,678 - Epoch: 300, SNRdB: 6.00, SER: 0.580, BER: 0.373
2021-03-28 01:06:10,693 - Epoch: 300, SNRdB: 7.00, SER: 0.556, BER: 0.359
2021-03-28 01:06:10,705 - Epoch: 300, SNRdB: 8.00, SER: 0.558, BER: 0.363
2021-03-28 01:06:10,718 - Epoch: 300, SNRdB: 9.00, SER: 0.537, BER: 0.343
2021-03-28 01:06:10,731 - Epoch: 300, SNRdB: 10.00, SER: 0.539, BER: 0.349
2021-03-28 01:06:10,744 - Epoch: 300, SNRdB: 11.00, SER: 0.532, BER: 0.345
2021-03-28 01:06:10,757 - Epoch: 300, SNRdB: 12.00, SER: 0.534, BER: 0.342
2021-03-28 01:06:10,770 - Epoch: 300, SNRdB: 13.00, SER: 0.524, BER: 0.337
2021-03-28 01:06:10,782 - Epoch: 300, SNRdB: 14.00, SER: 0.515, BER: 0.326
2021-03-28 01:06:10,795 - Epoch: 300, SNRdB: 15.00, SER: 0.507, BER: 0.326
2021-03-28 01:06:10,808 - Epoch: 300, SNRdB: 16.00, SER: 0.505, BER: 0.319
2021-03-28 01:06:10,821 - Epoch: 300, SNRdB: 17.00, SER: 0.496, BER: 0.314
2021-03-28 01:06:10,834 - Epoch: 300, SNRdB: 18.00, SER: 0.498, BER: 0.321
2021-03-28 01:06:10,846 - Epoch: 300, SNRdB: 19.00, SER: 0.504, BER: 0.322
2021-03-28 01:06:10,859 - Epoch: 300, SNRdB: 20.00, SER: 0.500, BER: 0.314
2021-03-28 01:06:10,892 - experiments/10I10O_QAM16_AWGN_LINEAR_FCNet_500epochs/upstream7_downstream7_epoch300.pth saved.
2021-03-28 01:09:41,909 - Testing at epoch 400
2021-03-28 01:09:42,012 - Epoch: 400, SNRdB: 1.00, SER: 0.645, BER: 0.412
2021-03-28 01:09:42,032 - Epoch: 400, SNRdB: 2.00, SER: 0.625, BER: 0.405
2021-03-28 01:09:42,045 - Epoch: 400, SNRdB: 3.00, SER: 0.603, BER: 0.385
2021-03-28 01:09:42,058 - Epoch: 400, SNRdB: 4.00, SER: 0.598, BER: 0.388
2021-03-28 01:09:42,071 - Epoch: 400, SNRdB: 5.00, SER: 0.589, BER: 0.375
2021-03-28 01:09:42,084 - Epoch: 400, SNRdB: 6.00, SER: 0.585, BER: 0.374
2021-03-28 01:09:42,097 - Epoch: 400, SNRdB: 7.00, SER: 0.554, BER: 0.357
2021-03-28 01:09:42,110 - Epoch: 400, SNRdB: 8.00, SER: 0.555, BER: 0.350
2021-03-28 01:09:42,123 - Epoch: 400, SNRdB: 9.00, SER: 0.543, BER: 0.351
2021-03-28 01:09:42,136 - Epoch: 400, SNRdB: 10.00, SER: 0.546, BER: 0.351
2021-03-28 01:09:42,148 - Epoch: 400, SNRdB: 11.00, SER: 0.525, BER: 0.331
2021-03-28 01:09:42,161 - Epoch: 400, SNRdB: 12.00, SER: 0.523, BER: 0.333
2021-03-28 01:09:42,174 - Epoch: 400, SNRdB: 13.00, SER: 0.522, BER: 0.333
2021-03-28 01:09:42,187 - Epoch: 400, SNRdB: 14.00, SER: 0.507, BER: 0.319
2021-03-28 01:09:42,200 - Epoch: 400, SNRdB: 15.00, SER: 0.490, BER: 0.314
2021-03-28 01:09:42,213 - Epoch: 400, SNRdB: 16.00, SER: 0.491, BER: 0.311
2021-03-28 01:09:42,226 - Epoch: 400, SNRdB: 17.00, SER: 0.503, BER: 0.317
2021-03-28 01:09:42,238 - Epoch: 400, SNRdB: 18.00, SER: 0.500, BER: 0.316
2021-03-28 01:09:42,251 - Epoch: 400, SNRdB: 19.00, SER: 0.507, BER: 0.321
2021-03-28 01:09:42,264 - Epoch: 400, SNRdB: 20.00, SER: 0.492, BER: 0.314
2021-03-28 01:09:42,295 - experiments/10I10O_QAM16_AWGN_LINEAR_FCNet_500epochs/upstream7_downstream7_epoch400.pth saved.
2021-03-28 01:13:14,984 - Testing at epoch 500
2021-03-28 01:13:15,101 - Epoch: 500, SNRdB: 1.00, SER: 0.634, BER: 0.403
2021-03-28 01:13:15,124 - Epoch: 500, SNRdB: 2.00, SER: 0.614, BER: 0.392
2021-03-28 01:13:15,144 - Epoch: 500, SNRdB: 3.00, SER: 0.583, BER: 0.373
2021-03-28 01:13:15,162 - Epoch: 500, SNRdB: 4.00, SER: 0.564, BER: 0.355
2021-03-28 01:13:15,180 - Epoch: 500, SNRdB: 5.00, SER: 0.558, BER: 0.357
2021-03-28 01:13:15,196 - Epoch: 500, SNRdB: 6.00, SER: 0.566, BER: 0.360
2021-03-28 01:13:15,212 - Epoch: 500, SNRdB: 7.00, SER: 0.532, BER: 0.334
2021-03-28 01:13:15,227 - Epoch: 500, SNRdB: 8.00, SER: 0.511, BER: 0.333
2021-03-28 01:13:15,242 - Epoch: 500, SNRdB: 9.00, SER: 0.503, BER: 0.316
2021-03-28 01:13:15,257 - Epoch: 500, SNRdB: 10.00, SER: 0.494, BER: 0.316
2021-03-28 01:13:15,272 - Epoch: 500, SNRdB: 11.00, SER: 0.492, BER: 0.315
2021-03-28 01:13:15,287 - Epoch: 500, SNRdB: 12.00, SER: 0.468, BER: 0.295
2021-03-28 01:13:15,302 - Epoch: 500, SNRdB: 13.00, SER: 0.472, BER: 0.298
2021-03-28 01:13:15,316 - Epoch: 500, SNRdB: 14.00, SER: 0.458, BER: 0.292
2021-03-28 01:13:15,331 - Epoch: 500, SNRdB: 15.00, SER: 0.461, BER: 0.288
2021-03-28 01:13:15,346 - Epoch: 500, SNRdB: 16.00, SER: 0.455, BER: 0.288
2021-03-28 01:13:15,361 - Epoch: 500, SNRdB: 17.00, SER: 0.443, BER: 0.272
2021-03-28 01:13:15,375 - Epoch: 500, SNRdB: 18.00, SER: 0.448, BER: 0.278
2021-03-28 01:13:15,390 - Epoch: 500, SNRdB: 19.00, SER: 0.427, BER: 0.270
2021-03-28 01:13:15,405 - Epoch: 500, SNRdB: 20.00, SER: 0.459, BER: 0.288
2021-03-28 01:13:15,436 - experiments/10I10O_QAM16_AWGN_LINEAR_FCNet_500epochs/upstream7_downstream7_epoch500.pth saved.
2021-03-28 01:13:15,547 - experiments/10I10O_QAM16_AWGN_LINEAR_FCNet_500epochs/loss_FCNet_7upstream_7downstream.pngsaved.
2021-03-28 01:13:16,092 - experiments/10I10O_QAM16_AWGN_LINEAR_FCNet_500epochs/SER_upstream7_downstream7.png saved.
2021-03-28 01:13:16,092 - experiments/10I10O_QAM16_AWGN_LINEAR_FCNet_500epochs/BER_upstream7_downstream7.png saved.
2021-03-28 01:35:46,214 - Testing at epoch 100
2021-03-28 01:35:46,317 - Epoch: 100, SNRdB: 1.00, SER: 0.677, BER: 0.437
2021-03-28 01:35:46,332 - Epoch: 100, SNRdB: 2.00, SER: 0.671, BER: 0.436
2021-03-28 01:35:46,347 - Epoch: 100, SNRdB: 3.00, SER: 0.673, BER: 0.436
2021-03-28 01:35:46,359 - Epoch: 100, SNRdB: 4.00, SER: 0.655, BER: 0.425
2021-03-28 01:35:46,375 - Epoch: 100, SNRdB: 5.00, SER: 0.658, BER: 0.429
2021-03-28 01:35:46,387 - Epoch: 100, SNRdB: 6.00, SER: 0.671, BER: 0.433
2021-03-28 01:35:46,403 - Epoch: 100, SNRdB: 7.00, SER: 0.659, BER: 0.424
2021-03-28 01:35:46,415 - Epoch: 100, SNRdB: 8.00, SER: 0.633, BER: 0.409
2021-03-28 01:35:46,429 - Epoch: 100, SNRdB: 9.00, SER: 0.660, BER: 0.423
2021-03-28 01:35:46,442 - Epoch: 100, SNRdB: 10.00, SER: 0.641, BER: 0.411
2021-03-28 01:35:46,456 - Epoch: 100, SNRdB: 11.00, SER: 0.642, BER: 0.410
2021-03-28 01:35:46,470 - Epoch: 100, SNRdB: 12.00, SER: 0.636, BER: 0.410
2021-03-28 01:35:46,484 - Epoch: 100, SNRdB: 13.00, SER: 0.632, BER: 0.403
2021-03-28 01:35:46,498 - Epoch: 100, SNRdB: 14.00, SER: 0.645, BER: 0.413
2021-03-28 01:35:46,515 - Epoch: 100, SNRdB: 15.00, SER: 0.642, BER: 0.411
2021-03-28 01:35:46,527 - Epoch: 100, SNRdB: 16.00, SER: 0.638, BER: 0.411
2021-03-28 01:35:46,543 - Epoch: 100, SNRdB: 17.00, SER: 0.637, BER: 0.411
2021-03-28 01:35:46,555 - Epoch: 100, SNRdB: 18.00, SER: 0.614, BER: 0.391
2021-03-28 01:35:46,570 - Epoch: 100, SNRdB: 19.00, SER: 0.630, BER: 0.399
2021-03-28 01:35:46,582 - Epoch: 100, SNRdB: 20.00, SER: 0.627, BER: 0.398
2021-03-28 01:35:46,616 - experiments/10I10O_QAM16_AWGN_LINEAR_FCNet_500epochs/upstream7_downstream7_dropout_epoch100.pth saved.
2021-03-28 01:39:19,295 - Testing at epoch 200
2021-03-28 01:39:19,393 - Epoch: 200, SNRdB: 1.00, SER: 0.650, BER: 0.418
2021-03-28 01:39:19,415 - Epoch: 200, SNRdB: 2.00, SER: 0.650, BER: 0.423
2021-03-28 01:39:19,427 - Epoch: 200, SNRdB: 3.00, SER: 0.629, BER: 0.415
2021-03-28 01:39:19,442 - Epoch: 200, SNRdB: 4.00, SER: 0.643, BER: 0.423
2021-03-28 01:39:19,454 - Epoch: 200, SNRdB: 5.00, SER: 0.628, BER: 0.414
2021-03-28 01:39:19,470 - Epoch: 200, SNRdB: 6.00, SER: 0.635, BER: 0.416
2021-03-28 01:39:19,482 - Epoch: 200, SNRdB: 7.00, SER: 0.603, BER: 0.387
2021-03-28 01:39:19,498 - Epoch: 200, SNRdB: 8.00, SER: 0.599, BER: 0.395
2021-03-28 01:39:19,509 - Epoch: 200, SNRdB: 9.00, SER: 0.602, BER: 0.384
2021-03-28 01:39:19,524 - Epoch: 200, SNRdB: 10.00, SER: 0.591, BER: 0.374
2021-03-28 01:39:19,535 - Epoch: 200, SNRdB: 11.00, SER: 0.590, BER: 0.379
2021-03-28 01:39:19,547 - Epoch: 200, SNRdB: 12.00, SER: 0.566, BER: 0.365
2021-03-28 01:39:19,559 - Epoch: 200, SNRdB: 13.00, SER: 0.574, BER: 0.374
2021-03-28 01:39:19,571 - Epoch: 200, SNRdB: 14.00, SER: 0.570, BER: 0.363
2021-03-28 01:39:19,583 - Epoch: 200, SNRdB: 15.00, SER: 0.557, BER: 0.358
2021-03-28 01:39:19,595 - Epoch: 200, SNRdB: 16.00, SER: 0.557, BER: 0.363
2021-03-28 01:39:19,607 - Epoch: 200, SNRdB: 17.00, SER: 0.562, BER: 0.359
2021-03-28 01:39:19,619 - Epoch: 200, SNRdB: 18.00, SER: 0.557, BER: 0.356
2021-03-28 01:39:19,631 - Epoch: 200, SNRdB: 19.00, SER: 0.564, BER: 0.365
2021-03-28 01:39:19,642 - Epoch: 200, SNRdB: 20.00, SER: 0.559, BER: 0.360
2021-03-28 01:39:19,687 - experiments/10I10O_QAM16_AWGN_LINEAR_FCNet_500epochs/upstream7_downstream7_dropout_epoch200.pth saved.
2021-03-28 01:42:52,795 - Testing at epoch 300
2021-03-28 01:42:52,896 - Epoch: 300, SNRdB: 1.00, SER: 0.645, BER: 0.417
2021-03-28 01:42:52,912 - Epoch: 300, SNRdB: 2.00, SER: 0.638, BER: 0.414
2021-03-28 01:42:52,926 - Epoch: 300, SNRdB: 3.00, SER: 0.622, BER: 0.401
2021-03-28 01:42:52,940 - Epoch: 300, SNRdB: 4.00, SER: 0.626, BER: 0.409
2021-03-28 01:42:52,954 - Epoch: 300, SNRdB: 5.00, SER: 0.595, BER: 0.381
2021-03-28 01:42:52,969 - Epoch: 300, SNRdB: 6.00, SER: 0.595, BER: 0.383
2021-03-28 01:42:52,981 - Epoch: 300, SNRdB: 7.00, SER: 0.577, BER: 0.368
2021-03-28 01:42:52,997 - Epoch: 300, SNRdB: 8.00, SER: 0.577, BER: 0.367
2021-03-28 01:42:53,009 - Epoch: 300, SNRdB: 9.00, SER: 0.591, BER: 0.383
2021-03-28 01:42:53,022 - Epoch: 300, SNRdB: 10.00, SER: 0.572, BER: 0.372
2021-03-28 01:42:53,036 - Epoch: 300, SNRdB: 11.00, SER: 0.573, BER: 0.368
2021-03-28 01:42:53,050 - Epoch: 300, SNRdB: 12.00, SER: 0.552, BER: 0.349
2021-03-28 01:42:53,064 - Epoch: 300, SNRdB: 13.00, SER: 0.548, BER: 0.360
2021-03-28 01:42:53,079 - Epoch: 300, SNRdB: 14.00, SER: 0.562, BER: 0.361
2021-03-28 01:42:53,094 - Epoch: 300, SNRdB: 15.00, SER: 0.538, BER: 0.336
2021-03-28 01:42:53,108 - Epoch: 300, SNRdB: 16.00, SER: 0.537, BER: 0.343
2021-03-28 01:42:53,123 - Epoch: 300, SNRdB: 17.00, SER: 0.545, BER: 0.342
2021-03-28 01:42:53,136 - Epoch: 300, SNRdB: 18.00, SER: 0.552, BER: 0.348
2021-03-28 01:42:53,150 - Epoch: 300, SNRdB: 19.00, SER: 0.534, BER: 0.341
2021-03-28 01:42:53,163 - Epoch: 300, SNRdB: 20.00, SER: 0.534, BER: 0.335
2021-03-28 01:42:53,195 - experiments/10I10O_QAM16_AWGN_LINEAR_FCNet_500epochs/upstream7_downstream7_dropout_epoch300.pth saved.
2021-03-28 01:46:24,907 - Testing at epoch 400
2021-03-28 01:46:25,005 - Epoch: 400, SNRdB: 1.00, SER: 0.634, BER: 0.411
2021-03-28 01:46:25,020 - Epoch: 400, SNRdB: 2.00, SER: 0.608, BER: 0.392
2021-03-28 01:46:25,034 - Epoch: 400, SNRdB: 3.00, SER: 0.609, BER: 0.394
2021-03-28 01:46:25,048 - Epoch: 400, SNRdB: 4.00, SER: 0.601, BER: 0.385
2021-03-28 01:46:25,065 - Epoch: 400, SNRdB: 5.00, SER: 0.575, BER: 0.375
2021-03-28 01:46:25,077 - Epoch: 400, SNRdB: 6.00, SER: 0.588, BER: 0.383
2021-03-28 01:46:25,092 - Epoch: 400, SNRdB: 7.00, SER: 0.560, BER: 0.357
2021-03-28 01:46:25,106 - Epoch: 400, SNRdB: 8.00, SER: 0.541, BER: 0.346
2021-03-28 01:46:25,121 - Epoch: 400, SNRdB: 9.00, SER: 0.528, BER: 0.342
2021-03-28 01:46:25,135 - Epoch: 400, SNRdB: 10.00, SER: 0.519, BER: 0.331
2021-03-28 01:46:25,148 - Epoch: 400, SNRdB: 11.00, SER: 0.520, BER: 0.338
2021-03-28 01:46:25,162 - Epoch: 400, SNRdB: 12.00, SER: 0.519, BER: 0.330
2021-03-28 01:46:25,176 - Epoch: 400, SNRdB: 13.00, SER: 0.514, BER: 0.327
2021-03-28 01:46:25,189 - Epoch: 400, SNRdB: 14.00, SER: 0.495, BER: 0.317
2021-03-28 01:46:25,203 - Epoch: 400, SNRdB: 15.00, SER: 0.505, BER: 0.320
2021-03-28 01:46:25,216 - Epoch: 400, SNRdB: 16.00, SER: 0.492, BER: 0.316
2021-03-28 01:46:25,230 - Epoch: 400, SNRdB: 17.00, SER: 0.472, BER: 0.299
2021-03-28 01:46:25,244 - Epoch: 400, SNRdB: 18.00, SER: 0.486, BER: 0.308
2021-03-28 01:46:25,258 - Epoch: 400, SNRdB: 19.00, SER: 0.485, BER: 0.311
2021-03-28 01:46:25,271 - Epoch: 400, SNRdB: 20.00, SER: 0.479, BER: 0.303
2021-03-28 01:46:25,309 - experiments/10I10O_QAM16_AWGN_LINEAR_FCNet_500epochs/upstream7_downstream7_dropout_epoch400.pth saved.
2021-03-28 01:49:56,224 - Testing at epoch 500
2021-03-28 01:49:56,320 - Epoch: 500, SNRdB: 1.00, SER: 0.609, BER: 0.398
2021-03-28 01:49:56,334 - Epoch: 500, SNRdB: 2.00, SER: 0.602, BER: 0.391
2021-03-28 01:49:56,349 - Epoch: 500, SNRdB: 3.00, SER: 0.583, BER: 0.381
2021-03-28 01:49:56,363 - Epoch: 500, SNRdB: 4.00, SER: 0.582, BER: 0.373
2021-03-28 01:49:56,377 - Epoch: 500, SNRdB: 5.00, SER: 0.555, BER: 0.362
2021-03-28 01:49:56,390 - Epoch: 500, SNRdB: 6.00, SER: 0.543, BER: 0.352
2021-03-28 01:49:56,404 - Epoch: 500, SNRdB: 7.00, SER: 0.525, BER: 0.332
2021-03-28 01:49:56,418 - Epoch: 500, SNRdB: 8.00, SER: 0.515, BER: 0.336
2021-03-28 01:49:56,432 - Epoch: 500, SNRdB: 9.00, SER: 0.512, BER: 0.327
2021-03-28 01:49:56,446 - Epoch: 500, SNRdB: 10.00, SER: 0.491, BER: 0.318
2021-03-28 01:49:56,460 - Epoch: 500, SNRdB: 11.00, SER: 0.498, BER: 0.313
2021-03-28 01:49:56,474 - Epoch: 500, SNRdB: 12.00, SER: 0.462, BER: 0.296
2021-03-28 01:49:56,488 - Epoch: 500, SNRdB: 13.00, SER: 0.452, BER: 0.287
2021-03-28 01:49:56,502 - Epoch: 500, SNRdB: 14.00, SER: 0.454, BER: 0.289
2021-03-28 01:49:56,516 - Epoch: 500, SNRdB: 15.00, SER: 0.440, BER: 0.280
2021-03-28 01:49:56,530 - Epoch: 500, SNRdB: 16.00, SER: 0.458, BER: 0.289
2021-03-28 01:49:56,544 - Epoch: 500, SNRdB: 17.00, SER: 0.441, BER: 0.280
2021-03-28 01:49:56,557 - Epoch: 500, SNRdB: 18.00, SER: 0.427, BER: 0.271
2021-03-28 01:49:56,569 - Epoch: 500, SNRdB: 19.00, SER: 0.437, BER: 0.278
2021-03-28 01:49:56,581 - Epoch: 500, SNRdB: 20.00, SER: 0.438, BER: 0.279
2021-03-28 01:49:56,613 - experiments/10I10O_QAM16_AWGN_LINEAR_FCNet_500epochs/upstream7_downstream7_dropout_epoch500.pth saved.
2021-03-28 01:49:56,713 - experiments/10I10O_QAM16_AWGN_LINEAR_FCNet_500epochs/loss_FCNet_7upstream_7downstream.pngsaved.
2021-03-28 01:49:57,199 - experiments/10I10O_QAM16_AWGN_LINEAR_FCNet_500epochs/SER_upstream7_downstream7_dropout.png saved.
2021-03-28 01:49:57,199 - experiments/10I10O_QAM16_AWGN_LINEAR_FCNet_500epochs/BER_upstream7_downstream7_dropout.png saved.
2021-03-28 02:27:29,669 - Testing at epoch 100
2021-03-28 02:27:29,763 - Epoch: 100, SNRdB: 1.00, SER: 0.599, BER: 0.396
2021-03-28 02:27:29,776 - Epoch: 100, SNRdB: 2.00, SER: 0.569, BER: 0.369
2021-03-28 02:27:29,789 - Epoch: 100, SNRdB: 3.00, SER: 0.570, BER: 0.372
2021-03-28 02:27:29,802 - Epoch: 100, SNRdB: 4.00, SER: 0.555, BER: 0.362
2021-03-28 02:27:29,814 - Epoch: 100, SNRdB: 5.00, SER: 0.552, BER: 0.362
2021-03-28 02:27:29,826 - Epoch: 100, SNRdB: 6.00, SER: 0.524, BER: 0.344
2021-03-28 02:27:29,838 - Epoch: 100, SNRdB: 7.00, SER: 0.504, BER: 0.329
2021-03-28 02:27:29,850 - Epoch: 100, SNRdB: 8.00, SER: 0.503, BER: 0.323
2021-03-28 02:27:29,862 - Epoch: 100, SNRdB: 9.00, SER: 0.486, BER: 0.311
2021-03-28 02:27:29,874 - Epoch: 100, SNRdB: 10.00, SER: 0.484, BER: 0.314
2021-03-28 02:27:29,886 - Epoch: 100, SNRdB: 11.00, SER: 0.434, BER: 0.285
2021-03-28 02:27:29,898 - Epoch: 100, SNRdB: 12.00, SER: 0.423, BER: 0.277
2021-03-28 02:27:29,910 - Epoch: 100, SNRdB: 13.00, SER: 0.437, BER: 0.287
2021-03-28 02:27:29,922 - Epoch: 100, SNRdB: 14.00, SER: 0.433, BER: 0.277
2021-03-28 02:27:29,934 - Epoch: 100, SNRdB: 15.00, SER: 0.428, BER: 0.281
2021-03-28 02:27:29,946 - Epoch: 100, SNRdB: 16.00, SER: 0.405, BER: 0.263
2021-03-28 02:27:29,958 - Epoch: 100, SNRdB: 17.00, SER: 0.412, BER: 0.271
2021-03-28 02:27:29,970 - Epoch: 100, SNRdB: 18.00, SER: 0.402, BER: 0.261
2021-03-28 02:27:29,982 - Epoch: 100, SNRdB: 19.00, SER: 0.402, BER: 0.266
2021-03-28 02:27:29,994 - Epoch: 100, SNRdB: 20.00, SER: 0.398, BER: 0.260
2021-03-28 02:27:30,027 - experiments/10I10O_QAM16_AWGN_LINEAR_FCNet_500epochs/upstream4_downstream5_dropout_epoch100.pth saved.
2021-03-28 02:30:40,662 - Testing at epoch 200
2021-03-28 02:30:40,786 - Epoch: 200, SNRdB: 1.00, SER: 0.602, BER: 0.395
2021-03-28 02:30:40,801 - Epoch: 200, SNRdB: 2.00, SER: 0.570, BER: 0.372
2021-03-28 02:30:40,817 - Epoch: 200, SNRdB: 3.00, SER: 0.537, BER: 0.353
2021-03-28 02:30:40,829 - Epoch: 200, SNRdB: 4.00, SER: 0.544, BER: 0.353
2021-03-28 02:30:40,845 - Epoch: 200, SNRdB: 5.00, SER: 0.504, BER: 0.339
2021-03-28 02:30:40,857 - Epoch: 200, SNRdB: 6.00, SER: 0.482, BER: 0.314
2021-03-28 02:30:40,886 - Epoch: 200, SNRdB: 7.00, SER: 0.461, BER: 0.311
2021-03-28 02:30:40,904 - Epoch: 200, SNRdB: 8.00, SER: 0.459, BER: 0.306
2021-03-28 02:30:40,920 - Epoch: 200, SNRdB: 9.00, SER: 0.429, BER: 0.281
2021-03-28 02:30:40,936 - Epoch: 200, SNRdB: 10.00, SER: 0.398, BER: 0.265
2021-03-28 02:30:40,951 - Epoch: 200, SNRdB: 11.00, SER: 0.385, BER: 0.257
2021-03-28 02:30:40,965 - Epoch: 200, SNRdB: 12.00, SER: 0.364, BER: 0.242
2021-03-28 02:30:40,979 - Epoch: 200, SNRdB: 13.00, SER: 0.366, BER: 0.243
2021-03-28 02:30:40,993 - Epoch: 200, SNRdB: 14.00, SER: 0.351, BER: 0.232
2021-03-28 02:30:41,007 - Epoch: 200, SNRdB: 15.00, SER: 0.342, BER: 0.228
2021-03-28 02:30:41,021 - Epoch: 200, SNRdB: 16.00, SER: 0.338, BER: 0.224
2021-03-28 02:30:41,034 - Epoch: 200, SNRdB: 17.00, SER: 0.342, BER: 0.228
2021-03-28 02:30:41,048 - Epoch: 200, SNRdB: 18.00, SER: 0.343, BER: 0.231
2021-03-28 02:30:41,063 - Epoch: 200, SNRdB: 19.00, SER: 0.332, BER: 0.214
2021-03-28 02:30:41,076 - Epoch: 200, SNRdB: 20.00, SER: 0.347, BER: 0.224
2021-03-28 02:30:41,115 - experiments/10I10O_QAM16_AWGN_LINEAR_FCNet_500epochs/upstream4_downstream5_dropout_epoch200.pth saved.
2021-03-28 02:33:49,822 - Testing at epoch 300
2021-03-28 02:33:49,915 - Epoch: 300, SNRdB: 1.00, SER: 0.569, BER: 0.377
2021-03-28 02:33:49,938 - Epoch: 300, SNRdB: 2.00, SER: 0.552, BER: 0.355
2021-03-28 02:33:49,949 - Epoch: 300, SNRdB: 3.00, SER: 0.527, BER: 0.349
2021-03-28 02:33:49,964 - Epoch: 300, SNRdB: 4.00, SER: 0.501, BER: 0.338
2021-03-28 02:33:49,975 - Epoch: 300, SNRdB: 5.00, SER: 0.477, BER: 0.311
2021-03-28 02:33:49,990 - Epoch: 300, SNRdB: 6.00, SER: 0.474, BER: 0.315
2021-03-28 02:33:50,000 - Epoch: 300, SNRdB: 7.00, SER: 0.437, BER: 0.290
2021-03-28 02:33:50,015 - Epoch: 300, SNRdB: 8.00, SER: 0.406, BER: 0.271
2021-03-28 02:33:50,026 - Epoch: 300, SNRdB: 9.00, SER: 0.389, BER: 0.262
2021-03-28 02:33:50,040 - Epoch: 300, SNRdB: 10.00, SER: 0.371, BER: 0.244
2021-03-28 02:33:50,050 - Epoch: 300, SNRdB: 11.00, SER: 0.343, BER: 0.226
2021-03-28 02:33:50,063 - Epoch: 300, SNRdB: 12.00, SER: 0.336, BER: 0.221
2021-03-28 02:33:50,075 - Epoch: 300, SNRdB: 13.00, SER: 0.330, BER: 0.218
2021-03-28 02:33:50,087 - Epoch: 300, SNRdB: 14.00, SER: 0.317, BER: 0.205
2021-03-28 02:33:50,099 - Epoch: 300, SNRdB: 15.00, SER: 0.299, BER: 0.202
2021-03-28 02:33:50,111 - Epoch: 300, SNRdB: 16.00, SER: 0.304, BER: 0.206
2021-03-28 02:33:50,123 - Epoch: 300, SNRdB: 17.00, SER: 0.299, BER: 0.195
2021-03-28 02:33:50,135 - Epoch: 300, SNRdB: 18.00, SER: 0.306, BER: 0.201
2021-03-28 02:33:50,147 - Epoch: 300, SNRdB: 19.00, SER: 0.295, BER: 0.191
2021-03-28 02:33:50,159 - Epoch: 300, SNRdB: 20.00, SER: 0.304, BER: 0.204
2021-03-28 02:33:50,191 - experiments/10I10O_QAM16_AWGN_LINEAR_FCNet_500epochs/upstream4_downstream5_dropout_epoch300.pth saved.
2021-03-28 02:36:59,806 - Testing at epoch 400
2021-03-28 02:36:59,916 - Epoch: 400, SNRdB: 1.00, SER: 0.577, BER: 0.380
2021-03-28 02:36:59,929 - Epoch: 400, SNRdB: 2.00, SER: 0.554, BER: 0.364
2021-03-28 02:36:59,942 - Epoch: 400, SNRdB: 3.00, SER: 0.522, BER: 0.345
2021-03-28 02:36:59,954 - Epoch: 400, SNRdB: 4.00, SER: 0.511, BER: 0.340
2021-03-28 02:36:59,968 - Epoch: 400, SNRdB: 5.00, SER: 0.473, BER: 0.310
2021-03-28 02:36:59,979 - Epoch: 400, SNRdB: 6.00, SER: 0.466, BER: 0.308
2021-03-28 02:36:59,993 - Epoch: 400, SNRdB: 7.00, SER: 0.439, BER: 0.290
2021-03-28 02:37:00,004 - Epoch: 400, SNRdB: 8.00, SER: 0.425, BER: 0.283
2021-03-28 02:37:00,017 - Epoch: 400, SNRdB: 9.00, SER: 0.393, BER: 0.264
2021-03-28 02:37:00,028 - Epoch: 400, SNRdB: 10.00, SER: 0.366, BER: 0.246
2021-03-28 02:37:00,040 - Epoch: 400, SNRdB: 11.00, SER: 0.359, BER: 0.240
2021-03-28 02:37:00,052 - Epoch: 400, SNRdB: 12.00, SER: 0.330, BER: 0.221
2021-03-28 02:37:00,064 - Epoch: 400, SNRdB: 13.00, SER: 0.325, BER: 0.215
2021-03-28 02:37:00,076 - Epoch: 400, SNRdB: 14.00, SER: 0.313, BER: 0.211
2021-03-28 02:37:00,088 - Epoch: 400, SNRdB: 15.00, SER: 0.314, BER: 0.209
2021-03-28 02:37:00,100 - Epoch: 400, SNRdB: 16.00, SER: 0.298, BER: 0.202
2021-03-28 02:37:00,112 - Epoch: 400, SNRdB: 17.00, SER: 0.305, BER: 0.200
2021-03-28 02:37:00,124 - Epoch: 400, SNRdB: 18.00, SER: 0.305, BER: 0.205
2021-03-28 02:37:00,136 - Epoch: 400, SNRdB: 19.00, SER: 0.303, BER: 0.209
2021-03-28 02:37:00,148 - Epoch: 400, SNRdB: 20.00, SER: 0.294, BER: 0.197
2021-03-28 02:37:00,179 - experiments/10I10O_QAM16_AWGN_LINEAR_FCNet_500epochs/upstream4_downstream5_dropout_epoch400.pth saved.
2021-03-28 02:40:10,052 - Testing at epoch 500
2021-03-28 02:40:10,137 - Epoch: 500, SNRdB: 1.00, SER: 0.563, BER: 0.369
2021-03-28 02:40:10,172 - Epoch: 500, SNRdB: 2.00, SER: 0.543, BER: 0.353
2021-03-28 02:40:10,185 - Epoch: 500, SNRdB: 3.00, SER: 0.521, BER: 0.350
2021-03-28 02:40:10,199 - Epoch: 500, SNRdB: 4.00, SER: 0.500, BER: 0.325
2021-03-28 02:40:10,211 - Epoch: 500, SNRdB: 5.00, SER: 0.469, BER: 0.308
2021-03-28 02:40:10,228 - Epoch: 500, SNRdB: 6.00, SER: 0.431, BER: 0.284
2021-03-28 02:40:10,240 - Epoch: 500, SNRdB: 7.00, SER: 0.406, BER: 0.270
2021-03-28 02:40:10,256 - Epoch: 500, SNRdB: 8.00, SER: 0.364, BER: 0.243
2021-03-28 02:40:10,268 - Epoch: 500, SNRdB: 9.00, SER: 0.363, BER: 0.245
2021-03-28 02:40:10,284 - Epoch: 500, SNRdB: 10.00, SER: 0.361, BER: 0.240
2021-03-28 02:40:10,296 - Epoch: 500, SNRdB: 11.00, SER: 0.316, BER: 0.211
2021-03-28 02:40:10,309 - Epoch: 500, SNRdB: 12.00, SER: 0.305, BER: 0.200
2021-03-28 02:40:10,323 - Epoch: 500, SNRdB: 13.00, SER: 0.291, BER: 0.192
2021-03-28 02:40:10,337 - Epoch: 500, SNRdB: 14.00, SER: 0.283, BER: 0.188
2021-03-28 02:40:10,351 - Epoch: 500, SNRdB: 15.00, SER: 0.262, BER: 0.175
2021-03-28 02:40:10,365 - Epoch: 500, SNRdB: 16.00, SER: 0.264, BER: 0.174
2021-03-28 02:40:10,378 - Epoch: 500, SNRdB: 17.00, SER: 0.262, BER: 0.174
2021-03-28 02:40:10,391 - Epoch: 500, SNRdB: 18.00, SER: 0.259, BER: 0.168
2021-03-28 02:40:10,404 - Epoch: 500, SNRdB: 19.00, SER: 0.261, BER: 0.171
2021-03-28 02:40:10,417 - Epoch: 500, SNRdB: 20.00, SER: 0.255, BER: 0.169
2021-03-28 02:40:10,448 - experiments/10I10O_QAM16_AWGN_LINEAR_FCNet_500epochs/upstream4_downstream5_dropout_epoch500.pth saved.
2021-03-28 02:40:10,552 - experiments/10I10O_QAM16_AWGN_LINEAR_FCNet_500epochs/loss_FCNet_4upstream_5downstream.pngsaved.
2021-03-28 02:40:11,050 - experiments/10I10O_QAM16_AWGN_LINEAR_FCNet_500epochs/SER_upstream4_downstream5_dropout.png saved.
2021-03-28 02:40:11,050 - experiments/10I10O_QAM16_AWGN_LINEAR_FCNet_500epochs/BER_upstream4_downstream5_dropout.png saved.
