2021-04-17 03:15:30,727 - Testing at epoch 100
2021-04-17 03:15:30,983 - Epoch: 100, SNRdB: 1.00, SER: 0.416, BER: 0.264
2021-04-17 03:15:31,011 - Epoch: 100, SNRdB: 2.00, SER: 0.393, BER: 0.246
2021-04-17 03:15:31,083 - Epoch: 100, SNRdB: 3.00, SER: 0.354, BER: 0.220
2021-04-17 03:15:31,116 - Epoch: 100, SNRdB: 4.00, SER: 0.314, BER: 0.191
2021-04-17 03:15:31,158 - Epoch: 100, SNRdB: 5.00, SER: 0.312, BER: 0.192
2021-04-17 03:15:31,185 - Epoch: 100, SNRdB: 6.00, SER: 0.225, BER: 0.138
2021-04-17 03:15:31,236 - Epoch: 100, SNRdB: 7.00, SER: 0.182, BER: 0.107
2021-04-17 03:15:31,260 - Epoch: 100, SNRdB: 8.00, SER: 0.180, BER: 0.108
2021-04-17 03:15:31,330 - Epoch: 100, SNRdB: 9.00, SER: 0.117, BER: 0.068
2021-04-17 03:15:31,362 - Epoch: 100, SNRdB: 10.00, SER: 0.127, BER: 0.076
2021-04-17 03:15:31,404 - Epoch: 100, SNRdB: 11.00, SER: 0.107, BER: 0.062
2021-04-17 03:15:31,431 - Epoch: 100, SNRdB: 12.00, SER: 0.074, BER: 0.040
2021-04-17 03:15:31,507 - Epoch: 100, SNRdB: 13.00, SER: 0.051, BER: 0.030
2021-04-17 03:15:31,547 - Epoch: 100, SNRdB: 14.00, SER: 0.045, BER: 0.024
2021-04-17 03:15:31,586 - Epoch: 100, SNRdB: 15.00, SER: 0.035, BER: 0.020
2021-04-17 03:15:31,616 - Epoch: 100, SNRdB: 16.00, SER: 0.021, BER: 0.012
2021-04-17 03:15:31,650 - Epoch: 100, SNRdB: 17.00, SER: 0.010, BER: 0.005
2021-04-17 03:15:31,676 - Epoch: 100, SNRdB: 18.00, SER: 0.018, BER: 0.009
2021-04-17 03:15:31,728 - Epoch: 100, SNRdB: 19.00, SER: 0.002, BER: 0.001
2021-04-17 03:15:31,751 - Epoch: 100, SNRdB: 20.00, SER: 0.004, BER: 0.002
2021-04-17 03:15:31,827 - experiments_AWGN_order2_sharp/SISO_QAM16_AWGN_NONLINEAR_MMNet_500epochs/MMNet_10layers_epoch100.pth saved.
2021-04-17 03:23:03,904 - Testing at epoch 200
2021-04-17 03:23:04,126 - Epoch: 200, SNRdB: 1.00, SER: 0.424, BER: 0.266
2021-04-17 03:23:04,152 - Epoch: 200, SNRdB: 2.00, SER: 0.391, BER: 0.242
2021-04-17 03:23:04,207 - Epoch: 200, SNRdB: 3.00, SER: 0.400, BER: 0.235
2021-04-17 03:23:04,231 - Epoch: 200, SNRdB: 4.00, SER: 0.256, BER: 0.159
2021-04-17 03:23:04,297 - Epoch: 200, SNRdB: 5.00, SER: 0.275, BER: 0.167
2021-04-17 03:23:04,328 - Epoch: 200, SNRdB: 6.00, SER: 0.234, BER: 0.149
2021-04-17 03:23:04,374 - Epoch: 200, SNRdB: 7.00, SER: 0.193, BER: 0.121
2021-04-17 03:23:04,401 - Epoch: 200, SNRdB: 8.00, SER: 0.156, BER: 0.094
2021-04-17 03:23:04,455 - Epoch: 200, SNRdB: 9.00, SER: 0.121, BER: 0.073
2021-04-17 03:23:04,482 - Epoch: 200, SNRdB: 10.00, SER: 0.100, BER: 0.055
2021-04-17 03:23:04,552 - Epoch: 200, SNRdB: 11.00, SER: 0.080, BER: 0.046
2021-04-17 03:23:04,588 - Epoch: 200, SNRdB: 12.00, SER: 0.047, BER: 0.026
2021-04-17 03:23:04,625 - Epoch: 200, SNRdB: 13.00, SER: 0.068, BER: 0.038
2021-04-17 03:23:04,667 - Epoch: 200, SNRdB: 14.00, SER: 0.037, BER: 0.021
2021-04-17 03:23:04,715 - Epoch: 200, SNRdB: 15.00, SER: 0.014, BER: 0.008
2021-04-17 03:23:04,749 - Epoch: 200, SNRdB: 16.00, SER: 0.014, BER: 0.007
2021-04-17 03:23:04,790 - Epoch: 200, SNRdB: 17.00, SER: 0.004, BER: 0.002
2021-04-17 03:23:04,820 - Epoch: 200, SNRdB: 18.00, SER: 0.000, BER: 0.000
2021-04-17 03:23:04,886 - Epoch: 200, SNRdB: 19.00, SER: 0.006, BER: 0.003
2021-04-17 03:23:04,923 - Epoch: 200, SNRdB: 20.00, SER: 0.000, BER: 0.000
2021-04-17 03:23:04,969 - experiments_AWGN_order2_sharp/SISO_QAM16_AWGN_NONLINEAR_MMNet_500epochs/MMNet_10layers_epoch200.pth saved.
2021-04-17 03:30:40,342 - Testing at epoch 300
2021-04-17 03:30:40,520 - Epoch: 300, SNRdB: 1.00, SER: 0.461, BER: 0.276
2021-04-17 03:30:40,579 - Epoch: 300, SNRdB: 2.00, SER: 0.361, BER: 0.232
2021-04-17 03:30:40,606 - Epoch: 300, SNRdB: 3.00, SER: 0.342, BER: 0.216
2021-04-17 03:30:40,675 - Epoch: 300, SNRdB: 4.00, SER: 0.277, BER: 0.180
2021-04-17 03:30:40,707 - Epoch: 300, SNRdB: 5.00, SER: 0.270, BER: 0.172
2021-04-17 03:30:40,750 - Epoch: 300, SNRdB: 6.00, SER: 0.238, BER: 0.152
2021-04-17 03:30:40,776 - Epoch: 300, SNRdB: 7.00, SER: 0.189, BER: 0.119
2021-04-17 03:30:40,828 - Epoch: 300, SNRdB: 8.00, SER: 0.191, BER: 0.117
2021-04-17 03:30:40,852 - Epoch: 300, SNRdB: 9.00, SER: 0.115, BER: 0.068
2021-04-17 03:30:40,910 - Epoch: 300, SNRdB: 10.00, SER: 0.092, BER: 0.053
2021-04-17 03:30:40,934 - Epoch: 300, SNRdB: 11.00, SER: 0.076, BER: 0.044
2021-04-17 03:30:40,992 - Epoch: 300, SNRdB: 12.00, SER: 0.074, BER: 0.045
2021-04-17 03:30:41,016 - Epoch: 300, SNRdB: 13.00, SER: 0.041, BER: 0.021
2021-04-17 03:30:41,075 - Epoch: 300, SNRdB: 14.00, SER: 0.025, BER: 0.016
2021-04-17 03:30:41,099 - Epoch: 300, SNRdB: 15.00, SER: 0.010, BER: 0.005
2021-04-17 03:30:41,157 - Epoch: 300, SNRdB: 16.00, SER: 0.006, BER: 0.003
2021-04-17 03:30:41,181 - Epoch: 300, SNRdB: 17.00, SER: 0.010, BER: 0.005
2021-04-17 03:30:41,239 - Epoch: 300, SNRdB: 18.00, SER: 0.002, BER: 0.001
2021-04-17 03:30:41,263 - Epoch: 300, SNRdB: 19.00, SER: 0.000, BER: 0.000
2021-04-17 03:30:41,333 - Epoch: 300, SNRdB: 20.00, SER: 0.002, BER: 0.001
2021-04-17 03:30:41,375 - experiments_AWGN_order2_sharp/SISO_QAM16_AWGN_NONLINEAR_MMNet_500epochs/MMNet_10layers_epoch300.pth saved.
2021-04-17 03:38:06,803 - Testing at epoch 400
2021-04-17 03:38:06,983 - Epoch: 400, SNRdB: 1.00, SER: 0.438, BER: 0.266
2021-04-17 03:38:07,017 - Epoch: 400, SNRdB: 2.00, SER: 0.377, BER: 0.234
2021-04-17 03:38:07,087 - Epoch: 400, SNRdB: 3.00, SER: 0.330, BER: 0.210
2021-04-17 03:38:07,127 - Epoch: 400, SNRdB: 4.00, SER: 0.303, BER: 0.193
2021-04-17 03:38:07,161 - Epoch: 400, SNRdB: 5.00, SER: 0.219, BER: 0.128
2021-04-17 03:38:07,193 - Epoch: 400, SNRdB: 6.00, SER: 0.197, BER: 0.121
2021-04-17 03:38:07,222 - Epoch: 400, SNRdB: 7.00, SER: 0.193, BER: 0.115
2021-04-17 03:38:07,250 - Epoch: 400, SNRdB: 8.00, SER: 0.156, BER: 0.094
2021-04-17 03:38:07,284 - Epoch: 400, SNRdB: 9.00, SER: 0.152, BER: 0.088
2021-04-17 03:38:07,330 - Epoch: 400, SNRdB: 10.00, SER: 0.104, BER: 0.065
2021-04-17 03:38:07,357 - Epoch: 400, SNRdB: 11.00, SER: 0.070, BER: 0.043
2021-04-17 03:38:07,425 - Epoch: 400, SNRdB: 12.00, SER: 0.061, BER: 0.037
2021-04-17 03:38:07,457 - Epoch: 400, SNRdB: 13.00, SER: 0.037, BER: 0.021
2021-04-17 03:38:07,494 - Epoch: 400, SNRdB: 14.00, SER: 0.023, BER: 0.015
2021-04-17 03:38:07,522 - Epoch: 400, SNRdB: 15.00, SER: 0.012, BER: 0.006
2021-04-17 03:38:07,565 - Epoch: 400, SNRdB: 16.00, SER: 0.006, BER: 0.003
2021-04-17 03:38:07,594 - Epoch: 400, SNRdB: 17.00, SER: 0.004, BER: 0.002
2021-04-17 03:38:07,639 - Epoch: 400, SNRdB: 18.00, SER: 0.006, BER: 0.003
2021-04-17 03:38:07,665 - Epoch: 400, SNRdB: 19.00, SER: 0.000, BER: 0.000
2021-04-17 03:38:07,711 - Epoch: 400, SNRdB: 20.00, SER: 0.000, BER: 0.000
2021-04-17 03:38:07,754 - experiments_AWGN_order2_sharp/SISO_QAM16_AWGN_NONLINEAR_MMNet_500epochs/MMNet_10layers_epoch400.pth saved.
2021-04-17 03:45:28,037 - Testing at epoch 500
2021-04-17 03:45:28,248 - Epoch: 500, SNRdB: 1.00, SER: 0.422, BER: 0.261
2021-04-17 03:45:28,271 - Epoch: 500, SNRdB: 2.00, SER: 0.346, BER: 0.216
2021-04-17 03:45:28,330 - Epoch: 500, SNRdB: 3.00, SER: 0.275, BER: 0.174
2021-04-17 03:45:28,352 - Epoch: 500, SNRdB: 4.00, SER: 0.291, BER: 0.181
2021-04-17 03:45:28,413 - Epoch: 500, SNRdB: 5.00, SER: 0.238, BER: 0.152
2021-04-17 03:45:28,434 - Epoch: 500, SNRdB: 6.00, SER: 0.223, BER: 0.143
2021-04-17 03:45:28,498 - Epoch: 500, SNRdB: 7.00, SER: 0.146, BER: 0.095
2021-04-17 03:45:28,520 - Epoch: 500, SNRdB: 8.00, SER: 0.158, BER: 0.099
2021-04-17 03:45:28,580 - Epoch: 500, SNRdB: 9.00, SER: 0.133, BER: 0.081
2021-04-17 03:45:28,602 - Epoch: 500, SNRdB: 10.00, SER: 0.088, BER: 0.055
2021-04-17 03:45:28,666 - Epoch: 500, SNRdB: 11.00, SER: 0.086, BER: 0.048
2021-04-17 03:45:28,688 - Epoch: 500, SNRdB: 12.00, SER: 0.084, BER: 0.046
2021-04-17 03:45:28,747 - Epoch: 500, SNRdB: 13.00, SER: 0.037, BER: 0.023
2021-04-17 03:45:28,768 - Epoch: 500, SNRdB: 14.00, SER: 0.031, BER: 0.018
2021-04-17 03:45:28,829 - Epoch: 500, SNRdB: 15.00, SER: 0.020, BER: 0.012
2021-04-17 03:45:28,850 - Epoch: 500, SNRdB: 16.00, SER: 0.020, BER: 0.012
2021-04-17 03:45:28,910 - Epoch: 500, SNRdB: 17.00, SER: 0.004, BER: 0.002
2021-04-17 03:45:28,931 - Epoch: 500, SNRdB: 18.00, SER: 0.000, BER: 0.000
2021-04-17 03:45:28,990 - Epoch: 500, SNRdB: 19.00, SER: 0.002, BER: 0.001
2021-04-17 03:45:29,011 - Epoch: 500, SNRdB: 20.00, SER: 0.000, BER: 0.000
2021-04-17 03:45:29,046 - experiments_AWGN_order2_sharp/SISO_QAM16_AWGN_NONLINEAR_MMNet_500epochs/MMNet_10layers_epoch500.pth saved.
2021-04-17 03:45:29,136 - experiments_AWGN_order2_sharp/SISO_QAM16_AWGN_NONLINEAR_MMNet_500epochs/loss_MMNet_10layers.pngsaved.
2021-04-17 03:45:29,740 - experiments_AWGN_order2_sharp/SISO_QAM16_AWGN_NONLINEAR_MMNet_500epochs/SER_MMNet_10layers.png saved.
2021-04-17 03:45:29,740 - experiments_AWGN_order2_sharp/SISO_QAM16_AWGN_NONLINEAR_MMNet_500epochs/BER_MMNet_10layers.png saved.
2021-04-19 14:01:06,752 - Testing at epoch 100
2021-04-19 14:01:07,166 - Epoch: 100, SNRdB: 1.00, SER: 0.429, BER: 0.273
2021-04-19 14:01:07,221 - Epoch: 100, SNRdB: 2.00, SER: 0.395, BER: 0.247
2021-04-19 14:01:07,450 - Epoch: 100, SNRdB: 3.00, SER: 0.374, BER: 0.230
2021-04-19 14:01:07,505 - Epoch: 100, SNRdB: 4.00, SER: 0.351, BER: 0.216
2021-04-19 14:01:07,717 - Epoch: 100, SNRdB: 5.00, SER: 0.337, BER: 0.207
2021-04-19 14:01:07,770 - Epoch: 100, SNRdB: 6.00, SER: 0.312, BER: 0.187
2021-04-19 14:01:08,024 - Epoch: 100, SNRdB: 7.00, SER: 0.285, BER: 0.167
2021-04-19 14:01:08,093 - Epoch: 100, SNRdB: 8.00, SER: 0.266, BER: 0.152
2021-04-19 14:01:08,288 - Epoch: 100, SNRdB: 9.00, SER: 0.250, BER: 0.143
2021-04-19 14:01:08,357 - Epoch: 100, SNRdB: 10.00, SER: 0.222, BER: 0.121
2021-04-19 14:01:08,554 - Epoch: 100, SNRdB: 11.00, SER: 0.244, BER: 0.132
2021-04-19 14:01:08,622 - Epoch: 100, SNRdB: 12.00, SER: 0.207, BER: 0.110
2021-04-19 14:01:08,872 - Epoch: 100, SNRdB: 13.00, SER: 0.204, BER: 0.109
2021-04-19 14:01:08,941 - Epoch: 100, SNRdB: 14.00, SER: 0.183, BER: 0.095
2021-04-19 14:01:09,136 - Epoch: 100, SNRdB: 15.00, SER: 0.187, BER: 0.096
2021-04-19 14:01:09,205 - Epoch: 100, SNRdB: 16.00, SER: 0.166, BER: 0.084
2021-04-19 14:01:09,399 - Epoch: 100, SNRdB: 17.00, SER: 0.151, BER: 0.077
2021-04-19 14:01:09,468 - Epoch: 100, SNRdB: 18.00, SER: 0.149, BER: 0.075
2021-04-19 14:01:09,664 - Epoch: 100, SNRdB: 19.00, SER: 0.155, BER: 0.078
2021-04-19 14:01:09,736 - Epoch: 100, SNRdB: 20.00, SER: 0.147, BER: 0.073
2021-04-19 14:01:09,784 - experiments_AWGN_order2_sharp/SISO_QAM16_AWGN_NONLINEAR_MMNet_500epochs/MMNet_10layers_epoch100.pth saved.
2021-04-19 14:05:28,164 - Testing at epoch 200
2021-04-19 14:05:28,614 - Epoch: 200, SNRdB: 1.00, SER: 0.386, BER: 0.247
2021-04-19 14:05:28,669 - Epoch: 200, SNRdB: 2.00, SER: 0.372, BER: 0.234
2021-04-19 14:05:28,914 - Epoch: 200, SNRdB: 3.00, SER: 0.333, BER: 0.208
2021-04-19 14:05:28,956 - Epoch: 200, SNRdB: 4.00, SER: 0.331, BER: 0.200
2021-04-19 14:05:29,214 - Epoch: 200, SNRdB: 5.00, SER: 0.299, BER: 0.184
2021-04-19 14:05:29,277 - Epoch: 200, SNRdB: 6.00, SER: 0.261, BER: 0.157
2021-04-19 14:05:29,494 - Epoch: 200, SNRdB: 7.00, SER: 0.246, BER: 0.148
2021-04-19 14:05:29,558 - Epoch: 200, SNRdB: 8.00, SER: 0.204, BER: 0.117
2021-04-19 14:05:29,744 - Epoch: 200, SNRdB: 9.00, SER: 0.194, BER: 0.114
2021-04-19 14:05:29,813 - Epoch: 200, SNRdB: 10.00, SER: 0.177, BER: 0.102
2021-04-19 14:05:29,944 - Epoch: 200, SNRdB: 11.00, SER: 0.153, BER: 0.085
2021-04-19 14:05:30,001 - Epoch: 200, SNRdB: 12.00, SER: 0.141, BER: 0.076
2021-04-19 14:05:30,183 - Epoch: 200, SNRdB: 13.00, SER: 0.130, BER: 0.070
2021-04-19 14:05:30,249 - Epoch: 200, SNRdB: 14.00, SER: 0.111, BER: 0.061
2021-04-19 14:05:30,423 - Epoch: 200, SNRdB: 15.00, SER: 0.100, BER: 0.052
2021-04-19 14:05:30,538 - Epoch: 200, SNRdB: 16.00, SER: 0.082, BER: 0.042
2021-04-19 14:05:30,706 - Epoch: 200, SNRdB: 17.00, SER: 0.071, BER: 0.036
2021-04-19 14:05:30,783 - Epoch: 200, SNRdB: 18.00, SER: 0.067, BER: 0.034
2021-04-19 14:05:30,939 - Epoch: 200, SNRdB: 19.00, SER: 0.060, BER: 0.031
2021-04-19 14:05:31,047 - Epoch: 200, SNRdB: 20.00, SER: 0.045, BER: 0.022
2021-04-19 14:05:31,100 - experiments_AWGN_order2_sharp/SISO_QAM16_AWGN_NONLINEAR_MMNet_500epochs/MMNet_10layers_epoch200.pth saved.
2021-04-19 14:09:49,965 - Testing at epoch 300
2021-04-19 14:09:50,404 - Epoch: 300, SNRdB: 1.00, SER: 0.412, BER: 0.259
2021-04-19 14:09:50,462 - Epoch: 300, SNRdB: 2.00, SER: 0.343, BER: 0.217
2021-04-19 14:09:50,714 - Epoch: 300, SNRdB: 3.00, SER: 0.329, BER: 0.208
2021-04-19 14:09:50,858 - Epoch: 300, SNRdB: 4.00, SER: 0.293, BER: 0.186
2021-04-19 14:09:50,955 - Epoch: 300, SNRdB: 5.00, SER: 0.282, BER: 0.171
2021-04-19 14:09:51,141 - Epoch: 300, SNRdB: 6.00, SER: 0.245, BER: 0.149
2021-04-19 14:09:51,210 - Epoch: 300, SNRdB: 7.00, SER: 0.226, BER: 0.134
2021-04-19 14:09:51,410 - Epoch: 300, SNRdB: 8.00, SER: 0.178, BER: 0.107
2021-04-19 14:09:51,501 - Epoch: 300, SNRdB: 9.00, SER: 0.168, BER: 0.098
2021-04-19 14:09:51,680 - Epoch: 300, SNRdB: 10.00, SER: 0.136, BER: 0.078
2021-04-19 14:09:51,751 - Epoch: 300, SNRdB: 11.00, SER: 0.130, BER: 0.074
2021-04-19 14:09:51,931 - Epoch: 300, SNRdB: 12.00, SER: 0.101, BER: 0.054
2021-04-19 14:09:52,034 - Epoch: 300, SNRdB: 13.00, SER: 0.083, BER: 0.045
2021-04-19 14:09:52,213 - Epoch: 300, SNRdB: 14.00, SER: 0.074, BER: 0.039
2021-04-19 14:09:52,284 - Epoch: 300, SNRdB: 15.00, SER: 0.054, BER: 0.029
2021-04-19 14:09:52,479 - Epoch: 300, SNRdB: 16.00, SER: 0.047, BER: 0.024
2021-04-19 14:09:52,549 - Epoch: 300, SNRdB: 17.00, SER: 0.037, BER: 0.019
2021-04-19 14:09:52,744 - Epoch: 300, SNRdB: 18.00, SER: 0.027, BER: 0.014
2021-04-19 14:09:52,815 - Epoch: 300, SNRdB: 19.00, SER: 0.023, BER: 0.011
2021-04-19 14:09:53,009 - Epoch: 300, SNRdB: 20.00, SER: 0.017, BER: 0.008
2021-04-19 14:09:53,060 - experiments_AWGN_order2_sharp/SISO_QAM16_AWGN_NONLINEAR_MMNet_500epochs/MMNet_10layers_epoch300.pth saved.
2021-04-19 14:14:12,484 - Testing at epoch 400
2021-04-19 14:14:13,010 - Epoch: 400, SNRdB: 1.00, SER: 0.398, BER: 0.252
2021-04-19 14:14:13,068 - Epoch: 400, SNRdB: 2.00, SER: 0.365, BER: 0.232
2021-04-19 14:14:13,352 - Epoch: 400, SNRdB: 3.00, SER: 0.322, BER: 0.199
2021-04-19 14:14:13,425 - Epoch: 400, SNRdB: 4.00, SER: 0.290, BER: 0.179
2021-04-19 14:14:13,652 - Epoch: 400, SNRdB: 5.00, SER: 0.268, BER: 0.168
2021-04-19 14:14:13,722 - Epoch: 400, SNRdB: 6.00, SER: 0.239, BER: 0.148
2021-04-19 14:14:13,913 - Epoch: 400, SNRdB: 7.00, SER: 0.206, BER: 0.125
2021-04-19 14:14:13,983 - Epoch: 400, SNRdB: 8.00, SER: 0.173, BER: 0.107
2021-04-19 14:14:14,181 - Epoch: 400, SNRdB: 9.00, SER: 0.172, BER: 0.104
2021-04-19 14:14:14,252 - Epoch: 400, SNRdB: 10.00, SER: 0.124, BER: 0.074
2021-04-19 14:14:14,445 - Epoch: 400, SNRdB: 11.00, SER: 0.101, BER: 0.057
2021-04-19 14:14:14,516 - Epoch: 400, SNRdB: 12.00, SER: 0.084, BER: 0.047
2021-04-19 14:14:14,705 - Epoch: 400, SNRdB: 13.00, SER: 0.078, BER: 0.042
2021-04-19 14:14:14,775 - Epoch: 400, SNRdB: 14.00, SER: 0.055, BER: 0.029
2021-04-19 14:14:14,977 - Epoch: 400, SNRdB: 15.00, SER: 0.039, BER: 0.021
2021-04-19 14:14:15,049 - Epoch: 400, SNRdB: 16.00, SER: 0.034, BER: 0.017
2021-04-19 14:14:15,235 - Epoch: 400, SNRdB: 17.00, SER: 0.018, BER: 0.009
2021-04-19 14:14:15,305 - Epoch: 400, SNRdB: 18.00, SER: 0.011, BER: 0.006
2021-04-19 14:14:15,499 - Epoch: 400, SNRdB: 19.00, SER: 0.012, BER: 0.006
2021-04-19 14:14:15,568 - Epoch: 400, SNRdB: 20.00, SER: 0.008, BER: 0.004
2021-04-19 14:14:15,631 - experiments_AWGN_order2_sharp/SISO_QAM16_AWGN_NONLINEAR_MMNet_500epochs/MMNet_10layers_epoch400.pth saved.
2021-04-19 14:18:28,255 - Testing at epoch 500
2021-04-19 14:18:28,745 - Epoch: 500, SNRdB: 1.00, SER: 0.399, BER: 0.249
2021-04-19 14:18:28,815 - Epoch: 500, SNRdB: 2.00, SER: 0.367, BER: 0.232
2021-04-19 14:18:29,009 - Epoch: 500, SNRdB: 3.00, SER: 0.342, BER: 0.211
2021-04-19 14:18:29,081 - Epoch: 500, SNRdB: 4.00, SER: 0.296, BER: 0.188
2021-04-19 14:18:29,273 - Epoch: 500, SNRdB: 5.00, SER: 0.270, BER: 0.165
2021-04-19 14:18:29,353 - Epoch: 500, SNRdB: 6.00, SER: 0.227, BER: 0.139
2021-04-19 14:18:29,536 - Epoch: 500, SNRdB: 7.00, SER: 0.206, BER: 0.122
2021-04-19 14:18:29,619 - Epoch: 500, SNRdB: 8.00, SER: 0.179, BER: 0.106
2021-04-19 14:18:29,804 - Epoch: 500, SNRdB: 9.00, SER: 0.134, BER: 0.078
2021-04-19 14:18:29,886 - Epoch: 500, SNRdB: 10.00, SER: 0.129, BER: 0.075
2021-04-19 14:18:30,068 - Epoch: 500, SNRdB: 11.00, SER: 0.109, BER: 0.064
2021-04-19 14:18:30,179 - Epoch: 500, SNRdB: 12.00, SER: 0.087, BER: 0.049
2021-04-19 14:18:30,301 - Epoch: 500, SNRdB: 13.00, SER: 0.066, BER: 0.038
2021-04-19 14:18:30,450 - Epoch: 500, SNRdB: 14.00, SER: 0.052, BER: 0.028
2021-04-19 14:18:30,606 - Epoch: 500, SNRdB: 15.00, SER: 0.033, BER: 0.017
2021-04-19 14:18:30,802 - Epoch: 500, SNRdB: 16.00, SER: 0.021, BER: 0.011
2021-04-19 14:18:30,867 - Epoch: 500, SNRdB: 17.00, SER: 0.018, BER: 0.010
2021-04-19 14:18:31,120 - Epoch: 500, SNRdB: 18.00, SER: 0.007, BER: 0.004
2021-04-19 14:18:31,190 - Epoch: 500, SNRdB: 19.00, SER: 0.008, BER: 0.004
2021-04-19 14:18:31,419 - Epoch: 500, SNRdB: 20.00, SER: 0.004, BER: 0.002
2021-04-19 14:18:31,465 - experiments_AWGN_order2_sharp/SISO_QAM16_AWGN_NONLINEAR_MMNet_500epochs/MMNet_10layers_epoch500.pth saved.
2021-04-19 14:18:31,621 - experiments_AWGN_order2_sharp/SISO_QAM16_AWGN_NONLINEAR_MMNet_500epochs/loss_MMNet_10layers.pngsaved.
2021-04-19 14:18:32,335 - experiments_AWGN_order2_sharp/SISO_QAM16_AWGN_NONLINEAR_MMNet_500epochs/SER_MMNet_10layers.png saved.
2021-04-19 14:18:32,335 - experiments_AWGN_order2_sharp/SISO_QAM16_AWGN_NONLINEAR_MMNet_500epochs/BER_MMNet_10layers.png saved.
