2021-04-16 02:31:03,398 - Testing at epoch 100
2021-04-16 02:31:03,608 - Epoch: 100, SNRdB: 1.00, SER: 0.678, BER: 0.329
2021-04-16 02:31:03,637 - Epoch: 100, SNRdB: 2.00, SER: 0.621, BER: 0.296
2021-04-16 02:31:03,674 - Epoch: 100, SNRdB: 3.00, SER: 0.643, BER: 0.310
2021-04-16 02:31:03,704 - Epoch: 100, SNRdB: 4.00, SER: 0.572, BER: 0.296
2021-04-16 02:31:03,756 - Epoch: 100, SNRdB: 5.00, SER: 0.531, BER: 0.262
2021-04-16 02:31:03,786 - Epoch: 100, SNRdB: 6.00, SER: 0.512, BER: 0.249
2021-04-16 02:31:03,842 - Epoch: 100, SNRdB: 7.00, SER: 0.486, BER: 0.235
2021-04-16 02:31:03,870 - Epoch: 100, SNRdB: 8.00, SER: 0.434, BER: 0.204
2021-04-16 02:31:03,924 - Epoch: 100, SNRdB: 9.00, SER: 0.373, BER: 0.190
2021-04-16 02:31:03,953 - Epoch: 100, SNRdB: 10.00, SER: 0.373, BER: 0.184
2021-04-16 02:31:04,017 - Epoch: 100, SNRdB: 11.00, SER: 0.346, BER: 0.169
2021-04-16 02:31:04,052 - Epoch: 100, SNRdB: 12.00, SER: 0.234, BER: 0.122
2021-04-16 02:31:04,093 - Epoch: 100, SNRdB: 13.00, SER: 0.240, BER: 0.118
2021-04-16 02:31:04,122 - Epoch: 100, SNRdB: 14.00, SER: 0.248, BER: 0.130
2021-04-16 02:31:04,193 - Epoch: 100, SNRdB: 15.00, SER: 0.168, BER: 0.079
2021-04-16 02:31:04,232 - Epoch: 100, SNRdB: 16.00, SER: 0.145, BER: 0.069
2021-04-16 02:31:04,285 - Epoch: 100, SNRdB: 17.00, SER: 0.129, BER: 0.061
2021-04-16 02:31:04,326 - Epoch: 100, SNRdB: 18.00, SER: 0.074, BER: 0.038
2021-04-16 02:31:04,360 - Epoch: 100, SNRdB: 19.00, SER: 0.064, BER: 0.033
2021-04-16 02:31:04,388 - Epoch: 100, SNRdB: 20.00, SER: 0.055, BER: 0.024
2021-04-16 02:31:04,412 - experiments_AWGN/SISO_QAM64_AWGN_NONLINEAR_MMNet_500epochs/MMNet_10layers_epoch100.pth saved.
2021-04-16 02:40:51,286 - Testing at epoch 200
2021-04-16 02:40:51,460 - Epoch: 200, SNRdB: 1.00, SER: 0.689, BER: 0.348
2021-04-16 02:40:51,501 - Epoch: 200, SNRdB: 2.00, SER: 0.609, BER: 0.301
2021-04-16 02:40:51,566 - Epoch: 200, SNRdB: 3.00, SER: 0.609, BER: 0.313
2021-04-16 02:40:51,604 - Epoch: 200, SNRdB: 4.00, SER: 0.600, BER: 0.294
2021-04-16 02:40:51,707 - Epoch: 200, SNRdB: 5.00, SER: 0.498, BER: 0.255
2021-04-16 02:40:51,749 - Epoch: 200, SNRdB: 6.00, SER: 0.512, BER: 0.257
2021-04-16 02:40:51,843 - Epoch: 200, SNRdB: 7.00, SER: 0.439, BER: 0.212
2021-04-16 02:40:51,884 - Epoch: 200, SNRdB: 8.00, SER: 0.432, BER: 0.222
2021-04-16 02:40:51,960 - Epoch: 200, SNRdB: 9.00, SER: 0.395, BER: 0.199
2021-04-16 02:40:51,982 - Epoch: 200, SNRdB: 10.00, SER: 0.336, BER: 0.169
2021-04-16 02:40:52,117 - Epoch: 200, SNRdB: 11.00, SER: 0.301, BER: 0.154
2021-04-16 02:40:52,160 - Epoch: 200, SNRdB: 12.00, SER: 0.266, BER: 0.137
2021-04-16 02:40:52,255 - Epoch: 200, SNRdB: 13.00, SER: 0.203, BER: 0.102
2021-04-16 02:40:52,297 - Epoch: 200, SNRdB: 14.00, SER: 0.252, BER: 0.125
2021-04-16 02:40:52,394 - Epoch: 200, SNRdB: 15.00, SER: 0.189, BER: 0.094
2021-04-16 02:40:52,436 - Epoch: 200, SNRdB: 16.00, SER: 0.117, BER: 0.057
2021-04-16 02:40:52,529 - Epoch: 200, SNRdB: 17.00, SER: 0.090, BER: 0.042
2021-04-16 02:40:52,570 - Epoch: 200, SNRdB: 18.00, SER: 0.082, BER: 0.035
2021-04-16 02:40:52,640 - Epoch: 200, SNRdB: 19.00, SER: 0.037, BER: 0.016
2021-04-16 02:40:52,679 - Epoch: 200, SNRdB: 20.00, SER: 0.051, BER: 0.024
2021-04-16 02:40:52,701 - experiments_AWGN/SISO_QAM64_AWGN_NONLINEAR_MMNet_500epochs/MMNet_10layers_epoch200.pth saved.
2021-04-16 02:50:46,346 - Testing at epoch 300
2021-04-16 02:50:46,579 - Epoch: 300, SNRdB: 1.00, SER: 0.699, BER: 0.361
2021-04-16 02:50:46,626 - Epoch: 300, SNRdB: 2.00, SER: 0.654, BER: 0.322
2021-04-16 02:50:46,715 - Epoch: 300, SNRdB: 3.00, SER: 0.635, BER: 0.324
2021-04-16 02:50:46,762 - Epoch: 300, SNRdB: 4.00, SER: 0.584, BER: 0.303
2021-04-16 02:50:46,853 - Epoch: 300, SNRdB: 5.00, SER: 0.564, BER: 0.266
2021-04-16 02:50:46,900 - Epoch: 300, SNRdB: 6.00, SER: 0.535, BER: 0.265
2021-04-16 02:50:46,994 - Epoch: 300, SNRdB: 7.00, SER: 0.469, BER: 0.235
2021-04-16 02:50:47,038 - Epoch: 300, SNRdB: 8.00, SER: 0.418, BER: 0.202
2021-04-16 02:50:47,187 - Epoch: 300, SNRdB: 9.00, SER: 0.377, BER: 0.185
2021-04-16 02:50:47,225 - Epoch: 300, SNRdB: 10.00, SER: 0.387, BER: 0.178
2021-04-16 02:50:47,325 - Epoch: 300, SNRdB: 11.00, SER: 0.312, BER: 0.160
2021-04-16 02:50:47,364 - Epoch: 300, SNRdB: 12.00, SER: 0.273, BER: 0.132
2021-04-16 02:50:47,460 - Epoch: 300, SNRdB: 13.00, SER: 0.268, BER: 0.139
2021-04-16 02:50:47,498 - Epoch: 300, SNRdB: 14.00, SER: 0.201, BER: 0.096
2021-04-16 02:50:47,579 - Epoch: 300, SNRdB: 15.00, SER: 0.158, BER: 0.077
2021-04-16 02:50:47,601 - Epoch: 300, SNRdB: 16.00, SER: 0.119, BER: 0.059
2021-04-16 02:50:47,717 - Epoch: 300, SNRdB: 17.00, SER: 0.109, BER: 0.050
2021-04-16 02:50:47,760 - Epoch: 300, SNRdB: 18.00, SER: 0.090, BER: 0.040
2021-04-16 02:50:47,873 - Epoch: 300, SNRdB: 19.00, SER: 0.051, BER: 0.023
2021-04-16 02:50:47,914 - Epoch: 300, SNRdB: 20.00, SER: 0.051, BER: 0.024
2021-04-16 02:50:47,939 - experiments_AWGN/SISO_QAM64_AWGN_NONLINEAR_MMNet_500epochs/MMNet_10layers_epoch300.pth saved.
2021-04-16 03:00:44,975 - Testing at epoch 400
2021-04-16 03:00:45,148 - Epoch: 400, SNRdB: 1.00, SER: 0.719, BER: 0.377
2021-04-16 03:00:45,235 - Epoch: 400, SNRdB: 2.00, SER: 0.660, BER: 0.332
2021-04-16 03:00:45,274 - Epoch: 400, SNRdB: 3.00, SER: 0.592, BER: 0.299
2021-04-16 03:00:45,363 - Epoch: 400, SNRdB: 4.00, SER: 0.586, BER: 0.302
2021-04-16 03:00:45,405 - Epoch: 400, SNRdB: 5.00, SER: 0.566, BER: 0.269
2021-04-16 03:00:45,470 - Epoch: 400, SNRdB: 6.00, SER: 0.527, BER: 0.267
2021-04-16 03:00:45,508 - Epoch: 400, SNRdB: 7.00, SER: 0.477, BER: 0.242
2021-04-16 03:00:45,625 - Epoch: 400, SNRdB: 8.00, SER: 0.439, BER: 0.225
2021-04-16 03:00:45,671 - Epoch: 400, SNRdB: 9.00, SER: 0.418, BER: 0.214
2021-04-16 03:00:45,761 - Epoch: 400, SNRdB: 10.00, SER: 0.332, BER: 0.165
2021-04-16 03:00:45,803 - Epoch: 400, SNRdB: 11.00, SER: 0.291, BER: 0.141
2021-04-16 03:00:45,852 - Epoch: 400, SNRdB: 12.00, SER: 0.221, BER: 0.105
2021-04-16 03:00:45,894 - Epoch: 400, SNRdB: 13.00, SER: 0.191, BER: 0.088
2021-04-16 03:00:45,928 - Epoch: 400, SNRdB: 14.00, SER: 0.182, BER: 0.086
2021-04-16 03:00:45,966 - Epoch: 400, SNRdB: 15.00, SER: 0.158, BER: 0.070
2021-04-16 03:00:46,049 - Epoch: 400, SNRdB: 16.00, SER: 0.123, BER: 0.057
2021-04-16 03:00:46,070 - Epoch: 400, SNRdB: 17.00, SER: 0.105, BER: 0.045
2021-04-16 03:00:46,189 - Epoch: 400, SNRdB: 18.00, SER: 0.070, BER: 0.033
2021-04-16 03:00:46,231 - Epoch: 400, SNRdB: 19.00, SER: 0.053, BER: 0.023
2021-04-16 03:00:46,323 - Epoch: 400, SNRdB: 20.00, SER: 0.043, BER: 0.018
2021-04-16 03:00:46,347 - experiments_AWGN/SISO_QAM64_AWGN_NONLINEAR_MMNet_500epochs/MMNet_10layers_epoch400.pth saved.
2021-04-16 03:10:06,897 - Testing at epoch 500
2021-04-16 03:10:07,132 - Epoch: 500, SNRdB: 1.00, SER: 0.701, BER: 0.365
2021-04-16 03:10:07,174 - Epoch: 500, SNRdB: 2.00, SER: 0.688, BER: 0.339
2021-04-16 03:10:07,265 - Epoch: 500, SNRdB: 3.00, SER: 0.580, BER: 0.299
2021-04-16 03:10:07,307 - Epoch: 500, SNRdB: 4.00, SER: 0.592, BER: 0.285
2021-04-16 03:10:07,354 - Epoch: 500, SNRdB: 5.00, SER: 0.529, BER: 0.261
2021-04-16 03:10:07,396 - Epoch: 500, SNRdB: 6.00, SER: 0.520, BER: 0.256
2021-04-16 03:10:07,462 - Epoch: 500, SNRdB: 7.00, SER: 0.447, BER: 0.217
2021-04-16 03:10:07,504 - Epoch: 500, SNRdB: 8.00, SER: 0.449, BER: 0.223
2021-04-16 03:10:07,545 - Epoch: 500, SNRdB: 9.00, SER: 0.438, BER: 0.204
2021-04-16 03:10:07,586 - Epoch: 500, SNRdB: 10.00, SER: 0.379, BER: 0.174
2021-04-16 03:10:07,640 - Epoch: 500, SNRdB: 11.00, SER: 0.336, BER: 0.169
2021-04-16 03:10:07,679 - Epoch: 500, SNRdB: 12.00, SER: 0.303, BER: 0.144
2021-04-16 03:10:07,773 - Epoch: 500, SNRdB: 13.00, SER: 0.213, BER: 0.102
2021-04-16 03:10:07,820 - Epoch: 500, SNRdB: 14.00, SER: 0.174, BER: 0.074
2021-04-16 03:10:07,897 - Epoch: 500, SNRdB: 15.00, SER: 0.154, BER: 0.072
2021-04-16 03:10:07,934 - Epoch: 500, SNRdB: 16.00, SER: 0.119, BER: 0.054
2021-04-16 03:10:08,002 - Epoch: 500, SNRdB: 17.00, SER: 0.096, BER: 0.043
2021-04-16 03:10:08,028 - Epoch: 500, SNRdB: 18.00, SER: 0.084, BER: 0.038
2021-04-16 03:10:08,060 - Epoch: 500, SNRdB: 19.00, SER: 0.051, BER: 0.022
2021-04-16 03:10:08,082 - Epoch: 500, SNRdB: 20.00, SER: 0.051, BER: 0.020
2021-04-16 03:10:08,103 - experiments_AWGN/SISO_QAM64_AWGN_NONLINEAR_MMNet_500epochs/MMNet_10layers_epoch500.pth saved.
2021-04-16 03:10:08,198 - experiments_AWGN/SISO_QAM64_AWGN_NONLINEAR_MMNet_500epochs/loss_MMNet_10layers.pngsaved.
2021-04-16 03:10:08,867 - experiments_AWGN/SISO_QAM64_AWGN_NONLINEAR_MMNet_500epochs/SER_MMNet_10layers.png saved.
2021-04-16 03:10:08,867 - experiments_AWGN/SISO_QAM64_AWGN_NONLINEAR_MMNet_500epochs/BER_MMNet_10layers.png saved.
