2021-04-15 11:08:51,948 - Testing at epoch 100
2021-04-15 11:08:52,115 - Epoch: 100, SNRdB: 1.00, SER: 0.699, BER: 0.345
2021-04-15 11:08:52,151 - Epoch: 100, SNRdB: 2.00, SER: 0.662, BER: 0.321
2021-04-15 11:08:52,186 - Epoch: 100, SNRdB: 3.00, SER: 0.604, BER: 0.305
2021-04-15 11:08:52,223 - Epoch: 100, SNRdB: 4.00, SER: 0.562, BER: 0.260
2021-04-15 11:08:52,258 - Epoch: 100, SNRdB: 5.00, SER: 0.551, BER: 0.260
2021-04-15 11:08:52,294 - Epoch: 100, SNRdB: 6.00, SER: 0.469, BER: 0.218
2021-04-15 11:08:52,327 - Epoch: 100, SNRdB: 7.00, SER: 0.480, BER: 0.235
2021-04-15 11:08:52,358 - Epoch: 100, SNRdB: 8.00, SER: 0.432, BER: 0.210
2021-04-15 11:08:52,381 - Epoch: 100, SNRdB: 9.00, SER: 0.404, BER: 0.208
2021-04-15 11:08:52,405 - Epoch: 100, SNRdB: 10.00, SER: 0.352, BER: 0.180
2021-04-15 11:08:52,428 - Epoch: 100, SNRdB: 11.00, SER: 0.316, BER: 0.154
2021-04-15 11:08:52,452 - Epoch: 100, SNRdB: 12.00, SER: 0.262, BER: 0.136
2021-04-15 11:08:52,475 - Epoch: 100, SNRdB: 13.00, SER: 0.244, BER: 0.114
2021-04-15 11:08:52,499 - Epoch: 100, SNRdB: 14.00, SER: 0.219, BER: 0.106
2021-04-15 11:08:52,522 - Epoch: 100, SNRdB: 15.00, SER: 0.160, BER: 0.076
2021-04-15 11:08:52,545 - Epoch: 100, SNRdB: 16.00, SER: 0.143, BER: 0.070
2021-04-15 11:08:52,568 - Epoch: 100, SNRdB: 17.00, SER: 0.100, BER: 0.046
2021-04-15 11:08:52,591 - Epoch: 100, SNRdB: 18.00, SER: 0.059, BER: 0.031
2021-04-15 11:08:52,613 - Epoch: 100, SNRdB: 19.00, SER: 0.057, BER: 0.025
2021-04-15 11:08:52,636 - Epoch: 100, SNRdB: 20.00, SER: 0.051, BER: 0.024
2021-04-15 11:08:52,674 - experiments_AWGN/SISO_QAM64_AWGN_LINEAR_MMNet_500epochs/MMNet_10layers_epoch100.pth saved.
2021-04-15 11:16:33,484 - Testing at epoch 200
2021-04-15 11:16:33,627 - Epoch: 200, SNRdB: 1.00, SER: 0.691, BER: 0.337
2021-04-15 11:16:33,661 - Epoch: 200, SNRdB: 2.00, SER: 0.693, BER: 0.335
2021-04-15 11:16:33,692 - Epoch: 200, SNRdB: 3.00, SER: 0.613, BER: 0.314
2021-04-15 11:16:33,720 - Epoch: 200, SNRdB: 4.00, SER: 0.586, BER: 0.276
2021-04-15 11:16:33,748 - Epoch: 200, SNRdB: 5.00, SER: 0.537, BER: 0.263
2021-04-15 11:16:33,775 - Epoch: 200, SNRdB: 6.00, SER: 0.529, BER: 0.260
2021-04-15 11:16:33,801 - Epoch: 200, SNRdB: 7.00, SER: 0.436, BER: 0.223
2021-04-15 11:16:33,827 - Epoch: 200, SNRdB: 8.00, SER: 0.436, BER: 0.225
2021-04-15 11:16:33,853 - Epoch: 200, SNRdB: 9.00, SER: 0.373, BER: 0.176
2021-04-15 11:16:33,880 - Epoch: 200, SNRdB: 10.00, SER: 0.332, BER: 0.157
2021-04-15 11:16:33,906 - Epoch: 200, SNRdB: 11.00, SER: 0.334, BER: 0.163
2021-04-15 11:16:33,932 - Epoch: 200, SNRdB: 12.00, SER: 0.289, BER: 0.150
2021-04-15 11:16:33,958 - Epoch: 200, SNRdB: 13.00, SER: 0.227, BER: 0.097
2021-04-15 11:16:33,983 - Epoch: 200, SNRdB: 14.00, SER: 0.197, BER: 0.085
2021-04-15 11:16:34,010 - Epoch: 200, SNRdB: 15.00, SER: 0.152, BER: 0.077
2021-04-15 11:16:34,037 - Epoch: 200, SNRdB: 16.00, SER: 0.105, BER: 0.050
2021-04-15 11:16:34,063 - Epoch: 200, SNRdB: 17.00, SER: 0.119, BER: 0.054
2021-04-15 11:16:34,089 - Epoch: 200, SNRdB: 18.00, SER: 0.074, BER: 0.036
2021-04-15 11:16:34,114 - Epoch: 200, SNRdB: 19.00, SER: 0.064, BER: 0.027
2021-04-15 11:16:34,140 - Epoch: 200, SNRdB: 20.00, SER: 0.043, BER: 0.021
2021-04-15 11:16:34,177 - experiments_AWGN/SISO_QAM64_AWGN_LINEAR_MMNet_500epochs/MMNet_10layers_epoch200.pth saved.
2021-04-15 11:24:38,848 - Testing at epoch 300
2021-04-15 11:24:39,029 - Epoch: 300, SNRdB: 1.00, SER: 0.709, BER: 0.339
2021-04-15 11:24:39,072 - Epoch: 300, SNRdB: 2.00, SER: 0.678, BER: 0.331
2021-04-15 11:24:39,108 - Epoch: 300, SNRdB: 3.00, SER: 0.611, BER: 0.294
2021-04-15 11:24:39,141 - Epoch: 300, SNRdB: 4.00, SER: 0.553, BER: 0.283
2021-04-15 11:24:39,171 - Epoch: 300, SNRdB: 5.00, SER: 0.518, BER: 0.262
2021-04-15 11:24:39,217 - Epoch: 300, SNRdB: 6.00, SER: 0.514, BER: 0.258
2021-04-15 11:24:39,255 - Epoch: 300, SNRdB: 7.00, SER: 0.479, BER: 0.229
2021-04-15 11:24:39,289 - Epoch: 300, SNRdB: 8.00, SER: 0.412, BER: 0.210
2021-04-15 11:24:39,320 - Epoch: 300, SNRdB: 9.00, SER: 0.373, BER: 0.176
2021-04-15 11:24:39,349 - Epoch: 300, SNRdB: 10.00, SER: 0.393, BER: 0.197
2021-04-15 11:24:39,376 - Epoch: 300, SNRdB: 11.00, SER: 0.348, BER: 0.170
2021-04-15 11:24:39,403 - Epoch: 300, SNRdB: 12.00, SER: 0.266, BER: 0.132
2021-04-15 11:24:39,431 - Epoch: 300, SNRdB: 13.00, SER: 0.223, BER: 0.105
2021-04-15 11:24:39,458 - Epoch: 300, SNRdB: 14.00, SER: 0.188, BER: 0.087
2021-04-15 11:24:39,486 - Epoch: 300, SNRdB: 15.00, SER: 0.166, BER: 0.087
2021-04-15 11:24:39,514 - Epoch: 300, SNRdB: 16.00, SER: 0.121, BER: 0.054
2021-04-15 11:24:39,541 - Epoch: 300, SNRdB: 17.00, SER: 0.096, BER: 0.046
2021-04-15 11:24:39,569 - Epoch: 300, SNRdB: 18.00, SER: 0.053, BER: 0.029
2021-04-15 11:24:39,596 - Epoch: 300, SNRdB: 19.00, SER: 0.066, BER: 0.031
2021-04-15 11:24:39,624 - Epoch: 300, SNRdB: 20.00, SER: 0.035, BER: 0.016
2021-04-15 11:24:39,666 - experiments_AWGN/SISO_QAM64_AWGN_LINEAR_MMNet_500epochs/MMNet_10layers_epoch300.pth saved.
2021-04-15 11:32:41,488 - Testing at epoch 400
2021-04-15 11:32:41,672 - Epoch: 400, SNRdB: 1.00, SER: 0.678, BER: 0.344
2021-04-15 11:32:41,702 - Epoch: 400, SNRdB: 2.00, SER: 0.633, BER: 0.318
2021-04-15 11:32:41,732 - Epoch: 400, SNRdB: 3.00, SER: 0.607, BER: 0.298
2021-04-15 11:32:41,760 - Epoch: 400, SNRdB: 4.00, SER: 0.572, BER: 0.284
2021-04-15 11:32:41,788 - Epoch: 400, SNRdB: 5.00, SER: 0.549, BER: 0.267
2021-04-15 11:32:41,816 - Epoch: 400, SNRdB: 6.00, SER: 0.529, BER: 0.270
2021-04-15 11:32:41,844 - Epoch: 400, SNRdB: 7.00, SER: 0.445, BER: 0.217
2021-04-15 11:32:41,872 - Epoch: 400, SNRdB: 8.00, SER: 0.428, BER: 0.212
2021-04-15 11:32:41,900 - Epoch: 400, SNRdB: 9.00, SER: 0.430, BER: 0.206
2021-04-15 11:32:41,928 - Epoch: 400, SNRdB: 10.00, SER: 0.344, BER: 0.175
2021-04-15 11:32:41,957 - Epoch: 400, SNRdB: 11.00, SER: 0.318, BER: 0.146
2021-04-15 11:32:41,986 - Epoch: 400, SNRdB: 12.00, SER: 0.277, BER: 0.131
2021-04-15 11:32:42,014 - Epoch: 400, SNRdB: 13.00, SER: 0.277, BER: 0.141
2021-04-15 11:32:42,042 - Epoch: 400, SNRdB: 14.00, SER: 0.219, BER: 0.108
2021-04-15 11:32:42,070 - Epoch: 400, SNRdB: 15.00, SER: 0.160, BER: 0.080
2021-04-15 11:32:42,099 - Epoch: 400, SNRdB: 16.00, SER: 0.119, BER: 0.053
2021-04-15 11:32:42,127 - Epoch: 400, SNRdB: 17.00, SER: 0.111, BER: 0.052
2021-04-15 11:32:42,154 - Epoch: 400, SNRdB: 18.00, SER: 0.090, BER: 0.042
2021-04-15 11:32:42,182 - Epoch: 400, SNRdB: 19.00, SER: 0.055, BER: 0.023
2021-04-15 11:32:42,209 - Epoch: 400, SNRdB: 20.00, SER: 0.045, BER: 0.017
2021-04-15 11:32:42,248 - experiments_AWGN/SISO_QAM64_AWGN_LINEAR_MMNet_500epochs/MMNet_10layers_epoch400.pth saved.
2021-04-15 11:40:10,091 - Testing at epoch 500
2021-04-15 11:40:10,282 - Epoch: 500, SNRdB: 1.00, SER: 0.691, BER: 0.342
2021-04-15 11:40:10,325 - Epoch: 500, SNRdB: 2.00, SER: 0.650, BER: 0.319
2021-04-15 11:40:10,362 - Epoch: 500, SNRdB: 3.00, SER: 0.611, BER: 0.307
2021-04-15 11:40:10,391 - Epoch: 500, SNRdB: 4.00, SER: 0.598, BER: 0.301
2021-04-15 11:40:10,420 - Epoch: 500, SNRdB: 5.00, SER: 0.533, BER: 0.266
2021-04-15 11:40:10,449 - Epoch: 500, SNRdB: 6.00, SER: 0.512, BER: 0.249
2021-04-15 11:40:10,476 - Epoch: 500, SNRdB: 7.00, SER: 0.480, BER: 0.236
2021-04-15 11:40:10,505 - Epoch: 500, SNRdB: 8.00, SER: 0.404, BER: 0.191
2021-04-15 11:40:10,532 - Epoch: 500, SNRdB: 9.00, SER: 0.377, BER: 0.193
2021-04-15 11:40:10,563 - Epoch: 500, SNRdB: 10.00, SER: 0.367, BER: 0.173
2021-04-15 11:40:10,589 - Epoch: 500, SNRdB: 11.00, SER: 0.344, BER: 0.175
2021-04-15 11:40:10,619 - Epoch: 500, SNRdB: 12.00, SER: 0.289, BER: 0.149
2021-04-15 11:40:10,645 - Epoch: 500, SNRdB: 13.00, SER: 0.248, BER: 0.126
2021-04-15 11:40:10,676 - Epoch: 500, SNRdB: 14.00, SER: 0.199, BER: 0.098
2021-04-15 11:40:10,701 - Epoch: 500, SNRdB: 15.00, SER: 0.186, BER: 0.087
2021-04-15 11:40:10,732 - Epoch: 500, SNRdB: 16.00, SER: 0.148, BER: 0.069
2021-04-15 11:40:10,758 - Epoch: 500, SNRdB: 17.00, SER: 0.092, BER: 0.047
2021-04-15 11:40:10,786 - Epoch: 500, SNRdB: 18.00, SER: 0.080, BER: 0.037
2021-04-15 11:40:10,814 - Epoch: 500, SNRdB: 19.00, SER: 0.064, BER: 0.028
2021-04-15 11:40:10,841 - Epoch: 500, SNRdB: 20.00, SER: 0.031, BER: 0.014
2021-04-15 11:40:10,881 - experiments_AWGN/SISO_QAM64_AWGN_LINEAR_MMNet_500epochs/MMNet_10layers_epoch500.pth saved.
2021-04-15 11:40:10,996 - experiments_AWGN/SISO_QAM64_AWGN_LINEAR_MMNet_500epochs/loss_MMNet_10layers.pngsaved.
2021-04-15 11:40:11,675 - experiments_AWGN/SISO_QAM64_AWGN_LINEAR_MMNet_500epochs/SER_MMNet_10layers.png saved.
2021-04-15 11:40:11,675 - experiments_AWGN/SISO_QAM64_AWGN_LINEAR_MMNet_500epochs/BER_MMNet_10layers.png saved.
