2021-04-17 05:13:13,894 - Testing at epoch 100
2021-04-17 05:13:14,113 - Epoch: 100, SNRdB: 1.00, SER: 0.398, BER: 0.250
2021-04-17 05:13:14,135 - Epoch: 100, SNRdB: 2.00, SER: 0.322, BER: 0.203
2021-04-17 05:13:14,185 - Epoch: 100, SNRdB: 3.00, SER: 0.287, BER: 0.182
2021-04-17 05:13:14,211 - Epoch: 100, SNRdB: 4.00, SER: 0.312, BER: 0.197
2021-04-17 05:13:14,272 - Epoch: 100, SNRdB: 5.00, SER: 0.266, BER: 0.169
2021-04-17 05:13:14,299 - Epoch: 100, SNRdB: 6.00, SER: 0.242, BER: 0.150
2021-04-17 05:13:14,357 - Epoch: 100, SNRdB: 7.00, SER: 0.170, BER: 0.104
2021-04-17 05:13:14,386 - Epoch: 100, SNRdB: 8.00, SER: 0.172, BER: 0.105
2021-04-17 05:13:14,450 - Epoch: 100, SNRdB: 9.00, SER: 0.141, BER: 0.081
2021-04-17 05:13:14,475 - Epoch: 100, SNRdB: 10.00, SER: 0.129, BER: 0.075
2021-04-17 05:13:14,540 - Epoch: 100, SNRdB: 11.00, SER: 0.088, BER: 0.054
2021-04-17 05:13:14,560 - Epoch: 100, SNRdB: 12.00, SER: 0.061, BER: 0.031
2021-04-17 05:13:14,616 - Epoch: 100, SNRdB: 13.00, SER: 0.045, BER: 0.025
2021-04-17 05:13:14,645 - Epoch: 100, SNRdB: 14.00, SER: 0.064, BER: 0.034
2021-04-17 05:13:14,698 - Epoch: 100, SNRdB: 15.00, SER: 0.021, BER: 0.014
2021-04-17 05:13:14,732 - Epoch: 100, SNRdB: 16.00, SER: 0.012, BER: 0.007
2021-04-17 05:13:14,767 - Epoch: 100, SNRdB: 17.00, SER: 0.012, BER: 0.006
2021-04-17 05:13:14,804 - Epoch: 100, SNRdB: 18.00, SER: 0.008, BER: 0.004
2021-04-17 05:13:14,837 - Epoch: 100, SNRdB: 19.00, SER: 0.002, BER: 0.001
2021-04-17 05:13:14,874 - Epoch: 100, SNRdB: 20.00, SER: 0.002, BER: 0.001
2021-04-17 05:13:14,916 - experiments_AWGN_order2_sharp/SISO_QAM16_AWGN_NONLINEAR_FCNet_500epochs/upstream1_downstream1_epoch100.pth saved.
2021-04-17 05:20:14,279 - Testing at epoch 200
2021-04-17 05:20:14,477 - Epoch: 200, SNRdB: 1.00, SER: 0.406, BER: 0.259
2021-04-17 05:20:14,488 - Epoch: 200, SNRdB: 2.00, SER: 0.340, BER: 0.214
2021-04-17 05:20:14,566 - Epoch: 200, SNRdB: 3.00, SER: 0.318, BER: 0.198
2021-04-17 05:20:14,582 - Epoch: 200, SNRdB: 4.00, SER: 0.287, BER: 0.173
2021-04-17 05:20:14,637 - Epoch: 200, SNRdB: 5.00, SER: 0.248, BER: 0.150
2021-04-17 05:20:14,648 - Epoch: 200, SNRdB: 6.00, SER: 0.201, BER: 0.129
2021-04-17 05:20:14,716 - Epoch: 200, SNRdB: 7.00, SER: 0.189, BER: 0.124
2021-04-17 05:20:14,734 - Epoch: 200, SNRdB: 8.00, SER: 0.143, BER: 0.089
2021-04-17 05:20:14,785 - Epoch: 200, SNRdB: 9.00, SER: 0.133, BER: 0.082
2021-04-17 05:20:14,809 - Epoch: 200, SNRdB: 10.00, SER: 0.141, BER: 0.080
2021-04-17 05:20:14,856 - Epoch: 200, SNRdB: 11.00, SER: 0.080, BER: 0.049
2021-04-17 05:20:14,888 - Epoch: 200, SNRdB: 12.00, SER: 0.072, BER: 0.040
2021-04-17 05:20:14,929 - Epoch: 200, SNRdB: 13.00, SER: 0.049, BER: 0.027
2021-04-17 05:20:14,960 - Epoch: 200, SNRdB: 14.00, SER: 0.031, BER: 0.017
2021-04-17 05:20:15,003 - Epoch: 200, SNRdB: 15.00, SER: 0.025, BER: 0.014
2021-04-17 05:20:15,036 - Epoch: 200, SNRdB: 16.00, SER: 0.014, BER: 0.007
2021-04-17 05:20:15,076 - Epoch: 200, SNRdB: 17.00, SER: 0.008, BER: 0.004
2021-04-17 05:20:15,108 - Epoch: 200, SNRdB: 18.00, SER: 0.002, BER: 0.001
2021-04-17 05:20:15,149 - Epoch: 200, SNRdB: 19.00, SER: 0.000, BER: 0.000
2021-04-17 05:20:15,181 - Epoch: 200, SNRdB: 20.00, SER: 0.000, BER: 0.000
2021-04-17 05:20:15,218 - experiments_AWGN_order2_sharp/SISO_QAM16_AWGN_NONLINEAR_FCNet_500epochs/upstream1_downstream1_epoch200.pth saved.
2021-04-17 05:27:14,431 - Testing at epoch 300
2021-04-17 05:27:14,667 - Epoch: 300, SNRdB: 1.00, SER: 0.404, BER: 0.265
2021-04-17 05:27:14,693 - Epoch: 300, SNRdB: 2.00, SER: 0.352, BER: 0.229
2021-04-17 05:27:14,756 - Epoch: 300, SNRdB: 3.00, SER: 0.344, BER: 0.222
2021-04-17 05:27:14,780 - Epoch: 300, SNRdB: 4.00, SER: 0.289, BER: 0.183
2021-04-17 05:27:14,838 - Epoch: 300, SNRdB: 5.00, SER: 0.258, BER: 0.161
2021-04-17 05:27:14,861 - Epoch: 300, SNRdB: 6.00, SER: 0.213, BER: 0.135
2021-04-17 05:27:14,917 - Epoch: 300, SNRdB: 7.00, SER: 0.160, BER: 0.096
2021-04-17 05:27:14,935 - Epoch: 300, SNRdB: 8.00, SER: 0.135, BER: 0.079
2021-04-17 05:27:15,007 - Epoch: 300, SNRdB: 9.00, SER: 0.113, BER: 0.067
2021-04-17 05:27:15,032 - Epoch: 300, SNRdB: 10.00, SER: 0.121, BER: 0.070
2021-04-17 05:27:15,097 - Epoch: 300, SNRdB: 11.00, SER: 0.078, BER: 0.047
2021-04-17 05:27:15,166 - Epoch: 300, SNRdB: 12.00, SER: 0.064, BER: 0.036
2021-04-17 05:27:15,189 - Epoch: 300, SNRdB: 13.00, SER: 0.043, BER: 0.025
2021-04-17 05:27:15,245 - Epoch: 300, SNRdB: 14.00, SER: 0.031, BER: 0.019
2021-04-17 05:27:15,262 - Epoch: 300, SNRdB: 15.00, SER: 0.023, BER: 0.014
2021-04-17 05:27:15,328 - Epoch: 300, SNRdB: 16.00, SER: 0.010, BER: 0.005
2021-04-17 05:27:15,344 - Epoch: 300, SNRdB: 17.00, SER: 0.004, BER: 0.002
2021-04-17 05:27:15,416 - Epoch: 300, SNRdB: 18.00, SER: 0.004, BER: 0.002
2021-04-17 05:27:15,430 - Epoch: 300, SNRdB: 19.00, SER: 0.000, BER: 0.000
2021-04-17 05:27:15,487 - Epoch: 300, SNRdB: 20.00, SER: 0.004, BER: 0.002
2021-04-17 05:27:15,526 - experiments_AWGN_order2_sharp/SISO_QAM16_AWGN_NONLINEAR_FCNet_500epochs/upstream1_downstream1_epoch300.pth saved.
2021-04-17 05:34:14,327 - Testing at epoch 400
2021-04-17 05:34:14,559 - Epoch: 400, SNRdB: 1.00, SER: 0.422, BER: 0.259
2021-04-17 05:34:14,578 - Epoch: 400, SNRdB: 2.00, SER: 0.369, BER: 0.228
2021-04-17 05:34:14,646 - Epoch: 400, SNRdB: 3.00, SER: 0.352, BER: 0.224
2021-04-17 05:34:14,669 - Epoch: 400, SNRdB: 4.00, SER: 0.254, BER: 0.158
2021-04-17 05:34:14,721 - Epoch: 400, SNRdB: 5.00, SER: 0.238, BER: 0.147
2021-04-17 05:34:14,738 - Epoch: 400, SNRdB: 6.00, SER: 0.213, BER: 0.136
2021-04-17 05:34:14,812 - Epoch: 400, SNRdB: 7.00, SER: 0.189, BER: 0.107
2021-04-17 05:34:14,836 - Epoch: 400, SNRdB: 8.00, SER: 0.166, BER: 0.105
2021-04-17 05:34:14,894 - Epoch: 400, SNRdB: 9.00, SER: 0.146, BER: 0.083
2021-04-17 05:34:14,918 - Epoch: 400, SNRdB: 10.00, SER: 0.096, BER: 0.056
2021-04-17 05:34:15,043 - Epoch: 400, SNRdB: 11.00, SER: 0.068, BER: 0.042
2021-04-17 05:34:15,064 - Epoch: 400, SNRdB: 12.00, SER: 0.068, BER: 0.035
2021-04-17 05:34:15,122 - Epoch: 400, SNRdB: 13.00, SER: 0.049, BER: 0.029
2021-04-17 05:34:15,174 - Epoch: 400, SNRdB: 14.00, SER: 0.033, BER: 0.020
2021-04-17 05:34:15,202 - Epoch: 400, SNRdB: 15.00, SER: 0.020, BER: 0.012
2021-04-17 05:34:15,261 - Epoch: 400, SNRdB: 16.00, SER: 0.016, BER: 0.008
2021-04-17 05:34:15,281 - Epoch: 400, SNRdB: 17.00, SER: 0.008, BER: 0.004
2021-04-17 05:34:15,348 - Epoch: 400, SNRdB: 18.00, SER: 0.006, BER: 0.003
2021-04-17 05:34:15,371 - Epoch: 400, SNRdB: 19.00, SER: 0.004, BER: 0.002
2021-04-17 05:34:15,423 - Epoch: 400, SNRdB: 20.00, SER: 0.002, BER: 0.001
2021-04-17 05:34:15,463 - experiments_AWGN_order2_sharp/SISO_QAM16_AWGN_NONLINEAR_FCNet_500epochs/upstream1_downstream1_epoch400.pth saved.
2021-04-17 05:41:10,436 - Testing at epoch 500
2021-04-17 05:41:10,678 - Epoch: 500, SNRdB: 1.00, SER: 0.379, BER: 0.234
2021-04-17 05:41:10,692 - Epoch: 500, SNRdB: 2.00, SER: 0.385, BER: 0.235
2021-04-17 05:41:10,784 - Epoch: 500, SNRdB: 3.00, SER: 0.328, BER: 0.203
2021-04-17 05:41:10,794 - Epoch: 500, SNRdB: 4.00, SER: 0.279, BER: 0.184
2021-04-17 05:41:10,874 - Epoch: 500, SNRdB: 5.00, SER: 0.230, BER: 0.144
2021-04-17 05:41:10,886 - Epoch: 500, SNRdB: 6.00, SER: 0.211, BER: 0.143
2021-04-17 05:41:10,957 - Epoch: 500, SNRdB: 7.00, SER: 0.193, BER: 0.120
2021-04-17 05:41:10,968 - Epoch: 500, SNRdB: 8.00, SER: 0.156, BER: 0.098
2021-04-17 05:41:11,044 - Epoch: 500, SNRdB: 9.00, SER: 0.135, BER: 0.083
2021-04-17 05:41:11,055 - Epoch: 500, SNRdB: 10.00, SER: 0.088, BER: 0.051
2021-04-17 05:41:11,131 - Epoch: 500, SNRdB: 11.00, SER: 0.090, BER: 0.050
2021-04-17 05:41:11,142 - Epoch: 500, SNRdB: 12.00, SER: 0.072, BER: 0.044
2021-04-17 05:41:11,216 - Epoch: 500, SNRdB: 13.00, SER: 0.043, BER: 0.024
2021-04-17 05:41:11,227 - Epoch: 500, SNRdB: 14.00, SER: 0.025, BER: 0.014
2021-04-17 05:41:11,304 - Epoch: 500, SNRdB: 15.00, SER: 0.027, BER: 0.016
2021-04-17 05:41:11,314 - Epoch: 500, SNRdB: 16.00, SER: 0.020, BER: 0.010
2021-04-17 05:41:11,388 - Epoch: 500, SNRdB: 17.00, SER: 0.006, BER: 0.003
2021-04-17 05:41:11,398 - Epoch: 500, SNRdB: 18.00, SER: 0.004, BER: 0.002
2021-04-17 05:41:11,469 - Epoch: 500, SNRdB: 19.00, SER: 0.010, BER: 0.005
2021-04-17 05:41:11,479 - Epoch: 500, SNRdB: 20.00, SER: 0.000, BER: 0.000
2021-04-17 05:41:11,518 - experiments_AWGN_order2_sharp/SISO_QAM16_AWGN_NONLINEAR_FCNet_500epochs/upstream1_downstream1_epoch500.pth saved.
2021-04-17 05:41:11,626 - experiments_AWGN_order2_sharp/SISO_QAM16_AWGN_NONLINEAR_FCNet_500epochs/loss_FCNet_1upstream_1downstream.pngsaved.
2021-04-17 05:41:12,175 - experiments_AWGN_order2_sharp/SISO_QAM16_AWGN_NONLINEAR_FCNet_500epochs/SER_upstream1_downstream1.png saved.
2021-04-17 05:41:12,175 - experiments_AWGN_order2_sharp/SISO_QAM16_AWGN_NONLINEAR_FCNet_500epochs/BER_upstream1_downstream1.png saved.
2021-04-21 04:40:23,345 - Testing at epoch 100
2021-04-21 04:40:23,598 - Epoch: 100, SNRdB: 1.00, SER: 0.571, BER: 0.375
2021-04-21 04:40:23,642 - Epoch: 100, SNRdB: 2.00, SER: 0.546, BER: 0.357
2021-04-21 04:40:23,762 - Epoch: 100, SNRdB: 3.00, SER: 0.532, BER: 0.349
2021-04-21 04:40:23,809 - Epoch: 100, SNRdB: 4.00, SER: 0.504, BER: 0.331
2021-04-21 04:40:23,993 - Epoch: 100, SNRdB: 5.00, SER: 0.483, BER: 0.319
2021-04-21 04:40:24,054 - Epoch: 100, SNRdB: 6.00, SER: 0.485, BER: 0.319
2021-04-21 04:40:24,107 - Epoch: 100, SNRdB: 7.00, SER: 0.463, BER: 0.301
2021-04-21 04:40:24,151 - Epoch: 100, SNRdB: 8.00, SER: 0.449, BER: 0.292
2021-04-21 04:40:24,274 - Epoch: 100, SNRdB: 9.00, SER: 0.446, BER: 0.291
2021-04-21 04:40:24,332 - Epoch: 100, SNRdB: 10.00, SER: 0.421, BER: 0.275
2021-04-21 04:40:24,400 - Epoch: 100, SNRdB: 11.00, SER: 0.407, BER: 0.266
2021-04-21 04:40:24,445 - Epoch: 100, SNRdB: 12.00, SER: 0.403, BER: 0.268
2021-04-21 04:40:24,647 - Epoch: 100, SNRdB: 13.00, SER: 0.396, BER: 0.262
2021-04-21 04:40:24,709 - Epoch: 100, SNRdB: 14.00, SER: 0.390, BER: 0.259
2021-04-21 04:40:24,763 - Epoch: 100, SNRdB: 15.00, SER: 0.381, BER: 0.252
2021-04-21 04:40:24,806 - Epoch: 100, SNRdB: 16.00, SER: 0.375, BER: 0.248
2021-04-21 04:40:24,904 - Epoch: 100, SNRdB: 17.00, SER: 0.375, BER: 0.249
2021-04-21 04:40:24,959 - Epoch: 100, SNRdB: 18.00, SER: 0.375, BER: 0.250
2021-04-21 04:40:25,051 - Epoch: 100, SNRdB: 19.00, SER: 0.374, BER: 0.249
2021-04-21 04:40:25,111 - Epoch: 100, SNRdB: 20.00, SER: 0.375, BER: 0.250
2021-04-21 04:40:25,155 - experiments_AWGN_order2_sharp/SISO_QAM16_AWGN_NONLINEAR_FCNet_500epochs/upstream4_downstream5_epoch100.pth saved.
2021-04-21 04:42:44,311 - Testing at epoch 200
2021-04-21 04:42:44,632 - Epoch: 200, SNRdB: 1.00, SER: 0.391, BER: 0.252
2021-04-21 04:42:44,694 - Epoch: 200, SNRdB: 2.00, SER: 0.348, BER: 0.224
2021-04-21 04:42:44,746 - Epoch: 200, SNRdB: 3.00, SER: 0.315, BER: 0.201
2021-04-21 04:42:44,795 - Epoch: 200, SNRdB: 4.00, SER: 0.295, BER: 0.182
2021-04-21 04:42:44,857 - Epoch: 200, SNRdB: 5.00, SER: 0.244, BER: 0.152
2021-04-21 04:42:44,966 - Epoch: 200, SNRdB: 6.00, SER: 0.234, BER: 0.145
2021-04-21 04:42:45,022 - Epoch: 200, SNRdB: 7.00, SER: 0.209, BER: 0.128
2021-04-21 04:42:45,091 - Epoch: 200, SNRdB: 8.00, SER: 0.167, BER: 0.099
2021-04-21 04:42:45,169 - Epoch: 200, SNRdB: 9.00, SER: 0.147, BER: 0.086
2021-04-21 04:42:45,317 - Epoch: 200, SNRdB: 10.00, SER: 0.109, BER: 0.065
2021-04-21 04:42:45,375 - Epoch: 200, SNRdB: 11.00, SER: 0.091, BER: 0.052
2021-04-21 04:42:45,427 - Epoch: 200, SNRdB: 12.00, SER: 0.074, BER: 0.043
2021-04-21 04:42:45,472 - Epoch: 200, SNRdB: 13.00, SER: 0.052, BER: 0.029
2021-04-21 04:42:45,578 - Epoch: 200, SNRdB: 14.00, SER: 0.034, BER: 0.018
2021-04-21 04:42:45,634 - Epoch: 200, SNRdB: 15.00, SER: 0.029, BER: 0.016
2021-04-21 04:42:45,685 - Epoch: 200, SNRdB: 16.00, SER: 0.024, BER: 0.012
2021-04-21 04:42:45,730 - Epoch: 200, SNRdB: 17.00, SER: 0.016, BER: 0.008
2021-04-21 04:42:45,836 - Epoch: 200, SNRdB: 18.00, SER: 0.011, BER: 0.006
2021-04-21 04:42:45,892 - Epoch: 200, SNRdB: 19.00, SER: 0.004, BER: 0.002
2021-04-21 04:42:45,942 - Epoch: 200, SNRdB: 20.00, SER: 0.002, BER: 0.001
2021-04-21 04:42:46,016 - experiments_AWGN_order2_sharp/SISO_QAM16_AWGN_NONLINEAR_FCNet_500epochs/upstream4_downstream5_epoch200.pth saved.
2021-04-21 04:45:04,822 - Testing at epoch 300
2021-04-21 04:45:05,201 - Epoch: 300, SNRdB: 1.00, SER: 0.404, BER: 0.258
2021-04-21 04:45:05,263 - Epoch: 300, SNRdB: 2.00, SER: 0.351, BER: 0.217
2021-04-21 04:45:05,415 - Epoch: 300, SNRdB: 3.00, SER: 0.306, BER: 0.196
2021-04-21 04:45:05,474 - Epoch: 300, SNRdB: 4.00, SER: 0.290, BER: 0.179
2021-04-21 04:45:05,529 - Epoch: 300, SNRdB: 5.00, SER: 0.256, BER: 0.161
2021-04-21 04:45:05,572 - Epoch: 300, SNRdB: 6.00, SER: 0.242, BER: 0.147
2021-04-21 04:45:05,634 - Epoch: 300, SNRdB: 7.00, SER: 0.182, BER: 0.109
2021-04-21 04:45:05,677 - Epoch: 300, SNRdB: 8.00, SER: 0.163, BER: 0.099
2021-04-21 04:45:05,790 - Epoch: 300, SNRdB: 9.00, SER: 0.125, BER: 0.077
2021-04-21 04:45:05,843 - Epoch: 300, SNRdB: 10.00, SER: 0.114, BER: 0.069
2021-04-21 04:45:05,900 - Epoch: 300, SNRdB: 11.00, SER: 0.085, BER: 0.049
2021-04-21 04:45:05,942 - Epoch: 300, SNRdB: 12.00, SER: 0.065, BER: 0.038
2021-04-21 04:45:06,046 - Epoch: 300, SNRdB: 13.00, SER: 0.042, BER: 0.025
2021-04-21 04:45:06,095 - Epoch: 300, SNRdB: 14.00, SER: 0.024, BER: 0.013
2021-04-21 04:45:06,159 - Epoch: 300, SNRdB: 15.00, SER: 0.017, BER: 0.009
2021-04-21 04:45:06,201 - Epoch: 300, SNRdB: 16.00, SER: 0.009, BER: 0.005
2021-04-21 04:45:06,311 - Epoch: 300, SNRdB: 17.00, SER: 0.006, BER: 0.003
2021-04-21 04:45:06,362 - Epoch: 300, SNRdB: 18.00, SER: 0.004, BER: 0.002
2021-04-21 04:45:06,422 - Epoch: 300, SNRdB: 19.00, SER: 0.001, BER: 0.000
2021-04-21 04:45:06,464 - Epoch: 300, SNRdB: 20.00, SER: 0.001, BER: 0.001
2021-04-21 04:45:06,508 - experiments_AWGN_order2_sharp/SISO_QAM16_AWGN_NONLINEAR_FCNet_500epochs/upstream4_downstream5_epoch300.pth saved.
2021-04-21 04:47:24,449 - Testing at epoch 400
2021-04-21 04:47:24,802 - Epoch: 400, SNRdB: 1.00, SER: 0.381, BER: 0.242
2021-04-21 04:47:24,847 - Epoch: 400, SNRdB: 2.00, SER: 0.350, BER: 0.220
2021-04-21 04:47:25,015 - Epoch: 400, SNRdB: 3.00, SER: 0.333, BER: 0.209
2021-04-21 04:47:25,059 - Epoch: 400, SNRdB: 4.00, SER: 0.285, BER: 0.182
2021-04-21 04:47:25,164 - Epoch: 400, SNRdB: 5.00, SER: 0.265, BER: 0.166
2021-04-21 04:47:25,208 - Epoch: 400, SNRdB: 6.00, SER: 0.208, BER: 0.128
2021-04-21 04:47:25,309 - Epoch: 400, SNRdB: 7.00, SER: 0.196, BER: 0.125
2021-04-21 04:47:25,354 - Epoch: 400, SNRdB: 8.00, SER: 0.166, BER: 0.102
2021-04-21 04:47:25,456 - Epoch: 400, SNRdB: 9.00, SER: 0.132, BER: 0.082
2021-04-21 04:47:25,501 - Epoch: 400, SNRdB: 10.00, SER: 0.106, BER: 0.065
2021-04-21 04:47:25,590 - Epoch: 400, SNRdB: 11.00, SER: 0.076, BER: 0.045
2021-04-21 04:47:25,635 - Epoch: 400, SNRdB: 12.00, SER: 0.060, BER: 0.038
2021-04-21 04:47:25,740 - Epoch: 400, SNRdB: 13.00, SER: 0.037, BER: 0.021
2021-04-21 04:47:25,796 - Epoch: 400, SNRdB: 14.00, SER: 0.028, BER: 0.015
2021-04-21 04:47:25,846 - Epoch: 400, SNRdB: 15.00, SER: 0.017, BER: 0.010
2021-04-21 04:47:25,891 - Epoch: 400, SNRdB: 16.00, SER: 0.009, BER: 0.005
2021-04-21 04:47:25,999 - Epoch: 400, SNRdB: 17.00, SER: 0.006, BER: 0.003
2021-04-21 04:47:26,053 - Epoch: 400, SNRdB: 18.00, SER: 0.005, BER: 0.003
2021-04-21 04:47:26,105 - Epoch: 400, SNRdB: 19.00, SER: 0.001, BER: 0.000
2021-04-21 04:47:26,148 - Epoch: 400, SNRdB: 20.00, SER: 0.001, BER: 0.000
2021-04-21 04:47:26,193 - experiments_AWGN_order2_sharp/SISO_QAM16_AWGN_NONLINEAR_FCNet_500epochs/upstream4_downstream5_epoch400.pth saved.
2021-04-21 04:49:42,265 - Testing at epoch 500
2021-04-21 04:49:42,599 - Epoch: 500, SNRdB: 1.00, SER: 0.388, BER: 0.245
2021-04-21 04:49:42,641 - Epoch: 500, SNRdB: 2.00, SER: 0.364, BER: 0.229
2021-04-21 04:49:42,745 - Epoch: 500, SNRdB: 3.00, SER: 0.329, BER: 0.211
2021-04-21 04:49:42,787 - Epoch: 500, SNRdB: 4.00, SER: 0.297, BER: 0.188
2021-04-21 04:49:42,888 - Epoch: 500, SNRdB: 5.00, SER: 0.250, BER: 0.156
2021-04-21 04:49:42,930 - Epoch: 500, SNRdB: 6.00, SER: 0.228, BER: 0.140
2021-04-21 04:49:43,060 - Epoch: 500, SNRdB: 7.00, SER: 0.194, BER: 0.116
2021-04-21 04:49:43,113 - Epoch: 500, SNRdB: 8.00, SER: 0.167, BER: 0.104
2021-04-21 04:49:43,200 - Epoch: 500, SNRdB: 9.00, SER: 0.112, BER: 0.069
2021-04-21 04:49:43,249 - Epoch: 500, SNRdB: 10.00, SER: 0.101, BER: 0.060
2021-04-21 04:49:43,321 - Epoch: 500, SNRdB: 11.00, SER: 0.077, BER: 0.048
2021-04-21 04:49:43,363 - Epoch: 500, SNRdB: 12.00, SER: 0.066, BER: 0.038
2021-04-21 04:49:43,452 - Epoch: 500, SNRdB: 13.00, SER: 0.041, BER: 0.023
2021-04-21 04:49:43,494 - Epoch: 500, SNRdB: 14.00, SER: 0.034, BER: 0.019
2021-04-21 04:49:43,582 - Epoch: 500, SNRdB: 15.00, SER: 0.019, BER: 0.010
2021-04-21 04:49:43,623 - Epoch: 500, SNRdB: 16.00, SER: 0.010, BER: 0.005
2021-04-21 04:49:43,736 - Epoch: 500, SNRdB: 17.00, SER: 0.005, BER: 0.003
2021-04-21 04:49:43,788 - Epoch: 500, SNRdB: 18.00, SER: 0.001, BER: 0.001
2021-04-21 04:49:43,846 - Epoch: 500, SNRdB: 19.00, SER: 0.001, BER: 0.000
2021-04-21 04:49:43,887 - Epoch: 500, SNRdB: 20.00, SER: 0.002, BER: 0.001
2021-04-21 04:49:43,939 - experiments_AWGN_order2_sharp/SISO_QAM16_AWGN_NONLINEAR_FCNet_500epochs/upstream4_downstream5_epoch500.pth saved.
2021-04-21 04:49:44,078 - experiments_AWGN_order2_sharp/SISO_QAM16_AWGN_NONLINEAR_FCNet_500epochs/loss_FCNet_4upstream_5downstream.pngsaved.
2021-04-21 04:49:44,679 - experiments_AWGN_order2_sharp/SISO_QAM16_AWGN_NONLINEAR_FCNet_500epochs/SER_upstream4_downstream5.png saved.
2021-04-21 04:49:44,679 - experiments_AWGN_order2_sharp/SISO_QAM16_AWGN_NONLINEAR_FCNet_500epochs/BER_upstream4_downstream5.png saved.
