2021-04-15 23:44:14,679 - Testing at epoch 100
2021-04-15 23:44:14,928 - Epoch: 100, SNRdB: 1.00, SER: 0.387, BER: 0.244
2021-04-15 23:44:14,970 - Epoch: 100, SNRdB: 2.00, SER: 0.344, BER: 0.219
2021-04-15 23:44:15,064 - Epoch: 100, SNRdB: 3.00, SER: 0.297, BER: 0.180
2021-04-15 23:44:15,106 - Epoch: 100, SNRdB: 4.00, SER: 0.273, BER: 0.169
2021-04-15 23:44:15,152 - Epoch: 100, SNRdB: 5.00, SER: 0.279, BER: 0.171
2021-04-15 23:44:15,193 - Epoch: 100, SNRdB: 6.00, SER: 0.205, BER: 0.122
2021-04-15 23:44:15,238 - Epoch: 100, SNRdB: 7.00, SER: 0.182, BER: 0.110
2021-04-15 23:44:15,283 - Epoch: 100, SNRdB: 8.00, SER: 0.156, BER: 0.104
2021-04-15 23:44:15,328 - Epoch: 100, SNRdB: 9.00, SER: 0.115, BER: 0.070
2021-04-15 23:44:15,392 - Epoch: 100, SNRdB: 10.00, SER: 0.119, BER: 0.073
2021-04-15 23:44:15,434 - Epoch: 100, SNRdB: 11.00, SER: 0.078, BER: 0.043
2021-04-15 23:44:15,523 - Epoch: 100, SNRdB: 12.00, SER: 0.049, BER: 0.027
2021-04-15 23:44:15,565 - Epoch: 100, SNRdB: 13.00, SER: 0.039, BER: 0.022
2021-04-15 23:44:15,632 - Epoch: 100, SNRdB: 14.00, SER: 0.016, BER: 0.010
2021-04-15 23:44:15,671 - Epoch: 100, SNRdB: 15.00, SER: 0.020, BER: 0.011
2021-04-15 23:44:15,765 - Epoch: 100, SNRdB: 16.00, SER: 0.020, BER: 0.010
2021-04-15 23:44:15,787 - Epoch: 100, SNRdB: 17.00, SER: 0.000, BER: 0.000
2021-04-15 23:44:15,885 - Epoch: 100, SNRdB: 18.00, SER: 0.002, BER: 0.001
2021-04-15 23:44:15,927 - Epoch: 100, SNRdB: 19.00, SER: 0.010, BER: 0.005
2021-04-15 23:44:15,954 - Epoch: 100, SNRdB: 20.00, SER: 0.000, BER: 0.000
2021-04-15 23:44:15,978 - experiments_AWGN/SISO_QAM16_AWGN_NONLINEAR_MMNet_500epochs/MMNet_10layers_epoch100.pth saved.
2021-04-15 23:52:12,208 - Testing at epoch 200
2021-04-15 23:52:12,406 - Epoch: 200, SNRdB: 1.00, SER: 0.410, BER: 0.257
2021-04-15 23:52:12,467 - Epoch: 200, SNRdB: 2.00, SER: 0.330, BER: 0.208
2021-04-15 23:52:12,494 - Epoch: 200, SNRdB: 3.00, SER: 0.309, BER: 0.199
2021-04-15 23:52:12,558 - Epoch: 200, SNRdB: 4.00, SER: 0.266, BER: 0.163
2021-04-15 23:52:12,588 - Epoch: 200, SNRdB: 5.00, SER: 0.242, BER: 0.154
2021-04-15 23:52:12,636 - Epoch: 200, SNRdB: 6.00, SER: 0.197, BER: 0.124
2021-04-15 23:52:12,661 - Epoch: 200, SNRdB: 7.00, SER: 0.154, BER: 0.097
2021-04-15 23:52:12,722 - Epoch: 200, SNRdB: 8.00, SER: 0.148, BER: 0.093
2021-04-15 23:52:12,746 - Epoch: 200, SNRdB: 9.00, SER: 0.125, BER: 0.079
2021-04-15 23:52:12,808 - Epoch: 200, SNRdB: 10.00, SER: 0.086, BER: 0.056
2021-04-15 23:52:12,832 - Epoch: 200, SNRdB: 11.00, SER: 0.070, BER: 0.044
2021-04-15 23:52:12,895 - Epoch: 200, SNRdB: 12.00, SER: 0.045, BER: 0.028
2021-04-15 23:52:12,919 - Epoch: 200, SNRdB: 13.00, SER: 0.033, BER: 0.022
2021-04-15 23:52:12,981 - Epoch: 200, SNRdB: 14.00, SER: 0.029, BER: 0.017
2021-04-15 23:52:13,006 - Epoch: 200, SNRdB: 15.00, SER: 0.010, BER: 0.006
2021-04-15 23:52:13,067 - Epoch: 200, SNRdB: 16.00, SER: 0.006, BER: 0.003
2021-04-15 23:52:13,091 - Epoch: 200, SNRdB: 17.00, SER: 0.002, BER: 0.001
2021-04-15 23:52:13,153 - Epoch: 200, SNRdB: 18.00, SER: 0.000, BER: 0.000
2021-04-15 23:52:13,177 - Epoch: 200, SNRdB: 19.00, SER: 0.002, BER: 0.001
2021-04-15 23:52:13,250 - Epoch: 200, SNRdB: 20.00, SER: 0.000, BER: 0.000
2021-04-15 23:52:13,291 - experiments_AWGN/SISO_QAM16_AWGN_NONLINEAR_MMNet_500epochs/MMNet_10layers_epoch200.pth saved.
2021-04-15 23:59:39,893 - Testing at epoch 300
2021-04-15 23:59:40,130 - Epoch: 300, SNRdB: 1.00, SER: 0.414, BER: 0.258
2021-04-15 23:59:40,168 - Epoch: 300, SNRdB: 2.00, SER: 0.369, BER: 0.233
2021-04-15 23:59:40,205 - Epoch: 300, SNRdB: 3.00, SER: 0.309, BER: 0.190
2021-04-15 23:59:40,235 - Epoch: 300, SNRdB: 4.00, SER: 0.316, BER: 0.190
2021-04-15 23:59:40,266 - Epoch: 300, SNRdB: 5.00, SER: 0.254, BER: 0.157
2021-04-15 23:59:40,291 - Epoch: 300, SNRdB: 6.00, SER: 0.201, BER: 0.120
2021-04-15 23:59:40,339 - Epoch: 300, SNRdB: 7.00, SER: 0.182, BER: 0.116
2021-04-15 23:59:40,364 - Epoch: 300, SNRdB: 8.00, SER: 0.154, BER: 0.085
2021-04-15 23:59:40,467 - Epoch: 300, SNRdB: 9.00, SER: 0.113, BER: 0.073
2021-04-15 23:59:40,491 - Epoch: 300, SNRdB: 10.00, SER: 0.072, BER: 0.042
2021-04-15 23:59:40,541 - Epoch: 300, SNRdB: 11.00, SER: 0.057, BER: 0.032
2021-04-15 23:59:40,566 - Epoch: 300, SNRdB: 12.00, SER: 0.053, BER: 0.030
2021-04-15 23:59:40,619 - Epoch: 300, SNRdB: 13.00, SER: 0.027, BER: 0.017
2021-04-15 23:59:40,643 - Epoch: 300, SNRdB: 14.00, SER: 0.012, BER: 0.008
2021-04-15 23:59:40,704 - Epoch: 300, SNRdB: 15.00, SER: 0.010, BER: 0.005
2021-04-15 23:59:40,739 - Epoch: 300, SNRdB: 16.00, SER: 0.004, BER: 0.003
2021-04-15 23:59:40,774 - Epoch: 300, SNRdB: 17.00, SER: 0.006, BER: 0.004
2021-04-15 23:59:40,803 - Epoch: 300, SNRdB: 18.00, SER: 0.000, BER: 0.000
2021-04-15 23:59:40,843 - Epoch: 300, SNRdB: 19.00, SER: 0.000, BER: 0.000
2021-04-15 23:59:40,869 - Epoch: 300, SNRdB: 20.00, SER: 0.002, BER: 0.001
2021-04-15 23:59:40,910 - experiments_AWGN/SISO_QAM16_AWGN_NONLINEAR_MMNet_500epochs/MMNet_10layers_epoch300.pth saved.
2021-04-16 00:09:01,623 - Testing at epoch 400
2021-04-16 00:09:01,823 - Epoch: 400, SNRdB: 1.00, SER: 0.393, BER: 0.238
2021-04-16 00:09:01,863 - Epoch: 400, SNRdB: 2.00, SER: 0.373, BER: 0.232
2021-04-16 00:09:01,896 - Epoch: 400, SNRdB: 3.00, SER: 0.322, BER: 0.191
2021-04-16 00:09:01,926 - Epoch: 400, SNRdB: 4.00, SER: 0.305, BER: 0.188
2021-04-16 00:09:01,954 - Epoch: 400, SNRdB: 5.00, SER: 0.211, BER: 0.132
2021-04-16 00:09:02,010 - Epoch: 400, SNRdB: 6.00, SER: 0.223, BER: 0.132
2021-04-16 00:09:02,037 - Epoch: 400, SNRdB: 7.00, SER: 0.188, BER: 0.111
2021-04-16 00:09:02,104 - Epoch: 400, SNRdB: 8.00, SER: 0.137, BER: 0.087
2021-04-16 00:09:02,137 - Epoch: 400, SNRdB: 9.00, SER: 0.102, BER: 0.059
2021-04-16 00:09:02,183 - Epoch: 400, SNRdB: 10.00, SER: 0.082, BER: 0.050
2021-04-16 00:09:02,208 - Epoch: 400, SNRdB: 11.00, SER: 0.055, BER: 0.033
2021-04-16 00:09:02,266 - Epoch: 400, SNRdB: 12.00, SER: 0.057, BER: 0.036
2021-04-16 00:09:02,291 - Epoch: 400, SNRdB: 13.00, SER: 0.033, BER: 0.023
2021-04-16 00:09:02,351 - Epoch: 400, SNRdB: 14.00, SER: 0.027, BER: 0.017
2021-04-16 00:09:02,375 - Epoch: 400, SNRdB: 15.00, SER: 0.008, BER: 0.004
2021-04-16 00:09:02,436 - Epoch: 400, SNRdB: 16.00, SER: 0.010, BER: 0.005
2021-04-16 00:09:02,460 - Epoch: 400, SNRdB: 17.00, SER: 0.000, BER: 0.000
2021-04-16 00:09:02,536 - Epoch: 400, SNRdB: 18.00, SER: 0.000, BER: 0.000
2021-04-16 00:09:02,560 - Epoch: 400, SNRdB: 19.00, SER: 0.002, BER: 0.001
2021-04-16 00:09:02,620 - Epoch: 400, SNRdB: 20.00, SER: 0.002, BER: 0.001
2021-04-16 00:09:02,656 - experiments_AWGN/SISO_QAM16_AWGN_NONLINEAR_MMNet_500epochs/MMNet_10layers_epoch400.pth saved.
2021-04-16 00:18:16,136 - Testing at epoch 500
2021-04-16 00:18:16,306 - Epoch: 500, SNRdB: 1.00, SER: 0.428, BER: 0.268
2021-04-16 00:18:16,359 - Epoch: 500, SNRdB: 2.00, SER: 0.379, BER: 0.232
2021-04-16 00:18:16,393 - Epoch: 500, SNRdB: 3.00, SER: 0.297, BER: 0.188
2021-04-16 00:18:16,434 - Epoch: 500, SNRdB: 4.00, SER: 0.295, BER: 0.185
2021-04-16 00:18:16,461 - Epoch: 500, SNRdB: 5.00, SER: 0.244, BER: 0.152
2021-04-16 00:18:16,519 - Epoch: 500, SNRdB: 6.00, SER: 0.199, BER: 0.126
2021-04-16 00:18:16,543 - Epoch: 500, SNRdB: 7.00, SER: 0.186, BER: 0.107
2021-04-16 00:18:16,606 - Epoch: 500, SNRdB: 8.00, SER: 0.113, BER: 0.070
2021-04-16 00:18:16,631 - Epoch: 500, SNRdB: 9.00, SER: 0.102, BER: 0.062
2021-04-16 00:18:16,692 - Epoch: 500, SNRdB: 10.00, SER: 0.115, BER: 0.074
2021-04-16 00:18:16,716 - Epoch: 500, SNRdB: 11.00, SER: 0.078, BER: 0.048
2021-04-16 00:18:16,777 - Epoch: 500, SNRdB: 12.00, SER: 0.043, BER: 0.026
2021-04-16 00:18:16,802 - Epoch: 500, SNRdB: 13.00, SER: 0.039, BER: 0.022
2021-04-16 00:18:16,866 - Epoch: 500, SNRdB: 14.00, SER: 0.018, BER: 0.009
2021-04-16 00:18:16,891 - Epoch: 500, SNRdB: 15.00, SER: 0.016, BER: 0.009
2021-04-16 00:18:16,958 - Epoch: 500, SNRdB: 16.00, SER: 0.008, BER: 0.004
2021-04-16 00:18:16,988 - Epoch: 500, SNRdB: 17.00, SER: 0.006, BER: 0.003
2021-04-16 00:18:17,040 - Epoch: 500, SNRdB: 18.00, SER: 0.000, BER: 0.000
2021-04-16 00:18:17,067 - Epoch: 500, SNRdB: 19.00, SER: 0.002, BER: 0.001
2021-04-16 00:18:17,140 - Epoch: 500, SNRdB: 20.00, SER: 0.000, BER: 0.000
2021-04-16 00:18:17,181 - experiments_AWGN/SISO_QAM16_AWGN_NONLINEAR_MMNet_500epochs/MMNet_10layers_epoch500.pth saved.
2021-04-16 00:18:17,357 - experiments_AWGN/SISO_QAM16_AWGN_NONLINEAR_MMNet_500epochs/loss_MMNet_10layers.pngsaved.
2021-04-16 00:18:18,085 - experiments_AWGN/SISO_QAM16_AWGN_NONLINEAR_MMNet_500epochs/SER_MMNet_10layers.png saved.
2021-04-16 00:18:18,085 - experiments_AWGN/SISO_QAM16_AWGN_NONLINEAR_MMNet_500epochs/BER_MMNet_10layers.png saved.
