2021-04-15 11:48:45,875 - Testing at epoch 100
2021-04-15 11:48:46,086 - Epoch: 100, SNRdB: 1.00, SER: 0.836, BER: 0.380
2021-04-15 11:48:46,129 - Epoch: 100, SNRdB: 2.00, SER: 0.805, BER: 0.358
2021-04-15 11:48:46,167 - Epoch: 100, SNRdB: 3.00, SER: 0.811, BER: 0.360
2021-04-15 11:48:46,198 - Epoch: 100, SNRdB: 4.00, SER: 0.762, BER: 0.342
2021-04-15 11:48:46,230 - Epoch: 100, SNRdB: 5.00, SER: 0.771, BER: 0.335
2021-04-15 11:48:46,256 - Epoch: 100, SNRdB: 6.00, SER: 0.723, BER: 0.314
2021-04-15 11:48:46,283 - Epoch: 100, SNRdB: 7.00, SER: 0.709, BER: 0.319
2021-04-15 11:48:46,312 - Epoch: 100, SNRdB: 8.00, SER: 0.693, BER: 0.309
2021-04-15 11:48:46,340 - Epoch: 100, SNRdB: 9.00, SER: 0.654, BER: 0.284
2021-04-15 11:48:46,367 - Epoch: 100, SNRdB: 10.00, SER: 0.605, BER: 0.258
2021-04-15 11:48:46,394 - Epoch: 100, SNRdB: 11.00, SER: 0.643, BER: 0.279
2021-04-15 11:48:46,422 - Epoch: 100, SNRdB: 12.00, SER: 0.541, BER: 0.223
2021-04-15 11:48:46,449 - Epoch: 100, SNRdB: 13.00, SER: 0.512, BER: 0.207
2021-04-15 11:48:46,477 - Epoch: 100, SNRdB: 14.00, SER: 0.439, BER: 0.174
2021-04-15 11:48:46,504 - Epoch: 100, SNRdB: 15.00, SER: 0.432, BER: 0.179
2021-04-15 11:48:46,532 - Epoch: 100, SNRdB: 16.00, SER: 0.430, BER: 0.179
2021-04-15 11:48:46,559 - Epoch: 100, SNRdB: 17.00, SER: 0.391, BER: 0.162
2021-04-15 11:48:46,586 - Epoch: 100, SNRdB: 18.00, SER: 0.344, BER: 0.138
2021-04-15 11:48:46,613 - Epoch: 100, SNRdB: 19.00, SER: 0.314, BER: 0.121
2021-04-15 11:48:46,641 - Epoch: 100, SNRdB: 20.00, SER: 0.291, BER: 0.116
2021-04-15 11:48:46,670 - experiments_AWGN/SISO_QAM256_AWGN_LINEAR_MMNet_500epochs/MMNet_10layers_epoch100.pth saved.
2021-04-15 11:56:01,775 - Testing at epoch 200
2021-04-15 11:56:01,964 - Epoch: 200, SNRdB: 1.00, SER: 0.822, BER: 0.386
2021-04-15 11:56:02,020 - Epoch: 200, SNRdB: 2.00, SER: 0.801, BER: 0.365
2021-04-15 11:56:02,066 - Epoch: 200, SNRdB: 3.00, SER: 0.816, BER: 0.363
2021-04-15 11:56:02,104 - Epoch: 200, SNRdB: 4.00, SER: 0.795, BER: 0.333
2021-04-15 11:56:02,138 - Epoch: 200, SNRdB: 5.00, SER: 0.740, BER: 0.316
2021-04-15 11:56:02,169 - Epoch: 200, SNRdB: 6.00, SER: 0.729, BER: 0.315
2021-04-15 11:56:02,199 - Epoch: 200, SNRdB: 7.00, SER: 0.691, BER: 0.300
2021-04-15 11:56:02,227 - Epoch: 200, SNRdB: 8.00, SER: 0.705, BER: 0.296
2021-04-15 11:56:02,256 - Epoch: 200, SNRdB: 9.00, SER: 0.646, BER: 0.268
2021-04-15 11:56:02,284 - Epoch: 200, SNRdB: 10.00, SER: 0.641, BER: 0.268
2021-04-15 11:56:02,312 - Epoch: 200, SNRdB: 11.00, SER: 0.586, BER: 0.244
2021-04-15 11:56:02,340 - Epoch: 200, SNRdB: 12.00, SER: 0.559, BER: 0.234
2021-04-15 11:56:02,367 - Epoch: 200, SNRdB: 13.00, SER: 0.580, BER: 0.233
2021-04-15 11:56:02,395 - Epoch: 200, SNRdB: 14.00, SER: 0.514, BER: 0.209
2021-04-15 11:56:02,422 - Epoch: 200, SNRdB: 15.00, SER: 0.451, BER: 0.180
2021-04-15 11:56:02,450 - Epoch: 200, SNRdB: 16.00, SER: 0.443, BER: 0.184
2021-04-15 11:56:02,477 - Epoch: 200, SNRdB: 17.00, SER: 0.389, BER: 0.148
2021-04-15 11:56:02,505 - Epoch: 200, SNRdB: 18.00, SER: 0.381, BER: 0.153
2021-04-15 11:56:02,532 - Epoch: 200, SNRdB: 19.00, SER: 0.338, BER: 0.131
2021-04-15 11:56:02,559 - Epoch: 200, SNRdB: 20.00, SER: 0.303, BER: 0.115
2021-04-15 11:56:02,596 - experiments_AWGN/SISO_QAM256_AWGN_LINEAR_MMNet_500epochs/MMNet_10layers_epoch200.pth saved.
2021-04-15 12:03:34,007 - Testing at epoch 300
2021-04-15 12:03:34,214 - Epoch: 300, SNRdB: 1.00, SER: 0.811, BER: 0.364
2021-04-15 12:03:34,257 - Epoch: 300, SNRdB: 2.00, SER: 0.824, BER: 0.365
2021-04-15 12:03:34,293 - Epoch: 300, SNRdB: 3.00, SER: 0.799, BER: 0.354
2021-04-15 12:03:34,326 - Epoch: 300, SNRdB: 4.00, SER: 0.799, BER: 0.330
2021-04-15 12:03:34,356 - Epoch: 300, SNRdB: 5.00, SER: 0.770, BER: 0.340
2021-04-15 12:03:34,384 - Epoch: 300, SNRdB: 6.00, SER: 0.738, BER: 0.338
2021-04-15 12:03:34,411 - Epoch: 300, SNRdB: 7.00, SER: 0.703, BER: 0.300
2021-04-15 12:03:34,438 - Epoch: 300, SNRdB: 8.00, SER: 0.678, BER: 0.295
2021-04-15 12:03:34,465 - Epoch: 300, SNRdB: 9.00, SER: 0.656, BER: 0.280
2021-04-15 12:03:34,493 - Epoch: 300, SNRdB: 10.00, SER: 0.629, BER: 0.260
2021-04-15 12:03:34,520 - Epoch: 300, SNRdB: 11.00, SER: 0.584, BER: 0.258
2021-04-15 12:03:34,547 - Epoch: 300, SNRdB: 12.00, SER: 0.582, BER: 0.234
2021-04-15 12:03:34,574 - Epoch: 300, SNRdB: 13.00, SER: 0.525, BER: 0.205
2021-04-15 12:03:34,602 - Epoch: 300, SNRdB: 14.00, SER: 0.492, BER: 0.211
2021-04-15 12:03:34,629 - Epoch: 300, SNRdB: 15.00, SER: 0.400, BER: 0.177
2021-04-15 12:03:34,657 - Epoch: 300, SNRdB: 16.00, SER: 0.400, BER: 0.156
2021-04-15 12:03:34,685 - Epoch: 300, SNRdB: 17.00, SER: 0.424, BER: 0.173
2021-04-15 12:03:34,712 - Epoch: 300, SNRdB: 18.00, SER: 0.367, BER: 0.141
2021-04-15 12:03:34,739 - Epoch: 300, SNRdB: 19.00, SER: 0.297, BER: 0.110
2021-04-15 12:03:34,766 - Epoch: 300, SNRdB: 20.00, SER: 0.281, BER: 0.111
2021-04-15 12:03:34,806 - experiments_AWGN/SISO_QAM256_AWGN_LINEAR_MMNet_500epochs/MMNet_10layers_epoch300.pth saved.
2021-04-15 12:10:51,838 - Testing at epoch 400
2021-04-15 12:10:52,033 - Epoch: 400, SNRdB: 1.00, SER: 0.826, BER: 0.372
2021-04-15 12:10:52,059 - Epoch: 400, SNRdB: 2.00, SER: 0.809, BER: 0.361
2021-04-15 12:10:52,094 - Epoch: 400, SNRdB: 3.00, SER: 0.836, BER: 0.361
2021-04-15 12:10:52,119 - Epoch: 400, SNRdB: 4.00, SER: 0.812, BER: 0.350
2021-04-15 12:10:52,151 - Epoch: 400, SNRdB: 5.00, SER: 0.768, BER: 0.330
2021-04-15 12:10:52,177 - Epoch: 400, SNRdB: 6.00, SER: 0.676, BER: 0.289
2021-04-15 12:10:52,225 - Epoch: 400, SNRdB: 7.00, SER: 0.695, BER: 0.302
2021-04-15 12:10:52,258 - Epoch: 400, SNRdB: 8.00, SER: 0.689, BER: 0.292
2021-04-15 12:10:52,297 - Epoch: 400, SNRdB: 9.00, SER: 0.680, BER: 0.283
2021-04-15 12:10:52,325 - Epoch: 400, SNRdB: 10.00, SER: 0.619, BER: 0.263
2021-04-15 12:10:52,357 - Epoch: 400, SNRdB: 11.00, SER: 0.582, BER: 0.241
2021-04-15 12:10:52,383 - Epoch: 400, SNRdB: 12.00, SER: 0.541, BER: 0.222
2021-04-15 12:10:52,415 - Epoch: 400, SNRdB: 13.00, SER: 0.537, BER: 0.223
2021-04-15 12:10:52,440 - Epoch: 400, SNRdB: 14.00, SER: 0.494, BER: 0.207
2021-04-15 12:10:52,471 - Epoch: 400, SNRdB: 15.00, SER: 0.441, BER: 0.175
2021-04-15 12:10:52,497 - Epoch: 400, SNRdB: 16.00, SER: 0.426, BER: 0.161
2021-04-15 12:10:52,525 - Epoch: 400, SNRdB: 17.00, SER: 0.389, BER: 0.149
2021-04-15 12:10:52,552 - Epoch: 400, SNRdB: 18.00, SER: 0.338, BER: 0.130
2021-04-15 12:10:52,580 - Epoch: 400, SNRdB: 19.00, SER: 0.352, BER: 0.133
2021-04-15 12:10:52,607 - Epoch: 400, SNRdB: 20.00, SER: 0.312, BER: 0.126
2021-04-15 12:10:52,646 - experiments_AWGN/SISO_QAM256_AWGN_LINEAR_MMNet_500epochs/MMNet_10layers_epoch400.pth saved.
2021-04-15 12:18:04,621 - Testing at epoch 500
2021-04-15 12:18:04,806 - Epoch: 500, SNRdB: 1.00, SER: 0.832, BER: 0.379
2021-04-15 12:18:04,842 - Epoch: 500, SNRdB: 2.00, SER: 0.816, BER: 0.374
2021-04-15 12:18:04,874 - Epoch: 500, SNRdB: 3.00, SER: 0.814, BER: 0.365
2021-04-15 12:18:04,903 - Epoch: 500, SNRdB: 4.00, SER: 0.797, BER: 0.352
2021-04-15 12:18:04,932 - Epoch: 500, SNRdB: 5.00, SER: 0.768, BER: 0.325
2021-04-15 12:18:04,961 - Epoch: 500, SNRdB: 6.00, SER: 0.738, BER: 0.322
2021-04-15 12:18:04,986 - Epoch: 500, SNRdB: 7.00, SER: 0.701, BER: 0.310
2021-04-15 12:18:05,012 - Epoch: 500, SNRdB: 8.00, SER: 0.641, BER: 0.272
2021-04-15 12:18:05,039 - Epoch: 500, SNRdB: 9.00, SER: 0.619, BER: 0.255
2021-04-15 12:18:05,066 - Epoch: 500, SNRdB: 10.00, SER: 0.631, BER: 0.268
2021-04-15 12:18:05,093 - Epoch: 500, SNRdB: 11.00, SER: 0.576, BER: 0.240
2021-04-15 12:18:05,120 - Epoch: 500, SNRdB: 12.00, SER: 0.541, BER: 0.228
2021-04-15 12:18:05,147 - Epoch: 500, SNRdB: 13.00, SER: 0.529, BER: 0.219
2021-04-15 12:18:05,174 - Epoch: 500, SNRdB: 14.00, SER: 0.477, BER: 0.198
2021-04-15 12:18:05,201 - Epoch: 500, SNRdB: 15.00, SER: 0.490, BER: 0.214
2021-04-15 12:18:05,227 - Epoch: 500, SNRdB: 16.00, SER: 0.414, BER: 0.160
2021-04-15 12:18:05,254 - Epoch: 500, SNRdB: 17.00, SER: 0.398, BER: 0.163
2021-04-15 12:18:05,281 - Epoch: 500, SNRdB: 18.00, SER: 0.322, BER: 0.129
2021-04-15 12:18:05,308 - Epoch: 500, SNRdB: 19.00, SER: 0.332, BER: 0.139
2021-04-15 12:18:05,335 - Epoch: 500, SNRdB: 20.00, SER: 0.318, BER: 0.133
2021-04-15 12:18:05,361 - experiments_AWGN/SISO_QAM256_AWGN_LINEAR_MMNet_500epochs/MMNet_10layers_epoch500.pth saved.
2021-04-15 12:18:05,482 - experiments_AWGN/SISO_QAM256_AWGN_LINEAR_MMNet_500epochs/loss_MMNet_10layers.pngsaved.
2021-04-15 12:18:06,152 - experiments_AWGN/SISO_QAM256_AWGN_LINEAR_MMNet_500epochs/SER_MMNet_10layers.png saved.
2021-04-15 12:18:06,152 - experiments_AWGN/SISO_QAM256_AWGN_LINEAR_MMNet_500epochs/BER_MMNet_10layers.png saved.
