2021-04-12 13:37:45,646 - Testing at epoch 50
2021-04-12 13:37:45,831 - Epoch: 50, SNRdB: 5.00, SER: 0.748, BER: 0.477
2021-04-12 13:37:45,862 - Epoch: 50, SNRdB: 6.04, SER: 0.742, BER: 0.467
2021-04-12 13:37:45,891 - Epoch: 50, SNRdB: 7.08, SER: 0.773, BER: 0.483
2021-04-12 13:37:45,918 - Epoch: 50, SNRdB: 8.12, SER: 0.707, BER: 0.453
2021-04-12 13:37:45,959 - Epoch: 50, SNRdB: 9.17, SER: 0.752, BER: 0.461
2021-04-12 13:37:45,986 - Epoch: 50, SNRdB: 10.21, SER: 0.729, BER: 0.468
2021-04-12 13:37:46,030 - Epoch: 50, SNRdB: 11.25, SER: 0.707, BER: 0.447
2021-04-12 13:37:46,057 - Epoch: 50, SNRdB: 12.29, SER: 0.705, BER: 0.438
2021-04-12 13:37:46,101 - Epoch: 50, SNRdB: 13.33, SER: 0.691, BER: 0.444
2021-04-12 13:37:46,128 - Epoch: 50, SNRdB: 14.38, SER: 0.672, BER: 0.417
2021-04-12 13:37:46,171 - Epoch: 50, SNRdB: 15.42, SER: 0.674, BER: 0.412
2021-04-12 13:37:46,198 - Epoch: 50, SNRdB: 16.46, SER: 0.641, BER: 0.405
2021-04-12 13:37:46,244 - Epoch: 50, SNRdB: 17.50, SER: 0.650, BER: 0.411
2021-04-12 13:37:46,272 - Epoch: 50, SNRdB: 18.54, SER: 0.621, BER: 0.380
2021-04-12 13:37:46,315 - Epoch: 50, SNRdB: 19.58, SER: 0.604, BER: 0.379
2021-04-12 13:37:46,342 - Epoch: 50, SNRdB: 20.62, SER: 0.615, BER: 0.386
2021-04-12 13:37:46,387 - Epoch: 50, SNRdB: 21.67, SER: 0.588, BER: 0.376
2021-04-12 13:37:46,415 - Epoch: 50, SNRdB: 22.71, SER: 0.596, BER: 0.371
2021-04-12 13:37:46,459 - Epoch: 50, SNRdB: 23.75, SER: 0.570, BER: 0.356
2021-04-12 13:37:46,486 - Epoch: 50, SNRdB: 24.79, SER: 0.564, BER: 0.366
2021-04-12 13:37:46,530 - Epoch: 50, SNRdB: 25.83, SER: 0.564, BER: 0.359
2021-04-12 13:37:46,557 - Epoch: 50, SNRdB: 26.88, SER: 0.566, BER: 0.356
2021-04-12 13:37:46,601 - Epoch: 50, SNRdB: 27.92, SER: 0.553, BER: 0.350
2021-04-12 13:37:46,627 - Epoch: 50, SNRdB: 28.96, SER: 0.543, BER: 0.328
2021-04-12 13:37:46,671 - Epoch: 50, SNRdB: 30.00, SER: 0.523, BER: 0.336
2021-04-12 13:37:46,699 - experiments_RayleighFading/SISO_QAM16_Rayleigh_LINEAR_MMNet_200epochs/MMNet_10layers_epoch50.pth saved.
2021-04-12 13:41:20,377 - Testing at epoch 100
2021-04-12 13:41:20,561 - Epoch: 100, SNRdB: 5.00, SER: 0.676, BER: 0.430
2021-04-12 13:41:20,598 - Epoch: 100, SNRdB: 6.04, SER: 0.736, BER: 0.451
2021-04-12 13:41:20,639 - Epoch: 100, SNRdB: 7.08, SER: 0.775, BER: 0.469
2021-04-12 13:41:20,680 - Epoch: 100, SNRdB: 8.12, SER: 0.717, BER: 0.439
2021-04-12 13:41:20,720 - Epoch: 100, SNRdB: 9.17, SER: 0.688, BER: 0.413
2021-04-12 13:41:20,761 - Epoch: 100, SNRdB: 10.21, SER: 0.721, BER: 0.435
2021-04-12 13:41:20,799 - Epoch: 100, SNRdB: 11.25, SER: 0.709, BER: 0.440
2021-04-12 13:41:20,827 - Epoch: 100, SNRdB: 12.29, SER: 0.650, BER: 0.398
2021-04-12 13:41:20,852 - Epoch: 100, SNRdB: 13.33, SER: 0.654, BER: 0.392
2021-04-12 13:41:20,882 - Epoch: 100, SNRdB: 14.38, SER: 0.662, BER: 0.392
2021-04-12 13:41:20,907 - Epoch: 100, SNRdB: 15.42, SER: 0.623, BER: 0.372
2021-04-12 13:41:20,945 - Epoch: 100, SNRdB: 16.46, SER: 0.623, BER: 0.388
2021-04-12 13:41:20,980 - Epoch: 100, SNRdB: 17.50, SER: 0.602, BER: 0.368
2021-04-12 13:41:21,007 - Epoch: 100, SNRdB: 18.54, SER: 0.590, BER: 0.360
2021-04-12 13:41:21,052 - Epoch: 100, SNRdB: 19.58, SER: 0.580, BER: 0.345
2021-04-12 13:41:21,076 - Epoch: 100, SNRdB: 20.62, SER: 0.545, BER: 0.324
2021-04-12 13:41:21,124 - Epoch: 100, SNRdB: 21.67, SER: 0.484, BER: 0.302
2021-04-12 13:41:21,148 - Epoch: 100, SNRdB: 22.71, SER: 0.557, BER: 0.339
2021-04-12 13:41:21,197 - Epoch: 100, SNRdB: 23.75, SER: 0.477, BER: 0.297
2021-04-12 13:41:21,221 - Epoch: 100, SNRdB: 24.79, SER: 0.469, BER: 0.291
2021-04-12 13:41:21,267 - Epoch: 100, SNRdB: 25.83, SER: 0.525, BER: 0.322
2021-04-12 13:41:21,288 - Epoch: 100, SNRdB: 26.88, SER: 0.494, BER: 0.310
2021-04-12 13:41:21,329 - Epoch: 100, SNRdB: 27.92, SER: 0.504, BER: 0.319
2021-04-12 13:41:21,351 - Epoch: 100, SNRdB: 28.96, SER: 0.439, BER: 0.261
2021-04-12 13:41:21,387 - Epoch: 100, SNRdB: 30.00, SER: 0.393, BER: 0.239
2021-04-12 13:41:21,421 - experiments_RayleighFading/SISO_QAM16_Rayleigh_LINEAR_MMNet_200epochs/MMNet_10layers_epoch100.pth saved.
2021-04-12 13:44:49,388 - Testing at epoch 150
2021-04-12 13:44:49,591 - Epoch: 150, SNRdB: 5.00, SER: 0.732, BER: 0.460
2021-04-12 13:44:49,625 - Epoch: 150, SNRdB: 6.04, SER: 0.703, BER: 0.433
2021-04-12 13:44:49,656 - Epoch: 150, SNRdB: 7.08, SER: 0.754, BER: 0.455
2021-04-12 13:44:49,685 - Epoch: 150, SNRdB: 8.12, SER: 0.711, BER: 0.422
2021-04-12 13:44:49,716 - Epoch: 150, SNRdB: 9.17, SER: 0.684, BER: 0.427
2021-04-12 13:44:49,755 - Epoch: 150, SNRdB: 10.21, SER: 0.707, BER: 0.436
2021-04-12 13:44:49,783 - Epoch: 150, SNRdB: 11.25, SER: 0.688, BER: 0.416
2021-04-12 13:44:49,827 - Epoch: 150, SNRdB: 12.29, SER: 0.705, BER: 0.432
2021-04-12 13:44:49,855 - Epoch: 150, SNRdB: 13.33, SER: 0.682, BER: 0.417
2021-04-12 13:44:49,898 - Epoch: 150, SNRdB: 14.38, SER: 0.666, BER: 0.398
2021-04-12 13:44:49,926 - Epoch: 150, SNRdB: 15.42, SER: 0.666, BER: 0.390
2021-04-12 13:44:49,973 - Epoch: 150, SNRdB: 16.46, SER: 0.670, BER: 0.400
2021-04-12 13:44:49,998 - Epoch: 150, SNRdB: 17.50, SER: 0.619, BER: 0.363
2021-04-12 13:44:50,043 - Epoch: 150, SNRdB: 18.54, SER: 0.551, BER: 0.327
2021-04-12 13:44:50,068 - Epoch: 150, SNRdB: 19.58, SER: 0.553, BER: 0.335
2021-04-12 13:44:50,114 - Epoch: 150, SNRdB: 20.62, SER: 0.533, BER: 0.321
2021-04-12 13:44:50,139 - Epoch: 150, SNRdB: 21.67, SER: 0.543, BER: 0.326
2021-04-12 13:44:50,185 - Epoch: 150, SNRdB: 22.71, SER: 0.549, BER: 0.343
2021-04-12 13:44:50,210 - Epoch: 150, SNRdB: 23.75, SER: 0.477, BER: 0.292
2021-04-12 13:44:50,256 - Epoch: 150, SNRdB: 24.79, SER: 0.479, BER: 0.293
2021-04-12 13:44:50,281 - Epoch: 150, SNRdB: 25.83, SER: 0.482, BER: 0.290
2021-04-12 13:44:50,329 - Epoch: 150, SNRdB: 26.88, SER: 0.457, BER: 0.284
2021-04-12 13:44:50,353 - Epoch: 150, SNRdB: 27.92, SER: 0.396, BER: 0.239
2021-04-12 13:44:50,398 - Epoch: 150, SNRdB: 28.96, SER: 0.420, BER: 0.252
2021-04-12 13:44:50,420 - Epoch: 150, SNRdB: 30.00, SER: 0.422, BER: 0.255
2021-04-12 13:44:50,454 - experiments_RayleighFading/SISO_QAM16_Rayleigh_LINEAR_MMNet_200epochs/MMNet_10layers_epoch150.pth saved.
2021-04-12 13:48:18,228 - Testing at epoch 200
2021-04-12 13:48:18,435 - Epoch: 200, SNRdB: 5.00, SER: 0.725, BER: 0.470
2021-04-12 13:48:18,473 - Epoch: 200, SNRdB: 6.04, SER: 0.725, BER: 0.445
2021-04-12 13:48:18,510 - Epoch: 200, SNRdB: 7.08, SER: 0.781, BER: 0.464
2021-04-12 13:48:18,535 - Epoch: 200, SNRdB: 8.12, SER: 0.725, BER: 0.428
2021-04-12 13:48:18,580 - Epoch: 200, SNRdB: 9.17, SER: 0.703, BER: 0.439
2021-04-12 13:48:18,605 - Epoch: 200, SNRdB: 10.21, SER: 0.680, BER: 0.411
2021-04-12 13:48:18,651 - Epoch: 200, SNRdB: 11.25, SER: 0.658, BER: 0.399
2021-04-12 13:48:18,676 - Epoch: 200, SNRdB: 12.29, SER: 0.660, BER: 0.418
2021-04-12 13:48:18,722 - Epoch: 200, SNRdB: 13.33, SER: 0.662, BER: 0.400
2021-04-12 13:48:18,747 - Epoch: 200, SNRdB: 14.38, SER: 0.650, BER: 0.400
2021-04-12 13:48:18,793 - Epoch: 200, SNRdB: 15.42, SER: 0.645, BER: 0.401
2021-04-12 13:48:18,818 - Epoch: 200, SNRdB: 16.46, SER: 0.633, BER: 0.378
2021-04-12 13:48:18,863 - Epoch: 200, SNRdB: 17.50, SER: 0.570, BER: 0.354
2021-04-12 13:48:18,888 - Epoch: 200, SNRdB: 18.54, SER: 0.607, BER: 0.369
2021-04-12 13:48:18,933 - Epoch: 200, SNRdB: 19.58, SER: 0.580, BER: 0.348
2021-04-12 13:48:18,958 - Epoch: 200, SNRdB: 20.62, SER: 0.578, BER: 0.352
2021-04-12 13:48:19,004 - Epoch: 200, SNRdB: 21.67, SER: 0.537, BER: 0.327
2021-04-12 13:48:19,026 - Epoch: 200, SNRdB: 22.71, SER: 0.510, BER: 0.299
2021-04-12 13:48:19,072 - Epoch: 200, SNRdB: 23.75, SER: 0.531, BER: 0.320
2021-04-12 13:48:19,094 - Epoch: 200, SNRdB: 24.79, SER: 0.488, BER: 0.295
2021-04-12 13:48:19,144 - Epoch: 200, SNRdB: 25.83, SER: 0.471, BER: 0.276
2021-04-12 13:48:19,166 - Epoch: 200, SNRdB: 26.88, SER: 0.480, BER: 0.285
2021-04-12 13:48:19,215 - Epoch: 200, SNRdB: 27.92, SER: 0.445, BER: 0.271
2021-04-12 13:48:19,236 - Epoch: 200, SNRdB: 28.96, SER: 0.430, BER: 0.267
2021-04-12 13:48:19,279 - Epoch: 200, SNRdB: 30.00, SER: 0.432, BER: 0.249
2021-04-12 13:48:19,317 - experiments_RayleighFading/SISO_QAM16_Rayleigh_LINEAR_MMNet_200epochs/MMNet_10layers_epoch200.pth saved.
2021-04-12 13:48:19,426 - experiments_RayleighFading/SISO_QAM16_Rayleigh_LINEAR_MMNet_200epochs/loss_MMNet_10layers.pngsaved.
2021-04-12 13:48:19,969 - experiments_RayleighFading/SISO_QAM16_Rayleigh_LINEAR_MMNet_200epochs/SER_MMNet_10layers.png saved.
2021-04-12 13:48:19,969 - experiments_RayleighFading/SISO_QAM16_Rayleigh_LINEAR_MMNet_200epochs/BER_MMNet_10layers.png saved.
