2021-04-15 11:48:45,875 - Testing at epoch 100
2021-04-15 11:48:46,086 - Epoch: 100, SNRdB: 1.00, SER: 0.836, BER: 0.380
2021-04-15 11:48:46,129 - Epoch: 100, SNRdB: 2.00, SER: 0.805, BER: 0.358
2021-04-15 11:48:46,167 - Epoch: 100, SNRdB: 3.00, SER: 0.811, BER: 0.360
2021-04-15 11:48:46,198 - Epoch: 100, SNRdB: 4.00, SER: 0.762, BER: 0.342
2021-04-15 11:48:46,230 - Epoch: 100, SNRdB: 5.00, SER: 0.771, BER: 0.335
2021-04-15 11:48:46,256 - Epoch: 100, SNRdB: 6.00, SER: 0.723, BER: 0.314
2021-04-15 11:48:46,283 - Epoch: 100, SNRdB: 7.00, SER: 0.709, BER: 0.319
2021-04-15 11:48:46,312 - Epoch: 100, SNRdB: 8.00, SER: 0.693, BER: 0.309
2021-04-15 11:48:46,340 - Epoch: 100, SNRdB: 9.00, SER: 0.654, BER: 0.284
2021-04-15 11:48:46,367 - Epoch: 100, SNRdB: 10.00, SER: 0.605, BER: 0.258
2021-04-15 11:48:46,394 - Epoch: 100, SNRdB: 11.00, SER: 0.643, BER: 0.279
2021-04-15 11:48:46,422 - Epoch: 100, SNRdB: 12.00, SER: 0.541, BER: 0.223
2021-04-15 11:48:46,449 - Epoch: 100, SNRdB: 13.00, SER: 0.512, BER: 0.207
2021-04-15 11:48:46,477 - Epoch: 100, SNRdB: 14.00, SER: 0.439, BER: 0.174
2021-04-15 11:48:46,504 - Epoch: 100, SNRdB: 15.00, SER: 0.432, BER: 0.179
2021-04-15 11:48:46,532 - Epoch: 100, SNRdB: 16.00, SER: 0.430, BER: 0.179
2021-04-15 11:48:46,559 - Epoch: 100, SNRdB: 17.00, SER: 0.391, BER: 0.162
2021-04-15 11:48:46,586 - Epoch: 100, SNRdB: 18.00, SER: 0.344, BER: 0.138
2021-04-15 11:48:46,613 - Epoch: 100, SNRdB: 19.00, SER: 0.314, BER: 0.121
2021-04-15 11:48:46,641 - Epoch: 100, SNRdB: 20.00, SER: 0.291, BER: 0.116
2021-04-15 11:48:46,670 - experiments_AWGN/SISO_QAM256_AWGN_LINEAR_MMNet_500epochs/MMNet_10layers_epoch100.pth saved.
2021-04-15 11:56:01,775 - Testing at epoch 200
2021-04-15 11:56:01,964 - Epoch: 200, SNRdB: 1.00, SER: 0.822, BER: 0.386
2021-04-15 11:56:02,020 - Epoch: 200, SNRdB: 2.00, SER: 0.801, BER: 0.365
2021-04-15 11:56:02,066 - Epoch: 200, SNRdB: 3.00, SER: 0.816, BER: 0.363
2021-04-15 11:56:02,104 - Epoch: 200, SNRdB: 4.00, SER: 0.795, BER: 0.333
2021-04-15 11:56:02,138 - Epoch: 200, SNRdB: 5.00, SER: 0.740, BER: 0.316
2021-04-15 11:56:02,169 - Epoch: 200, SNRdB: 6.00, SER: 0.729, BER: 0.315
2021-04-15 11:56:02,199 - Epoch: 200, SNRdB: 7.00, SER: 0.691, BER: 0.300
2021-04-15 11:56:02,227 - Epoch: 200, SNRdB: 8.00, SER: 0.705, BER: 0.296
2021-04-15 11:56:02,256 - Epoch: 200, SNRdB: 9.00, SER: 0.646, BER: 0.268
2021-04-15 11:56:02,284 - Epoch: 200, SNRdB: 10.00, SER: 0.641, BER: 0.268
2021-04-15 11:56:02,312 - Epoch: 200, SNRdB: 11.00, SER: 0.586, BER: 0.244
2021-04-15 11:56:02,340 - Epoch: 200, SNRdB: 12.00, SER: 0.559, BER: 0.234
2021-04-15 11:56:02,367 - Epoch: 200, SNRdB: 13.00, SER: 0.580, BER: 0.233
2021-04-15 11:56:02,395 - Epoch: 200, SNRdB: 14.00, SER: 0.514, BER: 0.209
2021-04-15 11:56:02,422 - Epoch: 200, SNRdB: 15.00, SER: 0.451, BER: 0.180
2021-04-15 11:56:02,450 - Epoch: 200, SNRdB: 16.00, SER: 0.443, BER: 0.184
2021-04-15 11:56:02,477 - Epoch: 200, SNRdB: 17.00, SER: 0.389, BER: 0.148
2021-04-15 11:56:02,505 - Epoch: 200, SNRdB: 18.00, SER: 0.381, BER: 0.153
2021-04-15 11:56:02,532 - Epoch: 200, SNRdB: 19.00, SER: 0.338, BER: 0.131
2021-04-15 11:56:02,559 - Epoch: 200, SNRdB: 20.00, SER: 0.303, BER: 0.115
2021-04-15 11:56:02,596 - experiments_AWGN/SISO_QAM256_AWGN_LINEAR_MMNet_500epochs/MMNet_10layers_epoch200.pth saved.
2021-04-15 12:03:34,007 - Testing at epoch 300
2021-04-15 12:03:34,214 - Epoch: 300, SNRdB: 1.00, SER: 0.811, BER: 0.364
2021-04-15 12:03:34,257 - Epoch: 300, SNRdB: 2.00, SER: 0.824, BER: 0.365
2021-04-15 12:03:34,293 - Epoch: 300, SNRdB: 3.00, SER: 0.799, BER: 0.354
2021-04-15 12:03:34,326 - Epoch: 300, SNRdB: 4.00, SER: 0.799, BER: 0.330
2021-04-15 12:03:34,356 - Epoch: 300, SNRdB: 5.00, SER: 0.770, BER: 0.340
2021-04-15 12:03:34,384 - Epoch: 300, SNRdB: 6.00, SER: 0.738, BER: 0.338
2021-04-15 12:03:34,411 - Epoch: 300, SNRdB: 7.00, SER: 0.703, BER: 0.300
2021-04-15 12:03:34,438 - Epoch: 300, SNRdB: 8.00, SER: 0.678, BER: 0.295
2021-04-15 12:03:34,465 - Epoch: 300, SNRdB: 9.00, SER: 0.656, BER: 0.280
2021-04-15 12:03:34,493 - Epoch: 300, SNRdB: 10.00, SER: 0.629, BER: 0.260
2021-04-15 12:03:34,520 - Epoch: 300, SNRdB: 11.00, SER: 0.584, BER: 0.258
2021-04-15 12:03:34,547 - Epoch: 300, SNRdB: 12.00, SER: 0.582, BER: 0.234
2021-04-15 12:03:34,574 - Epoch: 300, SNRdB: 13.00, SER: 0.525, BER: 0.205
2021-04-15 12:03:34,602 - Epoch: 300, SNRdB: 14.00, SER: 0.492, BER: 0.211
2021-04-15 12:03:34,629 - Epoch: 300, SNRdB: 15.00, SER: 0.400, BER: 0.177
2021-04-15 12:03:34,657 - Epoch: 300, SNRdB: 16.00, SER: 0.400, BER: 0.156
2021-04-15 12:03:34,685 - Epoch: 300, SNRdB: 17.00, SER: 0.424, BER: 0.173
2021-04-15 12:03:34,712 - Epoch: 300, SNRdB: 18.00, SER: 0.367, BER: 0.141
2021-04-15 12:03:34,739 - Epoch: 300, SNRdB: 19.00, SER: 0.297, BER: 0.110
2021-04-15 12:03:34,766 - Epoch: 300, SNRdB: 20.00, SER: 0.281, BER: 0.111
2021-04-15 12:03:34,806 - experiments_AWGN/SISO_QAM256_AWGN_LINEAR_MMNet_500epochs/MMNet_10layers_epoch300.pth saved.
2021-04-15 12:10:51,838 - Testing at epoch 400
2021-04-15 12:10:52,033 - Epoch: 400, SNRdB: 1.00, SER: 0.826, BER: 0.372
2021-04-15 12:10:52,059 - Epoch: 400, SNRdB: 2.00, SER: 0.809, BER: 0.361
2021-04-15 12:10:52,094 - Epoch: 400, SNRdB: 3.00, SER: 0.836, BER: 0.361
2021-04-15 12:10:52,119 - Epoch: 400, SNRdB: 4.00, SER: 0.812, BER: 0.350
2021-04-15 12:10:52,151 - Epoch: 400, SNRdB: 5.00, SER: 0.768, BER: 0.330
2021-04-15 12:10:52,177 - Epoch: 400, SNRdB: 6.00, SER: 0.676, BER: 0.289
2021-04-15 12:10:52,225 - Epoch: 400, SNRdB: 7.00, SER: 0.695, BER: 0.302
2021-04-15 12:10:52,258 - Epoch: 400, SNRdB: 8.00, SER: 0.689, BER: 0.292
2021-04-15 12:10:52,297 - Epoch: 400, SNRdB: 9.00, SER: 0.680, BER: 0.283
2021-04-15 12:10:52,325 - Epoch: 400, SNRdB: 10.00, SER: 0.619, BER: 0.263
2021-04-15 12:10:52,357 - Epoch: 400, SNRdB: 11.00, SER: 0.582, BER: 0.241
2021-04-15 12:10:52,383 - Epoch: 400, SNRdB: 12.00, SER: 0.541, BER: 0.222
2021-04-15 12:10:52,415 - Epoch: 400, SNRdB: 13.00, SER: 0.537, BER: 0.223
2021-04-15 12:10:52,440 - Epoch: 400, SNRdB: 14.00, SER: 0.494, BER: 0.207
2021-04-15 12:10:52,471 - Epoch: 400, SNRdB: 15.00, SER: 0.441, BER: 0.175
2021-04-15 12:10:52,497 - Epoch: 400, SNRdB: 16.00, SER: 0.426, BER: 0.161
2021-04-15 12:10:52,525 - Epoch: 400, SNRdB: 17.00, SER: 0.389, BER: 0.149
2021-04-15 12:10:52,552 - Epoch: 400, SNRdB: 18.00, SER: 0.338, BER: 0.130
2021-04-15 12:10:52,580 - Epoch: 400, SNRdB: 19.00, SER: 0.352, BER: 0.133
2021-04-15 12:10:52,607 - Epoch: 400, SNRdB: 20.00, SER: 0.312, BER: 0.126
2021-04-15 12:10:52,646 - experiments_AWGN/SISO_QAM256_AWGN_LINEAR_MMNet_500epochs/MMNet_10layers_epoch400.pth saved.
2021-04-15 12:18:04,621 - Testing at epoch 500
2021-04-15 12:18:04,806 - Epoch: 500, SNRdB: 1.00, SER: 0.832, BER: 0.379
2021-04-15 12:18:04,842 - Epoch: 500, SNRdB: 2.00, SER: 0.816, BER: 0.374
2021-04-15 12:18:04,874 - Epoch: 500, SNRdB: 3.00, SER: 0.814, BER: 0.365
2021-04-15 12:18:04,903 - Epoch: 500, SNRdB: 4.00, SER: 0.797, BER: 0.352
2021-04-15 12:18:04,932 - Epoch: 500, SNRdB: 5.00, SER: 0.768, BER: 0.325
2021-04-15 12:18:04,961 - Epoch: 500, SNRdB: 6.00, SER: 0.738, BER: 0.322
2021-04-15 12:18:04,986 - Epoch: 500, SNRdB: 7.00, SER: 0.701, BER: 0.310
2021-04-15 12:18:05,012 - Epoch: 500, SNRdB: 8.00, SER: 0.641, BER: 0.272
2021-04-15 12:18:05,039 - Epoch: 500, SNRdB: 9.00, SER: 0.619, BER: 0.255
2021-04-15 12:18:05,066 - Epoch: 500, SNRdB: 10.00, SER: 0.631, BER: 0.268
2021-04-15 12:18:05,093 - Epoch: 500, SNRdB: 11.00, SER: 0.576, BER: 0.240
2021-04-15 12:18:05,120 - Epoch: 500, SNRdB: 12.00, SER: 0.541, BER: 0.228
2021-04-15 12:18:05,147 - Epoch: 500, SNRdB: 13.00, SER: 0.529, BER: 0.219
2021-04-15 12:18:05,174 - Epoch: 500, SNRdB: 14.00, SER: 0.477, BER: 0.198
2021-04-15 12:18:05,201 - Epoch: 500, SNRdB: 15.00, SER: 0.490, BER: 0.214
2021-04-15 12:18:05,227 - Epoch: 500, SNRdB: 16.00, SER: 0.414, BER: 0.160
2021-04-15 12:18:05,254 - Epoch: 500, SNRdB: 17.00, SER: 0.398, BER: 0.163
2021-04-15 12:18:05,281 - Epoch: 500, SNRdB: 18.00, SER: 0.322, BER: 0.129
2021-04-15 12:18:05,308 - Epoch: 500, SNRdB: 19.00, SER: 0.332, BER: 0.139
2021-04-15 12:18:05,335 - Epoch: 500, SNRdB: 20.00, SER: 0.318, BER: 0.133
2021-04-15 12:18:05,361 - experiments_AWGN/SISO_QAM256_AWGN_LINEAR_MMNet_500epochs/MMNet_10layers_epoch500.pth saved.
2021-04-15 12:18:05,482 - experiments_AWGN/SISO_QAM256_AWGN_LINEAR_MMNet_500epochs/loss_MMNet_10layers.pngsaved.
2021-04-15 12:18:06,152 - experiments_AWGN/SISO_QAM256_AWGN_LINEAR_MMNet_500epochs/SER_MMNet_10layers.png saved.
2021-04-15 12:18:06,152 - experiments_AWGN/SISO_QAM256_AWGN_LINEAR_MMNet_500epochs/BER_MMNet_10layers.png saved.
2021-04-20 07:46:27,405 - Testing at epoch 100
2021-04-20 07:46:27,793 - Epoch: 100, SNRdB: 1.00, SER: 0.823, BER: 0.381
2021-04-20 07:46:27,862 - Epoch: 100, SNRdB: 2.00, SER: 0.829, BER: 0.371
2021-04-20 07:46:27,920 - Epoch: 100, SNRdB: 3.00, SER: 0.810, BER: 0.353
2021-04-20 07:46:27,980 - Epoch: 100, SNRdB: 4.00, SER: 0.783, BER: 0.345
2021-04-20 07:46:28,087 - Epoch: 100, SNRdB: 5.00, SER: 0.746, BER: 0.326
2021-04-20 07:46:28,146 - Epoch: 100, SNRdB: 6.00, SER: 0.730, BER: 0.317
2021-04-20 07:46:28,256 - Epoch: 100, SNRdB: 7.00, SER: 0.693, BER: 0.300
2021-04-20 07:46:28,314 - Epoch: 100, SNRdB: 8.00, SER: 0.686, BER: 0.293
2021-04-20 07:46:28,391 - Epoch: 100, SNRdB: 9.00, SER: 0.630, BER: 0.270
2021-04-20 07:46:28,446 - Epoch: 100, SNRdB: 10.00, SER: 0.636, BER: 0.268
2021-04-20 07:46:28,529 - Epoch: 100, SNRdB: 11.00, SER: 0.579, BER: 0.242
2021-04-20 07:46:28,585 - Epoch: 100, SNRdB: 12.00, SER: 0.540, BER: 0.226
2021-04-20 07:46:28,744 - Epoch: 100, SNRdB: 13.00, SER: 0.500, BER: 0.209
2021-04-20 07:46:28,800 - Epoch: 100, SNRdB: 14.00, SER: 0.450, BER: 0.191
2021-04-20 07:46:28,863 - Epoch: 100, SNRdB: 15.00, SER: 0.429, BER: 0.177
2021-04-20 07:46:28,921 - Epoch: 100, SNRdB: 16.00, SER: 0.402, BER: 0.168
2021-04-20 07:46:29,000 - Epoch: 100, SNRdB: 17.00, SER: 0.351, BER: 0.142
2021-04-20 07:46:29,057 - Epoch: 100, SNRdB: 18.00, SER: 0.322, BER: 0.129
2021-04-20 07:46:29,137 - Epoch: 100, SNRdB: 19.00, SER: 0.271, BER: 0.109
2021-04-20 07:46:29,194 - Epoch: 100, SNRdB: 20.00, SER: 0.242, BER: 0.101
2021-04-20 07:46:29,288 - Epoch: 100, SNRdB: 21.00, SER: 0.200, BER: 0.084
2021-04-20 07:46:29,345 - Epoch: 100, SNRdB: 22.00, SER: 0.153, BER: 0.061
2021-04-20 07:46:29,412 - Epoch: 100, SNRdB: 23.00, SER: 0.137, BER: 0.053
2021-04-20 07:46:29,469 - Epoch: 100, SNRdB: 24.00, SER: 0.102, BER: 0.038
2021-04-20 07:46:29,549 - Epoch: 100, SNRdB: 25.00, SER: 0.078, BER: 0.028
2021-04-20 07:46:29,605 - Epoch: 100, SNRdB: 26.00, SER: 0.071, BER: 0.026
2021-04-20 07:46:29,690 - Epoch: 100, SNRdB: 27.00, SER: 0.051, BER: 0.017
2021-04-20 07:46:29,747 - Epoch: 100, SNRdB: 28.00, SER: 0.046, BER: 0.016
2021-04-20 07:46:29,825 - Epoch: 100, SNRdB: 29.00, SER: 0.033, BER: 0.010
2021-04-20 07:46:29,883 - Epoch: 100, SNRdB: 30.00, SER: 0.027, BER: 0.007
2021-04-20 07:46:29,964 - Epoch: 100, SNRdB: 31.00, SER: 0.026, BER: 0.007
2021-04-20 07:46:30,020 - Epoch: 100, SNRdB: 32.00, SER: 0.022, BER: 0.006
2021-04-20 07:46:30,101 - Epoch: 100, SNRdB: 33.00, SER: 0.021, BER: 0.006
2021-04-20 07:46:30,158 - Epoch: 100, SNRdB: 34.00, SER: 0.026, BER: 0.007
2021-04-20 07:46:30,239 - Epoch: 100, SNRdB: 35.00, SER: 0.027, BER: 0.007
2021-04-20 07:46:30,295 - Epoch: 100, SNRdB: 36.00, SER: 0.018, BER: 0.005
2021-04-20 07:46:30,371 - Epoch: 100, SNRdB: 37.00, SER: 0.018, BER: 0.005
2021-04-20 07:46:30,421 - Epoch: 100, SNRdB: 38.00, SER: 0.017, BER: 0.004
2021-04-20 07:46:30,508 - Epoch: 100, SNRdB: 39.00, SER: 0.015, BER: 0.004
2021-04-20 07:46:30,557 - Epoch: 100, SNRdB: 40.00, SER: 0.022, BER: 0.006
2021-04-20 07:46:30,607 - experiments_AWGN_order2_sharp/SISO_QAM256_AWGN_LINEAR_MMNet_500epochs/MMNet_10layers_epoch100.pth saved.
2021-04-20 08:18:00,842 - Testing at epoch 200
2021-04-20 08:18:01,235 - Epoch: 200, SNRdB: 1.00, SER: 0.830, BER: 0.381
2021-04-20 08:18:01,309 - Epoch: 200, SNRdB: 2.00, SER: 0.816, BER: 0.374
2021-04-20 08:18:01,370 - Epoch: 200, SNRdB: 3.00, SER: 0.803, BER: 0.358
2021-04-20 08:18:01,430 - Epoch: 200, SNRdB: 4.00, SER: 0.771, BER: 0.335
2021-04-20 08:18:01,591 - Epoch: 200, SNRdB: 5.00, SER: 0.754, BER: 0.333
2021-04-20 08:18:01,650 - Epoch: 200, SNRdB: 6.00, SER: 0.739, BER: 0.313
2021-04-20 08:18:01,754 - Epoch: 200, SNRdB: 7.00, SER: 0.719, BER: 0.305
2021-04-20 08:18:01,809 - Epoch: 200, SNRdB: 8.00, SER: 0.684, BER: 0.296
2021-04-20 08:18:01,890 - Epoch: 200, SNRdB: 9.00, SER: 0.638, BER: 0.268
2021-04-20 08:18:01,944 - Epoch: 200, SNRdB: 10.00, SER: 0.623, BER: 0.257
2021-04-20 08:18:02,015 - Epoch: 200, SNRdB: 11.00, SER: 0.587, BER: 0.243
2021-04-20 08:18:02,073 - Epoch: 200, SNRdB: 12.00, SER: 0.563, BER: 0.235
2021-04-20 08:18:02,140 - Epoch: 200, SNRdB: 13.00, SER: 0.512, BER: 0.212
2021-04-20 08:18:02,197 - Epoch: 200, SNRdB: 14.00, SER: 0.472, BER: 0.197
2021-04-20 08:18:02,264 - Epoch: 200, SNRdB: 15.00, SER: 0.441, BER: 0.188
2021-04-20 08:18:02,321 - Epoch: 200, SNRdB: 16.00, SER: 0.402, BER: 0.166
2021-04-20 08:18:02,389 - Epoch: 200, SNRdB: 17.00, SER: 0.351, BER: 0.147
2021-04-20 08:18:02,446 - Epoch: 200, SNRdB: 18.00, SER: 0.301, BER: 0.127
2021-04-20 08:18:02,515 - Epoch: 200, SNRdB: 19.00, SER: 0.274, BER: 0.112
2021-04-20 08:18:02,567 - Epoch: 200, SNRdB: 20.00, SER: 0.239, BER: 0.096
2021-04-20 08:18:02,634 - Epoch: 200, SNRdB: 21.00, SER: 0.188, BER: 0.076
2021-04-20 08:18:02,707 - Epoch: 200, SNRdB: 22.00, SER: 0.156, BER: 0.059
2021-04-20 08:18:02,760 - Epoch: 200, SNRdB: 23.00, SER: 0.126, BER: 0.048
2021-04-20 08:18:02,898 - Epoch: 200, SNRdB: 24.00, SER: 0.100, BER: 0.039
2021-04-20 08:18:02,970 - Epoch: 200, SNRdB: 25.00, SER: 0.080, BER: 0.029
2021-04-20 08:18:03,030 - Epoch: 200, SNRdB: 26.00, SER: 0.058, BER: 0.020
2021-04-20 08:18:03,086 - Epoch: 200, SNRdB: 27.00, SER: 0.044, BER: 0.015
2021-04-20 08:18:03,143 - Epoch: 200, SNRdB: 28.00, SER: 0.035, BER: 0.011
2021-04-20 08:18:03,200 - Epoch: 200, SNRdB: 29.00, SER: 0.030, BER: 0.010
2021-04-20 08:18:03,262 - Epoch: 200, SNRdB: 30.00, SER: 0.026, BER: 0.007
2021-04-20 08:18:03,319 - Epoch: 200, SNRdB: 31.00, SER: 0.023, BER: 0.007
2021-04-20 08:18:03,399 - Epoch: 200, SNRdB: 32.00, SER: 0.020, BER: 0.005
2021-04-20 08:18:03,453 - Epoch: 200, SNRdB: 33.00, SER: 0.022, BER: 0.006
2021-04-20 08:18:03,538 - Epoch: 200, SNRdB: 34.00, SER: 0.019, BER: 0.005
2021-04-20 08:18:03,592 - Epoch: 200, SNRdB: 35.00, SER: 0.021, BER: 0.006
2021-04-20 08:18:03,675 - Epoch: 200, SNRdB: 36.00, SER: 0.021, BER: 0.005
2021-04-20 08:18:03,729 - Epoch: 200, SNRdB: 37.00, SER: 0.016, BER: 0.004
2021-04-20 08:18:03,811 - Epoch: 200, SNRdB: 38.00, SER: 0.020, BER: 0.005
2021-04-20 08:18:03,860 - Epoch: 200, SNRdB: 39.00, SER: 0.014, BER: 0.004
2021-04-20 08:18:03,961 - Epoch: 200, SNRdB: 40.00, SER: 0.014, BER: 0.004
2021-04-20 08:18:04,010 - experiments_AWGN_order2_sharp/SISO_QAM256_AWGN_LINEAR_MMNet_500epochs/MMNet_10layers_epoch200.pth saved.
2021-04-20 08:49:38,275 - Testing at epoch 300
2021-04-20 08:49:38,691 - Epoch: 300, SNRdB: 1.00, SER: 0.833, BER: 0.381
2021-04-20 08:49:38,747 - Epoch: 300, SNRdB: 2.00, SER: 0.828, BER: 0.371
2021-04-20 08:49:38,844 - Epoch: 300, SNRdB: 3.00, SER: 0.816, BER: 0.365
2021-04-20 08:49:38,899 - Epoch: 300, SNRdB: 4.00, SER: 0.780, BER: 0.344
2021-04-20 08:49:39,020 - Epoch: 300, SNRdB: 5.00, SER: 0.754, BER: 0.328
2021-04-20 08:49:39,081 - Epoch: 300, SNRdB: 6.00, SER: 0.727, BER: 0.311
2021-04-20 08:49:39,153 - Epoch: 300, SNRdB: 7.00, SER: 0.707, BER: 0.304
2021-04-20 08:49:39,208 - Epoch: 300, SNRdB: 8.00, SER: 0.672, BER: 0.283
2021-04-20 08:49:39,332 - Epoch: 300, SNRdB: 9.00, SER: 0.635, BER: 0.268
2021-04-20 08:49:39,394 - Epoch: 300, SNRdB: 10.00, SER: 0.629, BER: 0.262
2021-04-20 08:49:39,453 - Epoch: 300, SNRdB: 11.00, SER: 0.581, BER: 0.246
2021-04-20 08:49:39,508 - Epoch: 300, SNRdB: 12.00, SER: 0.552, BER: 0.227
2021-04-20 08:49:39,584 - Epoch: 300, SNRdB: 13.00, SER: 0.520, BER: 0.219
2021-04-20 08:49:39,638 - Epoch: 300, SNRdB: 14.00, SER: 0.478, BER: 0.196
2021-04-20 08:49:39,724 - Epoch: 300, SNRdB: 15.00, SER: 0.422, BER: 0.175
2021-04-20 08:49:39,779 - Epoch: 300, SNRdB: 16.00, SER: 0.396, BER: 0.163
2021-04-20 08:49:39,862 - Epoch: 300, SNRdB: 17.00, SER: 0.347, BER: 0.142
2021-04-20 08:49:39,917 - Epoch: 300, SNRdB: 18.00, SER: 0.329, BER: 0.129
2021-04-20 08:49:40,000 - Epoch: 300, SNRdB: 19.00, SER: 0.284, BER: 0.113
2021-04-20 08:49:40,054 - Epoch: 300, SNRdB: 20.00, SER: 0.220, BER: 0.088
2021-04-20 08:49:40,136 - Epoch: 300, SNRdB: 21.00, SER: 0.195, BER: 0.079
2021-04-20 08:49:40,190 - Epoch: 300, SNRdB: 22.00, SER: 0.159, BER: 0.063
2021-04-20 08:49:40,275 - Epoch: 300, SNRdB: 23.00, SER: 0.124, BER: 0.047
2021-04-20 08:49:40,324 - Epoch: 300, SNRdB: 24.00, SER: 0.110, BER: 0.042
2021-04-20 08:49:40,406 - Epoch: 300, SNRdB: 25.00, SER: 0.069, BER: 0.023
2021-04-20 08:49:40,454 - Epoch: 300, SNRdB: 26.00, SER: 0.057, BER: 0.021
2021-04-20 08:49:40,543 - Epoch: 300, SNRdB: 27.00, SER: 0.039, BER: 0.012
2021-04-20 08:49:40,591 - Epoch: 300, SNRdB: 28.00, SER: 0.040, BER: 0.013
2021-04-20 08:49:40,682 - Epoch: 300, SNRdB: 29.00, SER: 0.028, BER: 0.008
2021-04-20 08:49:40,730 - Epoch: 300, SNRdB: 30.00, SER: 0.026, BER: 0.007
2021-04-20 08:49:40,821 - Epoch: 300, SNRdB: 31.00, SER: 0.022, BER: 0.005
2021-04-20 08:49:40,870 - Epoch: 300, SNRdB: 32.00, SER: 0.024, BER: 0.006
2021-04-20 08:49:40,968 - Epoch: 300, SNRdB: 33.00, SER: 0.029, BER: 0.007
2021-04-20 08:49:41,029 - Epoch: 300, SNRdB: 34.00, SER: 0.023, BER: 0.006
2021-04-20 08:49:41,109 - Epoch: 300, SNRdB: 35.00, SER: 0.023, BER: 0.006
2021-04-20 08:49:41,170 - Epoch: 300, SNRdB: 36.00, SER: 0.028, BER: 0.007
2021-04-20 08:49:41,242 - Epoch: 300, SNRdB: 37.00, SER: 0.023, BER: 0.006
2021-04-20 08:49:41,300 - Epoch: 300, SNRdB: 38.00, SER: 0.023, BER: 0.006
2021-04-20 08:49:41,370 - Epoch: 300, SNRdB: 39.00, SER: 0.017, BER: 0.004
2021-04-20 08:49:41,428 - Epoch: 300, SNRdB: 40.00, SER: 0.023, BER: 0.006
2021-04-20 08:49:41,469 - experiments_AWGN_order2_sharp/SISO_QAM256_AWGN_LINEAR_MMNet_500epochs/MMNet_10layers_epoch300.pth saved.
2021-04-20 09:21:07,601 - Testing at epoch 400
2021-04-20 09:21:07,913 - Epoch: 400, SNRdB: 1.00, SER: 0.823, BER: 0.378
2021-04-20 09:21:07,972 - Epoch: 400, SNRdB: 2.00, SER: 0.820, BER: 0.375
2021-04-20 09:21:08,029 - Epoch: 400, SNRdB: 3.00, SER: 0.803, BER: 0.356
2021-04-20 09:21:08,087 - Epoch: 400, SNRdB: 4.00, SER: 0.787, BER: 0.344
2021-04-20 09:21:08,167 - Epoch: 400, SNRdB: 5.00, SER: 0.761, BER: 0.330
2021-04-20 09:21:08,223 - Epoch: 400, SNRdB: 6.00, SER: 0.721, BER: 0.314
2021-04-20 09:21:08,303 - Epoch: 400, SNRdB: 7.00, SER: 0.706, BER: 0.301
2021-04-20 09:21:08,357 - Epoch: 400, SNRdB: 8.00, SER: 0.681, BER: 0.289
2021-04-20 09:21:08,441 - Epoch: 400, SNRdB: 9.00, SER: 0.646, BER: 0.279
2021-04-20 09:21:08,495 - Epoch: 400, SNRdB: 10.00, SER: 0.603, BER: 0.258
2021-04-20 09:21:08,628 - Epoch: 400, SNRdB: 11.00, SER: 0.577, BER: 0.246
2021-04-20 09:21:08,706 - Epoch: 400, SNRdB: 12.00, SER: 0.546, BER: 0.228
2021-04-20 09:21:08,770 - Epoch: 400, SNRdB: 13.00, SER: 0.521, BER: 0.216
2021-04-20 09:21:08,824 - Epoch: 400, SNRdB: 14.00, SER: 0.457, BER: 0.196
2021-04-20 09:21:08,883 - Epoch: 400, SNRdB: 15.00, SER: 0.434, BER: 0.179
2021-04-20 09:21:08,938 - Epoch: 400, SNRdB: 16.00, SER: 0.388, BER: 0.156
2021-04-20 09:21:08,998 - Epoch: 400, SNRdB: 17.00, SER: 0.358, BER: 0.146
2021-04-20 09:21:09,053 - Epoch: 400, SNRdB: 18.00, SER: 0.333, BER: 0.135
2021-04-20 09:21:09,131 - Epoch: 400, SNRdB: 19.00, SER: 0.269, BER: 0.112
2021-04-20 09:21:09,185 - Epoch: 400, SNRdB: 20.00, SER: 0.229, BER: 0.091
2021-04-20 09:21:09,274 - Epoch: 400, SNRdB: 21.00, SER: 0.194, BER: 0.079
2021-04-20 09:21:09,327 - Epoch: 400, SNRdB: 22.00, SER: 0.160, BER: 0.063
2021-04-20 09:21:09,411 - Epoch: 400, SNRdB: 23.00, SER: 0.119, BER: 0.044
2021-04-20 09:21:09,465 - Epoch: 400, SNRdB: 24.00, SER: 0.101, BER: 0.039
2021-04-20 09:21:09,549 - Epoch: 400, SNRdB: 25.00, SER: 0.072, BER: 0.027
2021-04-20 09:21:09,596 - Epoch: 400, SNRdB: 26.00, SER: 0.065, BER: 0.022
2021-04-20 09:21:09,703 - Epoch: 400, SNRdB: 27.00, SER: 0.052, BER: 0.016
2021-04-20 09:21:09,759 - Epoch: 400, SNRdB: 28.00, SER: 0.029, BER: 0.009
2021-04-20 09:21:09,825 - Epoch: 400, SNRdB: 29.00, SER: 0.035, BER: 0.011
2021-04-20 09:21:09,880 - Epoch: 400, SNRdB: 30.00, SER: 0.023, BER: 0.007
2021-04-20 09:21:09,963 - Epoch: 400, SNRdB: 31.00, SER: 0.024, BER: 0.006
2021-04-20 09:21:10,017 - Epoch: 400, SNRdB: 32.00, SER: 0.019, BER: 0.005
2021-04-20 09:21:10,104 - Epoch: 400, SNRdB: 33.00, SER: 0.019, BER: 0.005
2021-04-20 09:21:10,158 - Epoch: 400, SNRdB: 34.00, SER: 0.025, BER: 0.007
2021-04-20 09:21:10,240 - Epoch: 400, SNRdB: 35.00, SER: 0.022, BER: 0.006
2021-04-20 09:21:10,294 - Epoch: 400, SNRdB: 36.00, SER: 0.023, BER: 0.006
2021-04-20 09:21:10,377 - Epoch: 400, SNRdB: 37.00, SER: 0.029, BER: 0.008
2021-04-20 09:21:10,426 - Epoch: 400, SNRdB: 38.00, SER: 0.023, BER: 0.006
2021-04-20 09:21:10,572 - Epoch: 400, SNRdB: 39.00, SER: 0.021, BER: 0.005
2021-04-20 09:21:10,621 - Epoch: 400, SNRdB: 40.00, SER: 0.018, BER: 0.005
2021-04-20 09:21:10,666 - experiments_AWGN_order2_sharp/SISO_QAM256_AWGN_LINEAR_MMNet_500epochs/MMNet_10layers_epoch400.pth saved.
2021-04-20 09:52:35,568 - Testing at epoch 500
2021-04-20 09:52:35,940 - Epoch: 500, SNRdB: 1.00, SER: 0.845, BER: 0.385
2021-04-20 09:52:36,015 - Epoch: 500, SNRdB: 2.00, SER: 0.821, BER: 0.375
2021-04-20 09:52:36,075 - Epoch: 500, SNRdB: 3.00, SER: 0.815, BER: 0.368
2021-04-20 09:52:36,133 - Epoch: 500, SNRdB: 4.00, SER: 0.787, BER: 0.348
2021-04-20 09:52:36,211 - Epoch: 500, SNRdB: 5.00, SER: 0.755, BER: 0.320
2021-04-20 09:52:36,269 - Epoch: 500, SNRdB: 6.00, SER: 0.734, BER: 0.318
2021-04-20 09:52:36,400 - Epoch: 500, SNRdB: 7.00, SER: 0.712, BER: 0.310
2021-04-20 09:52:36,462 - Epoch: 500, SNRdB: 8.00, SER: 0.664, BER: 0.285
2021-04-20 09:52:36,519 - Epoch: 500, SNRdB: 9.00, SER: 0.652, BER: 0.274
2021-04-20 09:52:36,577 - Epoch: 500, SNRdB: 10.00, SER: 0.625, BER: 0.262
2021-04-20 09:52:36,652 - Epoch: 500, SNRdB: 11.00, SER: 0.581, BER: 0.238
2021-04-20 09:52:36,711 - Epoch: 500, SNRdB: 12.00, SER: 0.565, BER: 0.237
2021-04-20 09:52:36,790 - Epoch: 500, SNRdB: 13.00, SER: 0.507, BER: 0.211
2021-04-20 09:52:36,848 - Epoch: 500, SNRdB: 14.00, SER: 0.461, BER: 0.189
2021-04-20 09:52:36,930 - Epoch: 500, SNRdB: 15.00, SER: 0.429, BER: 0.176
2021-04-20 09:52:36,987 - Epoch: 500, SNRdB: 16.00, SER: 0.399, BER: 0.171
2021-04-20 09:52:37,069 - Epoch: 500, SNRdB: 17.00, SER: 0.358, BER: 0.148
2021-04-20 09:52:37,126 - Epoch: 500, SNRdB: 18.00, SER: 0.305, BER: 0.122
2021-04-20 09:52:37,205 - Epoch: 500, SNRdB: 19.00, SER: 0.250, BER: 0.104
2021-04-20 09:52:37,262 - Epoch: 500, SNRdB: 20.00, SER: 0.239, BER: 0.094
2021-04-20 09:52:37,365 - Epoch: 500, SNRdB: 21.00, SER: 0.198, BER: 0.081
2021-04-20 09:52:37,429 - Epoch: 500, SNRdB: 22.00, SER: 0.152, BER: 0.057
2021-04-20 09:52:37,487 - Epoch: 500, SNRdB: 23.00, SER: 0.126, BER: 0.049
2021-04-20 09:52:37,545 - Epoch: 500, SNRdB: 24.00, SER: 0.096, BER: 0.036
2021-04-20 09:52:37,620 - Epoch: 500, SNRdB: 25.00, SER: 0.066, BER: 0.022
2021-04-20 09:52:37,678 - Epoch: 500, SNRdB: 26.00, SER: 0.063, BER: 0.021
2021-04-20 09:52:37,759 - Epoch: 500, SNRdB: 27.00, SER: 0.054, BER: 0.018
2021-04-20 09:52:37,817 - Epoch: 500, SNRdB: 28.00, SER: 0.035, BER: 0.011
2021-04-20 09:52:37,917 - Epoch: 500, SNRdB: 29.00, SER: 0.041, BER: 0.013
2021-04-20 09:52:38,022 - Epoch: 500, SNRdB: 30.00, SER: 0.024, BER: 0.006
2021-04-20 09:52:38,096 - Epoch: 500, SNRdB: 31.00, SER: 0.022, BER: 0.006
2021-04-20 09:52:38,157 - Epoch: 500, SNRdB: 32.00, SER: 0.021, BER: 0.005
2021-04-20 09:52:38,214 - Epoch: 500, SNRdB: 33.00, SER: 0.017, BER: 0.004
2021-04-20 09:52:38,273 - Epoch: 500, SNRdB: 34.00, SER: 0.017, BER: 0.005
2021-04-20 09:52:38,395 - Epoch: 500, SNRdB: 35.00, SER: 0.026, BER: 0.006
2021-04-20 09:52:38,462 - Epoch: 500, SNRdB: 36.00, SER: 0.016, BER: 0.004
2021-04-20 09:52:38,519 - Epoch: 500, SNRdB: 37.00, SER: 0.021, BER: 0.005
2021-04-20 09:52:38,576 - Epoch: 500, SNRdB: 38.00, SER: 0.024, BER: 0.006
2021-04-20 09:52:38,639 - Epoch: 500, SNRdB: 39.00, SER: 0.020, BER: 0.005
2021-04-20 09:52:38,697 - Epoch: 500, SNRdB: 40.00, SER: 0.021, BER: 0.005
2021-04-20 09:52:38,747 - experiments_AWGN_order2_sharp/SISO_QAM256_AWGN_LINEAR_MMNet_500epochs/MMNet_10layers_epoch500.pth saved.
2021-04-20 09:52:38,860 - experiments_AWGN_order2_sharp/SISO_QAM256_AWGN_LINEAR_MMNet_500epochs/loss_MMNet_10layers.pngsaved.
2021-04-20 09:52:39,535 - experiments_AWGN_order2_sharp/SISO_QAM256_AWGN_LINEAR_MMNet_500epochs/SER_MMNet_10layers.png saved.
2021-04-20 09:52:39,535 - experiments_AWGN_order2_sharp/SISO_QAM256_AWGN_LINEAR_MMNet_500epochs/BER_MMNet_10layers.png saved.
