2021-04-12 08:51:05,890 - Testing at epoch 30
2021-04-12 08:51:06,058 - Epoch: 30, SNRdB: 4.10, SER: 0.766, BER: 0.495
2021-04-12 08:51:06,072 - Epoch: 30, SNRdB: 5.38, SER: 0.762, BER: 0.504
2021-04-12 08:51:06,121 - Epoch: 30, SNRdB: 6.76, SER: 0.746, BER: 0.488
2021-04-12 08:51:06,131 - Epoch: 30, SNRdB: 9.24, SER: 0.768, BER: 0.521
2021-04-12 08:51:06,192 - Epoch: 30, SNRdB: 10.88, SER: 0.719, BER: 0.478
2021-04-12 08:51:06,205 - Epoch: 30, SNRdB: 12.42, SER: 0.773, BER: 0.494
2021-04-12 08:51:06,257 - Epoch: 30, SNRdB: 14.01, SER: 0.703, BER: 0.480
2021-04-12 08:51:06,268 - Epoch: 30, SNRdB: 13.44, SER: 0.756, BER: 0.496
2021-04-12 08:51:06,322 - Epoch: 30, SNRdB: 15.89, SER: 0.766, BER: 0.507
2021-04-12 08:51:06,332 - Epoch: 30, SNRdB: 15.96, SER: 0.746, BER: 0.503
2021-04-12 08:51:06,392 - Epoch: 30, SNRdB: 17.69, SER: 0.715, BER: 0.460
2021-04-12 08:51:06,405 - Epoch: 30, SNRdB: 18.78, SER: 0.762, BER: 0.512
2021-04-12 08:51:06,458 - Epoch: 30, SNRdB: 18.98, SER: 0.717, BER: 0.488
2021-04-12 08:51:06,469 - Epoch: 30, SNRdB: 18.46, SER: 0.787, BER: 0.535
2021-04-12 08:51:06,524 - Epoch: 30, SNRdB: 19.52, SER: 0.777, BER: 0.521
2021-04-12 08:51:06,533 - Epoch: 30, SNRdB: 20.95, SER: 0.779, BER: 0.520
2021-04-12 08:51:06,590 - Epoch: 30, SNRdB: 22.17, SER: 0.742, BER: 0.506
2021-04-12 08:51:06,600 - Epoch: 30, SNRdB: 21.82, SER: 0.768, BER: 0.524
2021-04-12 08:51:06,656 - Epoch: 30, SNRdB: 22.84, SER: 0.764, BER: 0.525
2021-04-12 08:51:06,666 - Epoch: 30, SNRdB: 22.09, SER: 0.781, BER: 0.516
2021-04-12 08:51:06,700 - experiments_RayleighFading/SISO_QAM16_Rayleigh_LINEAR_FCNet_90epochs/upstream1_downstream1_epoch30.pth saved.
2021-04-12 08:52:48,688 - Testing at epoch 60
2021-04-12 08:52:48,867 - Epoch: 60, SNRdB: 3.03, SER: 0.756, BER: 0.510
2021-04-12 08:52:48,883 - Epoch: 60, SNRdB: 4.06, SER: 0.773, BER: 0.513
2021-04-12 08:52:48,940 - Epoch: 60, SNRdB: 6.48, SER: 0.725, BER: 0.484
2021-04-12 08:52:48,965 - Epoch: 60, SNRdB: 9.04, SER: 0.732, BER: 0.482
2021-04-12 08:52:49,010 - Epoch: 60, SNRdB: 11.26, SER: 0.744, BER: 0.502
2021-04-12 08:52:49,034 - Epoch: 60, SNRdB: 12.60, SER: 0.787, BER: 0.521
2021-04-12 08:52:49,072 - Epoch: 60, SNRdB: 12.56, SER: 0.750, BER: 0.516
2021-04-12 08:52:49,140 - Epoch: 60, SNRdB: 15.78, SER: 0.770, BER: 0.510
2021-04-12 08:52:49,155 - Epoch: 60, SNRdB: 15.67, SER: 0.781, BER: 0.505
2021-04-12 08:52:49,217 - Epoch: 60, SNRdB: 17.85, SER: 0.750, BER: 0.503
2021-04-12 08:52:49,229 - Epoch: 60, SNRdB: 17.54, SER: 0.740, BER: 0.507
2021-04-12 08:52:49,281 - Epoch: 60, SNRdB: 17.97, SER: 0.762, BER: 0.508
2021-04-12 08:52:49,292 - Epoch: 60, SNRdB: 19.89, SER: 0.752, BER: 0.519
2021-04-12 08:52:49,348 - Epoch: 60, SNRdB: 19.69, SER: 0.762, BER: 0.509
2021-04-12 08:52:49,359 - Epoch: 60, SNRdB: 20.81, SER: 0.744, BER: 0.502
2021-04-12 08:52:49,419 - Epoch: 60, SNRdB: 21.11, SER: 0.764, BER: 0.528
2021-04-12 08:52:49,431 - Epoch: 60, SNRdB: 21.94, SER: 0.766, BER: 0.520
2021-04-12 08:52:49,484 - Epoch: 60, SNRdB: 21.68, SER: 0.771, BER: 0.505
2021-04-12 08:52:49,495 - Epoch: 60, SNRdB: 24.16, SER: 0.715, BER: 0.474
2021-04-12 08:52:49,542 - Epoch: 60, SNRdB: 22.47, SER: 0.742, BER: 0.476
2021-04-12 08:52:49,577 - experiments_RayleighFading/SISO_QAM16_Rayleigh_LINEAR_FCNet_90epochs/upstream1_downstream1_epoch60.pth saved.
2021-04-12 08:54:32,914 - Testing at epoch 90
2021-04-12 08:54:33,078 - Epoch: 90, SNRdB: 3.17, SER: 0.715, BER: 0.485
2021-04-12 08:54:33,127 - Epoch: 90, SNRdB: 4.75, SER: 0.744, BER: 0.479
2021-04-12 08:54:33,150 - Epoch: 90, SNRdB: 7.13, SER: 0.736, BER: 0.502
2021-04-12 08:54:33,192 - Epoch: 90, SNRdB: 8.77, SER: 0.732, BER: 0.499
2021-04-12 08:54:33,212 - Epoch: 90, SNRdB: 10.83, SER: 0.736, BER: 0.480
2021-04-12 08:54:33,256 - Epoch: 90, SNRdB: 12.48, SER: 0.721, BER: 0.482
2021-04-12 08:54:33,273 - Epoch: 90, SNRdB: 14.08, SER: 0.734, BER: 0.482
2021-04-12 08:54:33,322 - Epoch: 90, SNRdB: 12.98, SER: 0.750, BER: 0.504
2021-04-12 08:54:33,336 - Epoch: 90, SNRdB: 16.33, SER: 0.744, BER: 0.486
2021-04-12 08:54:33,396 - Epoch: 90, SNRdB: 17.33, SER: 0.746, BER: 0.501
2021-04-12 08:54:33,416 - Epoch: 90, SNRdB: 18.29, SER: 0.750, BER: 0.486
2021-04-12 08:54:33,461 - Epoch: 90, SNRdB: 17.31, SER: 0.756, BER: 0.503
2021-04-12 08:54:33,481 - Epoch: 90, SNRdB: 18.98, SER: 0.752, BER: 0.509
2021-04-12 08:54:33,524 - Epoch: 90, SNRdB: 19.55, SER: 0.717, BER: 0.464
2021-04-12 08:54:33,535 - Epoch: 90, SNRdB: 20.64, SER: 0.762, BER: 0.497
2021-04-12 08:54:33,594 - Epoch: 90, SNRdB: 21.08, SER: 0.701, BER: 0.462
2021-04-12 08:54:33,609 - Epoch: 90, SNRdB: 21.26, SER: 0.762, BER: 0.521
2021-04-12 08:54:33,659 - Epoch: 90, SNRdB: 21.16, SER: 0.725, BER: 0.478
2021-04-12 08:54:33,671 - Epoch: 90, SNRdB: 22.81, SER: 0.719, BER: 0.471
2021-04-12 08:54:33,733 - Epoch: 90, SNRdB: 22.38, SER: 0.729, BER: 0.486
2021-04-12 08:54:33,768 - experiments_RayleighFading/SISO_QAM16_Rayleigh_LINEAR_FCNet_90epochs/upstream1_downstream1_epoch90.pth saved.
2021-04-12 08:54:33,930 - experiments_RayleighFading/SISO_QAM16_Rayleigh_LINEAR_FCNet_90epochs/loss_FCNet_1upstream_1downstream.pngsaved.
2021-04-12 08:54:34,617 - experiments_RayleighFading/SISO_QAM16_Rayleigh_LINEAR_FCNet_90epochs/SER_upstream1_downstream1.png saved.
2021-04-12 08:54:34,617 - experiments_RayleighFading/SISO_QAM16_Rayleigh_LINEAR_FCNet_90epochs/BER_upstream1_downstream1.png saved.
