2021-03-22 19:02:32,315 - Testing at epoch 40
2021-03-22 19:02:32,402 - Epoch: 40, SNRdB: 1.00, SER: 0.800, BER: 0.500
2021-03-22 19:02:32,426 - Epoch: 40, SNRdB: 2.00, SER: 0.650, BER: 0.375
2021-03-22 19:02:32,448 - Epoch: 40, SNRdB: 3.00, SER: 0.700, BER: 0.425
2021-03-22 19:02:32,469 - Epoch: 40, SNRdB: 4.00, SER: 0.600, BER: 0.350
2021-03-22 19:02:32,489 - Epoch: 40, SNRdB: 5.00, SER: 0.650, BER: 0.375
2021-03-22 19:02:32,507 - Epoch: 40, SNRdB: 6.00, SER: 0.600, BER: 0.350
2021-03-22 19:02:32,525 - Epoch: 40, SNRdB: 7.00, SER: 0.600, BER: 0.375
2021-03-22 19:02:32,542 - Epoch: 40, SNRdB: 8.00, SER: 0.700, BER: 0.425
2021-03-22 19:02:32,559 - Epoch: 40, SNRdB: 9.00, SER: 0.750, BER: 0.450
2021-03-22 19:02:32,576 - Epoch: 40, SNRdB: 10.00, SER: 0.700, BER: 0.400
2021-03-22 19:02:32,593 - Epoch: 40, SNRdB: 11.00, SER: 0.650, BER: 0.425
2021-03-22 19:02:32,610 - Epoch: 40, SNRdB: 12.00, SER: 0.700, BER: 0.400
2021-03-22 19:02:32,627 - Epoch: 40, SNRdB: 13.00, SER: 0.600, BER: 0.350
2021-03-22 19:02:32,644 - Epoch: 40, SNRdB: 14.00, SER: 0.650, BER: 0.400
2021-03-22 19:02:32,661 - Epoch: 40, SNRdB: 15.00, SER: 0.700, BER: 0.400
2021-03-22 19:02:32,679 - Epoch: 40, SNRdB: 16.00, SER: 0.750, BER: 0.450
2021-03-22 19:02:32,697 - Epoch: 40, SNRdB: 17.00, SER: 0.650, BER: 0.400
2021-03-22 19:02:32,714 - Epoch: 40, SNRdB: 18.00, SER: 0.600, BER: 0.375
2021-03-22 19:02:32,732 - Epoch: 40, SNRdB: 19.00, SER: 0.550, BER: 0.325
2021-03-22 19:02:32,749 - Epoch: 40, SNRdB: 20.00, SER: 0.750, BER: 0.475
2021-03-22 19:02:32,782 - experiments/10I10O_QAM16_AWGN_LINEAR_MMNet_Constant/MMNet_10layers_epoch40.pth saved.
2021-03-22 19:07:23,214 - Testing at epoch 80
2021-03-22 19:07:23,303 - Epoch: 80, SNRdB: 1.00, SER: 0.650, BER: 0.425
2021-03-22 19:07:23,324 - Epoch: 80, SNRdB: 2.00, SER: 0.550, BER: 0.300
2021-03-22 19:07:23,344 - Epoch: 80, SNRdB: 3.00, SER: 0.700, BER: 0.475
2021-03-22 19:07:23,364 - Epoch: 80, SNRdB: 4.00, SER: 0.600, BER: 0.350
2021-03-22 19:07:23,385 - Epoch: 80, SNRdB: 5.00, SER: 0.700, BER: 0.475
2021-03-22 19:07:23,407 - Epoch: 80, SNRdB: 6.00, SER: 0.650, BER: 0.400
2021-03-22 19:07:23,429 - Epoch: 80, SNRdB: 7.00, SER: 0.600, BER: 0.375
2021-03-22 19:07:23,449 - Epoch: 80, SNRdB: 8.00, SER: 0.700, BER: 0.475
2021-03-22 19:07:23,470 - Epoch: 80, SNRdB: 9.00, SER: 0.400, BER: 0.225
2021-03-22 19:07:23,491 - Epoch: 80, SNRdB: 10.00, SER: 0.450, BER: 0.250
2021-03-22 19:07:23,512 - Epoch: 80, SNRdB: 11.00, SER: 0.550, BER: 0.300
2021-03-22 19:07:23,533 - Epoch: 80, SNRdB: 12.00, SER: 0.350, BER: 0.200
2021-03-22 19:07:23,556 - Epoch: 80, SNRdB: 13.00, SER: 0.500, BER: 0.300
2021-03-22 19:07:23,578 - Epoch: 80, SNRdB: 14.00, SER: 0.350, BER: 0.200
2021-03-22 19:07:23,599 - Epoch: 80, SNRdB: 15.00, SER: 0.550, BER: 0.300
2021-03-22 19:07:23,620 - Epoch: 80, SNRdB: 16.00, SER: 0.450, BER: 0.250
2021-03-22 19:07:23,641 - Epoch: 80, SNRdB: 17.00, SER: 0.500, BER: 0.275
2021-03-22 19:07:23,663 - Epoch: 80, SNRdB: 18.00, SER: 0.400, BER: 0.225
2021-03-22 19:07:23,685 - Epoch: 80, SNRdB: 19.00, SER: 0.400, BER: 0.225
2021-03-22 19:07:23,704 - Epoch: 80, SNRdB: 20.00, SER: 0.400, BER: 0.225
2021-03-22 19:07:23,734 - experiments/10I10O_QAM16_AWGN_LINEAR_MMNet_Constant/MMNet_10layers_epoch80.pth saved.
2021-03-22 19:12:10,089 - Testing at epoch 120
2021-03-22 19:12:10,168 - Epoch: 120, SNRdB: 1.00, SER: 0.750, BER: 0.475
2021-03-22 19:12:10,184 - Epoch: 120, SNRdB: 2.00, SER: 0.750, BER: 0.500
2021-03-22 19:12:10,201 - Epoch: 120, SNRdB: 3.00, SER: 0.750, BER: 0.450
2021-03-22 19:12:10,218 - Epoch: 120, SNRdB: 4.00, SER: 0.400, BER: 0.200
2021-03-22 19:12:10,235 - Epoch: 120, SNRdB: 5.00, SER: 0.650, BER: 0.475
2021-03-22 19:12:10,253 - Epoch: 120, SNRdB: 6.00, SER: 0.700, BER: 0.425
2021-03-22 19:12:10,278 - Epoch: 120, SNRdB: 7.00, SER: 0.700, BER: 0.450
2021-03-22 19:12:10,301 - Epoch: 120, SNRdB: 8.00, SER: 0.500, BER: 0.300
2021-03-22 19:12:10,322 - Epoch: 120, SNRdB: 9.00, SER: 0.700, BER: 0.425
2021-03-22 19:12:10,342 - Epoch: 120, SNRdB: 10.00, SER: 0.500, BER: 0.300
2021-03-22 19:12:10,363 - Epoch: 120, SNRdB: 11.00, SER: 0.450, BER: 0.275
2021-03-22 19:12:10,384 - Epoch: 120, SNRdB: 12.00, SER: 0.650, BER: 0.400
2021-03-22 19:12:10,403 - Epoch: 120, SNRdB: 13.00, SER: 0.550, BER: 0.325
2021-03-22 19:12:10,421 - Epoch: 120, SNRdB: 14.00, SER: 0.400, BER: 0.225
2021-03-22 19:12:10,442 - Epoch: 120, SNRdB: 15.00, SER: 0.500, BER: 0.300
2021-03-22 19:12:10,462 - Epoch: 120, SNRdB: 16.00, SER: 0.600, BER: 0.375
2021-03-22 19:12:10,478 - Epoch: 120, SNRdB: 17.00, SER: 0.650, BER: 0.375
2021-03-22 19:12:10,493 - Epoch: 120, SNRdB: 18.00, SER: 0.500, BER: 0.300
2021-03-22 19:12:10,509 - Epoch: 120, SNRdB: 19.00, SER: 0.300, BER: 0.175
2021-03-22 19:12:10,529 - Epoch: 120, SNRdB: 20.00, SER: 0.500, BER: 0.300
2021-03-22 19:12:10,559 - experiments/10I10O_QAM16_AWGN_LINEAR_MMNet_Constant/MMNet_10layers_epoch120.pth saved.
2021-03-22 19:16:56,895 - Testing at epoch 160
2021-03-22 19:16:56,970 - Epoch: 160, SNRdB: 1.00, SER: 0.650, BER: 0.400
2021-03-22 19:16:56,991 - Epoch: 160, SNRdB: 2.00, SER: 0.700, BER: 0.425
2021-03-22 19:16:57,011 - Epoch: 160, SNRdB: 3.00, SER: 0.750, BER: 0.475
2021-03-22 19:16:57,033 - Epoch: 160, SNRdB: 4.00, SER: 0.650, BER: 0.425
2021-03-22 19:16:57,052 - Epoch: 160, SNRdB: 5.00, SER: 0.700, BER: 0.425
2021-03-22 19:16:57,067 - Epoch: 160, SNRdB: 6.00, SER: 0.650, BER: 0.375
2021-03-22 19:16:57,084 - Epoch: 160, SNRdB: 7.00, SER: 0.700, BER: 0.425
2021-03-22 19:16:57,104 - Epoch: 160, SNRdB: 8.00, SER: 0.650, BER: 0.400
2021-03-22 19:16:57,124 - Epoch: 160, SNRdB: 9.00, SER: 0.550, BER: 0.350
2021-03-22 19:16:57,144 - Epoch: 160, SNRdB: 10.00, SER: 0.700, BER: 0.450
2021-03-22 19:16:57,164 - Epoch: 160, SNRdB: 11.00, SER: 0.700, BER: 0.450
2021-03-22 19:16:57,184 - Epoch: 160, SNRdB: 12.00, SER: 0.750, BER: 0.500
2021-03-22 19:16:57,205 - Epoch: 160, SNRdB: 13.00, SER: 0.450, BER: 0.250
2021-03-22 19:16:57,226 - Epoch: 160, SNRdB: 14.00, SER: 0.700, BER: 0.475
2021-03-22 19:16:57,247 - Epoch: 160, SNRdB: 15.00, SER: 0.700, BER: 0.475
2021-03-22 19:16:57,263 - Epoch: 160, SNRdB: 16.00, SER: 0.750, BER: 0.500
2021-03-22 19:16:57,279 - Epoch: 160, SNRdB: 17.00, SER: 0.700, BER: 0.475
2021-03-22 19:16:57,295 - Epoch: 160, SNRdB: 18.00, SER: 0.600, BER: 0.400
2021-03-22 19:16:57,311 - Epoch: 160, SNRdB: 19.00, SER: 0.750, BER: 0.500
2021-03-22 19:16:57,326 - Epoch: 160, SNRdB: 20.00, SER: 0.700, BER: 0.450
2021-03-22 19:16:57,368 - experiments/10I10O_QAM16_AWGN_LINEAR_MMNet_Constant/MMNet_10layers_epoch160.pth saved.
2021-03-22 19:21:43,688 - Testing at epoch 200
2021-03-22 19:21:43,750 - Epoch: 200, SNRdB: 1.00, SER: 0.700, BER: 0.400
2021-03-22 19:21:43,769 - Epoch: 200, SNRdB: 2.00, SER: 0.650, BER: 0.400
2021-03-22 19:21:43,790 - Epoch: 200, SNRdB: 3.00, SER: 0.550, BER: 0.300
2021-03-22 19:21:43,811 - Epoch: 200, SNRdB: 4.00, SER: 0.600, BER: 0.375
2021-03-22 19:21:43,832 - Epoch: 200, SNRdB: 5.00, SER: 0.600, BER: 0.350
2021-03-22 19:21:43,853 - Epoch: 200, SNRdB: 6.00, SER: 0.500, BER: 0.275
2021-03-22 19:21:43,872 - Epoch: 200, SNRdB: 7.00, SER: 0.650, BER: 0.400
2021-03-22 19:21:43,891 - Epoch: 200, SNRdB: 8.00, SER: 0.600, BER: 0.375
2021-03-22 19:21:43,910 - Epoch: 200, SNRdB: 9.00, SER: 0.750, BER: 0.500
2021-03-22 19:21:43,927 - Epoch: 200, SNRdB: 10.00, SER: 0.800, BER: 0.525
2021-03-22 19:21:43,941 - Epoch: 200, SNRdB: 11.00, SER: 0.650, BER: 0.450
2021-03-22 19:21:43,956 - Epoch: 200, SNRdB: 12.00, SER: 0.750, BER: 0.500
2021-03-22 19:21:43,970 - Epoch: 200, SNRdB: 13.00, SER: 0.750, BER: 0.475
2021-03-22 19:21:43,985 - Epoch: 200, SNRdB: 14.00, SER: 0.750, BER: 0.500
2021-03-22 19:21:43,999 - Epoch: 200, SNRdB: 15.00, SER: 0.700, BER: 0.475
2021-03-22 19:21:44,014 - Epoch: 200, SNRdB: 16.00, SER: 0.750, BER: 0.475
2021-03-22 19:21:44,028 - Epoch: 200, SNRdB: 17.00, SER: 0.750, BER: 0.500
2021-03-22 19:21:44,043 - Epoch: 200, SNRdB: 18.00, SER: 0.750, BER: 0.500
2021-03-22 19:21:44,058 - Epoch: 200, SNRdB: 19.00, SER: 0.750, BER: 0.500
2021-03-22 19:21:44,077 - Epoch: 200, SNRdB: 20.00, SER: 0.750, BER: 0.500
2021-03-22 19:21:44,115 - experiments/10I10O_QAM16_AWGN_LINEAR_MMNet_Constant/MMNet_10layers_epoch200.pth saved.
2021-03-22 19:21:44,265 - experiments/10I10O_QAM16_AWGN_LINEAR_MMNet_Constant/loss_MMNet_10layers.pngsaved.
2021-03-22 19:21:45,008 - experiments/10I10O_QAM16_AWGN_LINEAR_MMNet_Constant/SER_MMNet_10layers.png saved.
2021-03-22 19:21:45,008 - experiments/10I10O_QAM16_AWGN_LINEAR_MMNet_Constant/BER_MMNet_10layers.png saved.
