2021-04-14 23:31:19,770 - Testing at epoch 100
2021-04-14 23:31:19,884 - Epoch: 100, SNRdB: 1.00, SER: 0.688, BER: 0.364
2021-04-14 23:31:19,897 - Epoch: 100, SNRdB: 2.00, SER: 0.631, BER: 0.324
2021-04-14 23:31:19,922 - Epoch: 100, SNRdB: 3.00, SER: 0.596, BER: 0.294
2021-04-14 23:31:19,947 - Epoch: 100, SNRdB: 4.00, SER: 0.551, BER: 0.269
2021-04-14 23:31:19,963 - Epoch: 100, SNRdB: 5.00, SER: 0.562, BER: 0.288
2021-04-14 23:31:20,000 - Epoch: 100, SNRdB: 6.00, SER: 0.494, BER: 0.239
2021-04-14 23:31:20,012 - Epoch: 100, SNRdB: 7.00, SER: 0.428, BER: 0.217
2021-04-14 23:31:20,048 - Epoch: 100, SNRdB: 8.00, SER: 0.459, BER: 0.221
2021-04-14 23:31:20,058 - Epoch: 100, SNRdB: 9.00, SER: 0.406, BER: 0.199
2021-04-14 23:31:20,094 - Epoch: 100, SNRdB: 10.00, SER: 0.402, BER: 0.199
2021-04-14 23:31:20,104 - Epoch: 100, SNRdB: 11.00, SER: 0.354, BER: 0.169
2021-04-14 23:31:20,179 - Epoch: 100, SNRdB: 12.00, SER: 0.330, BER: 0.167
2021-04-14 23:31:20,189 - Epoch: 100, SNRdB: 13.00, SER: 0.334, BER: 0.160
2021-04-14 23:31:20,237 - Epoch: 100, SNRdB: 14.00, SER: 0.326, BER: 0.150
2021-04-14 23:31:20,247 - Epoch: 100, SNRdB: 15.00, SER: 0.285, BER: 0.131
2021-04-14 23:31:20,289 - Epoch: 100, SNRdB: 16.00, SER: 0.277, BER: 0.124
2021-04-14 23:31:20,299 - Epoch: 100, SNRdB: 17.00, SER: 0.242, BER: 0.111
2021-04-14 23:31:20,334 - Epoch: 100, SNRdB: 18.00, SER: 0.244, BER: 0.107
2021-04-14 23:31:20,344 - Epoch: 100, SNRdB: 19.00, SER: 0.217, BER: 0.100
2021-04-14 23:31:20,388 - Epoch: 100, SNRdB: 20.00, SER: 0.240, BER: 0.102
2021-04-14 23:31:20,425 - experiments_AWGN/SISO_QAM64_AWGN_LINEAR_FCNet_500epochs/upstream1_downstream1_epoch100.pth saved.
2021-04-14 23:35:19,330 - Testing at epoch 200
2021-04-14 23:35:19,481 - Epoch: 200, SNRdB: 1.00, SER: 0.648, BER: 0.328
2021-04-14 23:35:19,496 - Epoch: 200, SNRdB: 2.00, SER: 0.598, BER: 0.301
2021-04-14 23:35:19,534 - Epoch: 200, SNRdB: 3.00, SER: 0.609, BER: 0.313
2021-04-14 23:35:19,547 - Epoch: 200, SNRdB: 4.00, SER: 0.566, BER: 0.288
2021-04-14 23:35:19,583 - Epoch: 200, SNRdB: 5.00, SER: 0.557, BER: 0.285
2021-04-14 23:35:19,594 - Epoch: 200, SNRdB: 6.00, SER: 0.480, BER: 0.229
2021-04-14 23:35:19,627 - Epoch: 200, SNRdB: 7.00, SER: 0.457, BER: 0.216
2021-04-14 23:35:19,646 - Epoch: 200, SNRdB: 8.00, SER: 0.463, BER: 0.236
2021-04-14 23:35:19,674 - Epoch: 200, SNRdB: 9.00, SER: 0.393, BER: 0.190
2021-04-14 23:35:19,691 - Epoch: 200, SNRdB: 10.00, SER: 0.412, BER: 0.212
2021-04-14 23:35:19,719 - Epoch: 200, SNRdB: 11.00, SER: 0.387, BER: 0.186
2021-04-14 23:35:19,749 - Epoch: 200, SNRdB: 12.00, SER: 0.342, BER: 0.165
2021-04-14 23:35:19,771 - Epoch: 200, SNRdB: 13.00, SER: 0.350, BER: 0.159
2021-04-14 23:35:19,805 - Epoch: 200, SNRdB: 14.00, SER: 0.287, BER: 0.130
2021-04-14 23:35:19,823 - Epoch: 200, SNRdB: 15.00, SER: 0.301, BER: 0.154
2021-04-14 23:35:19,854 - Epoch: 200, SNRdB: 16.00, SER: 0.297, BER: 0.138
2021-04-14 23:35:19,870 - Epoch: 200, SNRdB: 17.00, SER: 0.266, BER: 0.121
2021-04-14 23:35:19,899 - Epoch: 200, SNRdB: 18.00, SER: 0.254, BER: 0.107
2021-04-14 23:35:19,912 - Epoch: 200, SNRdB: 19.00, SER: 0.240, BER: 0.112
2021-04-14 23:35:19,940 - Epoch: 200, SNRdB: 20.00, SER: 0.250, BER: 0.118
2021-04-14 23:35:19,968 - experiments_AWGN/SISO_QAM64_AWGN_LINEAR_FCNet_500epochs/upstream1_downstream1_epoch200.pth saved.
2021-04-14 23:39:19,699 - Testing at epoch 300
2021-04-14 23:39:19,839 - Epoch: 300, SNRdB: 1.00, SER: 0.631, BER: 0.307
2021-04-14 23:39:19,868 - Epoch: 300, SNRdB: 2.00, SER: 0.586, BER: 0.301
2021-04-14 23:39:19,879 - Epoch: 300, SNRdB: 3.00, SER: 0.586, BER: 0.292
2021-04-14 23:39:19,922 - Epoch: 300, SNRdB: 4.00, SER: 0.561, BER: 0.277
2021-04-14 23:39:19,932 - Epoch: 300, SNRdB: 5.00, SER: 0.520, BER: 0.260
2021-04-14 23:39:19,970 - Epoch: 300, SNRdB: 6.00, SER: 0.508, BER: 0.257
2021-04-14 23:39:19,980 - Epoch: 300, SNRdB: 7.00, SER: 0.500, BER: 0.244
2021-04-14 23:39:20,014 - Epoch: 300, SNRdB: 8.00, SER: 0.441, BER: 0.219
2021-04-14 23:39:20,024 - Epoch: 300, SNRdB: 9.00, SER: 0.438, BER: 0.207
2021-04-14 23:39:20,059 - Epoch: 300, SNRdB: 10.00, SER: 0.367, BER: 0.182
2021-04-14 23:39:20,069 - Epoch: 300, SNRdB: 11.00, SER: 0.377, BER: 0.187
2021-04-14 23:39:20,104 - Epoch: 300, SNRdB: 12.00, SER: 0.350, BER: 0.163
2021-04-14 23:39:20,114 - Epoch: 300, SNRdB: 13.00, SER: 0.334, BER: 0.165
2021-04-14 23:39:20,149 - Epoch: 300, SNRdB: 14.00, SER: 0.301, BER: 0.137
2021-04-14 23:39:20,159 - Epoch: 300, SNRdB: 15.00, SER: 0.303, BER: 0.143
2021-04-14 23:39:20,193 - Epoch: 300, SNRdB: 16.00, SER: 0.240, BER: 0.109
2021-04-14 23:39:20,203 - Epoch: 300, SNRdB: 17.00, SER: 0.195, BER: 0.090
2021-04-14 23:39:20,238 - Epoch: 300, SNRdB: 18.00, SER: 0.227, BER: 0.111
2021-04-14 23:39:20,248 - Epoch: 300, SNRdB: 19.00, SER: 0.236, BER: 0.105
2021-04-14 23:39:20,282 - Epoch: 300, SNRdB: 20.00, SER: 0.168, BER: 0.069
2021-04-14 23:39:20,313 - experiments_AWGN/SISO_QAM64_AWGN_LINEAR_FCNet_500epochs/upstream1_downstream1_epoch300.pth saved.
2021-04-14 23:43:18,155 - Testing at epoch 400
2021-04-14 23:43:18,306 - Epoch: 400, SNRdB: 1.00, SER: 0.629, BER: 0.342
2021-04-14 23:43:18,335 - Epoch: 400, SNRdB: 2.00, SER: 0.633, BER: 0.323
2021-04-14 23:43:18,358 - Epoch: 400, SNRdB: 3.00, SER: 0.629, BER: 0.318
2021-04-14 23:43:18,380 - Epoch: 400, SNRdB: 4.00, SER: 0.545, BER: 0.266
2021-04-14 23:43:18,404 - Epoch: 400, SNRdB: 5.00, SER: 0.504, BER: 0.258
2021-04-14 23:43:18,422 - Epoch: 400, SNRdB: 6.00, SER: 0.488, BER: 0.240
2021-04-14 23:43:18,448 - Epoch: 400, SNRdB: 7.00, SER: 0.461, BER: 0.241
2021-04-14 23:43:18,465 - Epoch: 400, SNRdB: 8.00, SER: 0.406, BER: 0.210
2021-04-14 23:43:18,493 - Epoch: 400, SNRdB: 9.00, SER: 0.428, BER: 0.213
2021-04-14 23:43:18,508 - Epoch: 400, SNRdB: 10.00, SER: 0.373, BER: 0.184
2021-04-14 23:43:18,537 - Epoch: 400, SNRdB: 11.00, SER: 0.357, BER: 0.174
2021-04-14 23:43:18,551 - Epoch: 400, SNRdB: 12.00, SER: 0.336, BER: 0.166
2021-04-14 23:43:18,582 - Epoch: 400, SNRdB: 13.00, SER: 0.309, BER: 0.148
2021-04-14 23:43:18,596 - Epoch: 400, SNRdB: 14.00, SER: 0.283, BER: 0.133
2021-04-14 23:43:18,628 - Epoch: 400, SNRdB: 15.00, SER: 0.271, BER: 0.120
2021-04-14 23:43:18,641 - Epoch: 400, SNRdB: 16.00, SER: 0.221, BER: 0.105
2021-04-14 23:43:18,673 - Epoch: 400, SNRdB: 17.00, SER: 0.195, BER: 0.086
2021-04-14 23:43:18,687 - Epoch: 400, SNRdB: 18.00, SER: 0.186, BER: 0.082
2021-04-14 23:43:18,718 - Epoch: 400, SNRdB: 19.00, SER: 0.168, BER: 0.074
2021-04-14 23:43:18,731 - Epoch: 400, SNRdB: 20.00, SER: 0.160, BER: 0.064
2021-04-14 23:43:18,765 - experiments_AWGN/SISO_QAM64_AWGN_LINEAR_FCNet_500epochs/upstream1_downstream1_epoch400.pth saved.
2021-04-14 23:47:11,234 - Testing at epoch 500
2021-04-14 23:47:11,367 - Epoch: 500, SNRdB: 1.00, SER: 0.654, BER: 0.327
2021-04-14 23:47:11,408 - Epoch: 500, SNRdB: 2.00, SER: 0.588, BER: 0.311
2021-04-14 23:47:11,423 - Epoch: 500, SNRdB: 3.00, SER: 0.553, BER: 0.268
2021-04-14 23:47:11,459 - Epoch: 500, SNRdB: 4.00, SER: 0.541, BER: 0.285
2021-04-14 23:47:11,472 - Epoch: 500, SNRdB: 5.00, SER: 0.496, BER: 0.243
2021-04-14 23:47:11,505 - Epoch: 500, SNRdB: 6.00, SER: 0.494, BER: 0.240
2021-04-14 23:47:11,517 - Epoch: 500, SNRdB: 7.00, SER: 0.418, BER: 0.199
2021-04-14 23:47:11,549 - Epoch: 500, SNRdB: 8.00, SER: 0.432, BER: 0.217
2021-04-14 23:47:11,561 - Epoch: 500, SNRdB: 9.00, SER: 0.387, BER: 0.193
2021-04-14 23:47:11,595 - Epoch: 500, SNRdB: 10.00, SER: 0.381, BER: 0.189
2021-04-14 23:47:11,606 - Epoch: 500, SNRdB: 11.00, SER: 0.328, BER: 0.150
2021-04-14 23:47:11,640 - Epoch: 500, SNRdB: 12.00, SER: 0.348, BER: 0.171
2021-04-14 23:47:11,654 - Epoch: 500, SNRdB: 13.00, SER: 0.309, BER: 0.145
2021-04-14 23:47:11,686 - Epoch: 500, SNRdB: 14.00, SER: 0.295, BER: 0.145
2021-04-14 23:47:11,699 - Epoch: 500, SNRdB: 15.00, SER: 0.236, BER: 0.112
2021-04-14 23:47:11,732 - Epoch: 500, SNRdB: 16.00, SER: 0.176, BER: 0.080
2021-04-14 23:47:11,746 - Epoch: 500, SNRdB: 17.00, SER: 0.209, BER: 0.090
2021-04-14 23:47:11,779 - Epoch: 500, SNRdB: 18.00, SER: 0.182, BER: 0.081
2021-04-14 23:47:11,809 - Epoch: 500, SNRdB: 19.00, SER: 0.188, BER: 0.083
2021-04-14 23:47:11,849 - Epoch: 500, SNRdB: 20.00, SER: 0.164, BER: 0.066
2021-04-14 23:47:11,880 - experiments_AWGN/SISO_QAM64_AWGN_LINEAR_FCNet_500epochs/upstream1_downstream1_epoch500.pth saved.
2021-04-14 23:47:12,053 - experiments_AWGN/SISO_QAM64_AWGN_LINEAR_FCNet_500epochs/loss_FCNet_1upstream_1downstream.pngsaved.
2021-04-14 23:47:12,669 - experiments_AWGN/SISO_QAM64_AWGN_LINEAR_FCNet_500epochs/SER_upstream1_downstream1.png saved.
2021-04-14 23:47:12,669 - experiments_AWGN/SISO_QAM64_AWGN_LINEAR_FCNet_500epochs/BER_upstream1_downstream1.png saved.
2021-04-21 05:01:48,266 - Testing at epoch 100
2021-04-21 05:01:48,608 - Epoch: 100, SNRdB: 1.00, SER: 0.647, BER: 0.331
2021-04-21 05:01:48,667 - Epoch: 100, SNRdB: 2.00, SER: 0.617, BER: 0.305
2021-04-21 05:01:48,728 - Epoch: 100, SNRdB: 3.00, SER: 0.602, BER: 0.304
2021-04-21 05:01:48,772 - Epoch: 100, SNRdB: 4.00, SER: 0.558, BER: 0.275
2021-04-21 05:01:48,878 - Epoch: 100, SNRdB: 5.00, SER: 0.511, BER: 0.257
2021-04-21 05:01:48,920 - Epoch: 100, SNRdB: 6.00, SER: 0.514, BER: 0.259
2021-04-21 05:01:49,027 - Epoch: 100, SNRdB: 7.00, SER: 0.466, BER: 0.232
2021-04-21 05:01:49,069 - Epoch: 100, SNRdB: 8.00, SER: 0.433, BER: 0.216
2021-04-21 05:01:49,161 - Epoch: 100, SNRdB: 9.00, SER: 0.400, BER: 0.196
2021-04-21 05:01:49,202 - Epoch: 100, SNRdB: 10.00, SER: 0.332, BER: 0.166
2021-04-21 05:01:49,295 - Epoch: 100, SNRdB: 11.00, SER: 0.321, BER: 0.156
2021-04-21 05:01:49,337 - Epoch: 100, SNRdB: 12.00, SER: 0.295, BER: 0.144
2021-04-21 05:01:49,483 - Epoch: 100, SNRdB: 13.00, SER: 0.258, BER: 0.125
2021-04-21 05:01:49,525 - Epoch: 100, SNRdB: 14.00, SER: 0.230, BER: 0.110
2021-04-21 05:01:49,617 - Epoch: 100, SNRdB: 15.00, SER: 0.188, BER: 0.087
2021-04-21 05:01:49,659 - Epoch: 100, SNRdB: 16.00, SER: 0.158, BER: 0.071
2021-04-21 05:01:49,754 - Epoch: 100, SNRdB: 17.00, SER: 0.136, BER: 0.063
2021-04-21 05:01:49,790 - Epoch: 100, SNRdB: 18.00, SER: 0.118, BER: 0.054
2021-04-21 05:01:49,880 - Epoch: 100, SNRdB: 19.00, SER: 0.101, BER: 0.044
2021-04-21 05:01:49,912 - Epoch: 100, SNRdB: 20.00, SER: 0.088, BER: 0.036
2021-04-21 05:01:50,013 - Epoch: 100, SNRdB: 21.00, SER: 0.064, BER: 0.025
2021-04-21 05:01:50,046 - Epoch: 100, SNRdB: 22.00, SER: 0.051, BER: 0.019
2021-04-21 05:01:50,149 - Epoch: 100, SNRdB: 23.00, SER: 0.045, BER: 0.017
2021-04-21 05:01:50,182 - Epoch: 100, SNRdB: 24.00, SER: 0.039, BER: 0.014
2021-04-21 05:01:50,283 - Epoch: 100, SNRdB: 25.00, SER: 0.038, BER: 0.013
2021-04-21 05:01:50,315 - Epoch: 100, SNRdB: 26.00, SER: 0.039, BER: 0.014
2021-04-21 05:01:50,418 - Epoch: 100, SNRdB: 27.00, SER: 0.035, BER: 0.012
2021-04-21 05:01:50,450 - Epoch: 100, SNRdB: 28.00, SER: 0.025, BER: 0.008
2021-04-21 05:01:50,550 - Epoch: 100, SNRdB: 29.00, SER: 0.027, BER: 0.009
2021-04-21 05:01:50,582 - Epoch: 100, SNRdB: 30.00, SER: 0.027, BER: 0.009
2021-04-21 05:01:50,622 - experiments_AWGN_order2_sharp/SISO_QAM64_AWGN_LINEAR_FCNet_500epochs/upstream4_downstream5_epoch100.pth saved.
2021-04-21 05:09:52,758 - Testing at epoch 200
2021-04-21 05:09:53,073 - Epoch: 200, SNRdB: 1.00, SER: 0.648, BER: 0.333
2021-04-21 05:09:53,133 - Epoch: 200, SNRdB: 2.00, SER: 0.636, BER: 0.319
2021-04-21 05:09:53,179 - Epoch: 200, SNRdB: 3.00, SER: 0.591, BER: 0.297
2021-04-21 05:09:53,224 - Epoch: 200, SNRdB: 4.00, SER: 0.561, BER: 0.289
2021-04-21 05:09:53,356 - Epoch: 200, SNRdB: 5.00, SER: 0.521, BER: 0.257
2021-04-21 05:09:53,432 - Epoch: 200, SNRdB: 6.00, SER: 0.481, BER: 0.244
2021-04-21 05:09:53,493 - Epoch: 200, SNRdB: 7.00, SER: 0.435, BER: 0.213
2021-04-21 05:09:53,585 - Epoch: 200, SNRdB: 8.00, SER: 0.423, BER: 0.205
2021-04-21 05:09:53,630 - Epoch: 200, SNRdB: 9.00, SER: 0.383, BER: 0.194
2021-04-21 05:09:53,737 - Epoch: 200, SNRdB: 10.00, SER: 0.349, BER: 0.174
2021-04-21 05:09:53,781 - Epoch: 200, SNRdB: 11.00, SER: 0.323, BER: 0.158
2021-04-21 05:09:53,870 - Epoch: 200, SNRdB: 12.00, SER: 0.261, BER: 0.125
2021-04-21 05:09:53,915 - Epoch: 200, SNRdB: 13.00, SER: 0.238, BER: 0.114
2021-04-21 05:09:54,026 - Epoch: 200, SNRdB: 14.00, SER: 0.212, BER: 0.104
2021-04-21 05:09:54,074 - Epoch: 200, SNRdB: 15.00, SER: 0.176, BER: 0.085
2021-04-21 05:09:54,137 - Epoch: 200, SNRdB: 16.00, SER: 0.146, BER: 0.072
2021-04-21 05:09:54,181 - Epoch: 200, SNRdB: 17.00, SER: 0.130, BER: 0.063
2021-04-21 05:09:54,283 - Epoch: 200, SNRdB: 18.00, SER: 0.087, BER: 0.038
2021-04-21 05:09:54,329 - Epoch: 200, SNRdB: 19.00, SER: 0.074, BER: 0.033
2021-04-21 05:09:54,405 - Epoch: 200, SNRdB: 20.00, SER: 0.063, BER: 0.028
2021-04-21 05:09:54,449 - Epoch: 200, SNRdB: 21.00, SER: 0.046, BER: 0.019
2021-04-21 05:09:54,570 - Epoch: 200, SNRdB: 22.00, SER: 0.041, BER: 0.017
2021-04-21 05:09:54,656 - Epoch: 200, SNRdB: 23.00, SER: 0.028, BER: 0.011
2021-04-21 05:09:54,741 - Epoch: 200, SNRdB: 24.00, SER: 0.026, BER: 0.010
2021-04-21 05:09:54,803 - Epoch: 200, SNRdB: 25.00, SER: 0.021, BER: 0.008
2021-04-21 05:09:54,853 - Epoch: 200, SNRdB: 26.00, SER: 0.017, BER: 0.006
2021-04-21 05:09:54,898 - Epoch: 200, SNRdB: 27.00, SER: 0.016, BER: 0.006
2021-04-21 05:09:54,945 - Epoch: 200, SNRdB: 28.00, SER: 0.012, BER: 0.004
2021-04-21 05:09:54,989 - Epoch: 200, SNRdB: 29.00, SER: 0.011, BER: 0.004
2021-04-21 05:09:55,074 - Epoch: 200, SNRdB: 30.00, SER: 0.008, BER: 0.003
2021-04-21 05:09:55,115 - experiments_AWGN_order2_sharp/SISO_QAM64_AWGN_LINEAR_FCNet_500epochs/upstream4_downstream5_epoch200.pth saved.
2021-04-21 05:17:57,176 - Testing at epoch 300
2021-04-21 05:17:57,446 - Epoch: 300, SNRdB: 1.00, SER: 0.641, BER: 0.318
2021-04-21 05:17:57,503 - Epoch: 300, SNRdB: 2.00, SER: 0.610, BER: 0.301
2021-04-21 05:17:57,552 - Epoch: 300, SNRdB: 3.00, SER: 0.606, BER: 0.300
2021-04-21 05:17:57,600 - Epoch: 300, SNRdB: 4.00, SER: 0.566, BER: 0.281
2021-04-21 05:17:57,767 - Epoch: 300, SNRdB: 5.00, SER: 0.536, BER: 0.262
2021-04-21 05:17:57,826 - Epoch: 300, SNRdB: 6.00, SER: 0.494, BER: 0.244
2021-04-21 05:17:57,877 - Epoch: 300, SNRdB: 7.00, SER: 0.464, BER: 0.233
2021-04-21 05:17:57,924 - Epoch: 300, SNRdB: 8.00, SER: 0.442, BER: 0.219
2021-04-21 05:17:58,015 - Epoch: 300, SNRdB: 9.00, SER: 0.379, BER: 0.186
2021-04-21 05:17:58,059 - Epoch: 300, SNRdB: 10.00, SER: 0.351, BER: 0.173
2021-04-21 05:17:58,139 - Epoch: 300, SNRdB: 11.00, SER: 0.329, BER: 0.161
2021-04-21 05:17:58,192 - Epoch: 300, SNRdB: 12.00, SER: 0.276, BER: 0.136
2021-04-21 05:17:58,273 - Epoch: 300, SNRdB: 13.00, SER: 0.235, BER: 0.116
2021-04-21 05:17:58,326 - Epoch: 300, SNRdB: 14.00, SER: 0.214, BER: 0.108
2021-04-21 05:17:58,407 - Epoch: 300, SNRdB: 15.00, SER: 0.168, BER: 0.084
2021-04-21 05:17:58,461 - Epoch: 300, SNRdB: 16.00, SER: 0.130, BER: 0.064
2021-04-21 05:17:58,540 - Epoch: 300, SNRdB: 17.00, SER: 0.110, BER: 0.050
2021-04-21 05:17:58,595 - Epoch: 300, SNRdB: 18.00, SER: 0.083, BER: 0.038
2021-04-21 05:17:58,676 - Epoch: 300, SNRdB: 19.00, SER: 0.067, BER: 0.030
2021-04-21 05:17:58,732 - Epoch: 300, SNRdB: 20.00, SER: 0.040, BER: 0.017
2021-04-21 05:17:58,811 - Epoch: 300, SNRdB: 21.00, SER: 0.032, BER: 0.014
2021-04-21 05:17:58,866 - Epoch: 300, SNRdB: 22.00, SER: 0.021, BER: 0.009
2021-04-21 05:17:58,945 - Epoch: 300, SNRdB: 23.00, SER: 0.014, BER: 0.005
2021-04-21 05:17:58,998 - Epoch: 300, SNRdB: 24.00, SER: 0.016, BER: 0.006
2021-04-21 05:17:59,077 - Epoch: 300, SNRdB: 25.00, SER: 0.011, BER: 0.004
2021-04-21 05:17:59,131 - Epoch: 300, SNRdB: 26.00, SER: 0.008, BER: 0.003
2021-04-21 05:17:59,211 - Epoch: 300, SNRdB: 27.00, SER: 0.001, BER: 0.000
2021-04-21 05:17:59,270 - Epoch: 300, SNRdB: 28.00, SER: 0.003, BER: 0.001
2021-04-21 05:17:59,348 - Epoch: 300, SNRdB: 29.00, SER: 0.001, BER: 0.000
2021-04-21 05:17:59,405 - Epoch: 300, SNRdB: 30.00, SER: 0.002, BER: 0.001
2021-04-21 05:17:59,449 - experiments_AWGN_order2_sharp/SISO_QAM64_AWGN_LINEAR_FCNet_500epochs/upstream4_downstream5_epoch300.pth saved.
2021-04-21 05:26:00,180 - Testing at epoch 400
2021-04-21 05:26:00,543 - Epoch: 400, SNRdB: 1.00, SER: 0.635, BER: 0.317
2021-04-21 05:26:00,602 - Epoch: 400, SNRdB: 2.00, SER: 0.621, BER: 0.308
2021-04-21 05:26:00,670 - Epoch: 400, SNRdB: 3.00, SER: 0.593, BER: 0.290
2021-04-21 05:26:00,713 - Epoch: 400, SNRdB: 4.00, SER: 0.559, BER: 0.277
2021-04-21 05:26:00,828 - Epoch: 400, SNRdB: 5.00, SER: 0.538, BER: 0.265
2021-04-21 05:26:00,871 - Epoch: 400, SNRdB: 6.00, SER: 0.530, BER: 0.263
2021-04-21 05:26:00,992 - Epoch: 400, SNRdB: 7.00, SER: 0.472, BER: 0.234
2021-04-21 05:26:01,034 - Epoch: 400, SNRdB: 8.00, SER: 0.432, BER: 0.214
2021-04-21 05:26:01,147 - Epoch: 400, SNRdB: 9.00, SER: 0.395, BER: 0.203
2021-04-21 05:26:01,191 - Epoch: 400, SNRdB: 10.00, SER: 0.349, BER: 0.170
2021-04-21 05:26:01,277 - Epoch: 400, SNRdB: 11.00, SER: 0.316, BER: 0.158
2021-04-21 05:26:01,318 - Epoch: 400, SNRdB: 12.00, SER: 0.277, BER: 0.140
2021-04-21 05:26:01,412 - Epoch: 400, SNRdB: 13.00, SER: 0.215, BER: 0.104
2021-04-21 05:26:01,453 - Epoch: 400, SNRdB: 14.00, SER: 0.195, BER: 0.095
2021-04-21 05:26:01,546 - Epoch: 400, SNRdB: 15.00, SER: 0.162, BER: 0.079
2021-04-21 05:26:01,588 - Epoch: 400, SNRdB: 16.00, SER: 0.113, BER: 0.052
2021-04-21 05:26:01,699 - Epoch: 400, SNRdB: 17.00, SER: 0.099, BER: 0.048
2021-04-21 05:26:01,748 - Epoch: 400, SNRdB: 18.00, SER: 0.077, BER: 0.034
2021-04-21 05:26:01,818 - Epoch: 400, SNRdB: 19.00, SER: 0.048, BER: 0.022
2021-04-21 05:26:01,878 - Epoch: 400, SNRdB: 20.00, SER: 0.030, BER: 0.013
2021-04-21 05:26:01,956 - Epoch: 400, SNRdB: 21.00, SER: 0.024, BER: 0.009
2021-04-21 05:26:01,998 - Epoch: 400, SNRdB: 22.00, SER: 0.015, BER: 0.007
2021-04-21 05:26:02,088 - Epoch: 400, SNRdB: 23.00, SER: 0.006, BER: 0.003
2021-04-21 05:26:02,129 - Epoch: 400, SNRdB: 24.00, SER: 0.002, BER: 0.001
2021-04-21 05:26:02,233 - Epoch: 400, SNRdB: 25.00, SER: 0.000, BER: 0.000
2021-04-21 05:26:02,279 - Epoch: 400, SNRdB: 26.00, SER: 0.000, BER: 0.000
2021-04-21 05:26:02,356 - Epoch: 400, SNRdB: 27.00, SER: 0.000, BER: 0.000
2021-04-21 05:26:02,397 - Epoch: 400, SNRdB: 28.00, SER: 0.001, BER: 0.000
2021-04-21 05:26:02,495 - Epoch: 400, SNRdB: 29.00, SER: 0.000, BER: 0.000
2021-04-21 05:26:02,537 - Epoch: 400, SNRdB: 30.00, SER: 0.000, BER: 0.000
2021-04-21 05:26:02,588 - experiments_AWGN_order2_sharp/SISO_QAM64_AWGN_LINEAR_FCNet_500epochs/upstream4_downstream5_epoch400.pth saved.
2021-04-21 05:34:01,140 - Testing at epoch 500
2021-04-21 05:34:01,469 - Epoch: 500, SNRdB: 1.00, SER: 0.641, BER: 0.324
2021-04-21 05:34:01,511 - Epoch: 500, SNRdB: 2.00, SER: 0.606, BER: 0.301
2021-04-21 05:34:01,635 - Epoch: 500, SNRdB: 3.00, SER: 0.598, BER: 0.299
2021-04-21 05:34:01,683 - Epoch: 500, SNRdB: 4.00, SER: 0.566, BER: 0.281
2021-04-21 05:34:01,785 - Epoch: 500, SNRdB: 5.00, SER: 0.530, BER: 0.260
2021-04-21 05:34:01,830 - Epoch: 500, SNRdB: 6.00, SER: 0.489, BER: 0.242
2021-04-21 05:34:01,947 - Epoch: 500, SNRdB: 7.00, SER: 0.458, BER: 0.227
2021-04-21 05:34:01,997 - Epoch: 500, SNRdB: 8.00, SER: 0.427, BER: 0.211
2021-04-21 05:34:02,080 - Epoch: 500, SNRdB: 9.00, SER: 0.401, BER: 0.192
2021-04-21 05:34:02,122 - Epoch: 500, SNRdB: 10.00, SER: 0.337, BER: 0.167
2021-04-21 05:34:02,239 - Epoch: 500, SNRdB: 11.00, SER: 0.297, BER: 0.145
2021-04-21 05:34:02,289 - Epoch: 500, SNRdB: 12.00, SER: 0.251, BER: 0.123
2021-04-21 05:34:02,354 - Epoch: 500, SNRdB: 13.00, SER: 0.235, BER: 0.115
2021-04-21 05:34:02,396 - Epoch: 500, SNRdB: 14.00, SER: 0.198, BER: 0.096
2021-04-21 05:34:02,491 - Epoch: 500, SNRdB: 15.00, SER: 0.158, BER: 0.077
2021-04-21 05:34:02,532 - Epoch: 500, SNRdB: 16.00, SER: 0.130, BER: 0.061
2021-04-21 05:34:02,650 - Epoch: 500, SNRdB: 17.00, SER: 0.113, BER: 0.055
2021-04-21 05:34:02,694 - Epoch: 500, SNRdB: 18.00, SER: 0.069, BER: 0.031
2021-04-21 05:34:02,758 - Epoch: 500, SNRdB: 19.00, SER: 0.061, BER: 0.028
2021-04-21 05:34:02,812 - Epoch: 500, SNRdB: 20.00, SER: 0.027, BER: 0.012
2021-04-21 05:34:02,896 - Epoch: 500, SNRdB: 21.00, SER: 0.028, BER: 0.013
2021-04-21 05:34:02,937 - Epoch: 500, SNRdB: 22.00, SER: 0.011, BER: 0.005
2021-04-21 05:34:03,031 - Epoch: 500, SNRdB: 23.00, SER: 0.006, BER: 0.002
2021-04-21 05:34:03,073 - Epoch: 500, SNRdB: 24.00, SER: 0.003, BER: 0.001
2021-04-21 05:34:03,239 - Epoch: 500, SNRdB: 25.00, SER: 0.001, BER: 0.000
2021-04-21 05:34:03,283 - Epoch: 500, SNRdB: 26.00, SER: 0.000, BER: 0.000
2021-04-21 05:34:03,396 - Epoch: 500, SNRdB: 27.00, SER: 0.000, BER: 0.000
2021-04-21 05:34:03,443 - Epoch: 500, SNRdB: 28.00, SER: 0.000, BER: 0.000
2021-04-21 05:34:03,558 - Epoch: 500, SNRdB: 29.00, SER: 0.000, BER: 0.000
2021-04-21 05:34:03,600 - Epoch: 500, SNRdB: 30.00, SER: 0.000, BER: 0.000
2021-04-21 05:34:03,645 - experiments_AWGN_order2_sharp/SISO_QAM64_AWGN_LINEAR_FCNet_500epochs/upstream4_downstream5_epoch500.pth saved.
2021-04-21 05:34:03,781 - experiments_AWGN_order2_sharp/SISO_QAM64_AWGN_LINEAR_FCNet_500epochs/loss_FCNet_4upstream_5downstream.pngsaved.
2021-04-21 05:34:04,377 - experiments_AWGN_order2_sharp/SISO_QAM64_AWGN_LINEAR_FCNet_500epochs/SER_upstream4_downstream5.png saved.
2021-04-21 05:34:04,377 - experiments_AWGN_order2_sharp/SISO_QAM64_AWGN_LINEAR_FCNet_500epochs/BER_upstream4_downstream5.png saved.
