2021-04-12 08:46:41,952 - Testing at epoch 10
2021-04-12 08:46:42,139 - Epoch: 10, SNRdB: 0.62, SER: 0.740, BER: 0.496
2021-04-12 08:46:42,163 - Epoch: 10, SNRdB: 3.17, SER: 0.736, BER: 0.492
2021-04-12 08:46:42,199 - Epoch: 10, SNRdB: 4.80, SER: 0.787, BER: 0.513
2021-04-12 08:46:42,224 - Epoch: 10, SNRdB: 7.21, SER: 0.766, BER: 0.508
2021-04-12 08:46:42,271 - Epoch: 10, SNRdB: 10.09, SER: 0.721, BER: 0.472
2021-04-12 08:46:42,296 - Epoch: 10, SNRdB: 10.95, SER: 0.781, BER: 0.513
2021-04-12 08:46:42,330 - Epoch: 10, SNRdB: 12.20, SER: 0.748, BER: 0.505
2021-04-12 08:46:42,354 - Epoch: 10, SNRdB: 15.52, SER: 0.770, BER: 0.513
2021-04-12 08:46:42,402 - Epoch: 10, SNRdB: 15.85, SER: 0.762, BER: 0.509
2021-04-12 08:46:42,421 - Epoch: 10, SNRdB: 17.47, SER: 0.729, BER: 0.478
2021-04-12 08:46:42,458 - Epoch: 10, SNRdB: 17.88, SER: 0.775, BER: 0.505
2021-04-12 08:46:42,495 - Epoch: 10, SNRdB: 18.90, SER: 0.748, BER: 0.500
2021-04-12 08:46:42,531 - Epoch: 10, SNRdB: 20.42, SER: 0.740, BER: 0.497
2021-04-12 08:46:42,554 - Epoch: 10, SNRdB: 20.76, SER: 0.762, BER: 0.503
2021-04-12 08:46:42,592 - Epoch: 10, SNRdB: 21.64, SER: 0.762, BER: 0.501
2021-04-12 08:46:42,615 - Epoch: 10, SNRdB: 22.46, SER: 0.748, BER: 0.487
2021-04-12 08:46:42,654 - Epoch: 10, SNRdB: 20.67, SER: 0.750, BER: 0.501
2021-04-12 08:46:42,678 - Epoch: 10, SNRdB: 23.42, SER: 0.764, BER: 0.506
2021-04-12 08:46:42,721 - Epoch: 10, SNRdB: 24.63, SER: 0.732, BER: 0.484
2021-04-12 08:46:42,745 - Epoch: 10, SNRdB: 24.45, SER: 0.717, BER: 0.490
2021-04-12 08:46:42,773 - experiments_RayleighFading/SISO_QAM16_Rayleigh_LINEAR_FCNet_30epochs/upstream0_downstream0_epoch10.pth saved.
2021-04-12 08:47:15,657 - Testing at epoch 20
2021-04-12 08:47:15,825 - Epoch: 20, SNRdB: 0.72, SER: 0.766, BER: 0.516
2021-04-12 08:47:15,849 - Epoch: 20, SNRdB: 3.11, SER: 0.748, BER: 0.503
2021-04-12 08:47:15,886 - Epoch: 20, SNRdB: 5.40, SER: 0.740, BER: 0.479
2021-04-12 08:47:15,906 - Epoch: 20, SNRdB: 7.49, SER: 0.717, BER: 0.471
2021-04-12 08:47:15,947 - Epoch: 20, SNRdB: 9.99, SER: 0.746, BER: 0.508
2021-04-12 08:47:15,967 - Epoch: 20, SNRdB: 10.83, SER: 0.756, BER: 0.503
2021-04-12 08:47:16,021 - Epoch: 20, SNRdB: 13.83, SER: 0.748, BER: 0.500
2021-04-12 08:47:16,043 - Epoch: 20, SNRdB: 13.65, SER: 0.750, BER: 0.507
2021-04-12 08:47:16,082 - Epoch: 20, SNRdB: 15.54, SER: 0.758, BER: 0.514
2021-04-12 08:47:16,101 - Epoch: 20, SNRdB: 17.11, SER: 0.766, BER: 0.503
2021-04-12 08:47:16,144 - Epoch: 20, SNRdB: 18.38, SER: 0.770, BER: 0.502
2021-04-12 08:47:16,163 - Epoch: 20, SNRdB: 19.74, SER: 0.756, BER: 0.509
2021-04-12 08:47:16,207 - Epoch: 20, SNRdB: 19.01, SER: 0.760, BER: 0.515
2021-04-12 08:47:16,228 - Epoch: 20, SNRdB: 19.84, SER: 0.756, BER: 0.485
2021-04-12 08:47:16,272 - Epoch: 20, SNRdB: 21.22, SER: 0.738, BER: 0.482
2021-04-12 08:47:16,294 - Epoch: 20, SNRdB: 22.46, SER: 0.762, BER: 0.522
2021-04-12 08:47:16,340 - Epoch: 20, SNRdB: 22.40, SER: 0.744, BER: 0.509
2021-04-12 08:47:16,361 - Epoch: 20, SNRdB: 23.45, SER: 0.773, BER: 0.521
2021-04-12 08:47:16,405 - Epoch: 20, SNRdB: 24.39, SER: 0.748, BER: 0.488
2021-04-12 08:47:16,425 - Epoch: 20, SNRdB: 24.19, SER: 0.762, BER: 0.510
2021-04-12 08:47:16,459 - experiments_RayleighFading/SISO_QAM16_Rayleigh_LINEAR_FCNet_30epochs/upstream0_downstream0_epoch20.pth saved.
2021-04-12 08:47:50,328 - Testing at epoch 30
2021-04-12 08:47:50,498 - Epoch: 30, SNRdB: 0.41, SER: 0.791, BER: 0.525
2021-04-12 08:47:50,511 - Epoch: 30, SNRdB: 2.45, SER: 0.754, BER: 0.509
2021-04-12 08:47:50,569 - Epoch: 30, SNRdB: 5.48, SER: 0.783, BER: 0.509
2021-04-12 08:47:50,580 - Epoch: 30, SNRdB: 7.89, SER: 0.715, BER: 0.462
2021-04-12 08:47:50,632 - Epoch: 30, SNRdB: 8.56, SER: 0.760, BER: 0.509
2021-04-12 08:47:50,643 - Epoch: 30, SNRdB: 11.18, SER: 0.770, BER: 0.527
2021-04-12 08:47:50,690 - Epoch: 30, SNRdB: 14.46, SER: 0.727, BER: 0.467
2021-04-12 08:47:50,705 - Epoch: 30, SNRdB: 15.00, SER: 0.723, BER: 0.478
2021-04-12 08:47:50,748 - Epoch: 30, SNRdB: 14.75, SER: 0.764, BER: 0.500
2021-04-12 08:47:50,763 - Epoch: 30, SNRdB: 19.57, SER: 0.740, BER: 0.492
2021-04-12 08:47:50,806 - Epoch: 30, SNRdB: 18.87, SER: 0.781, BER: 0.497
2021-04-12 08:47:50,827 - Epoch: 30, SNRdB: 18.30, SER: 0.738, BER: 0.483
2021-04-12 08:47:50,864 - Epoch: 30, SNRdB: 19.00, SER: 0.764, BER: 0.492
2021-04-12 08:47:50,894 - Epoch: 30, SNRdB: 21.65, SER: 0.775, BER: 0.522
2021-04-12 08:47:50,922 - Epoch: 30, SNRdB: 21.52, SER: 0.756, BER: 0.510
2021-04-12 08:47:50,960 - Epoch: 30, SNRdB: 22.64, SER: 0.766, BER: 0.510
2021-04-12 08:47:50,979 - Epoch: 30, SNRdB: 22.63, SER: 0.760, BER: 0.520
2021-04-12 08:47:51,025 - Epoch: 30, SNRdB: 23.62, SER: 0.754, BER: 0.510
2021-04-12 08:47:51,037 - Epoch: 30, SNRdB: 23.10, SER: 0.734, BER: 0.500
2021-04-12 08:47:51,095 - Epoch: 30, SNRdB: 24.47, SER: 0.738, BER: 0.488
2021-04-12 08:47:51,133 - experiments_RayleighFading/SISO_QAM16_Rayleigh_LINEAR_FCNet_30epochs/upstream0_downstream0_epoch30.pth saved.
2021-04-12 08:47:51,682 - experiments_RayleighFading/SISO_QAM16_Rayleigh_LINEAR_FCNet_30epochs/loss_FCNet_0upstream_0downstream.pngsaved.
2021-04-12 08:47:52,413 - experiments_RayleighFading/SISO_QAM16_Rayleigh_LINEAR_FCNet_30epochs/SER_upstream0_downstream0.png saved.
2021-04-12 08:47:52,413 - experiments_RayleighFading/SISO_QAM16_Rayleigh_LINEAR_FCNet_30epochs/BER_upstream0_downstream0.png saved.
